<?xml version="1.0" encoding="UTF-8"?>
<robot generator="Robot 5.0.1 (Python 3.10.5 on win32)" generated="20221020 18:24:00.122" rpa="false" schemaversion="3">
<suite id="s1" name="LoginTest" source="C:\Users\AnkitKumar\PycharmProjects\ProjectDemo\TestCases\LoginTest.robot">
<test id="s1-t1" name="Login In the Website" line="13">
<kw name="Open my Browser" library="Common" type="SETUP">
<kw name="Open Browser" library="SeleniumLibrary">
<arg>${site}</arg>
<arg>${browser}</arg>
<arg>Headless Chrome</arg>
<doc>Opens a new browser instance to the optional ``url``.</doc>
<msg timestamp="20221020 18:24:00.411" level="INFO">Opening browser 'Chrome' to base url 'https://admin-demo.nopcommerce.com'.</msg>
<status status="PASS" starttime="20221020 18:24:00.411" endtime="20221020 18:24:04.985"/>
</kw>
<kw name="Maximize Browser Window" library="SeleniumLibrary">
<doc>Maximizes current browser window.</doc>
<status status="PASS" starttime="20221020 18:24:04.986" endtime="20221020 18:24:05.116"/>
</kw>
<status status="PASS" starttime="20221020 18:24:00.410" endtime="20221020 18:24:05.117"/>
</kw>
<kw name="Enter Login Credentials and verfiy the page" library="LoginPage">
<kw name="Input Text" library="SeleniumLibrary">
<arg>${txt_userName}</arg>
<arg>${username}</arg>
<doc>Types the given ``text`` into the text field identified by ``locator``.</doc>
<msg timestamp="20221020 18:24:05.119" level="INFO">Typing text 'admin@yourstore.com' into text field '//input[@name='Email']'.</msg>
<status status="PASS" starttime="20221020 18:24:05.119" endtime="20221020 18:24:05.275"/>
</kw>
<kw name="Input Password" library="SeleniumLibrary">
<arg>${txt_password}</arg>
<arg>${password}</arg>
<doc>Types the given password into the text field identified by ``locator``.</doc>
<msg timestamp="20221020 18:24:05.275" level="INFO">Typing password into text field '//input[@type='password']'.</msg>
<msg timestamp="20221020 18:24:05.347" level="INFO">Temporally setting log level to: NONE</msg>
<msg timestamp="20221020 18:24:05.404" level="INFO">Log level changed from NONE to INFO.</msg>
<status status="PASS" starttime="20221020 18:24:05.275" endtime="20221020 18:24:05.404"/>
</kw>
<kw name="Click Button" library="SeleniumLibrary">
<arg>${btn_signIn}</arg>
<doc>Clicks the button identified by ``locator``.</doc>
<msg timestamp="20221020 18:24:05.405" level="INFO">Clicking button '//button[@type='submit']'.</msg>
<status status="PASS" starttime="20221020 18:24:05.405" endtime="20221020 18:24:08.757"/>
</kw>
<kw name="Page Should Contain" library="SeleniumLibrary">
<arg>Dashboard</arg>
<doc>Verifies that current page contains ``text``.</doc>
<msg timestamp="20221020 18:24:08.780" level="INFO">Current page contains text 'Dashboard'.</msg>
<status status="PASS" starttime="20221020 18:24:08.757" endtime="20221020 18:24:08.780"/>
</kw>
<kw name="Capture Page Screenshot" library="SeleniumLibrary">
<doc>Takes a screenshot of the current page and embeds it into a log file.</doc>
<msg timestamp="20221020 18:24:08.972" level="INFO" html="true">&lt;/td&gt;&lt;/tr&gt;&lt;tr&gt;&lt;td colspan="3"&gt;&lt;a href="selenium-screenshot-3.png"&gt;&lt;img src="selenium-screenshot-3.png" width="800px"&gt;&lt;/a&gt;</msg>
<status status="PASS" starttime="20221020 18:24:08.780" endtime="20221020 18:24:08.972"/>
</kw>
<status status="PASS" starttime="20221020 18:24:05.118" endtime="20221020 18:24:08.972"/>
</kw>
<kw name="Landing on Add Customer Page" library="AddUser">
<kw name="Click Element" library="SeleniumLibrary">
<arg>${btn_customers}</arg>
<doc>Click the element identified by ``locator``.</doc>
<msg timestamp="20221020 18:24:08.973" level="INFO">Clicking element '//a[@href='#']//p[contains(text(),'Customers')]'.</msg>
<status status="PASS" starttime="20221020 18:24:08.973" endtime="20221020 18:24:09.056"/>
</kw>
<kw name="Sleep" library="BuiltIn">
<arg>5 seconds</arg>
<doc>Pauses the test executed for the given time.</doc>
<msg timestamp="20221020 18:24:14.066" level="INFO">Slept 5 seconds</msg>
<status status="PASS" starttime="20221020 18:24:09.056" endtime="20221020 18:24:14.066"/>
</kw>
<kw name="Click Element" library="SeleniumLibrary">
<arg>${btn_customers1}</arg>
<doc>Click the element identified by ``locator``.</doc>
<msg timestamp="20221020 18:24:14.066" level="INFO">Clicking element '//a[@href='/Admin/Customer/List']//p[contains(text(),'Customers')]'.</msg>
<status status="PASS" starttime="20221020 18:24:14.066" endtime="20221020 18:24:16.357"/>
</kw>
<status status="PASS" starttime="20221020 18:24:08.973" endtime="20221020 18:24:16.357"/>
</kw>
<kw name="Verifying that customers is deleted or not" library="AddUser">
<kw name="Set Selenium Speed" library="SeleniumLibrary">
<arg>1</arg>
<doc>Sets the delay that is waited after each Selenium command.</doc>
<status status="PASS" starttime="20221020 18:24:16.359" endtime="20221020 18:24:16.359"/>
</kw>
<kw name="Select From List By Value" library="SeleniumLibrary">
<arg>${select_dropdown}</arg>
<arg>100</arg>
<doc>Selects options from selection list ``locator`` by ``values``.</doc>
<msg timestamp="20221020 18:24:16.360" level="INFO">Selecting options from selection list '//select[@name='customers-grid_length']' by value 100.</msg>
<status status="PASS" starttime="20221020 18:24:16.360" endtime="20221020 18:24:23.667"/>
</kw>
<kw name="Input Text" library="SeleniumLibrary">
<var>${contains}</var>
<arg>${txt_searchmail}</arg>
<arg>${mail}</arg>
<doc>Types the given ``text`` into the text field identified by ``locator``.</doc>
<msg timestamp="20221020 18:24:23.668" level="INFO">Typing text 'ODFOi@gmail.com' into text field '//input[@name='SearchEmail']'.</msg>
<msg timestamp="20221020 18:24:26.833" level="INFO">${contains} = None</msg>
<status status="PASS" starttime="20221020 18:24:23.667" endtime="20221020 18:24:26.833"/>
</kw>
<kw name="Click Element" library="SeleniumLibrary">
<arg>${btn_search}</arg>
<doc>Click the element identified by ``locator``.</doc>
<msg timestamp="20221020 18:24:26.834" level="INFO">Clicking element '//button[@id='search-customers']'.</msg>
<status status="PASS" starttime="20221020 18:24:26.833" endtime="20221020 18:24:28.925"/>
</kw>
<kw name="Get Element Count" library="SeleniumLibrary">
<var>${usersCount}</var>
<arg>//td[normalize-space()='Edit']</arg>
<doc>Returns the number of elements matching ``locator``.</doc>
<msg timestamp="20221020 18:24:29.939" level="INFO">${usersCount} = 0</msg>
<status status="PASS" starttime="20221020 18:24:28.925" endtime="20221020 18:24:29.939"/>
</kw>
<kw name="Run Keyword If" library="BuiltIn">
<arg>${usersCount} == 0</arg>
<arg>No data Found in Table</arg>
<arg>ELSE IF</arg>
<arg>${usersCount} &gt;= 1</arg>
<arg>If user exist then delete it</arg>
<doc>Runs the given keyword with the given arguments, if ``condition`` is true.</doc>
<kw name="No data Found in Table" library="AddUser">
<kw name="Page Should Contain" library="SeleniumLibrary">
<arg>No data available in table</arg>
<doc>Verifies that current page contains ``text``.</doc>
<msg timestamp="20221020 18:24:31.968" level="INFO">Current page contains text 'No data available in table'.</msg>
<status status="PASS" starttime="20221020 18:24:29.941" endtime="20221020 18:24:31.969"/>
</kw>
<status status="PASS" starttime="20221020 18:24:29.941" endtime="20221020 18:24:31.970"/>
</kw>
<status status="PASS" starttime="20221020 18:24:29.940" endtime="20221020 18:24:31.970"/>
</kw>
<status status="PASS" starttime="20221020 18:24:16.358" endtime="20221020 18:24:31.971"/>
</kw>
<kw name="Adding New Customer Details" library="AddUser">
<kw name="Click Element" library="SeleniumLibrary">
<arg>${btn_addNew}</arg>
<doc>Click the element identified by ``locator``.</doc>
<msg timestamp="20221020 18:24:31.976" level="INFO">Clicking element '//a[@class='btn btn-primary']'.</msg>
<status status="PASS" starttime="20221020 18:24:31.975" endtime="20221020 18:24:36.225"/>
</kw>
<kw name="Input Text" library="SeleniumLibrary">
<arg>${txt_mail}</arg>
<arg>${mail}</arg>
<doc>Types the given ``text`` into the text field identified by ``locator``.</doc>
<msg timestamp="20221020 18:24:36.228" level="INFO">Typing text 'ODFOi@gmail.com' into text field 'id:Email'.</msg>
<status status="PASS" starttime="20221020 18:24:36.226" endtime="20221020 18:24:39.472"/>
</kw>
<kw name="Input Text" library="SeleniumLibrary">
<arg>${txt_pwd}</arg>
<arg>${pwd}</arg>
<doc>Types the given ``text`` into the text field identified by ``locator``.</doc>
<msg timestamp="20221020 18:24:39.476" level="INFO">Typing text '12345' into text field 'name:Password'.</msg>
<status status="PASS" starttime="20221020 18:24:39.473" endtime="20221020 18:24:42.718"/>
</kw>
<status status="PASS" starttime="20221020 18:24:31.972" endtime="20221020 18:24:42.718"/>
</kw>
<kw name="Saving the customer" library="AddUser">
<kw name="Set Selenium Speed" library="SeleniumLibrary">
<arg>1</arg>
<doc>Sets the delay that is waited after each Selenium command.</doc>
<status status="PASS" starttime="20221020 18:24:42.720" endtime="20221020 18:24:42.721"/>
</kw>
<kw name="Input Text" library="SeleniumLibrary">
<arg>${txt_fistname}</arg>
<arg>${firstname}</arg>
<doc>Types the given ``text`` into the text field identified by ``locator``.</doc>
<msg timestamp="20221020 18:24:42.722" level="INFO">Typing text 'aniket' into text field 'name:FirstName'.</msg>
<status status="PASS" starttime="20221020 18:24:42.721" endtime="20221020 18:24:45.925"/>
</kw>
<kw name="Input Text" library="SeleniumLibrary">
<arg>${txt_lastname}</arg>
<arg>${lastname}</arg>
<doc>Types the given ``text`` into the text field identified by ``locator``.</doc>
<msg timestamp="20221020 18:24:45.929" level="INFO">Typing text 'kumar' into text field 'name:LastName'.</msg>
<status status="PASS" starttime="20221020 18:24:45.926" endtime="20221020 18:24:49.111"/>
</kw>
<kw name="Select Radio Button" library="SeleniumLibrary">
<arg>Gender</arg>
<arg>M</arg>
<doc>Sets the radio button group ``group_name`` to ``value``.</doc>
<msg timestamp="20221020 18:24:49.114" level="INFO">Selecting 'M' from radio button 'Gender'.</msg>
<status status="PASS" starttime="20221020 18:24:49.113" endtime="20221020 18:24:52.310"/>
</kw>
<kw name="Input Text" library="SeleniumLibrary">
<arg>${txt_dob}</arg>
<arg>${dob}</arg>
<doc>Types the given ``text`` into the text field identified by ``locator``.</doc>
<msg timestamp="20221020 18:24:52.312" level="INFO">Typing text '10/6/2000' into text field 'id:DateOfBirth'.</msg>
<status status="PASS" starttime="20221020 18:24:52.311" endtime="20221020 18:24:55.603"/>
</kw>
<kw name="Click Button" library="SeleniumLibrary">
<arg>${btn_save}</arg>
<doc>Clicks the button identified by ``locator``.</doc>
<msg timestamp="20221020 18:24:55.606" level="INFO">Clicking button '//button[@name='save']'.</msg>
<status status="PASS" starttime="20221020 18:24:55.604" endtime="20221020 18:25:02.572"/>
</kw>
<kw name="Page Should Contain" library="SeleniumLibrary">
<arg>The new customer has been added successfully.</arg>
<doc>Verifies that current page contains ``text``.</doc>
<msg timestamp="20221020 18:25:04.635" level="INFO">Current page contains text 'The new customer has been added successfully.'.</msg>
<status status="PASS" starttime="20221020 18:25:02.573" endtime="20221020 18:25:04.635"/>
</kw>
<kw name="Reload Page" library="SeleniumLibrary">
<doc>Simulates user reloading page.</doc>
<status status="PASS" starttime="20221020 18:25:04.635" endtime="20221020 18:25:06.850"/>
</kw>
<kw name="Select From List By Value" library="SeleniumLibrary">
<arg>${select_dropdown}</arg>
<arg>100</arg>
<doc>Selects options from selection list ``locator`` by ``values``.</doc>
<msg timestamp="20221020 18:25:06.853" level="INFO">Selecting options from selection list '//select[@name='customers-grid_length']' by value 100.</msg>
<status status="PASS" starttime="20221020 18:25:06.851" endtime="20221020 18:25:14.080"/>
</kw>
<kw name="Page Should Contain" library="SeleniumLibrary">
<arg>${mail}</arg>
<doc>Verifies that current page contains ``text``.</doc>
<msg timestamp="20221020 18:25:16.160" level="INFO">Current page contains text 'ODFOi@gmail.com'.</msg>
<status status="PASS" starttime="20221020 18:25:14.081" endtime="20221020 18:25:16.160"/>
</kw>
<status status="PASS" starttime="20221020 18:24:42.720" endtime="20221020 18:25:16.161"/>
</kw>
<kw name="Logout From the website" library="LoginPage">
<kw name="Click Link" library="SeleniumLibrary">
<arg>Logout</arg>
<doc>Clicks a link identified by ``locator``.</doc>
<msg timestamp="20221020 18:25:16.165" level="INFO">Clicking link 'Logout'.</msg>
<status status="PASS" starttime="20221020 18:25:16.164" endtime="20221020 18:25:20.691"/>
</kw>
<kw name="Page Should Contain" library="SeleniumLibrary">
<arg>Welcome, please sign in!</arg>
<doc>Verifies that current page contains ``text``.</doc>
<msg timestamp="20221020 18:25:22.754" level="INFO">Current page contains text 'Welcome, please sign in!'.</msg>
<status status="PASS" starttime="20221020 18:25:20.692" endtime="20221020 18:25:22.754"/>
</kw>
<status status="PASS" starttime="20221020 18:25:16.163" endtime="20221020 18:25:22.755"/>
</kw>
<kw name="Close My Browser" library="Common" type="TEARDOWN">
<kw name="Close All Browsers" library="SeleniumLibrary">
<doc>Closes all open browsers and resets the browser cache.</doc>
<status status="PASS" starttime="20221020 18:25:22.759" endtime="20221020 18:25:25.909"/>
</kw>
<status status="PASS" starttime="20221020 18:25:22.757" endtime="20221020 18:25:25.909"/>
</kw>
<status status="PASS" starttime="20221020 18:24:00.409" endtime="20221020 18:25:25.910"/>
</test>
<status status="PASS" starttime="20221020 18:24:00.124" endtime="20221020 18:25:25.915"/>
</suite>
<statistics>
<total>
<stat pass="1" fail="0" skip="0">All Tests</stat>
</total>
<tag>
</tag>
<suite>
<stat pass="1" fail="0" skip="0" id="s1" name="LoginTest">LoginTest</stat>
</suite>
</statistics>
<errors>
</errors>
</robot>
