<?xml version="1.0" encoding="UTF-8"?>
<robot generator="Robot 5.0.1 (Python 3.10.5 on win32)" generated="20221012 15:23:48.247" rpa="false" schemaversion="3">
<suite id="s1" name="Suites">
<suite id="s1-s1" name="LoginTest" source="C:\Users\AnkitKumar\PycharmProjects\ProjectDemo\TestCases\LoginTest.robot">
<test id="s1-s1-t1" name="Login In the Website" line="13">
<kw name="Open my Browser" library="Common" type="SETUP">
<kw name="Open Browser" library="SeleniumLibrary">
<arg>${site}</arg>
<arg>${browser}</arg>
<arg>Headless Chrome</arg>
<doc>Opens a new browser instance to the optional ``url``.</doc>
<msg timestamp="20221012 15:23:48.665" level="INFO">Opening browser 'Chrome' to base url 'https://admin-demo.nopcommerce.com'.</msg>
<status status="PASS" starttime="20221012 15:23:48.664" endtime="20221012 15:23:55.089"/>
</kw>
<kw name="Maximize Browser Window" library="SeleniumLibrary">
<doc>Maximizes current browser window.</doc>
<status status="PASS" starttime="20221012 15:23:55.090" endtime="20221012 15:23:55.221"/>
</kw>
<status status="PASS" starttime="20221012 15:23:48.663" endtime="20221012 15:23:55.222"/>
</kw>
<kw name="Enter Login Credentials and verfiy the page" library="LoginPage">
<kw name="Input Text" library="SeleniumLibrary">
<arg>${txt_userName}</arg>
<arg>${username}</arg>
<doc>Types the given ``text`` into the text field identified by ``locator``.</doc>
<msg timestamp="20221012 15:23:55.224" level="INFO">Typing text 'admin@yourstore.com' into text field '//input[@name='Email']'.</msg>
<status status="PASS" starttime="20221012 15:23:55.223" endtime="20221012 15:23:55.348"/>
</kw>
<kw name="Input Password" library="SeleniumLibrary">
<arg>${txt_password}</arg>
<arg>${password}</arg>
<doc>Types the given password into the text field identified by ``locator``.</doc>
<msg timestamp="20221012 15:23:55.349" level="INFO">Typing password into text field '//input[@type='password']'.</msg>
<msg timestamp="20221012 15:23:55.408" level="INFO">Temporally setting log level to: NONE</msg>
<msg timestamp="20221012 15:23:55.446" level="INFO">Log level changed from NONE to INFO.</msg>
<status status="PASS" starttime="20221012 15:23:55.348" endtime="20221012 15:23:55.446"/>
</kw>
<kw name="Click Button" library="SeleniumLibrary">
<arg>${btn_signIn}</arg>
<doc>Clicks the button identified by ``locator``.</doc>
<msg timestamp="20221012 15:23:55.447" level="INFO">Clicking button '//button[@type='submit']'.</msg>
<status status="PASS" starttime="20221012 15:23:55.446" endtime="20221012 15:24:09.925"/>
</kw>
<kw name="Page Should Contain" library="SeleniumLibrary">
<arg>Dashboard</arg>
<doc>Verifies that current page contains ``text``.</doc>
<msg timestamp="20221012 15:24:09.950" level="INFO">Current page contains text 'Dashboard'.</msg>
<status status="PASS" starttime="20221012 15:24:09.925" endtime="20221012 15:24:09.950"/>
</kw>
<kw name="Capture Page Screenshot" library="SeleniumLibrary">
<doc>Takes a screenshot of the current page and embeds it into a log file.</doc>
<msg timestamp="20221012 15:24:10.189" level="INFO" html="true">&lt;/td&gt;&lt;/tr&gt;&lt;tr&gt;&lt;td colspan="3"&gt;&lt;a href="selenium-screenshot-1.png"&gt;&lt;img src="selenium-screenshot-1.png" width="800px"&gt;&lt;/a&gt;</msg>
<status status="PASS" starttime="20221012 15:24:09.950" endtime="20221012 15:24:10.190"/>
</kw>
<status status="PASS" starttime="20221012 15:23:55.222" endtime="20221012 15:24:10.191"/>
</kw>
<kw name="Landing on Add Customer Page" library="AddUser">
<kw name="Click Element" library="SeleniumLibrary">
<arg>${btn_customers}</arg>
<doc>Click the element identified by ``locator``.</doc>
<msg timestamp="20221012 15:24:10.193" level="INFO">Clicking element '//a[@href='#']//p[contains(text(),'Customers')]'.</msg>
<status status="PASS" starttime="20221012 15:24:10.192" endtime="20221012 15:24:10.271"/>
</kw>
<kw name="Sleep" library="BuiltIn">
<arg>5 seconds</arg>
<doc>Pauses the test executed for the given time.</doc>
<msg timestamp="20221012 15:24:15.276" level="INFO">Slept 5 seconds</msg>
<status status="PASS" starttime="20221012 15:24:10.271" endtime="20221012 15:24:15.276"/>
</kw>
<kw name="Click Element" library="SeleniumLibrary">
<arg>${btn_customers1}</arg>
<doc>Click the element identified by ``locator``.</doc>
<msg timestamp="20221012 15:24:15.278" level="INFO">Clicking element '//a[@href='/Admin/Customer/List']//p[contains(text(),'Customers')]'.</msg>
<status status="PASS" starttime="20221012 15:24:15.277" endtime="20221012 15:24:17.421"/>
</kw>
<status status="PASS" starttime="20221012 15:24:10.191" endtime="20221012 15:24:17.422"/>
</kw>
<kw name="Verifying that customers is deleted or not" library="AddUser">
<kw name="Set Selenium Speed" library="SeleniumLibrary">
<arg>1</arg>
<doc>Sets the delay that is waited after each Selenium command.</doc>
<status status="PASS" starttime="20221012 15:24:17.423" endtime="20221012 15:24:17.424"/>
</kw>
<kw name="Select From List By Value" library="SeleniumLibrary">
<arg>${select_dropdown}</arg>
<arg>100</arg>
<doc>Selects options from selection list ``locator`` by ``values``.</doc>
<msg timestamp="20221012 15:24:17.425" level="INFO">Selecting options from selection list '//select[@name='customers-grid_length']' by value 100.</msg>
<status status="PASS" starttime="20221012 15:24:17.425" endtime="20221012 15:24:24.671"/>
</kw>
<kw name="Input Text" library="SeleniumLibrary">
<var>${contains}</var>
<arg>${txt_searchmail}</arg>
<arg>${mail}</arg>
<doc>Types the given ``text`` into the text field identified by ``locator``.</doc>
<msg timestamp="20221012 15:24:24.675" level="INFO">Typing text 'FjHFI@gmail.com' into text field '//input[@name='SearchEmail']'.</msg>
<msg timestamp="20221012 15:24:27.859" level="INFO">${contains} = None</msg>
<status status="PASS" starttime="20221012 15:24:24.672" endtime="20221012 15:24:27.859"/>
</kw>
<kw name="Click Element" library="SeleniumLibrary">
<arg>${btn_search}</arg>
<doc>Click the element identified by ``locator``.</doc>
<msg timestamp="20221012 15:24:27.860" level="INFO">Clicking element '//button[@id='search-customers']'.</msg>
<status status="PASS" starttime="20221012 15:24:27.859" endtime="20221012 15:24:29.948"/>
</kw>
<kw name="Get Element Count" library="SeleniumLibrary">
<var>${usersCount}</var>
<arg>//td[normalize-space()='Edit']</arg>
<doc>Returns the number of elements matching ``locator``.</doc>
<msg timestamp="20221012 15:24:30.972" level="INFO">${usersCount} = 0</msg>
<status status="PASS" starttime="20221012 15:24:29.948" endtime="20221012 15:24:30.972"/>
</kw>
<kw name="Run Keyword If" library="BuiltIn">
<arg>${usersCount} == 0</arg>
<arg>No data Found in Table</arg>
<arg>ELSE IF</arg>
<arg>${usersCount} &gt;= 1</arg>
<arg>If user exist then delete it</arg>
<doc>Runs the given keyword with the given arguments, if ``condition`` is true.</doc>
<kw name="No data Found in Table" library="AddUser">
<kw name="Page Should Contain" library="SeleniumLibrary">
<arg>No data available in table</arg>
<doc>Verifies that current page contains ``text``.</doc>
<msg timestamp="20221012 15:24:33.031" level="INFO">Current page contains text 'No data available in table'.</msg>
<status status="PASS" starttime="20221012 15:24:30.974" endtime="20221012 15:24:33.031"/>
</kw>
<status status="PASS" starttime="20221012 15:24:30.973" endtime="20221012 15:24:33.031"/>
</kw>
<status status="PASS" starttime="20221012 15:24:30.972" endtime="20221012 15:24:33.031"/>
</kw>
<status status="PASS" starttime="20221012 15:24:17.422" endtime="20221012 15:24:33.031"/>
</kw>
<kw name="Adding New Customer Details" library="AddUser">
<kw name="Click Element" library="SeleniumLibrary">
<arg>${btn_addNew}</arg>
<doc>Click the element identified by ``locator``.</doc>
<msg timestamp="20221012 15:24:33.033" level="INFO">Clicking element '//a[@class='btn btn-primary']'.</msg>
<status status="PASS" starttime="20221012 15:24:33.032" endtime="20221012 15:24:49.028"/>
</kw>
<kw name="Input Text" library="SeleniumLibrary">
<arg>${txt_mail}</arg>
<arg>${mail}</arg>
<doc>Types the given ``text`` into the text field identified by ``locator``.</doc>
<msg timestamp="20221012 15:24:49.031" level="INFO">Typing text 'FjHFI@gmail.com' into text field 'id:Email'.</msg>
<status status="PASS" starttime="20221012 15:24:49.029" endtime="20221012 15:24:52.270"/>
</kw>
<kw name="Input Text" library="SeleniumLibrary">
<arg>${txt_pwd}</arg>
<arg>${pwd}</arg>
<doc>Types the given ``text`` into the text field identified by ``locator``.</doc>
<msg timestamp="20221012 15:24:52.271" level="INFO">Typing text '12345' into text field 'name:Password'.</msg>
<status status="PASS" starttime="20221012 15:24:52.270" endtime="20221012 15:24:55.461"/>
</kw>
<status status="PASS" starttime="20221012 15:24:33.032" endtime="20221012 15:24:55.462"/>
</kw>
<kw name="Saving the customer" library="AddUser">
<kw name="Set Selenium Speed" library="SeleniumLibrary">
<arg>1</arg>
<doc>Sets the delay that is waited after each Selenium command.</doc>
<status status="PASS" starttime="20221012 15:24:55.463" endtime="20221012 15:24:55.464"/>
</kw>
<kw name="Input Text" library="SeleniumLibrary">
<arg>${txt_fistname}</arg>
<arg>${firstname}</arg>
<doc>Types the given ``text`` into the text field identified by ``locator``.</doc>
<msg timestamp="20221012 15:24:55.465" level="INFO">Typing text 'aniket' into text field 'name:FirstName'.</msg>
<status status="PASS" starttime="20221012 15:24:55.464" endtime="20221012 15:24:58.654"/>
</kw>
<kw name="Input Text" library="SeleniumLibrary">
<arg>${txt_lastname}</arg>
<arg>${lastname}</arg>
<doc>Types the given ``text`` into the text field identified by ``locator``.</doc>
<msg timestamp="20221012 15:24:58.658" level="INFO">Typing text 'kumar' into text field 'name:LastName'.</msg>
<status status="PASS" starttime="20221012 15:24:58.656" endtime="20221012 15:25:01.896"/>
</kw>
<kw name="Select Radio Button" library="SeleniumLibrary">
<arg>Gender</arg>
<arg>M</arg>
<doc>Sets the radio button group ``group_name`` to ``value``.</doc>
<msg timestamp="20221012 15:25:01.897" level="INFO">Selecting 'M' from radio button 'Gender'.</msg>
<status status="PASS" starttime="20221012 15:25:01.896" endtime="20221012 15:25:05.057"/>
</kw>
<kw name="Input Text" library="SeleniumLibrary">
<arg>${txt_dob}</arg>
<arg>${dob}</arg>
<doc>Types the given ``text`` into the text field identified by ``locator``.</doc>
<msg timestamp="20221012 15:25:05.060" level="INFO">Typing text '10/6/2000' into text field 'id:DateOfBirth'.</msg>
<status status="PASS" starttime="20221012 15:25:05.058" endtime="20221012 15:25:08.289"/>
</kw>
<kw name="Click Button" library="SeleniumLibrary">
<arg>${btn_save}</arg>
<doc>Clicks the button identified by ``locator``.</doc>
<msg timestamp="20221012 15:25:08.291" level="INFO">Clicking button '//button[@name='save']'.</msg>
<status status="PASS" starttime="20221012 15:25:08.290" endtime="20221012 15:25:15.767"/>
</kw>
<kw name="Page Should Contain" library="SeleniumLibrary">
<arg>The new customer has been added successfully.</arg>
<doc>Verifies that current page contains ``text``.</doc>
<msg timestamp="20221012 15:25:17.832" level="INFO">Current page contains text 'The new customer has been added successfully.'.</msg>
<status status="PASS" starttime="20221012 15:25:15.769" endtime="20221012 15:25:17.832"/>
</kw>
<kw name="Reload Page" library="SeleniumLibrary">
<doc>Simulates user reloading page.</doc>
<status status="PASS" starttime="20221012 15:25:17.833" endtime="20221012 15:25:20.074"/>
</kw>
<kw name="Select From List By Value" library="SeleniumLibrary">
<arg>${select_dropdown}</arg>
<arg>100</arg>
<doc>Selects options from selection list ``locator`` by ``values``.</doc>
<msg timestamp="20221012 15:25:20.075" level="INFO">Selecting options from selection list '//select[@name='customers-grid_length']' by value 100.</msg>
<status status="PASS" starttime="20221012 15:25:20.074" endtime="20221012 15:25:27.351"/>
</kw>
<kw name="Page Should Contain" library="SeleniumLibrary">
<arg>${mail}</arg>
<doc>Verifies that current page contains ``text``.</doc>
<msg timestamp="20221012 15:25:29.407" level="INFO">Current page contains text 'FjHFI@gmail.com'.</msg>
<status status="PASS" starttime="20221012 15:25:27.351" endtime="20221012 15:25:29.407"/>
</kw>
<status status="PASS" starttime="20221012 15:24:55.462" endtime="20221012 15:25:29.408"/>
</kw>
<kw name="Logout From the website" library="LoginPage">
<kw name="Click Link" library="SeleniumLibrary">
<arg>Logout</arg>
<doc>Clicks a link identified by ``locator``.</doc>
<msg timestamp="20221012 15:25:29.413" level="INFO">Clicking link 'Logout'.</msg>
<status status="PASS" starttime="20221012 15:25:29.411" endtime="20221012 15:25:34.152"/>
</kw>
<kw name="Page Should Contain" library="SeleniumLibrary">
<arg>Welcome, please sign in!</arg>
<doc>Verifies that current page contains ``text``.</doc>
<msg timestamp="20221012 15:25:36.200" level="INFO">Current page contains text 'Welcome, please sign in!'.</msg>
<status status="PASS" starttime="20221012 15:25:34.153" endtime="20221012 15:25:36.201"/>
</kw>
<status status="PASS" starttime="20221012 15:25:29.409" endtime="20221012 15:25:36.202"/>
</kw>
<kw name="Close My Browser" library="Common" type="TEARDOWN">
<kw name="Close All Browsers" library="SeleniumLibrary">
<doc>Closes all open browsers and resets the browser cache.</doc>
<status status="PASS" starttime="20221012 15:25:36.205" endtime="20221012 15:25:39.349"/>
</kw>
<status status="PASS" starttime="20221012 15:25:36.203" endtime="20221012 15:25:39.350"/>
</kw>
<status status="PASS" starttime="20221012 15:23:48.662" endtime="20221012 15:25:39.351"/>
</test>
<status status="PASS" starttime="20221012 15:23:48.299" endtime="20221012 15:25:39.353"/>
</suite>
<status status="PASS" starttime="20221012 15:23:48.265" endtime="20221012 15:25:39.364"/>
</suite>
<statistics>
<total>
<stat pass="1" fail="0" skip="0">All Tests</stat>
</total>
<tag>
</tag>
<suite>
<stat pass="1" fail="0" skip="0" id="s1" name="Suites">Suites</stat>
<stat pass="1" fail="0" skip="0" id="s1-s1" name="LoginTest">Suites.LoginTest</stat>
</suite>
</statistics>
<errors>
</errors>
</robot>
