<?xml version="1.0" encoding="UTF-8"?>
<robot generator="Robot 5.0.1 (Python 3.10.5 on win32)" generated="20220922 18:28:20.793" rpa="false" schemaversion="3">
<suite id="s1" name="TestCases" source="C:\Users\AnkitKumar\PycharmProjects\ProjectDemo\TestCases">
<suite id="s1-s1" name="Graphs" source="C:\Users\AnkitKumar\PycharmProjects\ProjectDemo\TestCases\Graphs">
<suite id="s1-s1-s1" name="HistogramChart" source="C:\Users\AnkitKumar\PycharmProjects\ProjectDemo\TestCases\Graphs\HistogramChart.robot">
<test id="s1-s1-s1-t1" name="Area chart with hover effect" line="16">
<kw name="Open Browser" library="SeleniumLibrary">
<arg>https://www.highcharts.com/docs/chart-and-series-types/histogram-series</arg>
<arg>chrome</arg>
<doc>Opens a new browser instance to the optional ``url``.</doc>
<msg timestamp="20220922 18:28:21.057" level="INFO">Opening browser 'chrome' to base url 'https://www.highcharts.com/docs/chart-and-series-types/histogram-series'.</msg>
<status status="PASS" starttime="20220922 18:28:21.056" endtime="20220922 18:28:27.099"/>
</kw>
<kw name="Maximize Browser Window" library="SeleniumLibrary">
<doc>Maximizes current browser window.</doc>
<status status="PASS" starttime="20220922 18:28:27.100" endtime="20220922 18:28:27.363"/>
</kw>
<kw name="Set Selenium Implicit Wait" library="SeleniumLibrary">
<arg>10</arg>
<doc>Sets the implicit wait value used by Selenium.</doc>
<status status="PASS" starttime="20220922 18:28:27.363" endtime="20220922 18:28:27.367"/>
</kw>
<kw name="Click Link" library="SeleniumLibrary">
<arg>Allow all cookies</arg>
<doc>Clicks a link identified by ``locator``.</doc>
<msg timestamp="20220922 18:28:27.368" level="INFO">Clicking link 'Allow all cookies'.</msg>
<status status="PASS" starttime="20220922 18:28:27.368" endtime="20220922 18:28:27.591"/>
</kw>
<kw name="Reload Page" library="SeleniumLibrary">
<doc>Simulates user reloading page.</doc>
<status status="PASS" starttime="20220922 18:28:27.591" endtime="20220922 18:28:29.885"/>
</kw>
<kw name="Select Frame" library="SeleniumLibrary">
<arg>//iframe[@title="Highcharts example"]</arg>
<doc>Sets frame identified by ``locator`` as the current frame.</doc>
<msg timestamp="20220922 18:28:29.886" level="INFO">Selecting frame '//iframe[@title="Highcharts example"]'.</msg>
<status status="PASS" starttime="20220922 18:28:29.885" endtime="20220922 18:28:29.931"/>
</kw>
<kw name="Get Element Count" library="SeleniumLibrary">
<var>${count}</var>
<arg>${Locator}</arg>
<doc>Returns the number of elements matching ``locator``.</doc>
<msg timestamp="20220922 18:28:29.954" level="INFO">${count} = 150</msg>
<status status="PASS" starttime="20220922 18:28:29.932" endtime="20220922 18:28:29.954"/>
</kw>
<kw name="Log To Console" library="BuiltIn">
<arg>${count}</arg>
<doc>Logs the given message to the console.</doc>
<status status="PASS" starttime="20220922 18:28:29.954" endtime="20220922 18:28:29.955"/>
</kw>
<kw name="Unselect Frame" library="SeleniumLibrary">
<doc>Sets the main frame as the current frame.</doc>
<status status="PASS" starttime="20220922 18:28:29.955" endtime="20220922 18:28:29.963"/>
</kw>
<kw name="Reload Page" library="SeleniumLibrary">
<doc>Simulates user reloading page.</doc>
<status status="PASS" starttime="20220922 18:28:29.963" endtime="20220922 18:28:32.052"/>
</kw>
<for flavor="IN RANGE">
<var>${i}</var>
<value>1</value>
<value>${count}</value>
<iter>
<var name="${i}">1</var>
<kw name="Select Frame" library="SeleniumLibrary">
<arg>//iframe[@title="Highcharts example"]</arg>
<doc>Sets frame identified by ``locator`` as the current frame.</doc>
<msg timestamp="20220922 18:28:32.054" level="INFO">Selecting frame '//iframe[@title="Highcharts example"]'.</msg>
<status status="PASS" starttime="20220922 18:28:32.054" endtime="20220922 18:28:32.158"/>
</kw>
<kw name="Mouse Over" library="SeleniumLibrary">
<arg>${Locator} [${i}]</arg>
<doc>Simulates hovering the mouse over the element ``locator``.</doc>
<msg timestamp="20220922 18:28:32.159" level="INFO">Simulating Mouse Over on element '((//*[local-name()='svg']//*[local-name()='g' and @transform="translate(70,101) scale(1 1)"])//*[name()='path' and @class="highcharts-point highcharts-color-1"]) [1]'.</msg>
<status status="PASS" starttime="20220922 18:28:32.158" endtime="20220922 18:28:32.864"/>
</kw>
<kw name="Get Element Count" library="SeleniumLibrary">
<var>${count}</var>
<arg>${Locate}</arg>
<doc>Returns the number of elements matching ``locator``.</doc>
<msg timestamp="20220922 18:28:32.881" level="INFO">${count} = 1</msg>
<status status="PASS" starttime="20220922 18:28:32.864" endtime="20220922 18:28:32.881"/>
</kw>
<for flavor="IN RANGE">
<var>${j}</var>
<value>${count}</value>
<iter>
<var name="${j}">0</var>
<kw name="Get Text" library="SeleniumLibrary">
<var>${Text}</var>
<arg>${Locate}</arg>
<doc>Returns the text value of the element identified by ``locator``.</doc>
<msg timestamp="20220922 18:28:32.918" level="INFO">${Text} = ● Datax: 0y: 3.5</msg>
<status status="PASS" starttime="20220922 18:28:32.882" endtime="20220922 18:28:32.918"/>
</kw>
<kw name="Log To Console" library="BuiltIn">
<arg>${Text}</arg>
<doc>Logs the given message to the console.</doc>
<status status="PASS" starttime="20220922 18:28:32.918" endtime="20220922 18:28:32.919"/>
</kw>
<status status="PASS" starttime="20220922 18:28:32.881" endtime="20220922 18:28:32.919"/>
</iter>
<status status="PASS" starttime="20220922 18:28:32.881" endtime="20220922 18:28:32.920"/>
</for>
<kw name="Unselect Frame" library="SeleniumLibrary">
<doc>Sets the main frame as the current frame.</doc>
<status status="PASS" starttime="20220922 18:28:32.920" endtime="20220922 18:28:32.927"/>
</kw>
<status status="PASS" starttime="20220922 18:28:32.053" endtime="20220922 18:28:32.928"/>
</iter>
<iter>
<var name="${i}">2</var>
<kw name="Select Frame" library="SeleniumLibrary">
<arg>//iframe[@title="Highcharts example"]</arg>
<doc>Sets frame identified by ``locator`` as the current frame.</doc>
<msg timestamp="20220922 18:28:32.929" level="INFO">Selecting frame '//iframe[@title="Highcharts example"]'.</msg>
<status status="PASS" starttime="20220922 18:28:32.928" endtime="20220922 18:28:32.950"/>
</kw>
<kw name="Mouse Over" library="SeleniumLibrary">
<arg>${Locator} [${i}]</arg>
<doc>Simulates hovering the mouse over the element ``locator``.</doc>
<msg timestamp="20220922 18:28:32.951" level="INFO">Simulating Mouse Over on element '((//*[local-name()='svg']//*[local-name()='g' and @transform="translate(70,101) scale(1 1)"])//*[name()='path' and @class="highcharts-point highcharts-color-1"]) [2]'.</msg>
<status status="PASS" starttime="20220922 18:28:32.950" endtime="20220922 18:28:33.379"/>
</kw>
<kw name="Get Element Count" library="SeleniumLibrary">
<var>${count}</var>
<arg>${Locate}</arg>
<doc>Returns the number of elements matching ``locator``.</doc>
<msg timestamp="20220922 18:28:33.387" level="INFO">${count} = 1</msg>
<status status="PASS" starttime="20220922 18:28:33.379" endtime="20220922 18:28:33.387"/>
</kw>
<for flavor="IN RANGE">
<var>${j}</var>
<value>${count}</value>
<iter>
<var name="${j}">0</var>
<kw name="Get Text" library="SeleniumLibrary">
<var>${Text}</var>
<arg>${Locate}</arg>
<doc>Returns the text value of the element identified by ``locator``.</doc>
<msg timestamp="20220922 18:28:33.411" level="INFO">${Text} = ● Datax: 2y: 3.2</msg>
<status status="PASS" starttime="20220922 18:28:33.388" endtime="20220922 18:28:33.411"/>
</kw>
<kw name="Log To Console" library="BuiltIn">
<arg>${Text}</arg>
<doc>Logs the given message to the console.</doc>
<status status="PASS" starttime="20220922 18:28:33.412" endtime="20220922 18:28:33.412"/>
</kw>
<status status="PASS" starttime="20220922 18:28:33.387" endtime="20220922 18:28:33.412"/>
</iter>
<status status="PASS" starttime="20220922 18:28:33.387" endtime="20220922 18:28:33.412"/>
</for>
<kw name="Unselect Frame" library="SeleniumLibrary">
<doc>Sets the main frame as the current frame.</doc>
<status status="PASS" starttime="20220922 18:28:33.412" endtime="20220922 18:28:33.415"/>
</kw>
<status status="PASS" starttime="20220922 18:28:32.928" endtime="20220922 18:28:33.415"/>
</iter>
<iter>
<var name="${i}">3</var>
<kw name="Select Frame" library="SeleniumLibrary">
<arg>//iframe[@title="Highcharts example"]</arg>
<doc>Sets frame identified by ``locator`` as the current frame.</doc>
<msg timestamp="20220922 18:28:33.416" level="INFO">Selecting frame '//iframe[@title="Highcharts example"]'.</msg>
<status status="PASS" starttime="20220922 18:28:33.415" endtime="20220922 18:28:33.435"/>
</kw>
<kw name="Mouse Over" library="SeleniumLibrary">
<arg>${Locator} [${i}]</arg>
<doc>Simulates hovering the mouse over the element ``locator``.</doc>
<msg timestamp="20220922 18:28:33.435" level="INFO">Simulating Mouse Over on element '((//*[local-name()='svg']//*[local-name()='g' and @transform="translate(70,101) scale(1 1)"])//*[name()='path' and @class="highcharts-point highcharts-color-1"]) [3]'.</msg>
<status status="PASS" starttime="20220922 18:28:33.435" endtime="20220922 18:28:33.752"/>
</kw>
<kw name="Get Element Count" library="SeleniumLibrary">
<var>${count}</var>
<arg>${Locate}</arg>
<doc>Returns the number of elements matching ``locator``.</doc>
<msg timestamp="20220922 18:28:33.762" level="INFO">${count} = 1</msg>
<status status="PASS" starttime="20220922 18:28:33.752" endtime="20220922 18:28:33.762"/>
</kw>
<for flavor="IN RANGE">
<var>${j}</var>
<value>${count}</value>
<iter>
<var name="${j}">0</var>
<kw name="Get Text" library="SeleniumLibrary">
<var>${Text}</var>
<arg>${Locate}</arg>
<doc>Returns the text value of the element identified by ``locator``.</doc>
<msg timestamp="20220922 18:28:33.781" level="INFO">${Text} = ● Datax: 3y: 3.1</msg>
<status status="PASS" starttime="20220922 18:28:33.763" endtime="20220922 18:28:33.781"/>
</kw>
<kw name="Log To Console" library="BuiltIn">
<arg>${Text}</arg>
<doc>Logs the given message to the console.</doc>
<status status="PASS" starttime="20220922 18:28:33.781" endtime="20220922 18:28:33.782"/>
</kw>
<status status="PASS" starttime="20220922 18:28:33.763" endtime="20220922 18:28:33.782"/>
</iter>
<status status="PASS" starttime="20220922 18:28:33.762" endtime="20220922 18:28:33.782"/>
</for>
<kw name="Unselect Frame" library="SeleniumLibrary">
<doc>Sets the main frame as the current frame.</doc>
<status status="PASS" starttime="20220922 18:28:33.782" endtime="20220922 18:28:33.784"/>
</kw>
<status status="PASS" starttime="20220922 18:28:33.415" endtime="20220922 18:28:33.784"/>
</iter>
<iter>
<var name="${i}">4</var>
<kw name="Select Frame" library="SeleniumLibrary">
<arg>//iframe[@title="Highcharts example"]</arg>
<doc>Sets frame identified by ``locator`` as the current frame.</doc>
<msg timestamp="20220922 18:28:33.785" level="INFO">Selecting frame '//iframe[@title="Highcharts example"]'.</msg>
<status status="PASS" starttime="20220922 18:28:33.785" endtime="20220922 18:28:33.804"/>
</kw>
<kw name="Mouse Over" library="SeleniumLibrary">
<arg>${Locator} [${i}]</arg>
<doc>Simulates hovering the mouse over the element ``locator``.</doc>
<msg timestamp="20220922 18:28:33.805" level="INFO">Simulating Mouse Over on element '((//*[local-name()='svg']//*[local-name()='g' and @transform="translate(70,101) scale(1 1)"])//*[name()='path' and @class="highcharts-point highcharts-color-1"]) [4]'.</msg>
<status status="PASS" starttime="20220922 18:28:33.804" endtime="20220922 18:28:34.129"/>
</kw>
<kw name="Get Element Count" library="SeleniumLibrary">
<var>${count}</var>
<arg>${Locate}</arg>
<doc>Returns the number of elements matching ``locator``.</doc>
<msg timestamp="20220922 18:28:34.138" level="INFO">${count} = 1</msg>
<status status="PASS" starttime="20220922 18:28:34.129" endtime="20220922 18:28:34.139"/>
</kw>
<for flavor="IN RANGE">
<var>${j}</var>
<value>${count}</value>
<iter>
<var name="${j}">0</var>
<kw name="Get Text" library="SeleniumLibrary">
<var>${Text}</var>
<arg>${Locate}</arg>
<doc>Returns the text value of the element identified by ``locator``.</doc>
<msg timestamp="20220922 18:28:34.183" level="INFO">${Text} = ● Datax: 4y: 3.6</msg>
<status status="PASS" starttime="20220922 18:28:34.141" endtime="20220922 18:28:34.183"/>
</kw>
<kw name="Log To Console" library="BuiltIn">
<arg>${Text}</arg>
<doc>Logs the given message to the console.</doc>
<status status="PASS" starttime="20220922 18:28:34.183" endtime="20220922 18:28:34.184"/>
</kw>
<status status="PASS" starttime="20220922 18:28:34.140" endtime="20220922 18:28:34.184"/>
</iter>
<status status="PASS" starttime="20220922 18:28:34.139" endtime="20220922 18:28:34.184"/>
</for>
<kw name="Unselect Frame" library="SeleniumLibrary">
<doc>Sets the main frame as the current frame.</doc>
<status status="PASS" starttime="20220922 18:28:34.184" endtime="20220922 18:28:34.187"/>
</kw>
<status status="PASS" starttime="20220922 18:28:33.784" endtime="20220922 18:28:34.187"/>
</iter>
<iter>
<var name="${i}">5</var>
<kw name="Select Frame" library="SeleniumLibrary">
<arg>//iframe[@title="Highcharts example"]</arg>
<doc>Sets frame identified by ``locator`` as the current frame.</doc>
<msg timestamp="20220922 18:28:34.188" level="INFO">Selecting frame '//iframe[@title="Highcharts example"]'.</msg>
<status status="PASS" starttime="20220922 18:28:34.188" endtime="20220922 18:28:34.216"/>
</kw>
<kw name="Mouse Over" library="SeleniumLibrary">
<arg>${Locator} [${i}]</arg>
<doc>Simulates hovering the mouse over the element ``locator``.</doc>
<msg timestamp="20220922 18:28:34.217" level="INFO">Simulating Mouse Over on element '((//*[local-name()='svg']//*[local-name()='g' and @transform="translate(70,101) scale(1 1)"])//*[name()='path' and @class="highcharts-point highcharts-color-1"]) [5]'.</msg>
<status status="PASS" starttime="20220922 18:28:34.216" endtime="20220922 18:28:34.548"/>
</kw>
<kw name="Get Element Count" library="SeleniumLibrary">
<var>${count}</var>
<arg>${Locate}</arg>
<doc>Returns the number of elements matching ``locator``.</doc>
<msg timestamp="20220922 18:28:34.564" level="INFO">${count} = 1</msg>
<status status="PASS" starttime="20220922 18:28:34.549" endtime="20220922 18:28:34.564"/>
</kw>
<for flavor="IN RANGE">
<var>${j}</var>
<value>${count}</value>
<iter>
<var name="${j}">0</var>
<kw name="Get Text" library="SeleniumLibrary">
<var>${Text}</var>
<arg>${Locate}</arg>
<doc>Returns the text value of the element identified by ``locator``.</doc>
<msg timestamp="20220922 18:28:34.585" level="INFO">${Text} = ● Datax: 5y: 3.9</msg>
<status status="PASS" starttime="20220922 18:28:34.565" endtime="20220922 18:28:34.585"/>
</kw>
<kw name="Log To Console" library="BuiltIn">
<arg>${Text}</arg>
<doc>Logs the given message to the console.</doc>
<status status="PASS" starttime="20220922 18:28:34.585" endtime="20220922 18:28:34.586"/>
</kw>
<status status="PASS" starttime="20220922 18:28:34.565" endtime="20220922 18:28:34.586"/>
</iter>
<status status="PASS" starttime="20220922 18:28:34.564" endtime="20220922 18:28:34.586"/>
</for>
<kw name="Unselect Frame" library="SeleniumLibrary">
<doc>Sets the main frame as the current frame.</doc>
<status status="PASS" starttime="20220922 18:28:34.586" endtime="20220922 18:28:34.588"/>
</kw>
<status status="PASS" starttime="20220922 18:28:34.188" endtime="20220922 18:28:34.588"/>
</iter>
<iter>
<var name="${i}">6</var>
<kw name="Select Frame" library="SeleniumLibrary">
<arg>//iframe[@title="Highcharts example"]</arg>
<doc>Sets frame identified by ``locator`` as the current frame.</doc>
<msg timestamp="20220922 18:28:34.589" level="INFO">Selecting frame '//iframe[@title="Highcharts example"]'.</msg>
<status status="PASS" starttime="20220922 18:28:34.589" endtime="20220922 18:28:34.623"/>
</kw>
<kw name="Mouse Over" library="SeleniumLibrary">
<arg>${Locator} [${i}]</arg>
<doc>Simulates hovering the mouse over the element ``locator``.</doc>
<msg timestamp="20220922 18:28:34.625" level="INFO">Simulating Mouse Over on element '((//*[local-name()='svg']//*[local-name()='g' and @transform="translate(70,101) scale(1 1)"])//*[name()='path' and @class="highcharts-point highcharts-color-1"]) [6]'.</msg>
<status status="PASS" starttime="20220922 18:28:34.624" endtime="20220922 18:28:34.995"/>
</kw>
<kw name="Get Element Count" library="SeleniumLibrary">
<var>${count}</var>
<arg>${Locate}</arg>
<doc>Returns the number of elements matching ``locator``.</doc>
<msg timestamp="20220922 18:28:35.015" level="INFO">${count} = 1</msg>
<status status="PASS" starttime="20220922 18:28:34.995" endtime="20220922 18:28:35.015"/>
</kw>
<for flavor="IN RANGE">
<var>${j}</var>
<value>${count}</value>
<iter>
<var name="${j}">0</var>
<kw name="Get Text" library="SeleniumLibrary">
<var>${Text}</var>
<arg>${Locate}</arg>
<doc>Returns the text value of the element identified by ``locator``.</doc>
<msg timestamp="20220922 18:28:35.051" level="INFO">${Text} = ● Datax: 6y: 3.4</msg>
<status status="PASS" starttime="20220922 18:28:35.017" endtime="20220922 18:28:35.051"/>
</kw>
<kw name="Log To Console" library="BuiltIn">
<arg>${Text}</arg>
<doc>Logs the given message to the console.</doc>
<status status="PASS" starttime="20220922 18:28:35.051" endtime="20220922 18:28:35.052"/>
</kw>
<status status="PASS" starttime="20220922 18:28:35.016" endtime="20220922 18:28:35.052"/>
</iter>
<status status="PASS" starttime="20220922 18:28:35.015" endtime="20220922 18:28:35.052"/>
</for>
<kw name="Unselect Frame" library="SeleniumLibrary">
<doc>Sets the main frame as the current frame.</doc>
<status status="PASS" starttime="20220922 18:28:35.053" endtime="20220922 18:28:35.056"/>
</kw>
<status status="PASS" starttime="20220922 18:28:34.588" endtime="20220922 18:28:35.056"/>
</iter>
<iter>
<var name="${i}">7</var>
<kw name="Select Frame" library="SeleniumLibrary">
<arg>//iframe[@title="Highcharts example"]</arg>
<doc>Sets frame identified by ``locator`` as the current frame.</doc>
<msg timestamp="20220922 18:28:35.059" level="INFO">Selecting frame '//iframe[@title="Highcharts example"]'.</msg>
<status status="PASS" starttime="20220922 18:28:35.058" endtime="20220922 18:28:35.119"/>
</kw>
<kw name="Mouse Over" library="SeleniumLibrary">
<arg>${Locator} [${i}]</arg>
<doc>Simulates hovering the mouse over the element ``locator``.</doc>
<msg timestamp="20220922 18:28:35.120" level="INFO">Simulating Mouse Over on element '((//*[local-name()='svg']//*[local-name()='g' and @transform="translate(70,101) scale(1 1)"])//*[name()='path' and @class="highcharts-point highcharts-color-1"]) [7]'.</msg>
<status status="PASS" starttime="20220922 18:28:35.119" endtime="20220922 18:28:35.441"/>
</kw>
<kw name="Get Element Count" library="SeleniumLibrary">
<var>${count}</var>
<arg>${Locate}</arg>
<doc>Returns the number of elements matching ``locator``.</doc>
<msg timestamp="20220922 18:28:35.464" level="INFO">${count} = 1</msg>
<status status="PASS" starttime="20220922 18:28:35.442" endtime="20220922 18:28:35.464"/>
</kw>
<for flavor="IN RANGE">
<var>${j}</var>
<value>${count}</value>
<iter>
<var name="${j}">0</var>
<kw name="Get Text" library="SeleniumLibrary">
<var>${Text}</var>
<arg>${Locate}</arg>
<doc>Returns the text value of the element identified by ``locator``.</doc>
<msg timestamp="20220922 18:28:35.500" level="INFO">${Text} = ● Datax: 7y: 3.4</msg>
<status status="PASS" starttime="20220922 18:28:35.465" endtime="20220922 18:28:35.500"/>
</kw>
<kw name="Log To Console" library="BuiltIn">
<arg>${Text}</arg>
<doc>Logs the given message to the console.</doc>
<status status="PASS" starttime="20220922 18:28:35.500" endtime="20220922 18:28:35.501"/>
</kw>
<status status="PASS" starttime="20220922 18:28:35.465" endtime="20220922 18:28:35.501"/>
</iter>
<status status="PASS" starttime="20220922 18:28:35.464" endtime="20220922 18:28:35.501"/>
</for>
<kw name="Unselect Frame" library="SeleniumLibrary">
<doc>Sets the main frame as the current frame.</doc>
<status status="PASS" starttime="20220922 18:28:35.502" endtime="20220922 18:28:35.505"/>
</kw>
<status status="PASS" starttime="20220922 18:28:35.057" endtime="20220922 18:28:35.505"/>
</iter>
<iter>
<var name="${i}">8</var>
<kw name="Select Frame" library="SeleniumLibrary">
<arg>//iframe[@title="Highcharts example"]</arg>
<doc>Sets frame identified by ``locator`` as the current frame.</doc>
<msg timestamp="20220922 18:28:35.509" level="INFO">Selecting frame '//iframe[@title="Highcharts example"]'.</msg>
<status status="PASS" starttime="20220922 18:28:35.507" endtime="20220922 18:28:35.537"/>
</kw>
<kw name="Mouse Over" library="SeleniumLibrary">
<arg>${Locator} [${i}]</arg>
<doc>Simulates hovering the mouse over the element ``locator``.</doc>
<msg timestamp="20220922 18:28:35.538" level="INFO">Simulating Mouse Over on element '((//*[local-name()='svg']//*[local-name()='g' and @transform="translate(70,101) scale(1 1)"])//*[name()='path' and @class="highcharts-point highcharts-color-1"]) [8]'.</msg>
<status status="PASS" starttime="20220922 18:28:35.537" endtime="20220922 18:28:35.887"/>
</kw>
<kw name="Get Element Count" library="SeleniumLibrary">
<var>${count}</var>
<arg>${Locate}</arg>
<doc>Returns the number of elements matching ``locator``.</doc>
<msg timestamp="20220922 18:28:35.957" level="INFO">${count} = 1</msg>
<status status="PASS" starttime="20220922 18:28:35.888" endtime="20220922 18:28:35.958"/>
</kw>
<for flavor="IN RANGE">
<var>${j}</var>
<value>${count}</value>
<iter>
<var name="${j}">0</var>
<kw name="Get Text" library="SeleniumLibrary">
<var>${Text}</var>
<arg>${Locate}</arg>
<doc>Returns the text value of the element identified by ``locator``.</doc>
<msg timestamp="20220922 18:28:36.115" level="INFO">${Text} = ● Datax: 8y: 2.9</msg>
<status status="PASS" starttime="20220922 18:28:35.961" endtime="20220922 18:28:36.115"/>
</kw>
<kw name="Log To Console" library="BuiltIn">
<arg>${Text}</arg>
<doc>Logs the given message to the console.</doc>
<status status="PASS" starttime="20220922 18:28:36.116" endtime="20220922 18:28:36.117"/>
</kw>
<status status="PASS" starttime="20220922 18:28:35.960" endtime="20220922 18:28:36.117"/>
</iter>
<status status="PASS" starttime="20220922 18:28:35.958" endtime="20220922 18:28:36.117"/>
</for>
<kw name="Unselect Frame" library="SeleniumLibrary">
<doc>Sets the main frame as the current frame.</doc>
<status status="PASS" starttime="20220922 18:28:36.118" endtime="20220922 18:28:36.146"/>
</kw>
<status status="PASS" starttime="20220922 18:28:35.506" endtime="20220922 18:28:36.146"/>
</iter>
<iter>
<var name="${i}">9</var>
<kw name="Select Frame" library="SeleniumLibrary">
<arg>//iframe[@title="Highcharts example"]</arg>
<doc>Sets frame identified by ``locator`` as the current frame.</doc>
<msg timestamp="20220922 18:28:36.148" level="INFO">Selecting frame '//iframe[@title="Highcharts example"]'.</msg>
<status status="PASS" starttime="20220922 18:28:36.147" endtime="20220922 18:28:36.282"/>
</kw>
<kw name="Mouse Over" library="SeleniumLibrary">
<arg>${Locator} [${i}]</arg>
<doc>Simulates hovering the mouse over the element ``locator``.</doc>
<msg timestamp="20220922 18:28:36.284" level="INFO">Simulating Mouse Over on element '((//*[local-name()='svg']//*[local-name()='g' and @transform="translate(70,101) scale(1 1)"])//*[name()='path' and @class="highcharts-point highcharts-color-1"]) [9]'.</msg>
<status status="PASS" starttime="20220922 18:28:36.283" endtime="20220922 18:28:36.738"/>
</kw>
<kw name="Get Element Count" library="SeleniumLibrary">
<var>${count}</var>
<arg>${Locate}</arg>
<doc>Returns the number of elements matching ``locator``.</doc>
<msg timestamp="20220922 18:28:36.775" level="INFO">${count} = 1</msg>
<status status="PASS" starttime="20220922 18:28:36.738" endtime="20220922 18:28:36.775"/>
</kw>
<for flavor="IN RANGE">
<var>${j}</var>
<value>${count}</value>
<iter>
<var name="${j}">0</var>
<kw name="Get Text" library="SeleniumLibrary">
<var>${Text}</var>
<arg>${Locate}</arg>
<doc>Returns the text value of the element identified by ``locator``.</doc>
<msg timestamp="20220922 18:28:36.822" level="INFO">${Text} = ● Datax: 9y: 3.1</msg>
<status status="PASS" starttime="20220922 18:28:36.777" endtime="20220922 18:28:36.822"/>
</kw>
<kw name="Log To Console" library="BuiltIn">
<arg>${Text}</arg>
<doc>Logs the given message to the console.</doc>
<status status="PASS" starttime="20220922 18:28:36.822" endtime="20220922 18:28:36.823"/>
</kw>
<status status="PASS" starttime="20220922 18:28:36.776" endtime="20220922 18:28:36.824"/>
</iter>
<status status="PASS" starttime="20220922 18:28:36.775" endtime="20220922 18:28:36.824"/>
</for>
<kw name="Unselect Frame" library="SeleniumLibrary">
<doc>Sets the main frame as the current frame.</doc>
<status status="PASS" starttime="20220922 18:28:36.824" endtime="20220922 18:28:36.834"/>
</kw>
<status status="PASS" starttime="20220922 18:28:36.147" endtime="20220922 18:28:36.834"/>
</iter>
<iter>
<var name="${i}">10</var>
<kw name="Select Frame" library="SeleniumLibrary">
<arg>//iframe[@title="Highcharts example"]</arg>
<doc>Sets frame identified by ``locator`` as the current frame.</doc>
<msg timestamp="20220922 18:28:36.836" level="INFO">Selecting frame '//iframe[@title="Highcharts example"]'.</msg>
<status status="PASS" starttime="20220922 18:28:36.835" endtime="20220922 18:28:36.868"/>
</kw>
<kw name="Mouse Over" library="SeleniumLibrary">
<arg>${Locator} [${i}]</arg>
<doc>Simulates hovering the mouse over the element ``locator``.</doc>
<msg timestamp="20220922 18:28:36.870" level="INFO">Simulating Mouse Over on element '((//*[local-name()='svg']//*[local-name()='g' and @transform="translate(70,101) scale(1 1)"])//*[name()='path' and @class="highcharts-point highcharts-color-1"]) [10]'.</msg>
<status status="PASS" starttime="20220922 18:28:36.869" endtime="20220922 18:28:37.182"/>
</kw>
<kw name="Get Element Count" library="SeleniumLibrary">
<var>${count}</var>
<arg>${Locate}</arg>
<doc>Returns the number of elements matching ``locator``.</doc>
<msg timestamp="20220922 18:28:37.190" level="INFO">${count} = 1</msg>
<status status="PASS" starttime="20220922 18:28:37.182" endtime="20220922 18:28:37.190"/>
</kw>
<for flavor="IN RANGE">
<var>${j}</var>
<value>${count}</value>
<iter>
<var name="${j}">0</var>
<kw name="Get Text" library="SeleniumLibrary">
<var>${Text}</var>
<arg>${Locate}</arg>
<doc>Returns the text value of the element identified by ``locator``.</doc>
<msg timestamp="20220922 18:28:37.219" level="INFO">${Text} = ● Datax: 10y: 3.7</msg>
<status status="PASS" starttime="20220922 18:28:37.192" endtime="20220922 18:28:37.219"/>
</kw>
<kw name="Log To Console" library="BuiltIn">
<arg>${Text}</arg>
<doc>Logs the given message to the console.</doc>
<status status="PASS" starttime="20220922 18:28:37.219" endtime="20220922 18:28:37.220"/>
</kw>
<status status="PASS" starttime="20220922 18:28:37.191" endtime="20220922 18:28:37.220"/>
</iter>
<status status="PASS" starttime="20220922 18:28:37.191" endtime="20220922 18:28:37.220"/>
</for>
<kw name="Unselect Frame" library="SeleniumLibrary">
<doc>Sets the main frame as the current frame.</doc>
<status status="PASS" starttime="20220922 18:28:37.221" endtime="20220922 18:28:37.224"/>
</kw>
<status status="PASS" starttime="20220922 18:28:36.835" endtime="20220922 18:28:37.224"/>
</iter>
<iter>
<var name="${i}">11</var>
<kw name="Select Frame" library="SeleniumLibrary">
<arg>//iframe[@title="Highcharts example"]</arg>
<doc>Sets frame identified by ``locator`` as the current frame.</doc>
<msg timestamp="20220922 18:28:37.226" level="INFO">Selecting frame '//iframe[@title="Highcharts example"]'.</msg>
<status status="PASS" starttime="20220922 18:28:37.225" endtime="20220922 18:28:37.253"/>
</kw>
<kw name="Mouse Over" library="SeleniumLibrary">
<arg>${Locator} [${i}]</arg>
<doc>Simulates hovering the mouse over the element ``locator``.</doc>
<msg timestamp="20220922 18:28:37.254" level="INFO">Simulating Mouse Over on element '((//*[local-name()='svg']//*[local-name()='g' and @transform="translate(70,101) scale(1 1)"])//*[name()='path' and @class="highcharts-point highcharts-color-1"]) [11]'.</msg>
<status status="PASS" starttime="20220922 18:28:37.254" endtime="20220922 18:28:37.585"/>
</kw>
<kw name="Get Element Count" library="SeleniumLibrary">
<var>${count}</var>
<arg>${Locate}</arg>
<doc>Returns the number of elements matching ``locator``.</doc>
<msg timestamp="20220922 18:28:37.605" level="INFO">${count} = 1</msg>
<status status="PASS" starttime="20220922 18:28:37.585" endtime="20220922 18:28:37.605"/>
</kw>
<for flavor="IN RANGE">
<var>${j}</var>
<value>${count}</value>
<iter>
<var name="${j}">0</var>
<kw name="Get Text" library="SeleniumLibrary">
<var>${Text}</var>
<arg>${Locate}</arg>
<doc>Returns the text value of the element identified by ``locator``.</doc>
<msg timestamp="20220922 18:28:37.640" level="INFO">${Text} = ● Datax: 11y: 3.4</msg>
<status status="PASS" starttime="20220922 18:28:37.606" endtime="20220922 18:28:37.640"/>
</kw>
<kw name="Log To Console" library="BuiltIn">
<arg>${Text}</arg>
<doc>Logs the given message to the console.</doc>
<status status="PASS" starttime="20220922 18:28:37.640" endtime="20220922 18:28:37.642"/>
</kw>
<status status="PASS" starttime="20220922 18:28:37.606" endtime="20220922 18:28:37.642"/>
</iter>
<status status="PASS" starttime="20220922 18:28:37.605" endtime="20220922 18:28:37.643"/>
</for>
<kw name="Unselect Frame" library="SeleniumLibrary">
<doc>Sets the main frame as the current frame.</doc>
<status status="PASS" starttime="20220922 18:28:37.643" endtime="20220922 18:28:37.648"/>
</kw>
<status status="PASS" starttime="20220922 18:28:37.224" endtime="20220922 18:28:37.648"/>
</iter>
<iter>
<var name="${i}">12</var>
<kw name="Select Frame" library="SeleniumLibrary">
<arg>//iframe[@title="Highcharts example"]</arg>
<doc>Sets frame identified by ``locator`` as the current frame.</doc>
<msg timestamp="20220922 18:28:37.650" level="INFO">Selecting frame '//iframe[@title="Highcharts example"]'.</msg>
<status status="PASS" starttime="20220922 18:28:37.649" endtime="20220922 18:28:37.673"/>
</kw>
<kw name="Mouse Over" library="SeleniumLibrary">
<arg>${Locator} [${i}]</arg>
<doc>Simulates hovering the mouse over the element ``locator``.</doc>
<msg timestamp="20220922 18:28:37.674" level="INFO">Simulating Mouse Over on element '((//*[local-name()='svg']//*[local-name()='g' and @transform="translate(70,101) scale(1 1)"])//*[name()='path' and @class="highcharts-point highcharts-color-1"]) [12]'.</msg>
<status status="PASS" starttime="20220922 18:28:37.673" endtime="20220922 18:28:37.985"/>
</kw>
<kw name="Get Element Count" library="SeleniumLibrary">
<var>${count}</var>
<arg>${Locate}</arg>
<doc>Returns the number of elements matching ``locator``.</doc>
<msg timestamp="20220922 18:28:37.997" level="INFO">${count} = 1</msg>
<status status="PASS" starttime="20220922 18:28:37.985" endtime="20220922 18:28:37.997"/>
</kw>
<for flavor="IN RANGE">
<var>${j}</var>
<value>${count}</value>
<iter>
<var name="${j}">0</var>
<kw name="Get Text" library="SeleniumLibrary">
<var>${Text}</var>
<arg>${Locate}</arg>
<doc>Returns the text value of the element identified by ``locator``.</doc>
<msg timestamp="20220922 18:28:38.017" level="INFO">${Text} = ● Datax: 12y: 3</msg>
<status status="PASS" starttime="20220922 18:28:37.998" endtime="20220922 18:28:38.017"/>
</kw>
<kw name="Log To Console" library="BuiltIn">
<arg>${Text}</arg>
<doc>Logs the given message to the console.</doc>
<status status="PASS" starttime="20220922 18:28:38.017" endtime="20220922 18:28:38.018"/>
</kw>
<status status="PASS" starttime="20220922 18:28:37.998" endtime="20220922 18:28:38.018"/>
</iter>
<status status="PASS" starttime="20220922 18:28:37.997" endtime="20220922 18:28:38.019"/>
</for>
<kw name="Unselect Frame" library="SeleniumLibrary">
<doc>Sets the main frame as the current frame.</doc>
<status status="PASS" starttime="20220922 18:28:38.019" endtime="20220922 18:28:38.022"/>
</kw>
<status status="PASS" starttime="20220922 18:28:37.649" endtime="20220922 18:28:38.022"/>
</iter>
<iter>
<var name="${i}">13</var>
<kw name="Select Frame" library="SeleniumLibrary">
<arg>//iframe[@title="Highcharts example"]</arg>
<doc>Sets frame identified by ``locator`` as the current frame.</doc>
<msg timestamp="20220922 18:28:38.023" level="INFO">Selecting frame '//iframe[@title="Highcharts example"]'.</msg>
<status status="PASS" starttime="20220922 18:28:38.022" endtime="20220922 18:28:38.053"/>
</kw>
<kw name="Mouse Over" library="SeleniumLibrary">
<arg>${Locator} [${i}]</arg>
<doc>Simulates hovering the mouse over the element ``locator``.</doc>
<msg timestamp="20220922 18:28:38.054" level="INFO">Simulating Mouse Over on element '((//*[local-name()='svg']//*[local-name()='g' and @transform="translate(70,101) scale(1 1)"])//*[name()='path' and @class="highcharts-point highcharts-color-1"]) [13]'.</msg>
<status status="PASS" starttime="20220922 18:28:38.053" endtime="20220922 18:28:38.379"/>
</kw>
<kw name="Get Element Count" library="SeleniumLibrary">
<var>${count}</var>
<arg>${Locate}</arg>
<doc>Returns the number of elements matching ``locator``.</doc>
<msg timestamp="20220922 18:28:38.389" level="INFO">${count} = 1</msg>
<status status="PASS" starttime="20220922 18:28:38.379" endtime="20220922 18:28:38.390"/>
</kw>
<for flavor="IN RANGE">
<var>${j}</var>
<value>${count}</value>
<iter>
<var name="${j}">0</var>
<kw name="Get Text" library="SeleniumLibrary">
<var>${Text}</var>
<arg>${Locate}</arg>
<doc>Returns the text value of the element identified by ``locator``.</doc>
<msg timestamp="20220922 18:28:38.416" level="INFO">${Text} = ● Datax: 13y: 3</msg>
<status status="PASS" starttime="20220922 18:28:38.392" endtime="20220922 18:28:38.416"/>
</kw>
<kw name="Log To Console" library="BuiltIn">
<arg>${Text}</arg>
<doc>Logs the given message to the console.</doc>
<status status="PASS" starttime="20220922 18:28:38.416" endtime="20220922 18:28:38.417"/>
</kw>
<status status="PASS" starttime="20220922 18:28:38.391" endtime="20220922 18:28:38.417"/>
</iter>
<status status="PASS" starttime="20220922 18:28:38.390" endtime="20220922 18:28:38.418"/>
</for>
<kw name="Unselect Frame" library="SeleniumLibrary">
<doc>Sets the main frame as the current frame.</doc>
<status status="PASS" starttime="20220922 18:28:38.418" endtime="20220922 18:28:38.420"/>
</kw>
<status status="PASS" starttime="20220922 18:28:38.022" endtime="20220922 18:28:38.420"/>
</iter>
<iter>
<var name="${i}">14</var>
<kw name="Select Frame" library="SeleniumLibrary">
<arg>//iframe[@title="Highcharts example"]</arg>
<doc>Sets frame identified by ``locator`` as the current frame.</doc>
<msg timestamp="20220922 18:28:38.421" level="INFO">Selecting frame '//iframe[@title="Highcharts example"]'.</msg>
<status status="PASS" starttime="20220922 18:28:38.421" endtime="20220922 18:28:38.446"/>
</kw>
<kw name="Mouse Over" library="SeleniumLibrary">
<arg>${Locator} [${i}]</arg>
<doc>Simulates hovering the mouse over the element ``locator``.</doc>
<msg timestamp="20220922 18:28:38.447" level="INFO">Simulating Mouse Over on element '((//*[local-name()='svg']//*[local-name()='g' and @transform="translate(70,101) scale(1 1)"])//*[name()='path' and @class="highcharts-point highcharts-color-1"]) [14]'.</msg>
<status status="PASS" starttime="20220922 18:28:38.446" endtime="20220922 18:28:38.753"/>
</kw>
<kw name="Get Element Count" library="SeleniumLibrary">
<var>${count}</var>
<arg>${Locate}</arg>
<doc>Returns the number of elements matching ``locator``.</doc>
<msg timestamp="20220922 18:28:38.764" level="INFO">${count} = 1</msg>
<status status="PASS" starttime="20220922 18:28:38.753" endtime="20220922 18:28:38.764"/>
</kw>
<for flavor="IN RANGE">
<var>${j}</var>
<value>${count}</value>
<iter>
<var name="${j}">0</var>
<kw name="Get Text" library="SeleniumLibrary">
<var>${Text}</var>
<arg>${Locate}</arg>
<doc>Returns the text value of the element identified by ``locator``.</doc>
<msg timestamp="20220922 18:28:38.783" level="INFO">${Text} = ● Datax: 14y: 4</msg>
<status status="PASS" starttime="20220922 18:28:38.766" endtime="20220922 18:28:38.783"/>
</kw>
<kw name="Log To Console" library="BuiltIn">
<arg>${Text}</arg>
<doc>Logs the given message to the console.</doc>
<status status="PASS" starttime="20220922 18:28:38.783" endtime="20220922 18:28:38.784"/>
</kw>
<status status="PASS" starttime="20220922 18:28:38.765" endtime="20220922 18:28:38.784"/>
</iter>
<status status="PASS" starttime="20220922 18:28:38.765" endtime="20220922 18:28:38.784"/>
</for>
<kw name="Unselect Frame" library="SeleniumLibrary">
<doc>Sets the main frame as the current frame.</doc>
<status status="PASS" starttime="20220922 18:28:38.784" endtime="20220922 18:28:38.800"/>
</kw>
<status status="PASS" starttime="20220922 18:28:38.421" endtime="20220922 18:28:38.800"/>
</iter>
<iter>
<var name="${i}">15</var>
<kw name="Select Frame" library="SeleniumLibrary">
<arg>//iframe[@title="Highcharts example"]</arg>
<doc>Sets frame identified by ``locator`` as the current frame.</doc>
<msg timestamp="20220922 18:28:38.802" level="INFO">Selecting frame '//iframe[@title="Highcharts example"]'.</msg>
<status status="PASS" starttime="20220922 18:28:38.801" endtime="20220922 18:28:38.839"/>
</kw>
<kw name="Mouse Over" library="SeleniumLibrary">
<arg>${Locator} [${i}]</arg>
<doc>Simulates hovering the mouse over the element ``locator``.</doc>
<msg timestamp="20220922 18:28:38.839" level="INFO">Simulating Mouse Over on element '((//*[local-name()='svg']//*[local-name()='g' and @transform="translate(70,101) scale(1 1)"])//*[name()='path' and @class="highcharts-point highcharts-color-1"]) [15]'.</msg>
<status status="PASS" starttime="20220922 18:28:38.839" endtime="20220922 18:28:39.153"/>
</kw>
<kw name="Get Element Count" library="SeleniumLibrary">
<var>${count}</var>
<arg>${Locate}</arg>
<doc>Returns the number of elements matching ``locator``.</doc>
<msg timestamp="20220922 18:28:39.165" level="INFO">${count} = 1</msg>
<status status="PASS" starttime="20220922 18:28:39.153" endtime="20220922 18:28:39.165"/>
</kw>
<for flavor="IN RANGE">
<var>${j}</var>
<value>${count}</value>
<iter>
<var name="${j}">0</var>
<kw name="Get Text" library="SeleniumLibrary">
<var>${Text}</var>
<arg>${Locate}</arg>
<doc>Returns the text value of the element identified by ``locator``.</doc>
<msg timestamp="20220922 18:28:39.186" level="INFO">${Text} = ● Datax: 15y: 4.4</msg>
<status status="PASS" starttime="20220922 18:28:39.166" endtime="20220922 18:28:39.186"/>
</kw>
<kw name="Log To Console" library="BuiltIn">
<arg>${Text}</arg>
<doc>Logs the given message to the console.</doc>
<status status="PASS" starttime="20220922 18:28:39.186" endtime="20220922 18:28:39.187"/>
</kw>
<status status="PASS" starttime="20220922 18:28:39.166" endtime="20220922 18:28:39.187"/>
</iter>
<status status="PASS" starttime="20220922 18:28:39.166" endtime="20220922 18:28:39.187"/>
</for>
<kw name="Unselect Frame" library="SeleniumLibrary">
<doc>Sets the main frame as the current frame.</doc>
<status status="PASS" starttime="20220922 18:28:39.188" endtime="20220922 18:28:39.190"/>
</kw>
<status status="PASS" starttime="20220922 18:28:38.800" endtime="20220922 18:28:39.190"/>
</iter>
<iter>
<var name="${i}">16</var>
<kw name="Select Frame" library="SeleniumLibrary">
<arg>//iframe[@title="Highcharts example"]</arg>
<doc>Sets frame identified by ``locator`` as the current frame.</doc>
<msg timestamp="20220922 18:28:39.193" level="INFO">Selecting frame '//iframe[@title="Highcharts example"]'.</msg>
<status status="PASS" starttime="20220922 18:28:39.192" endtime="20220922 18:28:39.215"/>
</kw>
<kw name="Mouse Over" library="SeleniumLibrary">
<arg>${Locator} [${i}]</arg>
<doc>Simulates hovering the mouse over the element ``locator``.</doc>
<msg timestamp="20220922 18:28:39.217" level="INFO">Simulating Mouse Over on element '((//*[local-name()='svg']//*[local-name()='g' and @transform="translate(70,101) scale(1 1)"])//*[name()='path' and @class="highcharts-point highcharts-color-1"]) [16]'.</msg>
<status status="PASS" starttime="20220922 18:28:39.216" endtime="20220922 18:28:39.528"/>
</kw>
<kw name="Get Element Count" library="SeleniumLibrary">
<var>${count}</var>
<arg>${Locate}</arg>
<doc>Returns the number of elements matching ``locator``.</doc>
<msg timestamp="20220922 18:28:39.537" level="INFO">${count} = 1</msg>
<status status="PASS" starttime="20220922 18:28:39.529" endtime="20220922 18:28:39.537"/>
</kw>
<for flavor="IN RANGE">
<var>${j}</var>
<value>${count}</value>
<iter>
<var name="${j}">0</var>
<kw name="Get Text" library="SeleniumLibrary">
<var>${Text}</var>
<arg>${Locate}</arg>
<doc>Returns the text value of the element identified by ``locator``.</doc>
<msg timestamp="20220922 18:28:39.584" level="INFO">${Text} = ● Datax: 16y: 3.9</msg>
<status status="PASS" starttime="20220922 18:28:39.538" endtime="20220922 18:28:39.584"/>
</kw>
<kw name="Log To Console" library="BuiltIn">
<arg>${Text}</arg>
<doc>Logs the given message to the console.</doc>
<status status="PASS" starttime="20220922 18:28:39.584" endtime="20220922 18:28:39.585"/>
</kw>
<status status="PASS" starttime="20220922 18:28:39.538" endtime="20220922 18:28:39.585"/>
</iter>
<status status="PASS" starttime="20220922 18:28:39.537" endtime="20220922 18:28:39.586"/>
</for>
<kw name="Unselect Frame" library="SeleniumLibrary">
<doc>Sets the main frame as the current frame.</doc>
<status status="PASS" starttime="20220922 18:28:39.586" endtime="20220922 18:28:39.589"/>
</kw>
<status status="PASS" starttime="20220922 18:28:39.191" endtime="20220922 18:28:39.589"/>
</iter>
<iter>
<var name="${i}">17</var>
<kw name="Select Frame" library="SeleniumLibrary">
<arg>//iframe[@title="Highcharts example"]</arg>
<doc>Sets frame identified by ``locator`` as the current frame.</doc>
<msg timestamp="20220922 18:28:39.590" level="INFO">Selecting frame '//iframe[@title="Highcharts example"]'.</msg>
<status status="PASS" starttime="20220922 18:28:39.590" endtime="20220922 18:28:39.616"/>
</kw>
<kw name="Mouse Over" library="SeleniumLibrary">
<arg>${Locator} [${i}]</arg>
<doc>Simulates hovering the mouse over the element ``locator``.</doc>
<msg timestamp="20220922 18:28:39.617" level="INFO">Simulating Mouse Over on element '((//*[local-name()='svg']//*[local-name()='g' and @transform="translate(70,101) scale(1 1)"])//*[name()='path' and @class="highcharts-point highcharts-color-1"]) [17]'.</msg>
<status status="PASS" starttime="20220922 18:28:39.617" endtime="20220922 18:28:39.917"/>
</kw>
<kw name="Get Element Count" library="SeleniumLibrary">
<var>${count}</var>
<arg>${Locate}</arg>
<doc>Returns the number of elements matching ``locator``.</doc>
<msg timestamp="20220922 18:28:39.927" level="INFO">${count} = 1</msg>
<status status="PASS" starttime="20220922 18:28:39.917" endtime="20220922 18:28:39.927"/>
</kw>
<for flavor="IN RANGE">
<var>${j}</var>
<value>${count}</value>
<iter>
<var name="${j}">0</var>
<kw name="Get Text" library="SeleniumLibrary">
<var>${Text}</var>
<arg>${Locate}</arg>
<doc>Returns the text value of the element identified by ``locator``.</doc>
<msg timestamp="20220922 18:28:39.950" level="INFO">${Text} = ● Datax: 17y: 3.5</msg>
<status status="PASS" starttime="20220922 18:28:39.928" endtime="20220922 18:28:39.951"/>
</kw>
<kw name="Log To Console" library="BuiltIn">
<arg>${Text}</arg>
<doc>Logs the given message to the console.</doc>
<status status="PASS" starttime="20220922 18:28:39.951" endtime="20220922 18:28:39.951"/>
</kw>
<status status="PASS" starttime="20220922 18:28:39.928" endtime="20220922 18:28:39.951"/>
</iter>
<status status="PASS" starttime="20220922 18:28:39.927" endtime="20220922 18:28:39.952"/>
</for>
<kw name="Unselect Frame" library="SeleniumLibrary">
<doc>Sets the main frame as the current frame.</doc>
<status status="PASS" starttime="20220922 18:28:39.952" endtime="20220922 18:28:39.955"/>
</kw>
<status status="PASS" starttime="20220922 18:28:39.590" endtime="20220922 18:28:39.955"/>
</iter>
<iter>
<var name="${i}">18</var>
<kw name="Select Frame" library="SeleniumLibrary">
<arg>//iframe[@title="Highcharts example"]</arg>
<doc>Sets frame identified by ``locator`` as the current frame.</doc>
<msg timestamp="20220922 18:28:39.956" level="INFO">Selecting frame '//iframe[@title="Highcharts example"]'.</msg>
<status status="PASS" starttime="20220922 18:28:39.956" endtime="20220922 18:28:39.986"/>
</kw>
<kw name="Mouse Over" library="SeleniumLibrary">
<arg>${Locator} [${i}]</arg>
<doc>Simulates hovering the mouse over the element ``locator``.</doc>
<msg timestamp="20220922 18:28:39.987" level="INFO">Simulating Mouse Over on element '((//*[local-name()='svg']//*[local-name()='g' and @transform="translate(70,101) scale(1 1)"])//*[name()='path' and @class="highcharts-point highcharts-color-1"]) [18]'.</msg>
<status status="PASS" starttime="20220922 18:28:39.986" endtime="20220922 18:28:40.305"/>
</kw>
<kw name="Get Element Count" library="SeleniumLibrary">
<var>${count}</var>
<arg>${Locate}</arg>
<doc>Returns the number of elements matching ``locator``.</doc>
<msg timestamp="20220922 18:28:40.316" level="INFO">${count} = 1</msg>
<status status="PASS" starttime="20220922 18:28:40.305" endtime="20220922 18:28:40.316"/>
</kw>
<for flavor="IN RANGE">
<var>${j}</var>
<value>${count}</value>
<iter>
<var name="${j}">0</var>
<kw name="Get Text" library="SeleniumLibrary">
<var>${Text}</var>
<arg>${Locate}</arg>
<doc>Returns the text value of the element identified by ``locator``.</doc>
<msg timestamp="20220922 18:28:40.338" level="INFO">${Text} = ● Datax: 18y: 3.8</msg>
<status status="PASS" starttime="20220922 18:28:40.317" endtime="20220922 18:28:40.338"/>
</kw>
<kw name="Log To Console" library="BuiltIn">
<arg>${Text}</arg>
<doc>Logs the given message to the console.</doc>
<status status="PASS" starttime="20220922 18:28:40.338" endtime="20220922 18:28:40.339"/>
</kw>
<status status="PASS" starttime="20220922 18:28:40.317" endtime="20220922 18:28:40.339"/>
</iter>
<status status="PASS" starttime="20220922 18:28:40.317" endtime="20220922 18:28:40.339"/>
</for>
<kw name="Unselect Frame" library="SeleniumLibrary">
<doc>Sets the main frame as the current frame.</doc>
<status status="PASS" starttime="20220922 18:28:40.339" endtime="20220922 18:28:40.347"/>
</kw>
<status status="PASS" starttime="20220922 18:28:39.956" endtime="20220922 18:28:40.347"/>
</iter>
<iter>
<var name="${i}">19</var>
<kw name="Select Frame" library="SeleniumLibrary">
<arg>//iframe[@title="Highcharts example"]</arg>
<doc>Sets frame identified by ``locator`` as the current frame.</doc>
<msg timestamp="20220922 18:28:40.349" level="INFO">Selecting frame '//iframe[@title="Highcharts example"]'.</msg>
<status status="PASS" starttime="20220922 18:28:40.348" endtime="20220922 18:28:40.373"/>
</kw>
<kw name="Mouse Over" library="SeleniumLibrary">
<arg>${Locator} [${i}]</arg>
<doc>Simulates hovering the mouse over the element ``locator``.</doc>
<msg timestamp="20220922 18:28:40.374" level="INFO">Simulating Mouse Over on element '((//*[local-name()='svg']//*[local-name()='g' and @transform="translate(70,101) scale(1 1)"])//*[name()='path' and @class="highcharts-point highcharts-color-1"]) [19]'.</msg>
<status status="PASS" starttime="20220922 18:28:40.373" endtime="20220922 18:28:40.696"/>
</kw>
<kw name="Get Element Count" library="SeleniumLibrary">
<var>${count}</var>
<arg>${Locate}</arg>
<doc>Returns the number of elements matching ``locator``.</doc>
<msg timestamp="20220922 18:28:40.704" level="INFO">${count} = 1</msg>
<status status="PASS" starttime="20220922 18:28:40.696" endtime="20220922 18:28:40.704"/>
</kw>
<for flavor="IN RANGE">
<var>${j}</var>
<value>${count}</value>
<iter>
<var name="${j}">0</var>
<kw name="Get Text" library="SeleniumLibrary">
<var>${Text}</var>
<arg>${Locate}</arg>
<doc>Returns the text value of the element identified by ``locator``.</doc>
<msg timestamp="20220922 18:28:40.724" level="INFO">${Text} = ● Datax: 19y: 3.8</msg>
<status status="PASS" starttime="20220922 18:28:40.705" endtime="20220922 18:28:40.724"/>
</kw>
<kw name="Log To Console" library="BuiltIn">
<arg>${Text}</arg>
<doc>Logs the given message to the console.</doc>
<status status="PASS" starttime="20220922 18:28:40.724" endtime="20220922 18:28:40.725"/>
</kw>
<status status="PASS" starttime="20220922 18:28:40.705" endtime="20220922 18:28:40.725"/>
</iter>
<status status="PASS" starttime="20220922 18:28:40.704" endtime="20220922 18:28:40.725"/>
</for>
<kw name="Unselect Frame" library="SeleniumLibrary">
<doc>Sets the main frame as the current frame.</doc>
<status status="PASS" starttime="20220922 18:28:40.726" endtime="20220922 18:28:40.740"/>
</kw>
<status status="PASS" starttime="20220922 18:28:40.348" endtime="20220922 18:28:40.740"/>
</iter>
<iter>
<var name="${i}">20</var>
<kw name="Select Frame" library="SeleniumLibrary">
<arg>//iframe[@title="Highcharts example"]</arg>
<doc>Sets frame identified by ``locator`` as the current frame.</doc>
<msg timestamp="20220922 18:28:40.743" level="INFO">Selecting frame '//iframe[@title="Highcharts example"]'.</msg>
<status status="PASS" starttime="20220922 18:28:40.742" endtime="20220922 18:28:40.782"/>
</kw>
<kw name="Mouse Over" library="SeleniumLibrary">
<arg>${Locator} [${i}]</arg>
<doc>Simulates hovering the mouse over the element ``locator``.</doc>
<msg timestamp="20220922 18:28:40.783" level="INFO">Simulating Mouse Over on element '((//*[local-name()='svg']//*[local-name()='g' and @transform="translate(70,101) scale(1 1)"])//*[name()='path' and @class="highcharts-point highcharts-color-1"]) [20]'.</msg>
<status status="PASS" starttime="20220922 18:28:40.782" endtime="20220922 18:28:41.141"/>
</kw>
<kw name="Get Element Count" library="SeleniumLibrary">
<var>${count}</var>
<arg>${Locate}</arg>
<doc>Returns the number of elements matching ``locator``.</doc>
<msg timestamp="20220922 18:28:41.157" level="INFO">${count} = 1</msg>
<status status="PASS" starttime="20220922 18:28:41.141" endtime="20220922 18:28:41.157"/>
</kw>
<for flavor="IN RANGE">
<var>${j}</var>
<value>${count}</value>
<iter>
<var name="${j}">0</var>
<kw name="Get Text" library="SeleniumLibrary">
<var>${Text}</var>
<arg>${Locate}</arg>
<doc>Returns the text value of the element identified by ``locator``.</doc>
<msg timestamp="20220922 18:28:41.201" level="INFO">${Text} = ● Datax: 20y: 3.4</msg>
<status status="PASS" starttime="20220922 18:28:41.159" endtime="20220922 18:28:41.201"/>
</kw>
<kw name="Log To Console" library="BuiltIn">
<arg>${Text}</arg>
<doc>Logs the given message to the console.</doc>
<status status="PASS" starttime="20220922 18:28:41.201" endtime="20220922 18:28:41.202"/>
</kw>
<status status="PASS" starttime="20220922 18:28:41.158" endtime="20220922 18:28:41.202"/>
</iter>
<status status="PASS" starttime="20220922 18:28:41.157" endtime="20220922 18:28:41.202"/>
</for>
<kw name="Unselect Frame" library="SeleniumLibrary">
<doc>Sets the main frame as the current frame.</doc>
<status status="PASS" starttime="20220922 18:28:41.203" endtime="20220922 18:28:41.206"/>
</kw>
<status status="PASS" starttime="20220922 18:28:40.741" endtime="20220922 18:28:41.206"/>
</iter>
<iter>
<var name="${i}">21</var>
<kw name="Select Frame" library="SeleniumLibrary">
<arg>//iframe[@title="Highcharts example"]</arg>
<doc>Sets frame identified by ``locator`` as the current frame.</doc>
<msg timestamp="20220922 18:28:41.207" level="INFO">Selecting frame '//iframe[@title="Highcharts example"]'.</msg>
<status status="PASS" starttime="20220922 18:28:41.207" endtime="20220922 18:28:41.273"/>
</kw>
<kw name="Mouse Over" library="SeleniumLibrary">
<arg>${Locator} [${i}]</arg>
<doc>Simulates hovering the mouse over the element ``locator``.</doc>
<msg timestamp="20220922 18:28:41.274" level="INFO">Simulating Mouse Over on element '((//*[local-name()='svg']//*[local-name()='g' and @transform="translate(70,101) scale(1 1)"])//*[name()='path' and @class="highcharts-point highcharts-color-1"]) [21]'.</msg>
<status status="PASS" starttime="20220922 18:28:41.273" endtime="20220922 18:28:41.606"/>
</kw>
<kw name="Get Element Count" library="SeleniumLibrary">
<var>${count}</var>
<arg>${Locate}</arg>
<doc>Returns the number of elements matching ``locator``.</doc>
<msg timestamp="20220922 18:28:41.622" level="INFO">${count} = 1</msg>
<status status="PASS" starttime="20220922 18:28:41.606" endtime="20220922 18:28:41.622"/>
</kw>
<for flavor="IN RANGE">
<var>${j}</var>
<value>${count}</value>
<iter>
<var name="${j}">0</var>
<kw name="Get Text" library="SeleniumLibrary">
<var>${Text}</var>
<arg>${Locate}</arg>
<doc>Returns the text value of the element identified by ``locator``.</doc>
<msg timestamp="20220922 18:28:41.658" level="INFO">${Text} = ● Datax: 21y: 3.7</msg>
<status status="PASS" starttime="20220922 18:28:41.623" endtime="20220922 18:28:41.658"/>
</kw>
<kw name="Log To Console" library="BuiltIn">
<arg>${Text}</arg>
<doc>Logs the given message to the console.</doc>
<status status="PASS" starttime="20220922 18:28:41.659" endtime="20220922 18:28:41.660"/>
</kw>
<status status="PASS" starttime="20220922 18:28:41.623" endtime="20220922 18:28:41.660"/>
</iter>
<status status="PASS" starttime="20220922 18:28:41.622" endtime="20220922 18:28:41.660"/>
</for>
<kw name="Unselect Frame" library="SeleniumLibrary">
<doc>Sets the main frame as the current frame.</doc>
<status status="PASS" starttime="20220922 18:28:41.661" endtime="20220922 18:28:41.667"/>
</kw>
<status status="PASS" starttime="20220922 18:28:41.206" endtime="20220922 18:28:41.667"/>
</iter>
<iter>
<var name="${i}">22</var>
<kw name="Select Frame" library="SeleniumLibrary">
<arg>//iframe[@title="Highcharts example"]</arg>
<doc>Sets frame identified by ``locator`` as the current frame.</doc>
<msg timestamp="20220922 18:28:41.669" level="INFO">Selecting frame '//iframe[@title="Highcharts example"]'.</msg>
<status status="PASS" starttime="20220922 18:28:41.668" endtime="20220922 18:28:41.709"/>
</kw>
<kw name="Mouse Over" library="SeleniumLibrary">
<arg>${Locator} [${i}]</arg>
<doc>Simulates hovering the mouse over the element ``locator``.</doc>
<msg timestamp="20220922 18:28:41.710" level="INFO">Simulating Mouse Over on element '((//*[local-name()='svg']//*[local-name()='g' and @transform="translate(70,101) scale(1 1)"])//*[name()='path' and @class="highcharts-point highcharts-color-1"]) [22]'.</msg>
<status status="PASS" starttime="20220922 18:28:41.709" endtime="20220922 18:28:42.041"/>
</kw>
<kw name="Get Element Count" library="SeleniumLibrary">
<var>${count}</var>
<arg>${Locate}</arg>
<doc>Returns the number of elements matching ``locator``.</doc>
<msg timestamp="20220922 18:28:42.054" level="INFO">${count} = 1</msg>
<status status="PASS" starttime="20220922 18:28:42.042" endtime="20220922 18:28:42.054"/>
</kw>
<for flavor="IN RANGE">
<var>${j}</var>
<value>${count}</value>
<iter>
<var name="${j}">0</var>
<kw name="Get Text" library="SeleniumLibrary">
<var>${Text}</var>
<arg>${Locate}</arg>
<doc>Returns the text value of the element identified by ``locator``.</doc>
<msg timestamp="20220922 18:28:42.089" level="INFO">${Text} = ● Datax: 22y: 3.6</msg>
<status status="PASS" starttime="20220922 18:28:42.055" endtime="20220922 18:28:42.089"/>
</kw>
<kw name="Log To Console" library="BuiltIn">
<arg>${Text}</arg>
<doc>Logs the given message to the console.</doc>
<status status="PASS" starttime="20220922 18:28:42.090" endtime="20220922 18:28:42.090"/>
</kw>
<status status="PASS" starttime="20220922 18:28:42.055" endtime="20220922 18:28:42.091"/>
</iter>
<status status="PASS" starttime="20220922 18:28:42.054" endtime="20220922 18:28:42.091"/>
</for>
<kw name="Unselect Frame" library="SeleniumLibrary">
<doc>Sets the main frame as the current frame.</doc>
<status status="PASS" starttime="20220922 18:28:42.091" endtime="20220922 18:28:42.103"/>
</kw>
<status status="PASS" starttime="20220922 18:28:41.667" endtime="20220922 18:28:42.104"/>
</iter>
<iter>
<var name="${i}">23</var>
<kw name="Select Frame" library="SeleniumLibrary">
<arg>//iframe[@title="Highcharts example"]</arg>
<doc>Sets frame identified by ``locator`` as the current frame.</doc>
<msg timestamp="20220922 18:28:42.106" level="INFO">Selecting frame '//iframe[@title="Highcharts example"]'.</msg>
<status status="PASS" starttime="20220922 18:28:42.105" endtime="20220922 18:28:42.138"/>
</kw>
<kw name="Mouse Over" library="SeleniumLibrary">
<arg>${Locator} [${i}]</arg>
<doc>Simulates hovering the mouse over the element ``locator``.</doc>
<msg timestamp="20220922 18:28:42.139" level="INFO">Simulating Mouse Over on element '((//*[local-name()='svg']//*[local-name()='g' and @transform="translate(70,101) scale(1 1)"])//*[name()='path' and @class="highcharts-point highcharts-color-1"]) [23]'.</msg>
<status status="PASS" starttime="20220922 18:28:42.138" endtime="20220922 18:28:42.502"/>
</kw>
<kw name="Get Element Count" library="SeleniumLibrary">
<var>${count}</var>
<arg>${Locate}</arg>
<doc>Returns the number of elements matching ``locator``.</doc>
<msg timestamp="20220922 18:28:42.606" level="INFO">${count} = 1</msg>
<status status="PASS" starttime="20220922 18:28:42.503" endtime="20220922 18:28:42.606"/>
</kw>
<for flavor="IN RANGE">
<var>${j}</var>
<value>${count}</value>
<iter>
<var name="${j}">0</var>
<kw name="Get Text" library="SeleniumLibrary">
<var>${Text}</var>
<arg>${Locate}</arg>
<doc>Returns the text value of the element identified by ``locator``.</doc>
<msg timestamp="20220922 18:28:42.715" level="INFO">${Text} = ● Datax: 23y: 3.3</msg>
<status status="PASS" starttime="20220922 18:28:42.607" endtime="20220922 18:28:42.715"/>
</kw>
<kw name="Log To Console" library="BuiltIn">
<arg>${Text}</arg>
<doc>Logs the given message to the console.</doc>
<status status="PASS" starttime="20220922 18:28:42.716" endtime="20220922 18:28:42.717"/>
</kw>
<status status="PASS" starttime="20220922 18:28:42.607" endtime="20220922 18:28:42.717"/>
</iter>
<status status="PASS" starttime="20220922 18:28:42.606" endtime="20220922 18:28:42.717"/>
</for>
<kw name="Unselect Frame" library="SeleniumLibrary">
<doc>Sets the main frame as the current frame.</doc>
<status status="PASS" starttime="20220922 18:28:42.717" endtime="20220922 18:28:42.746"/>
</kw>
<status status="PASS" starttime="20220922 18:28:42.104" endtime="20220922 18:28:42.746"/>
</iter>
<iter>
<var name="${i}">24</var>
<kw name="Select Frame" library="SeleniumLibrary">
<arg>//iframe[@title="Highcharts example"]</arg>
<doc>Sets frame identified by ``locator`` as the current frame.</doc>
<msg timestamp="20220922 18:28:42.748" level="INFO">Selecting frame '//iframe[@title="Highcharts example"]'.</msg>
<status status="PASS" starttime="20220922 18:28:42.747" endtime="20220922 18:28:42.789"/>
</kw>
<kw name="Mouse Over" library="SeleniumLibrary">
<arg>${Locator} [${i}]</arg>
<doc>Simulates hovering the mouse over the element ``locator``.</doc>
<msg timestamp="20220922 18:28:42.790" level="INFO">Simulating Mouse Over on element '((//*[local-name()='svg']//*[local-name()='g' and @transform="translate(70,101) scale(1 1)"])//*[name()='path' and @class="highcharts-point highcharts-color-1"]) [24]'.</msg>
<status status="PASS" starttime="20220922 18:28:42.789" endtime="20220922 18:28:43.122"/>
</kw>
<kw name="Get Element Count" library="SeleniumLibrary">
<var>${count}</var>
<arg>${Locate}</arg>
<doc>Returns the number of elements matching ``locator``.</doc>
<msg timestamp="20220922 18:28:43.134" level="INFO">${count} = 1</msg>
<status status="PASS" starttime="20220922 18:28:43.122" endtime="20220922 18:28:43.134"/>
</kw>
<for flavor="IN RANGE">
<var>${j}</var>
<value>${count}</value>
<iter>
<var name="${j}">0</var>
<kw name="Get Text" library="SeleniumLibrary">
<var>${Text}</var>
<arg>${Locate}</arg>
<doc>Returns the text value of the element identified by ``locator``.</doc>
<msg timestamp="20220922 18:28:43.158" level="INFO">${Text} = ● Datax: 24y: 3.4</msg>
<status status="PASS" starttime="20220922 18:28:43.136" endtime="20220922 18:28:43.158"/>
</kw>
<kw name="Log To Console" library="BuiltIn">
<arg>${Text}</arg>
<doc>Logs the given message to the console.</doc>
<status status="PASS" starttime="20220922 18:28:43.159" endtime="20220922 18:28:43.160"/>
</kw>
<status status="PASS" starttime="20220922 18:28:43.135" endtime="20220922 18:28:43.160"/>
</iter>
<status status="PASS" starttime="20220922 18:28:43.135" endtime="20220922 18:28:43.160"/>
</for>
<kw name="Unselect Frame" library="SeleniumLibrary">
<doc>Sets the main frame as the current frame.</doc>
<status status="PASS" starttime="20220922 18:28:43.161" endtime="20220922 18:28:43.165"/>
</kw>
<status status="PASS" starttime="20220922 18:28:42.747" endtime="20220922 18:28:43.165"/>
</iter>
<iter>
<var name="${i}">25</var>
<kw name="Select Frame" library="SeleniumLibrary">
<arg>//iframe[@title="Highcharts example"]</arg>
<doc>Sets frame identified by ``locator`` as the current frame.</doc>
<msg timestamp="20220922 18:28:43.167" level="INFO">Selecting frame '//iframe[@title="Highcharts example"]'.</msg>
<status status="PASS" starttime="20220922 18:28:43.166" endtime="20220922 18:28:43.192"/>
</kw>
<kw name="Mouse Over" library="SeleniumLibrary">
<arg>${Locator} [${i}]</arg>
<doc>Simulates hovering the mouse over the element ``locator``.</doc>
<msg timestamp="20220922 18:28:43.194" level="INFO">Simulating Mouse Over on element '((//*[local-name()='svg']//*[local-name()='g' and @transform="translate(70,101) scale(1 1)"])//*[name()='path' and @class="highcharts-point highcharts-color-1"]) [25]'.</msg>
<status status="PASS" starttime="20220922 18:28:43.193" endtime="20220922 18:28:43.523"/>
</kw>
<kw name="Get Element Count" library="SeleniumLibrary">
<var>${count}</var>
<arg>${Locate}</arg>
<doc>Returns the number of elements matching ``locator``.</doc>
<msg timestamp="20220922 18:28:43.538" level="INFO">${count} = 1</msg>
<status status="PASS" starttime="20220922 18:28:43.523" endtime="20220922 18:28:43.538"/>
</kw>
<for flavor="IN RANGE">
<var>${j}</var>
<value>${count}</value>
<iter>
<var name="${j}">0</var>
<kw name="Get Text" library="SeleniumLibrary">
<var>${Text}</var>
<arg>${Locate}</arg>
<doc>Returns the text value of the element identified by ``locator``.</doc>
<msg timestamp="20220922 18:28:43.560" level="INFO">${Text} = ● Datax: 25y: 3</msg>
<status status="PASS" starttime="20220922 18:28:43.539" endtime="20220922 18:28:43.560"/>
</kw>
<kw name="Log To Console" library="BuiltIn">
<arg>${Text}</arg>
<doc>Logs the given message to the console.</doc>
<status status="PASS" starttime="20220922 18:28:43.560" endtime="20220922 18:28:43.561"/>
</kw>
<status status="PASS" starttime="20220922 18:28:43.539" endtime="20220922 18:28:43.561"/>
</iter>
<status status="PASS" starttime="20220922 18:28:43.538" endtime="20220922 18:28:43.562"/>
</for>
<kw name="Unselect Frame" library="SeleniumLibrary">
<doc>Sets the main frame as the current frame.</doc>
<status status="PASS" starttime="20220922 18:28:43.562" endtime="20220922 18:28:43.566"/>
</kw>
<status status="PASS" starttime="20220922 18:28:43.166" endtime="20220922 18:28:43.566"/>
</iter>
<iter>
<var name="${i}">26</var>
<kw name="Select Frame" library="SeleniumLibrary">
<arg>//iframe[@title="Highcharts example"]</arg>
<doc>Sets frame identified by ``locator`` as the current frame.</doc>
<msg timestamp="20220922 18:28:43.568" level="INFO">Selecting frame '//iframe[@title="Highcharts example"]'.</msg>
<status status="PASS" starttime="20220922 18:28:43.567" endtime="20220922 18:28:43.607"/>
</kw>
<kw name="Mouse Over" library="SeleniumLibrary">
<arg>${Locator} [${i}]</arg>
<doc>Simulates hovering the mouse over the element ``locator``.</doc>
<msg timestamp="20220922 18:28:43.608" level="INFO">Simulating Mouse Over on element '((//*[local-name()='svg']//*[local-name()='g' and @transform="translate(70,101) scale(1 1)"])//*[name()='path' and @class="highcharts-point highcharts-color-1"]) [26]'.</msg>
<status status="PASS" starttime="20220922 18:28:43.607" endtime="20220922 18:28:43.930"/>
</kw>
<kw name="Get Element Count" library="SeleniumLibrary">
<var>${count}</var>
<arg>${Locate}</arg>
<doc>Returns the number of elements matching ``locator``.</doc>
<msg timestamp="20220922 18:28:43.938" level="INFO">${count} = 1</msg>
<status status="PASS" starttime="20220922 18:28:43.930" endtime="20220922 18:28:43.938"/>
</kw>
<for flavor="IN RANGE">
<var>${j}</var>
<value>${count}</value>
<iter>
<var name="${j}">0</var>
<kw name="Get Text" library="SeleniumLibrary">
<var>${Text}</var>
<arg>${Locate}</arg>
<doc>Returns the text value of the element identified by ``locator``.</doc>
<msg timestamp="20220922 18:28:43.956" level="INFO">${Text} = ● Datax: 26y: 3.4</msg>
<status status="PASS" starttime="20220922 18:28:43.939" endtime="20220922 18:28:43.956"/>
</kw>
<kw name="Log To Console" library="BuiltIn">
<arg>${Text}</arg>
<doc>Logs the given message to the console.</doc>
<status status="PASS" starttime="20220922 18:28:43.957" endtime="20220922 18:28:43.957"/>
</kw>
<status status="PASS" starttime="20220922 18:28:43.939" endtime="20220922 18:28:43.957"/>
</iter>
<status status="PASS" starttime="20220922 18:28:43.939" endtime="20220922 18:28:43.957"/>
</for>
<kw name="Unselect Frame" library="SeleniumLibrary">
<doc>Sets the main frame as the current frame.</doc>
<status status="PASS" starttime="20220922 18:28:43.957" endtime="20220922 18:28:43.960"/>
</kw>
<status status="PASS" starttime="20220922 18:28:43.566" endtime="20220922 18:28:43.960"/>
</iter>
<iter>
<var name="${i}">27</var>
<kw name="Select Frame" library="SeleniumLibrary">
<arg>//iframe[@title="Highcharts example"]</arg>
<doc>Sets frame identified by ``locator`` as the current frame.</doc>
<msg timestamp="20220922 18:28:43.961" level="INFO">Selecting frame '//iframe[@title="Highcharts example"]'.</msg>
<status status="PASS" starttime="20220922 18:28:43.961" endtime="20220922 18:28:43.983"/>
</kw>
<kw name="Mouse Over" library="SeleniumLibrary">
<arg>${Locator} [${i}]</arg>
<doc>Simulates hovering the mouse over the element ``locator``.</doc>
<msg timestamp="20220922 18:28:43.983" level="INFO">Simulating Mouse Over on element '((//*[local-name()='svg']//*[local-name()='g' and @transform="translate(70,101) scale(1 1)"])//*[name()='path' and @class="highcharts-point highcharts-color-1"]) [27]'.</msg>
<status status="PASS" starttime="20220922 18:28:43.983" endtime="20220922 18:28:44.288"/>
</kw>
<kw name="Get Element Count" library="SeleniumLibrary">
<var>${count}</var>
<arg>${Locate}</arg>
<doc>Returns the number of elements matching ``locator``.</doc>
<msg timestamp="20220922 18:28:44.300" level="INFO">${count} = 1</msg>
<status status="PASS" starttime="20220922 18:28:44.289" endtime="20220922 18:28:44.300"/>
</kw>
<for flavor="IN RANGE">
<var>${j}</var>
<value>${count}</value>
<iter>
<var name="${j}">0</var>
<kw name="Get Text" library="SeleniumLibrary">
<var>${Text}</var>
<arg>${Locate}</arg>
<doc>Returns the text value of the element identified by ``locator``.</doc>
<msg timestamp="20220922 18:28:44.322" level="INFO">${Text} = ● Datax: 27y: 3.5</msg>
<status status="PASS" starttime="20220922 18:28:44.301" endtime="20220922 18:28:44.322"/>
</kw>
<kw name="Log To Console" library="BuiltIn">
<arg>${Text}</arg>
<doc>Logs the given message to the console.</doc>
<status status="PASS" starttime="20220922 18:28:44.322" endtime="20220922 18:28:44.322"/>
</kw>
<status status="PASS" starttime="20220922 18:28:44.301" endtime="20220922 18:28:44.322"/>
</iter>
<status status="PASS" starttime="20220922 18:28:44.300" endtime="20220922 18:28:44.323"/>
</for>
<kw name="Unselect Frame" library="SeleniumLibrary">
<doc>Sets the main frame as the current frame.</doc>
<status status="PASS" starttime="20220922 18:28:44.323" endtime="20220922 18:28:44.325"/>
</kw>
<status status="PASS" starttime="20220922 18:28:43.960" endtime="20220922 18:28:44.325"/>
</iter>
<iter>
<var name="${i}">28</var>
<kw name="Select Frame" library="SeleniumLibrary">
<arg>//iframe[@title="Highcharts example"]</arg>
<doc>Sets frame identified by ``locator`` as the current frame.</doc>
<msg timestamp="20220922 18:28:44.327" level="INFO">Selecting frame '//iframe[@title="Highcharts example"]'.</msg>
<status status="PASS" starttime="20220922 18:28:44.326" endtime="20220922 18:28:44.352"/>
</kw>
<kw name="Mouse Over" library="SeleniumLibrary">
<arg>${Locator} [${i}]</arg>
<doc>Simulates hovering the mouse over the element ``locator``.</doc>
<msg timestamp="20220922 18:28:44.353" level="INFO">Simulating Mouse Over on element '((//*[local-name()='svg']//*[local-name()='g' and @transform="translate(70,101) scale(1 1)"])//*[name()='path' and @class="highcharts-point highcharts-color-1"]) [28]'.</msg>
<status status="PASS" starttime="20220922 18:28:44.352" endtime="20220922 18:28:44.665"/>
</kw>
<kw name="Get Element Count" library="SeleniumLibrary">
<var>${count}</var>
<arg>${Locate}</arg>
<doc>Returns the number of elements matching ``locator``.</doc>
<msg timestamp="20220922 18:28:44.676" level="INFO">${count} = 1</msg>
<status status="PASS" starttime="20220922 18:28:44.665" endtime="20220922 18:28:44.676"/>
</kw>
<for flavor="IN RANGE">
<var>${j}</var>
<value>${count}</value>
<iter>
<var name="${j}">0</var>
<kw name="Get Text" library="SeleniumLibrary">
<var>${Text}</var>
<arg>${Locate}</arg>
<doc>Returns the text value of the element identified by ``locator``.</doc>
<msg timestamp="20220922 18:28:44.705" level="INFO">${Text} = ● Datax: 28y: 3.4</msg>
<status status="PASS" starttime="20220922 18:28:44.678" endtime="20220922 18:28:44.705"/>
</kw>
<kw name="Log To Console" library="BuiltIn">
<arg>${Text}</arg>
<doc>Logs the given message to the console.</doc>
<status status="PASS" starttime="20220922 18:28:44.706" endtime="20220922 18:28:44.706"/>
</kw>
<status status="PASS" starttime="20220922 18:28:44.677" endtime="20220922 18:28:44.707"/>
</iter>
<status status="PASS" starttime="20220922 18:28:44.676" endtime="20220922 18:28:44.707"/>
</for>
<kw name="Unselect Frame" library="SeleniumLibrary">
<doc>Sets the main frame as the current frame.</doc>
<status status="PASS" starttime="20220922 18:28:44.707" endtime="20220922 18:28:44.716"/>
</kw>
<status status="PASS" starttime="20220922 18:28:44.325" endtime="20220922 18:28:44.716"/>
</iter>
<iter>
<var name="${i}">29</var>
<kw name="Select Frame" library="SeleniumLibrary">
<arg>//iframe[@title="Highcharts example"]</arg>
<doc>Sets frame identified by ``locator`` as the current frame.</doc>
<msg timestamp="20220922 18:28:44.718" level="INFO">Selecting frame '//iframe[@title="Highcharts example"]'.</msg>
<status status="PASS" starttime="20220922 18:28:44.717" endtime="20220922 18:28:44.742"/>
</kw>
<kw name="Mouse Over" library="SeleniumLibrary">
<arg>${Locator} [${i}]</arg>
<doc>Simulates hovering the mouse over the element ``locator``.</doc>
<msg timestamp="20220922 18:28:44.745" level="INFO">Simulating Mouse Over on element '((//*[local-name()='svg']//*[local-name()='g' and @transform="translate(70,101) scale(1 1)"])//*[name()='path' and @class="highcharts-point highcharts-color-1"]) [29]'.</msg>
<status status="PASS" starttime="20220922 18:28:44.743" endtime="20220922 18:28:45.052"/>
</kw>
<kw name="Get Element Count" library="SeleniumLibrary">
<var>${count}</var>
<arg>${Locate}</arg>
<doc>Returns the number of elements matching ``locator``.</doc>
<msg timestamp="20220922 18:28:45.072" level="INFO">${count} = 1</msg>
<status status="PASS" starttime="20220922 18:28:45.053" endtime="20220922 18:28:45.072"/>
</kw>
<for flavor="IN RANGE">
<var>${j}</var>
<value>${count}</value>
<iter>
<var name="${j}">0</var>
<kw name="Get Text" library="SeleniumLibrary">
<var>${Text}</var>
<arg>${Locate}</arg>
<doc>Returns the text value of the element identified by ``locator``.</doc>
<msg timestamp="20220922 18:28:45.112" level="INFO">${Text} = ● Datax: 29y: 3.2</msg>
<status status="PASS" starttime="20220922 18:28:45.074" endtime="20220922 18:28:45.112"/>
</kw>
<kw name="Log To Console" library="BuiltIn">
<arg>${Text}</arg>
<doc>Logs the given message to the console.</doc>
<status status="PASS" starttime="20220922 18:28:45.112" endtime="20220922 18:28:45.113"/>
</kw>
<status status="PASS" starttime="20220922 18:28:45.073" endtime="20220922 18:28:45.113"/>
</iter>
<status status="PASS" starttime="20220922 18:28:45.073" endtime="20220922 18:28:45.113"/>
</for>
<kw name="Unselect Frame" library="SeleniumLibrary">
<doc>Sets the main frame as the current frame.</doc>
<status status="PASS" starttime="20220922 18:28:45.114" endtime="20220922 18:28:45.118"/>
</kw>
<status status="PASS" starttime="20220922 18:28:44.716" endtime="20220922 18:28:45.118"/>
</iter>
<iter>
<var name="${i}">30</var>
<kw name="Select Frame" library="SeleniumLibrary">
<arg>//iframe[@title="Highcharts example"]</arg>
<doc>Sets frame identified by ``locator`` as the current frame.</doc>
<msg timestamp="20220922 18:28:45.119" level="INFO">Selecting frame '//iframe[@title="Highcharts example"]'.</msg>
<status status="PASS" starttime="20220922 18:28:45.119" endtime="20220922 18:28:45.151"/>
</kw>
<kw name="Mouse Over" library="SeleniumLibrary">
<arg>${Locator} [${i}]</arg>
<doc>Simulates hovering the mouse over the element ``locator``.</doc>
<msg timestamp="20220922 18:28:45.152" level="INFO">Simulating Mouse Over on element '((//*[local-name()='svg']//*[local-name()='g' and @transform="translate(70,101) scale(1 1)"])//*[name()='path' and @class="highcharts-point highcharts-color-1"]) [30]'.</msg>
<status status="PASS" starttime="20220922 18:28:45.151" endtime="20220922 18:28:45.472"/>
</kw>
<kw name="Get Element Count" library="SeleniumLibrary">
<var>${count}</var>
<arg>${Locate}</arg>
<doc>Returns the number of elements matching ``locator``.</doc>
<msg timestamp="20220922 18:28:45.483" level="INFO">${count} = 1</msg>
<status status="PASS" starttime="20220922 18:28:45.472" endtime="20220922 18:28:45.483"/>
</kw>
<for flavor="IN RANGE">
<var>${j}</var>
<value>${count}</value>
<iter>
<var name="${j}">0</var>
<kw name="Get Text" library="SeleniumLibrary">
<var>${Text}</var>
<arg>${Locate}</arg>
<doc>Returns the text value of the element identified by ``locator``.</doc>
<msg timestamp="20220922 18:28:45.502" level="INFO">${Text} = ● Datax: 30y: 3.1</msg>
<status status="PASS" starttime="20220922 18:28:45.484" endtime="20220922 18:28:45.502"/>
</kw>
<kw name="Log To Console" library="BuiltIn">
<arg>${Text}</arg>
<doc>Logs the given message to the console.</doc>
<status status="PASS" starttime="20220922 18:28:45.502" endtime="20220922 18:28:45.503"/>
</kw>
<status status="PASS" starttime="20220922 18:28:45.484" endtime="20220922 18:28:45.503"/>
</iter>
<status status="PASS" starttime="20220922 18:28:45.483" endtime="20220922 18:28:45.503"/>
</for>
<kw name="Unselect Frame" library="SeleniumLibrary">
<doc>Sets the main frame as the current frame.</doc>
<status status="PASS" starttime="20220922 18:28:45.503" endtime="20220922 18:28:45.506"/>
</kw>
<status status="PASS" starttime="20220922 18:28:45.118" endtime="20220922 18:28:45.506"/>
</iter>
<iter>
<var name="${i}">31</var>
<kw name="Select Frame" library="SeleniumLibrary">
<arg>//iframe[@title="Highcharts example"]</arg>
<doc>Sets frame identified by ``locator`` as the current frame.</doc>
<msg timestamp="20220922 18:28:45.507" level="INFO">Selecting frame '//iframe[@title="Highcharts example"]'.</msg>
<status status="PASS" starttime="20220922 18:28:45.507" endtime="20220922 18:28:45.532"/>
</kw>
<kw name="Mouse Over" library="SeleniumLibrary">
<arg>${Locator} [${i}]</arg>
<doc>Simulates hovering the mouse over the element ``locator``.</doc>
<msg timestamp="20220922 18:28:45.533" level="INFO">Simulating Mouse Over on element '((//*[local-name()='svg']//*[local-name()='g' and @transform="translate(70,101) scale(1 1)"])//*[name()='path' and @class="highcharts-point highcharts-color-1"]) [31]'.</msg>
<status status="PASS" starttime="20220922 18:28:45.532" endtime="20220922 18:28:45.847"/>
</kw>
<kw name="Get Element Count" library="SeleniumLibrary">
<var>${count}</var>
<arg>${Locate}</arg>
<doc>Returns the number of elements matching ``locator``.</doc>
<msg timestamp="20220922 18:28:45.856" level="INFO">${count} = 1</msg>
<status status="PASS" starttime="20220922 18:28:45.848" endtime="20220922 18:28:45.856"/>
</kw>
<for flavor="IN RANGE">
<var>${j}</var>
<value>${count}</value>
<iter>
<var name="${j}">0</var>
<kw name="Get Text" library="SeleniumLibrary">
<var>${Text}</var>
<arg>${Locate}</arg>
<doc>Returns the text value of the element identified by ``locator``.</doc>
<msg timestamp="20220922 18:28:45.876" level="INFO">${Text} = ● Datax: 31y: 3.4</msg>
<status status="PASS" starttime="20220922 18:28:45.857" endtime="20220922 18:28:45.876"/>
</kw>
<kw name="Log To Console" library="BuiltIn">
<arg>${Text}</arg>
<doc>Logs the given message to the console.</doc>
<status status="PASS" starttime="20220922 18:28:45.877" endtime="20220922 18:28:45.878"/>
</kw>
<status status="PASS" starttime="20220922 18:28:45.856" endtime="20220922 18:28:45.878"/>
</iter>
<status status="PASS" starttime="20220922 18:28:45.856" endtime="20220922 18:28:45.879"/>
</for>
<kw name="Unselect Frame" library="SeleniumLibrary">
<doc>Sets the main frame as the current frame.</doc>
<status status="PASS" starttime="20220922 18:28:45.879" endtime="20220922 18:28:45.883"/>
</kw>
<status status="PASS" starttime="20220922 18:28:45.506" endtime="20220922 18:28:45.883"/>
</iter>
<iter>
<var name="${i}">32</var>
<kw name="Select Frame" library="SeleniumLibrary">
<arg>//iframe[@title="Highcharts example"]</arg>
<doc>Sets frame identified by ``locator`` as the current frame.</doc>
<msg timestamp="20220922 18:28:45.884" level="INFO">Selecting frame '//iframe[@title="Highcharts example"]'.</msg>
<status status="PASS" starttime="20220922 18:28:45.884" endtime="20220922 18:28:45.915"/>
</kw>
<kw name="Mouse Over" library="SeleniumLibrary">
<arg>${Locator} [${i}]</arg>
<doc>Simulates hovering the mouse over the element ``locator``.</doc>
<msg timestamp="20220922 18:28:45.916" level="INFO">Simulating Mouse Over on element '((//*[local-name()='svg']//*[local-name()='g' and @transform="translate(70,101) scale(1 1)"])//*[name()='path' and @class="highcharts-point highcharts-color-1"]) [32]'.</msg>
<status status="PASS" starttime="20220922 18:28:45.915" endtime="20220922 18:28:46.222"/>
</kw>
<kw name="Get Element Count" library="SeleniumLibrary">
<var>${count}</var>
<arg>${Locate}</arg>
<doc>Returns the number of elements matching ``locator``.</doc>
<msg timestamp="20220922 18:28:46.239" level="INFO">${count} = 1</msg>
<status status="PASS" starttime="20220922 18:28:46.222" endtime="20220922 18:28:46.239"/>
</kw>
<for flavor="IN RANGE">
<var>${j}</var>
<value>${count}</value>
<iter>
<var name="${j}">0</var>
<kw name="Get Text" library="SeleniumLibrary">
<var>${Text}</var>
<arg>${Locate}</arg>
<doc>Returns the text value of the element identified by ``locator``.</doc>
<msg timestamp="20220922 18:28:46.319" level="INFO">${Text} = ● Datax: 32y: 4.1</msg>
<status status="PASS" starttime="20220922 18:28:46.240" endtime="20220922 18:28:46.319"/>
</kw>
<kw name="Log To Console" library="BuiltIn">
<arg>${Text}</arg>
<doc>Logs the given message to the console.</doc>
<status status="PASS" starttime="20220922 18:28:46.319" endtime="20220922 18:28:46.319"/>
</kw>
<status status="PASS" starttime="20220922 18:28:46.239" endtime="20220922 18:28:46.319"/>
</iter>
<status status="PASS" starttime="20220922 18:28:46.239" endtime="20220922 18:28:46.320"/>
</for>
<kw name="Unselect Frame" library="SeleniumLibrary">
<doc>Sets the main frame as the current frame.</doc>
<status status="PASS" starttime="20220922 18:28:46.320" endtime="20220922 18:28:46.323"/>
</kw>
<status status="PASS" starttime="20220922 18:28:45.884" endtime="20220922 18:28:46.323"/>
</iter>
<iter>
<var name="${i}">33</var>
[...]
<kw name="Get Text" library="SeleniumLibrary">
<var>${Text}</var>
<arg>${Locate}</arg>
<doc>Returns the text value of the element identified by ``locator``.</doc>
<msg timestamp="20220922 18:28:55.204" level="INFO">${Text} = ● Datax: 54y: 2.8</msg>
<status status="PASS" starttime="20220922 18:28:55.174" endtime="20220922 18:28:55.204"/>
</kw>
<kw name="Log To Console" library="BuiltIn">
<arg>${Text}</arg>
<doc>Logs the given message to the console.</doc>
<status status="PASS" starttime="20220922 18:28:55.204" endtime="20220922 18:28:55.205"/>
</kw>
<status status="PASS" starttime="20220922 18:28:55.174" endtime="20220922 18:28:55.205"/>
</iter>
<status status="PASS" starttime="20220922 18:28:55.173" endtime="20220922 18:28:55.205"/>
</for>
<kw name="Unselect Frame" library="SeleniumLibrary">
<doc>Sets the main frame as the current frame.</doc>
<status status="PASS" starttime="20220922 18:28:55.205" endtime="20220922 18:28:55.208"/>
</kw>
<status status="PASS" starttime="20220922 18:28:54.809" endtime="20220922 18:28:55.209"/>
</iter>
<iter>
<var name="${i}">55</var>
<kw name="Select Frame" library="SeleniumLibrary">
<arg>//iframe[@title="Highcharts example"]</arg>
<doc>Sets frame identified by ``locator`` as the current frame.</doc>
<msg timestamp="20220922 18:28:55.210" level="INFO">Selecting frame '//iframe[@title="Highcharts example"]'.</msg>
<status status="PASS" starttime="20220922 18:28:55.209" endtime="20220922 18:28:55.239"/>
</kw>
<kw name="Mouse Over" library="SeleniumLibrary">
<arg>${Locator} [${i}]</arg>
<doc>Simulates hovering the mouse over the element ``locator``.</doc>
<msg timestamp="20220922 18:28:55.240" level="INFO">Simulating Mouse Over on element '((//*[local-name()='svg']//*[local-name()='g' and @transform="translate(70,101) scale(1 1)"])//*[name()='path' and @class="highcharts-point highcharts-color-1"]) [55]'.</msg>
<status status="PASS" starttime="20220922 18:28:55.240" endtime="20220922 18:28:55.558"/>
</kw>
<kw name="Get Element Count" library="SeleniumLibrary">
<var>${count}</var>
<arg>${Locate}</arg>
<doc>Returns the number of elements matching ``locator``.</doc>
<msg timestamp="20220922 18:28:55.570" level="INFO">${count} = 1</msg>
<status status="PASS" starttime="20220922 18:28:55.558" endtime="20220922 18:28:55.570"/>
</kw>
<for flavor="IN RANGE">
<var>${j}</var>
<value>${count}</value>
<iter>
<var name="${j}">0</var>
<kw name="Get Text" library="SeleniumLibrary">
<var>${Text}</var>
<arg>${Locate}</arg>
<doc>Returns the text value of the element identified by ``locator``.</doc>
<msg timestamp="20220922 18:28:55.595" level="INFO">${Text} = ● Datax: 55y: 2.8</msg>
<status status="PASS" starttime="20220922 18:28:55.571" endtime="20220922 18:28:55.595"/>
</kw>
<kw name="Log To Console" library="BuiltIn">
<arg>${Text}</arg>
<doc>Logs the given message to the console.</doc>
<status status="PASS" starttime="20220922 18:28:55.595" endtime="20220922 18:28:55.596"/>
</kw>
<status status="PASS" starttime="20220922 18:28:55.570" endtime="20220922 18:28:55.596"/>
</iter>
<status status="PASS" starttime="20220922 18:28:55.570" endtime="20220922 18:28:55.597"/>
</for>
<kw name="Unselect Frame" library="SeleniumLibrary">
<doc>Sets the main frame as the current frame.</doc>
<status status="PASS" starttime="20220922 18:28:55.598" endtime="20220922 18:28:55.602"/>
</kw>
<status status="PASS" starttime="20220922 18:28:55.209" endtime="20220922 18:28:55.602"/>
</iter>
<iter>
<var name="${i}">56</var>
<kw name="Select Frame" library="SeleniumLibrary">
<arg>//iframe[@title="Highcharts example"]</arg>
<doc>Sets frame identified by ``locator`` as the current frame.</doc>
<msg timestamp="20220922 18:28:55.604" level="INFO">Selecting frame '//iframe[@title="Highcharts example"]'.</msg>
<status status="PASS" starttime="20220922 18:28:55.603" endtime="20220922 18:28:55.689"/>
</kw>
<kw name="Mouse Over" library="SeleniumLibrary">
<arg>${Locator} [${i}]</arg>
<doc>Simulates hovering the mouse over the element ``locator``.</doc>
<msg timestamp="20220922 18:28:55.690" level="INFO">Simulating Mouse Over on element '((//*[local-name()='svg']//*[local-name()='g' and @transform="translate(70,101) scale(1 1)"])//*[name()='path' and @class="highcharts-point highcharts-color-1"]) [56]'.</msg>
<status status="PASS" starttime="20220922 18:28:55.690" endtime="20220922 18:28:56.046"/>
</kw>
<kw name="Get Element Count" library="SeleniumLibrary">
<var>${count}</var>
<arg>${Locate}</arg>
<doc>Returns the number of elements matching ``locator``.</doc>
<msg timestamp="20220922 18:28:56.062" level="INFO">${count} = 1</msg>
<status status="PASS" starttime="20220922 18:28:56.047" endtime="20220922 18:28:56.062"/>
</kw>
<for flavor="IN RANGE">
<var>${j}</var>
<value>${count}</value>
<iter>
<var name="${j}">0</var>
<kw name="Get Text" library="SeleniumLibrary">
<var>${Text}</var>
<arg>${Locate}</arg>
<doc>Returns the text value of the element identified by ``locator``.</doc>
<msg timestamp="20220922 18:28:56.092" level="INFO">${Text} = ● Datax: 56y: 3.3</msg>
<status status="PASS" starttime="20220922 18:28:56.064" endtime="20220922 18:28:56.092"/>
</kw>
<kw name="Log To Console" library="BuiltIn">
<arg>${Text}</arg>
<doc>Logs the given message to the console.</doc>
<status status="PASS" starttime="20220922 18:28:56.093" endtime="20220922 18:28:56.093"/>
</kw>
<status status="PASS" starttime="20220922 18:28:56.063" endtime="20220922 18:28:56.093"/>
</iter>
<status status="PASS" starttime="20220922 18:28:56.062" endtime="20220922 18:28:56.094"/>
</for>
<kw name="Unselect Frame" library="SeleniumLibrary">
<doc>Sets the main frame as the current frame.</doc>
<status status="PASS" starttime="20220922 18:28:56.094" endtime="20220922 18:28:56.097"/>
</kw>
<status status="PASS" starttime="20220922 18:28:55.603" endtime="20220922 18:28:56.097"/>
</iter>
<iter>
<var name="${i}">57</var>
<kw name="Select Frame" library="SeleniumLibrary">
<arg>//iframe[@title="Highcharts example"]</arg>
<doc>Sets frame identified by ``locator`` as the current frame.</doc>
<msg timestamp="20220922 18:28:56.099" level="INFO">Selecting frame '//iframe[@title="Highcharts example"]'.</msg>
<status status="PASS" starttime="20220922 18:28:56.098" endtime="20220922 18:28:56.145"/>
</kw>
<kw name="Mouse Over" library="SeleniumLibrary">
<arg>${Locator} [${i}]</arg>
<doc>Simulates hovering the mouse over the element ``locator``.</doc>
<msg timestamp="20220922 18:28:56.147" level="INFO">Simulating Mouse Over on element '((//*[local-name()='svg']//*[local-name()='g' and @transform="translate(70,101) scale(1 1)"])//*[name()='path' and @class="highcharts-point highcharts-color-1"]) [57]'.</msg>
<status status="PASS" starttime="20220922 18:28:56.146" endtime="20220922 18:28:56.659"/>
</kw>
<kw name="Get Element Count" library="SeleniumLibrary">
<var>${count}</var>
<arg>${Locate}</arg>
<doc>Returns the number of elements matching ``locator``.</doc>
<msg timestamp="20220922 18:28:56.877" level="INFO">${count} = 1</msg>
<status status="PASS" starttime="20220922 18:28:56.659" endtime="20220922 18:28:56.877"/>
</kw>
<for flavor="IN RANGE">
<var>${j}</var>
<value>${count}</value>
<iter>
<var name="${j}">0</var>
<kw name="Get Text" library="SeleniumLibrary">
<var>${Text}</var>
<arg>${Locate}</arg>
<doc>Returns the text value of the element identified by ``locator``.</doc>
<msg timestamp="20220922 18:28:56.979" level="INFO">${Text} = ● Datax: 57y: 2.4</msg>
<status status="PASS" starttime="20220922 18:28:56.878" endtime="20220922 18:28:56.979"/>
</kw>
<kw name="Log To Console" library="BuiltIn">
<arg>${Text}</arg>
<doc>Logs the given message to the console.</doc>
<status status="PASS" starttime="20220922 18:28:56.980" endtime="20220922 18:28:56.981"/>
</kw>
<status status="PASS" starttime="20220922 18:28:56.878" endtime="20220922 18:28:56.981"/>
</iter>
<status status="PASS" starttime="20220922 18:28:56.877" endtime="20220922 18:28:56.981"/>
</for>
<kw name="Unselect Frame" library="SeleniumLibrary">
<doc>Sets the main frame as the current frame.</doc>
<status status="PASS" starttime="20220922 18:28:56.981" endtime="20220922 18:28:57.008"/>
</kw>
<status status="PASS" starttime="20220922 18:28:56.098" endtime="20220922 18:28:57.008"/>
</iter>
<iter>
<var name="${i}">58</var>
<kw name="Select Frame" library="SeleniumLibrary">
<arg>//iframe[@title="Highcharts example"]</arg>
<doc>Sets frame identified by ``locator`` as the current frame.</doc>
<msg timestamp="20220922 18:28:57.009" level="INFO">Selecting frame '//iframe[@title="Highcharts example"]'.</msg>
<status status="PASS" starttime="20220922 18:28:57.009" endtime="20220922 18:28:57.084"/>
</kw>
<kw name="Mouse Over" library="SeleniumLibrary">
<arg>${Locator} [${i}]</arg>
<doc>Simulates hovering the mouse over the element ``locator``.</doc>
<msg timestamp="20220922 18:28:57.085" level="INFO">Simulating Mouse Over on element '((//*[local-name()='svg']//*[local-name()='g' and @transform="translate(70,101) scale(1 1)"])//*[name()='path' and @class="highcharts-point highcharts-color-1"]) [58]'.</msg>
<status status="PASS" starttime="20220922 18:28:57.084" endtime="20220922 18:28:57.491"/>
</kw>
<kw name="Get Element Count" library="SeleniumLibrary">
<var>${count}</var>
<arg>${Locate}</arg>
<doc>Returns the number of elements matching ``locator``.</doc>
<msg timestamp="20220922 18:28:57.504" level="INFO">${count} = 1</msg>
<status status="PASS" starttime="20220922 18:28:57.491" endtime="20220922 18:28:57.504"/>
</kw>
<for flavor="IN RANGE">
<var>${j}</var>
<value>${count}</value>
<iter>
<var name="${j}">0</var>
<kw name="Get Text" library="SeleniumLibrary">
<var>${Text}</var>
<arg>${Locate}</arg>
<doc>Returns the text value of the element identified by ``locator``.</doc>
<msg timestamp="20220922 18:28:57.525" level="INFO">${Text} = ● Datax: 58y: 2.9</msg>
<status status="PASS" starttime="20220922 18:28:57.505" endtime="20220922 18:28:57.525"/>
</kw>
<kw name="Log To Console" library="BuiltIn">
<arg>${Text}</arg>
<doc>Logs the given message to the console.</doc>
<status status="PASS" starttime="20220922 18:28:57.526" endtime="20220922 18:28:57.526"/>
</kw>
<status status="PASS" starttime="20220922 18:28:57.504" endtime="20220922 18:28:57.526"/>
</iter>
<status status="PASS" starttime="20220922 18:28:57.504" endtime="20220922 18:28:57.526"/>
</for>
<kw name="Unselect Frame" library="SeleniumLibrary">
<doc>Sets the main frame as the current frame.</doc>
<status status="PASS" starttime="20220922 18:28:57.527" endtime="20220922 18:28:57.529"/>
</kw>
<status status="PASS" starttime="20220922 18:28:57.008" endtime="20220922 18:28:57.530"/>
</iter>
<iter>
<var name="${i}">59</var>
<kw name="Select Frame" library="SeleniumLibrary">
<arg>//iframe[@title="Highcharts example"]</arg>
<doc>Sets frame identified by ``locator`` as the current frame.</doc>
<msg timestamp="20220922 18:28:57.531" level="INFO">Selecting frame '//iframe[@title="Highcharts example"]'.</msg>
<status status="PASS" starttime="20220922 18:28:57.530" endtime="20220922 18:28:57.561"/>
</kw>
<kw name="Mouse Over" library="SeleniumLibrary">
<arg>${Locator} [${i}]</arg>
<doc>Simulates hovering the mouse over the element ``locator``.</doc>
<msg timestamp="20220922 18:28:57.562" level="INFO">Simulating Mouse Over on element '((//*[local-name()='svg']//*[local-name()='g' and @transform="translate(70,101) scale(1 1)"])//*[name()='path' and @class="highcharts-point highcharts-color-1"]) [59]'.</msg>
<status status="PASS" starttime="20220922 18:28:57.561" endtime="20220922 18:28:57.905"/>
</kw>
<kw name="Get Element Count" library="SeleniumLibrary">
<var>${count}</var>
<arg>${Locate}</arg>
<doc>Returns the number of elements matching ``locator``.</doc>
<msg timestamp="20220922 18:28:57.913" level="INFO">${count} = 1</msg>
<status status="PASS" starttime="20220922 18:28:57.905" endtime="20220922 18:28:57.913"/>
</kw>
<for flavor="IN RANGE">
<var>${j}</var>
<value>${count}</value>
<iter>
<var name="${j}">0</var>
<kw name="Get Text" library="SeleniumLibrary">
<var>${Text}</var>
<arg>${Locate}</arg>
<doc>Returns the text value of the element identified by ``locator``.</doc>
<msg timestamp="20220922 18:28:57.943" level="INFO">${Text} = ● Datax: 59y: 2.7</msg>
<status status="PASS" starttime="20220922 18:28:57.917" endtime="20220922 18:28:57.943"/>
</kw>
<kw name="Log To Console" library="BuiltIn">
<arg>${Text}</arg>
<doc>Logs the given message to the console.</doc>
<status status="PASS" starttime="20220922 18:28:57.944" endtime="20220922 18:28:57.944"/>
</kw>
<status status="PASS" starttime="20220922 18:28:57.917" endtime="20220922 18:28:57.945"/>
</iter>
<status status="PASS" starttime="20220922 18:28:57.914" endtime="20220922 18:28:57.945"/>
</for>
<kw name="Unselect Frame" library="SeleniumLibrary">
<doc>Sets the main frame as the current frame.</doc>
<status status="PASS" starttime="20220922 18:28:57.945" endtime="20220922 18:28:57.955"/>
</kw>
<status status="PASS" starttime="20220922 18:28:57.530" endtime="20220922 18:28:57.955"/>
</iter>
<iter>
<var name="${i}">60</var>
<kw name="Select Frame" library="SeleniumLibrary">
<arg>//iframe[@title="Highcharts example"]</arg>
<doc>Sets frame identified by ``locator`` as the current frame.</doc>
<msg timestamp="20220922 18:28:57.956" level="INFO">Selecting frame '//iframe[@title="Highcharts example"]'.</msg>
<status status="PASS" starttime="20220922 18:28:57.955" endtime="20220922 18:28:57.992"/>
</kw>
<kw name="Mouse Over" library="SeleniumLibrary">
<arg>${Locator} [${i}]</arg>
<doc>Simulates hovering the mouse over the element ``locator``.</doc>
<msg timestamp="20220922 18:28:57.993" level="INFO">Simulating Mouse Over on element '((//*[local-name()='svg']//*[local-name()='g' and @transform="translate(70,101) scale(1 1)"])//*[name()='path' and @class="highcharts-point highcharts-color-1"]) [60]'.</msg>
<status status="PASS" starttime="20220922 18:28:57.992" endtime="20220922 18:28:58.338"/>
</kw>
<kw name="Get Element Count" library="SeleniumLibrary">
<var>${count}</var>
<arg>${Locate}</arg>
<doc>Returns the number of elements matching ``locator``.</doc>
<msg timestamp="20220922 18:28:58.347" level="INFO">${count} = 1</msg>
<status status="PASS" starttime="20220922 18:28:58.339" endtime="20220922 18:28:58.347"/>
</kw>
<for flavor="IN RANGE">
<var>${j}</var>
<value>${count}</value>
<iter>
<var name="${j}">0</var>
<kw name="Get Text" library="SeleniumLibrary">
<var>${Text}</var>
<arg>${Locate}</arg>
<doc>Returns the text value of the element identified by ``locator``.</doc>
<msg timestamp="20220922 18:28:58.376" level="INFO">${Text} = ● Datax: 60y: 2</msg>
<status status="PASS" starttime="20220922 18:28:58.350" endtime="20220922 18:28:58.376"/>
</kw>
<kw name="Log To Console" library="BuiltIn">
<arg>${Text}</arg>
<doc>Logs the given message to the console.</doc>
<status status="PASS" starttime="20220922 18:28:58.376" endtime="20220922 18:28:58.377"/>
</kw>
<status status="PASS" starttime="20220922 18:28:58.349" endtime="20220922 18:28:58.378"/>
</iter>
<status status="PASS" starttime="20220922 18:28:58.348" endtime="20220922 18:28:58.378"/>
</for>
<kw name="Unselect Frame" library="SeleniumLibrary">
<doc>Sets the main frame as the current frame.</doc>
<status status="PASS" starttime="20220922 18:28:58.378" endtime="20220922 18:28:58.394"/>
</kw>
<status status="PASS" starttime="20220922 18:28:57.955" endtime="20220922 18:28:58.394"/>
</iter>
<iter>
<var name="${i}">61</var>
<kw name="Select Frame" library="SeleniumLibrary">
<arg>//iframe[@title="Highcharts example"]</arg>
<doc>Sets frame identified by ``locator`` as the current frame.</doc>
<msg timestamp="20220922 18:28:58.395" level="INFO">Selecting frame '//iframe[@title="Highcharts example"]'.</msg>
<status status="PASS" starttime="20220922 18:28:58.395" endtime="20220922 18:28:58.465"/>
</kw>
<kw name="Mouse Over" library="SeleniumLibrary">
<arg>${Locator} [${i}]</arg>
<doc>Simulates hovering the mouse over the element ``locator``.</doc>
<msg timestamp="20220922 18:28:58.468" level="INFO">Simulating Mouse Over on element '((//*[local-name()='svg']//*[local-name()='g' and @transform="translate(70,101) scale(1 1)"])//*[name()='path' and @class="highcharts-point highcharts-color-1"]) [61]'.</msg>
<status status="PASS" starttime="20220922 18:28:58.466" endtime="20220922 18:28:58.855"/>
</kw>
<kw name="Get Element Count" library="SeleniumLibrary">
<var>${count}</var>
<arg>${Locate}</arg>
<doc>Returns the number of elements matching ``locator``.</doc>
<msg timestamp="20220922 18:28:58.863" level="INFO">${count} = 1</msg>
<status status="PASS" starttime="20220922 18:28:58.855" endtime="20220922 18:28:58.863"/>
</kw>
<for flavor="IN RANGE">
<var>${j}</var>
<value>${count}</value>
<iter>
<var name="${j}">0</var>
<kw name="Get Text" library="SeleniumLibrary">
<var>${Text}</var>
<arg>${Locate}</arg>
<doc>Returns the text value of the element identified by ``locator``.</doc>
<msg timestamp="20220922 18:28:58.892" level="INFO">${Text} = ● Datax: 61y: 3</msg>
<status status="PASS" starttime="20220922 18:28:58.866" endtime="20220922 18:28:58.893"/>
</kw>
<kw name="Log To Console" library="BuiltIn">
<arg>${Text}</arg>
<doc>Logs the given message to the console.</doc>
<status status="PASS" starttime="20220922 18:28:58.893" endtime="20220922 18:28:58.893"/>
</kw>
<status status="PASS" starttime="20220922 18:28:58.864" endtime="20220922 18:28:58.894"/>
</iter>
<status status="PASS" starttime="20220922 18:28:58.863" endtime="20220922 18:28:58.894"/>
</for>
<kw name="Unselect Frame" library="SeleniumLibrary">
<doc>Sets the main frame as the current frame.</doc>
<status status="PASS" starttime="20220922 18:28:58.894" endtime="20220922 18:28:58.896"/>
</kw>
<status status="PASS" starttime="20220922 18:28:58.394" endtime="20220922 18:28:58.897"/>
</iter>
<iter>
<var name="${i}">62</var>
<kw name="Select Frame" library="SeleniumLibrary">
<arg>//iframe[@title="Highcharts example"]</arg>
<doc>Sets frame identified by ``locator`` as the current frame.</doc>
<msg timestamp="20220922 18:28:58.899" level="INFO">Selecting frame '//iframe[@title="Highcharts example"]'.</msg>
<status status="PASS" starttime="20220922 18:28:58.898" endtime="20220922 18:28:58.927"/>
</kw>
<kw name="Mouse Over" library="SeleniumLibrary">
<arg>${Locator} [${i}]</arg>
<doc>Simulates hovering the mouse over the element ``locator``.</doc>
<msg timestamp="20220922 18:28:58.928" level="INFO">Simulating Mouse Over on element '((//*[local-name()='svg']//*[local-name()='g' and @transform="translate(70,101) scale(1 1)"])//*[name()='path' and @class="highcharts-point highcharts-color-1"]) [62]'.</msg>
<status status="PASS" starttime="20220922 18:28:58.927" endtime="20220922 18:28:59.246"/>
</kw>
<kw name="Get Element Count" library="SeleniumLibrary">
<var>${count}</var>
<arg>${Locate}</arg>
<doc>Returns the number of elements matching ``locator``.</doc>
<msg timestamp="20220922 18:28:59.273" level="INFO">${count} = 1</msg>
<status status="PASS" starttime="20220922 18:28:59.246" endtime="20220922 18:28:59.273"/>
</kw>
<for flavor="IN RANGE">
<var>${j}</var>
<value>${count}</value>
<iter>
<var name="${j}">0</var>
<kw name="Get Text" library="SeleniumLibrary">
<var>${Text}</var>
<arg>${Locate}</arg>
<doc>Returns the text value of the element identified by ``locator``.</doc>
<msg timestamp="20220922 18:28:59.310" level="INFO">${Text} = ● Datax: 62y: 2.2</msg>
<status status="PASS" starttime="20220922 18:28:59.274" endtime="20220922 18:28:59.311"/>
</kw>
<kw name="Log To Console" library="BuiltIn">
<arg>${Text}</arg>
<doc>Logs the given message to the console.</doc>
<status status="PASS" starttime="20220922 18:28:59.311" endtime="20220922 18:28:59.312"/>
</kw>
<status status="PASS" starttime="20220922 18:28:59.274" endtime="20220922 18:28:59.312"/>
</iter>
<status status="PASS" starttime="20220922 18:28:59.273" endtime="20220922 18:28:59.312"/>
</for>
<kw name="Unselect Frame" library="SeleniumLibrary">
<doc>Sets the main frame as the current frame.</doc>
