<?xml version="1.0" encoding="UTF-8"?>
<robot generator="Robot 5.0.1 (Python 3.10.5 on win32)" generated="20220922 18:32:19.636" rpa="false" schemaversion="3">
<suite id="s1" name="TestCases" source="C:\Users\AnkitKumar\PycharmProjects\ProjectDemo\TestCases">
<suite id="s1-s1" name="Graphs" source="C:\Users\AnkitKumar\PycharmProjects\ProjectDemo\TestCases\Graphs">
<suite id="s1-s1-s1" name="HistogramChart" source="C:\Users\AnkitKumar\PycharmProjects\ProjectDemo\TestCases\Graphs\HistogramChart.robot">
<test id="s1-s1-s1-t1" name="Area chart with hover effect" line="16">
<kw name="Open Browser" library="SeleniumLibrary">
<arg>https://www.highcharts.com/docs/chart-and-series-types/histogram-series</arg>
<arg>chrome</arg>
<doc>Opens a new browser instance to the optional ``url``.</doc>
<msg timestamp="20220922 18:32:20.194" level="INFO">Opening browser 'chrome' to base url 'https://www.highcharts.com/docs/chart-and-series-types/histogram-series'.</msg>
<status status="PASS" starttime="20220922 18:32:20.194" endtime="20220922 18:32:29.284"/>
</kw>
<kw name="Maximize Browser Window" library="SeleniumLibrary">
<doc>Maximizes current browser window.</doc>
<status status="PASS" starttime="20220922 18:32:29.286" endtime="20220922 18:32:29.457"/>
</kw>
<kw name="Set Selenium Implicit Wait" library="SeleniumLibrary">
<arg>10</arg>
<doc>Sets the implicit wait value used by Selenium.</doc>
<status status="PASS" starttime="20220922 18:32:29.458" endtime="20220922 18:32:29.461"/>
</kw>
<kw name="Click Link" library="SeleniumLibrary">
<arg>Allow all cookies</arg>
<doc>Clicks a link identified by ``locator``.</doc>
<msg timestamp="20220922 18:32:29.463" level="INFO">Clicking link 'Allow all cookies'.</msg>
<status status="PASS" starttime="20220922 18:32:29.462" endtime="20220922 18:32:32.227"/>
</kw>
<kw name="Reload Page" library="SeleniumLibrary">
<doc>Simulates user reloading page.</doc>
<status status="PASS" starttime="20220922 18:32:32.229" endtime="20220922 18:32:35.709"/>
</kw>
<kw name="Select Frame" library="SeleniumLibrary">
<arg>//iframe[@title="Highcharts example"]</arg>
<doc>Sets frame identified by ``locator`` as the current frame.</doc>
<msg timestamp="20220922 18:32:35.711" level="INFO">Selecting frame '//iframe[@title="Highcharts example"]'.</msg>
<status status="PASS" starttime="20220922 18:32:35.710" endtime="20220922 18:32:35.825"/>
</kw>
<kw name="Get Element Count" library="SeleniumLibrary">
<var>${count}</var>
<arg>${Locator}</arg>
<doc>Returns the number of elements matching ``locator``.</doc>
<msg timestamp="20220922 18:32:35.877" level="INFO">${count} = 150</msg>
<status status="PASS" starttime="20220922 18:32:35.827" endtime="20220922 18:32:35.877"/>
</kw>
<kw name="Log To Console" library="BuiltIn">
<arg>${count}</arg>
<doc>Logs the given message to the console.</doc>
<status status="PASS" starttime="20220922 18:32:35.879" endtime="20220922 18:32:35.880"/>
</kw>
<kw name="Unselect Frame" library="SeleniumLibrary">
<doc>Sets the main frame as the current frame.</doc>
<status status="PASS" starttime="20220922 18:32:35.880" endtime="20220922 18:32:35.913"/>
</kw>
<kw name="Reload Page" library="SeleniumLibrary">
<doc>Simulates user reloading page.</doc>
<status status="PASS" starttime="20220922 18:32:35.913" endtime="20220922 18:32:38.229"/>
</kw>
<for flavor="IN RANGE">
<var>${i}</var>
<value>1</value>
<value>${count}</value>
<iter>
<var name="${i}">1</var>
<kw name="Select Frame" library="SeleniumLibrary">
<arg>//iframe[@title="Highcharts example"]</arg>
<doc>Sets frame identified by ``locator`` as the current frame.</doc>
<msg timestamp="20220922 18:32:38.231" level="INFO">Selecting frame '//iframe[@title="Highcharts example"]'.</msg>
<status status="PASS" starttime="20220922 18:32:38.230" endtime="20220922 18:32:39.008"/>
</kw>
<kw name="Mouse Over" library="SeleniumLibrary">
<arg>${Locator} [${i}]</arg>
<doc>Simulates hovering the mouse over the element ``locator``.</doc>
<msg timestamp="20220922 18:32:39.011" level="INFO">Simulating Mouse Over on element '((//*[local-name()='svg']//*[local-name()='g' and @transform="translate(70,101) scale(1 1)"])//*[name()='path' and @class="highcharts-point highcharts-color-1"]) [1]'.</msg>
<status status="PASS" starttime="20220922 18:32:39.010" endtime="20220922 18:32:39.597"/>
</kw>
<kw name="Get Element Count" library="SeleniumLibrary">
<var>${count}</var>
<arg>${Locate}</arg>
<doc>Returns the number of elements matching ``locator``.</doc>
<msg timestamp="20220922 18:32:39.619" level="INFO">${count} = 1</msg>
<status status="PASS" starttime="20220922 18:32:39.598" endtime="20220922 18:32:39.619"/>
</kw>
<for flavor="IN RANGE">
<var>${j}</var>
<value>${count}</value>
<iter>
<var name="${j}">0</var>
<kw name="Get Text" library="SeleniumLibrary">
<var>${Text}</var>
<arg>${Locate}</arg>
<doc>Returns the text value of the element identified by ``locator``.</doc>
<msg timestamp="20220922 18:32:39.657" level="INFO">${Text} = ● Datax: 0y: 3.5</msg>
<status status="PASS" starttime="20220922 18:32:39.622" endtime="20220922 18:32:39.658"/>
</kw>
<kw name="Log To Console" library="BuiltIn">
<arg>${Text}</arg>
<doc>Logs the given message to the console.</doc>
<status status="PASS" starttime="20220922 18:32:39.659" endtime="20220922 18:32:39.660"/>
</kw>
<status status="PASS" starttime="20220922 18:32:39.621" endtime="20220922 18:32:39.660"/>
</iter>
<status status="PASS" starttime="20220922 18:32:39.621" endtime="20220922 18:32:39.661"/>
</for>
<kw name="Unselect Frame" library="SeleniumLibrary">
<doc>Sets the main frame as the current frame.</doc>
<status status="PASS" starttime="20220922 18:32:39.662" endtime="20220922 18:32:39.667"/>
</kw>
<status status="PASS" starttime="20220922 18:32:38.230" endtime="20220922 18:32:39.667"/>
</iter>
<iter>
<var name="${i}">2</var>
<kw name="Select Frame" library="SeleniumLibrary">
<arg>//iframe[@title="Highcharts example"]</arg>
<doc>Sets frame identified by ``locator`` as the current frame.</doc>
<msg timestamp="20220922 18:32:39.670" level="INFO">Selecting frame '//iframe[@title="Highcharts example"]'.</msg>
<status status="PASS" starttime="20220922 18:32:39.669" endtime="20220922 18:32:39.697"/>
</kw>
<kw name="Mouse Over" library="SeleniumLibrary">
<arg>${Locator} [${i}]</arg>
<doc>Simulates hovering the mouse over the element ``locator``.</doc>
<msg timestamp="20220922 18:32:39.702" level="INFO">Simulating Mouse Over on element '((//*[local-name()='svg']//*[local-name()='g' and @transform="translate(70,101) scale(1 1)"])//*[name()='path' and @class="highcharts-point highcharts-color-1"]) [2]'.</msg>
<status status="PASS" starttime="20220922 18:32:39.701" endtime="20220922 18:32:40.131"/>
</kw>
<kw name="Get Element Count" library="SeleniumLibrary">
<var>${count}</var>
<arg>${Locate}</arg>
<doc>Returns the number of elements matching ``locator``.</doc>
<msg timestamp="20220922 18:32:40.160" level="INFO">${count} = 1</msg>
<status status="PASS" starttime="20220922 18:32:40.132" endtime="20220922 18:32:40.160"/>
</kw>
<for flavor="IN RANGE">
<var>${j}</var>
<value>${count}</value>
<iter>
<var name="${j}">0</var>
<kw name="Get Text" library="SeleniumLibrary">
<var>${Text}</var>
<arg>${Locate}</arg>
<doc>Returns the text value of the element identified by ``locator``.</doc>
<msg timestamp="20220922 18:32:40.193" level="INFO">${Text} = ● Datax: 2y: 3.2</msg>
<status status="PASS" starttime="20220922 18:32:40.162" endtime="20220922 18:32:40.193"/>
</kw>
<kw name="Log To Console" library="BuiltIn">
<arg>${Text}</arg>
<doc>Logs the given message to the console.</doc>
<status status="PASS" starttime="20220922 18:32:40.195" endtime="20220922 18:32:40.195"/>
</kw>
<status status="PASS" starttime="20220922 18:32:40.162" endtime="20220922 18:32:40.196"/>
</iter>
<status status="PASS" starttime="20220922 18:32:40.161" endtime="20220922 18:32:40.197"/>
</for>
<kw name="Unselect Frame" library="SeleniumLibrary">
<doc>Sets the main frame as the current frame.</doc>
<status status="PASS" starttime="20220922 18:32:40.197" endtime="20220922 18:32:40.201"/>
</kw>
<status status="PASS" starttime="20220922 18:32:39.668" endtime="20220922 18:32:40.202"/>
</iter>
<iter>
<var name="${i}">3</var>
<kw name="Select Frame" library="SeleniumLibrary">
<arg>//iframe[@title="Highcharts example"]</arg>
<doc>Sets frame identified by ``locator`` as the current frame.</doc>
<msg timestamp="20220922 18:32:40.204" level="INFO">Selecting frame '//iframe[@title="Highcharts example"]'.</msg>
<status status="PASS" starttime="20220922 18:32:40.203" endtime="20220922 18:32:40.260"/>
</kw>
<kw name="Mouse Over" library="SeleniumLibrary">
<arg>${Locator} [${i}]</arg>
<doc>Simulates hovering the mouse over the element ``locator``.</doc>
<msg timestamp="20220922 18:32:40.262" level="INFO">Simulating Mouse Over on element '((//*[local-name()='svg']//*[local-name()='g' and @transform="translate(70,101) scale(1 1)"])//*[name()='path' and @class="highcharts-point highcharts-color-1"]) [3]'.</msg>
<status status="PASS" starttime="20220922 18:32:40.261" endtime="20220922 18:32:40.650"/>
</kw>
<kw name="Get Element Count" library="SeleniumLibrary">
<var>${count}</var>
<arg>${Locate}</arg>
<doc>Returns the number of elements matching ``locator``.</doc>
<msg timestamp="20220922 18:32:40.707" level="INFO">${count} = 1</msg>
<status status="PASS" starttime="20220922 18:32:40.653" endtime="20220922 18:32:40.707"/>
</kw>
<for flavor="IN RANGE">
<var>${j}</var>
<value>${count}</value>
<iter>
<var name="${j}">0</var>
<kw name="Get Text" library="SeleniumLibrary">
<var>${Text}</var>
<arg>${Locate}</arg>
<doc>Returns the text value of the element identified by ``locator``.</doc>
<msg timestamp="20220922 18:32:40.761" level="INFO">${Text} = ● Datax: 3y: 3.1</msg>
<status status="PASS" starttime="20220922 18:32:40.710" endtime="20220922 18:32:40.761"/>
</kw>
<kw name="Log To Console" library="BuiltIn">
<arg>${Text}</arg>
<doc>Logs the given message to the console.</doc>
<status status="PASS" starttime="20220922 18:32:40.763" endtime="20220922 18:32:40.763"/>
</kw>
<status status="PASS" starttime="20220922 18:32:40.710" endtime="20220922 18:32:40.764"/>
</iter>
<status status="PASS" starttime="20220922 18:32:40.709" endtime="20220922 18:32:40.764"/>
</for>
<kw name="Unselect Frame" library="SeleniumLibrary">
<doc>Sets the main frame as the current frame.</doc>
<status status="PASS" starttime="20220922 18:32:40.765" endtime="20220922 18:32:40.774"/>
</kw>
<status status="PASS" starttime="20220922 18:32:40.203" endtime="20220922 18:32:40.774"/>
</iter>
<iter>
<var name="${i}">4</var>
<kw name="Select Frame" library="SeleniumLibrary">
<arg>//iframe[@title="Highcharts example"]</arg>
<doc>Sets frame identified by ``locator`` as the current frame.</doc>
<msg timestamp="20220922 18:32:40.776" level="INFO">Selecting frame '//iframe[@title="Highcharts example"]'.</msg>
<status status="PASS" starttime="20220922 18:32:40.775" endtime="20220922 18:32:40.831"/>
</kw>
<kw name="Mouse Over" library="SeleniumLibrary">
<arg>${Locator} [${i}]</arg>
<doc>Simulates hovering the mouse over the element ``locator``.</doc>
<msg timestamp="20220922 18:32:40.834" level="INFO">Simulating Mouse Over on element '((//*[local-name()='svg']//*[local-name()='g' and @transform="translate(70,101) scale(1 1)"])//*[name()='path' and @class="highcharts-point highcharts-color-1"]) [4]'.</msg>
<status status="PASS" starttime="20220922 18:32:40.833" endtime="20220922 18:32:41.765"/>
</kw>
<kw name="Get Element Count" library="SeleniumLibrary">
<var>${count}</var>
<arg>${Locate}</arg>
<doc>Returns the number of elements matching ``locator``.</doc>
<msg timestamp="20220922 18:32:41.908" level="INFO">${count} = 1</msg>
<status status="PASS" starttime="20220922 18:32:41.767" endtime="20220922 18:32:41.908"/>
</kw>
<for flavor="IN RANGE">
<var>${j}</var>
<value>${count}</value>
<iter>
<var name="${j}">0</var>
<kw name="Get Text" library="SeleniumLibrary">
<var>${Text}</var>
<arg>${Locate}</arg>
<doc>Returns the text value of the element identified by ``locator``.</doc>
<msg timestamp="20220922 18:32:42.012" level="INFO">${Text} = ● Datax: 4y: 3.6</msg>
<status status="PASS" starttime="20220922 18:32:41.910" endtime="20220922 18:32:42.012"/>
</kw>
<kw name="Log To Console" library="BuiltIn">
<arg>${Text}</arg>
<doc>Logs the given message to the console.</doc>
<status status="PASS" starttime="20220922 18:32:42.015" endtime="20220922 18:32:42.016"/>
</kw>
<status status="PASS" starttime="20220922 18:32:41.910" endtime="20220922 18:32:42.016"/>
</iter>
<status status="PASS" starttime="20220922 18:32:41.909" endtime="20220922 18:32:42.017"/>
</for>
<kw name="Unselect Frame" library="SeleniumLibrary">
<doc>Sets the main frame as the current frame.</doc>
<status status="PASS" starttime="20220922 18:32:42.017" endtime="20220922 18:32:42.025"/>
</kw>
<status status="PASS" starttime="20220922 18:32:40.775" endtime="20220922 18:32:42.026"/>
</iter>
<iter>
<var name="${i}">5</var>
<kw name="Select Frame" library="SeleniumLibrary">
<arg>//iframe[@title="Highcharts example"]</arg>
<doc>Sets frame identified by ``locator`` as the current frame.</doc>
<msg timestamp="20220922 18:32:42.028" level="INFO">Selecting frame '//iframe[@title="Highcharts example"]'.</msg>
<status status="PASS" starttime="20220922 18:32:42.027" endtime="20220922 18:32:42.067"/>
</kw>
<kw name="Mouse Over" library="SeleniumLibrary">
<arg>${Locator} [${i}]</arg>
<doc>Simulates hovering the mouse over the element ``locator``.</doc>
<msg timestamp="20220922 18:32:42.070" level="INFO">Simulating Mouse Over on element '((//*[local-name()='svg']//*[local-name()='g' and @transform="translate(70,101) scale(1 1)"])//*[name()='path' and @class="highcharts-point highcharts-color-1"]) [5]'.</msg>
<status status="PASS" starttime="20220922 18:32:42.069" endtime="20220922 18:32:42.947"/>
</kw>
<kw name="Get Element Count" library="SeleniumLibrary">
<var>${count}</var>
<arg>${Locate}</arg>
<doc>Returns the number of elements matching ``locator``.</doc>
<msg timestamp="20220922 18:32:42.964" level="INFO">${count} = 1</msg>
<status status="PASS" starttime="20220922 18:32:42.948" endtime="20220922 18:32:42.964"/>
</kw>
<for flavor="IN RANGE">
<var>${j}</var>
<value>${count}</value>
<iter>
<var name="${j}">0</var>
<kw name="Get Text" library="SeleniumLibrary">
<var>${Text}</var>
<arg>${Locate}</arg>
<doc>Returns the text value of the element identified by ``locator``.</doc>
<msg timestamp="20220922 18:32:43.027" level="INFO">${Text} = ● Datax: 5y: 3.9</msg>
<status status="PASS" starttime="20220922 18:32:42.967" endtime="20220922 18:32:43.027"/>
</kw>
<kw name="Log To Console" library="BuiltIn">
<arg>${Text}</arg>
<doc>Logs the given message to the console.</doc>
<status status="PASS" starttime="20220922 18:32:43.029" endtime="20220922 18:32:43.030"/>
</kw>
<status status="PASS" starttime="20220922 18:32:42.966" endtime="20220922 18:32:43.030"/>
</iter>
<status status="PASS" starttime="20220922 18:32:42.966" endtime="20220922 18:32:43.031"/>
</for>
<kw name="Unselect Frame" library="SeleniumLibrary">
<doc>Sets the main frame as the current frame.</doc>
<status status="PASS" starttime="20220922 18:32:43.032" endtime="20220922 18:32:43.044"/>
</kw>
<status status="PASS" starttime="20220922 18:32:42.027" endtime="20220922 18:32:43.045"/>
</iter>
<iter>
<var name="${i}">6</var>
<kw name="Select Frame" library="SeleniumLibrary">
<arg>//iframe[@title="Highcharts example"]</arg>
<doc>Sets frame identified by ``locator`` as the current frame.</doc>
<msg timestamp="20220922 18:32:43.046" level="INFO">Selecting frame '//iframe[@title="Highcharts example"]'.</msg>
<status status="PASS" starttime="20220922 18:32:43.046" endtime="20220922 18:32:43.109"/>
</kw>
<kw name="Mouse Over" library="SeleniumLibrary">
<arg>${Locator} [${i}]</arg>
<doc>Simulates hovering the mouse over the element ``locator``.</doc>
<msg timestamp="20220922 18:32:43.111" level="INFO">Simulating Mouse Over on element '((//*[local-name()='svg']//*[local-name()='g' and @transform="translate(70,101) scale(1 1)"])//*[name()='path' and @class="highcharts-point highcharts-color-1"]) [6]'.</msg>
<status status="PASS" starttime="20220922 18:32:43.111" endtime="20220922 18:32:43.458"/>
</kw>
<kw name="Get Element Count" library="SeleniumLibrary">
<var>${count}</var>
<arg>${Locate}</arg>
<doc>Returns the number of elements matching ``locator``.</doc>
<msg timestamp="20220922 18:32:43.494" level="INFO">${count} = 1</msg>
<status status="PASS" starttime="20220922 18:32:43.460" endtime="20220922 18:32:43.494"/>
</kw>
<for flavor="IN RANGE">
<var>${j}</var>
<value>${count}</value>
<iter>
<var name="${j}">0</var>
<kw name="Get Text" library="SeleniumLibrary">
<var>${Text}</var>
<arg>${Locate}</arg>
<doc>Returns the text value of the element identified by ``locator``.</doc>
<msg timestamp="20220922 18:32:43.530" level="INFO">${Text} = ● Datax: 6y: 3.4</msg>
<status status="PASS" starttime="20220922 18:32:43.497" endtime="20220922 18:32:43.530"/>
</kw>
<kw name="Log To Console" library="BuiltIn">
<arg>${Text}</arg>
<doc>Logs the given message to the console.</doc>
<status status="PASS" starttime="20220922 18:32:43.532" endtime="20220922 18:32:43.533"/>
</kw>
<status status="PASS" starttime="20220922 18:32:43.496" endtime="20220922 18:32:43.533"/>
</iter>
<status status="PASS" starttime="20220922 18:32:43.496" endtime="20220922 18:32:43.534"/>
</for>
<kw name="Unselect Frame" library="SeleniumLibrary">
<doc>Sets the main frame as the current frame.</doc>
<status status="PASS" starttime="20220922 18:32:43.535" endtime="20220922 18:32:43.542"/>
</kw>
<status status="PASS" starttime="20220922 18:32:43.045" endtime="20220922 18:32:43.543"/>
</iter>
<iter>
<var name="${i}">7</var>
<kw name="Select Frame" library="SeleniumLibrary">
<arg>//iframe[@title="Highcharts example"]</arg>
<doc>Sets frame identified by ``locator`` as the current frame.</doc>
<msg timestamp="20220922 18:32:43.544" level="INFO">Selecting frame '//iframe[@title="Highcharts example"]'.</msg>
<status status="PASS" starttime="20220922 18:32:43.544" endtime="20220922 18:32:43.580"/>
</kw>
<kw name="Mouse Over" library="SeleniumLibrary">
<arg>${Locator} [${i}]</arg>
<doc>Simulates hovering the mouse over the element ``locator``.</doc>
<msg timestamp="20220922 18:32:43.582" level="INFO">Simulating Mouse Over on element '((//*[local-name()='svg']//*[local-name()='g' and @transform="translate(70,101) scale(1 1)"])//*[name()='path' and @class="highcharts-point highcharts-color-1"]) [7]'.</msg>
<status status="PASS" starttime="20220922 18:32:43.581" endtime="20220922 18:32:43.946"/>
</kw>
<kw name="Get Element Count" library="SeleniumLibrary">
<var>${count}</var>
<arg>${Locate}</arg>
<doc>Returns the number of elements matching ``locator``.</doc>
<msg timestamp="20220922 18:32:43.965" level="INFO">${count} = 1</msg>
<status status="PASS" starttime="20220922 18:32:43.948" endtime="20220922 18:32:43.965"/>
</kw>
<for flavor="IN RANGE">
<var>${j}</var>
<value>${count}</value>
<iter>
<var name="${j}">0</var>
<kw name="Get Text" library="SeleniumLibrary">
<var>${Text}</var>
<arg>${Locate}</arg>
<doc>Returns the text value of the element identified by ``locator``.</doc>
<msg timestamp="20220922 18:32:44.028" level="INFO">${Text} = ● Datax: 7y: 3.4</msg>
<status status="PASS" starttime="20220922 18:32:43.968" endtime="20220922 18:32:44.028"/>
</kw>
<kw name="Log To Console" library="BuiltIn">
<arg>${Text}</arg>
<doc>Logs the given message to the console.</doc>
<status status="PASS" starttime="20220922 18:32:44.030" endtime="20220922 18:32:44.031"/>
</kw>
<status status="PASS" starttime="20220922 18:32:43.967" endtime="20220922 18:32:44.032"/>
</iter>
<status status="PASS" starttime="20220922 18:32:43.967" endtime="20220922 18:32:44.032"/>
</for>
<kw name="Unselect Frame" library="SeleniumLibrary">
<doc>Sets the main frame as the current frame.</doc>
<status status="PASS" starttime="20220922 18:32:44.033" endtime="20220922 18:32:44.044"/>
</kw>
<status status="PASS" starttime="20220922 18:32:43.543" endtime="20220922 18:32:44.045"/>
</iter>
<iter>
<var name="${i}">8</var>
<kw name="Select Frame" library="SeleniumLibrary">
<arg>//iframe[@title="Highcharts example"]</arg>
<doc>Sets frame identified by ``locator`` as the current frame.</doc>
<msg timestamp="20220922 18:32:44.047" level="INFO">Selecting frame '//iframe[@title="Highcharts example"]'.</msg>
<status status="PASS" starttime="20220922 18:32:44.046" endtime="20220922 18:32:44.083"/>
</kw>
<kw name="Mouse Over" library="SeleniumLibrary">
<arg>${Locator} [${i}]</arg>
<doc>Simulates hovering the mouse over the element ``locator``.</doc>
<msg timestamp="20220922 18:32:44.087" level="INFO">Simulating Mouse Over on element '((//*[local-name()='svg']//*[local-name()='g' and @transform="translate(70,101) scale(1 1)"])//*[name()='path' and @class="highcharts-point highcharts-color-1"]) [8]'.</msg>
<status status="PASS" starttime="20220922 18:32:44.085" endtime="20220922 18:32:44.426"/>
</kw>
<kw name="Get Element Count" library="SeleniumLibrary">
<var>${count}</var>
<arg>${Locate}</arg>
<doc>Returns the number of elements matching ``locator``.</doc>
<msg timestamp="20220922 18:32:44.462" level="INFO">${count} = 1</msg>
<status status="PASS" starttime="20220922 18:32:44.428" endtime="20220922 18:32:44.462"/>
</kw>
<for flavor="IN RANGE">
<var>${j}</var>
<value>${count}</value>
<iter>
<var name="${j}">0</var>
<kw name="Get Text" library="SeleniumLibrary">
<var>${Text}</var>
<arg>${Locate}</arg>
<doc>Returns the text value of the element identified by ``locator``.</doc>
<msg timestamp="20220922 18:32:44.552" level="INFO">${Text} = ● Datax: 8y: 2.9</msg>
<status status="PASS" starttime="20220922 18:32:44.465" endtime="20220922 18:32:44.552"/>
</kw>
<kw name="Log To Console" library="BuiltIn">
<arg>${Text}</arg>
<doc>Logs the given message to the console.</doc>
<status status="PASS" starttime="20220922 18:32:44.554" endtime="20220922 18:32:44.555"/>
</kw>
<status status="PASS" starttime="20220922 18:32:44.464" endtime="20220922 18:32:44.555"/>
</iter>
<status status="PASS" starttime="20220922 18:32:44.464" endtime="20220922 18:32:44.556"/>
</for>
<kw name="Unselect Frame" library="SeleniumLibrary">
<doc>Sets the main frame as the current frame.</doc>
<status status="PASS" starttime="20220922 18:32:44.557" endtime="20220922 18:32:44.578"/>
</kw>
<status status="PASS" starttime="20220922 18:32:44.046" endtime="20220922 18:32:44.579"/>
</iter>
<iter>
<var name="${i}">9</var>
<kw name="Select Frame" library="SeleniumLibrary">
<arg>//iframe[@title="Highcharts example"]</arg>
<doc>Sets frame identified by ``locator`` as the current frame.</doc>
<msg timestamp="20220922 18:32:44.580" level="INFO">Selecting frame '//iframe[@title="Highcharts example"]'.</msg>
<status status="PASS" starttime="20220922 18:32:44.580" endtime="20220922 18:32:44.633"/>
</kw>
<kw name="Mouse Over" library="SeleniumLibrary">
<arg>${Locator} [${i}]</arg>
<doc>Simulates hovering the mouse over the element ``locator``.</doc>
<msg timestamp="20220922 18:32:44.636" level="INFO">Simulating Mouse Over on element '((//*[local-name()='svg']//*[local-name()='g' and @transform="translate(70,101) scale(1 1)"])//*[name()='path' and @class="highcharts-point highcharts-color-1"]) [9]'.</msg>
<status status="PASS" starttime="20220922 18:32:44.635" endtime="20220922 18:32:45.027"/>
</kw>
<kw name="Get Element Count" library="SeleniumLibrary">
<var>${count}</var>
<arg>${Locate}</arg>
<doc>Returns the number of elements matching ``locator``.</doc>
<msg timestamp="20220922 18:32:45.043" level="INFO">${count} = 1</msg>
<status status="PASS" starttime="20220922 18:32:45.028" endtime="20220922 18:32:45.044"/>
</kw>
<for flavor="IN RANGE">
<var>${j}</var>
<value>${count}</value>
<iter>
<var name="${j}">0</var>
<kw name="Get Text" library="SeleniumLibrary">
<var>${Text}</var>
<arg>${Locate}</arg>
<doc>Returns the text value of the element identified by ``locator``.</doc>
<msg timestamp="20220922 18:32:45.074" level="INFO">${Text} = ● Datax: 9y: 3.1</msg>
<status status="PASS" starttime="20220922 18:32:45.046" endtime="20220922 18:32:45.074"/>
</kw>
<kw name="Log To Console" library="BuiltIn">
<arg>${Text}</arg>
<doc>Logs the given message to the console.</doc>
<status status="PASS" starttime="20220922 18:32:45.076" endtime="20220922 18:32:45.076"/>
</kw>
<status status="PASS" starttime="20220922 18:32:45.046" endtime="20220922 18:32:45.077"/>
</iter>
<status status="PASS" starttime="20220922 18:32:45.045" endtime="20220922 18:32:45.077"/>
</for>
<kw name="Unselect Frame" library="SeleniumLibrary">
<doc>Sets the main frame as the current frame.</doc>
<status status="PASS" starttime="20220922 18:32:45.078" endtime="20220922 18:32:45.081"/>
</kw>
<status status="PASS" starttime="20220922 18:32:44.579" endtime="20220922 18:32:45.081"/>
</iter>
<iter>
<var name="${i}">10</var>
<kw name="Select Frame" library="SeleniumLibrary">
<arg>//iframe[@title="Highcharts example"]</arg>
<doc>Sets frame identified by ``locator`` as the current frame.</doc>
<msg timestamp="20220922 18:32:45.082" level="INFO">Selecting frame '//iframe[@title="Highcharts example"]'.</msg>
<status status="PASS" starttime="20220922 18:32:45.082" endtime="20220922 18:32:45.127"/>
</kw>
<kw name="Mouse Over" library="SeleniumLibrary">
<arg>${Locator} [${i}]</arg>
<doc>Simulates hovering the mouse over the element ``locator``.</doc>
<msg timestamp="20220922 18:32:45.129" level="INFO">Simulating Mouse Over on element '((//*[local-name()='svg']//*[local-name()='g' and @transform="translate(70,101) scale(1 1)"])//*[name()='path' and @class="highcharts-point highcharts-color-1"]) [10]'.</msg>
<status status="PASS" starttime="20220922 18:32:45.129" endtime="20220922 18:32:45.516"/>
</kw>
<kw name="Get Element Count" library="SeleniumLibrary">
<var>${count}</var>
<arg>${Locate}</arg>
<doc>Returns the number of elements matching ``locator``.</doc>
<msg timestamp="20220922 18:32:45.541" level="INFO">${count} = 1</msg>
<status status="PASS" starttime="20220922 18:32:45.518" endtime="20220922 18:32:45.541"/>
</kw>
<for flavor="IN RANGE">
<var>${j}</var>
<value>${count}</value>
<iter>
<var name="${j}">0</var>
<kw name="Get Text" library="SeleniumLibrary">
<var>${Text}</var>
<arg>${Locate}</arg>
<doc>Returns the text value of the element identified by ``locator``.</doc>
<msg timestamp="20220922 18:32:45.696" level="INFO">${Text} = ● Datax: 10y: 3.7</msg>
<status status="PASS" starttime="20220922 18:32:45.544" endtime="20220922 18:32:45.696"/>
</kw>
<kw name="Log To Console" library="BuiltIn">
<arg>${Text}</arg>
<doc>Logs the given message to the console.</doc>
<status status="PASS" starttime="20220922 18:32:45.698" endtime="20220922 18:32:45.699"/>
</kw>
<status status="PASS" starttime="20220922 18:32:45.543" endtime="20220922 18:32:45.699"/>
</iter>
<status status="PASS" starttime="20220922 18:32:45.543" endtime="20220922 18:32:45.700"/>
</for>
<kw name="Unselect Frame" library="SeleniumLibrary">
<doc>Sets the main frame as the current frame.</doc>
<status status="PASS" starttime="20220922 18:32:45.700" endtime="20220922 18:32:45.711"/>
</kw>
<status status="PASS" starttime="20220922 18:32:45.082" endtime="20220922 18:32:45.712"/>
</iter>
<iter>
<var name="${i}">11</var>
<kw name="Select Frame" library="SeleniumLibrary">
<arg>//iframe[@title="Highcharts example"]</arg>
<doc>Sets frame identified by ``locator`` as the current frame.</doc>
<msg timestamp="20220922 18:32:45.713" level="INFO">Selecting frame '//iframe[@title="Highcharts example"]'.</msg>
<status status="PASS" starttime="20220922 18:32:45.713" endtime="20220922 18:32:45.746"/>
</kw>
<kw name="Mouse Over" library="SeleniumLibrary">
<arg>${Locator} [${i}]</arg>
<doc>Simulates hovering the mouse over the element ``locator``.</doc>
<msg timestamp="20220922 18:32:45.749" level="INFO">Simulating Mouse Over on element '((//*[local-name()='svg']//*[local-name()='g' and @transform="translate(70,101) scale(1 1)"])//*[name()='path' and @class="highcharts-point highcharts-color-1"]) [11]'.</msg>
<status status="PASS" starttime="20220922 18:32:45.748" endtime="20220922 18:32:46.076"/>
</kw>
<kw name="Get Element Count" library="SeleniumLibrary">
<var>${count}</var>
<arg>${Locate}</arg>
<doc>Returns the number of elements matching ``locator``.</doc>
<msg timestamp="20220922 18:32:46.093" level="INFO">${count} = 1</msg>
<status status="PASS" starttime="20220922 18:32:46.078" endtime="20220922 18:32:46.094"/>
</kw>
<for flavor="IN RANGE">
<var>${j}</var>
<value>${count}</value>
<iter>
<var name="${j}">0</var>
<kw name="Get Text" library="SeleniumLibrary">
<var>${Text}</var>
<arg>${Locate}</arg>
<doc>Returns the text value of the element identified by ``locator``.</doc>
<msg timestamp="20220922 18:32:46.133" level="INFO">${Text} = ● Datax: 11y: 3.4</msg>
<status status="PASS" starttime="20220922 18:32:46.097" endtime="20220922 18:32:46.133"/>
</kw>
<kw name="Log To Console" library="BuiltIn">
<arg>${Text}</arg>
<doc>Logs the given message to the console.</doc>
<status status="PASS" starttime="20220922 18:32:46.135" endtime="20220922 18:32:46.136"/>
</kw>
<status status="PASS" starttime="20220922 18:32:46.096" endtime="20220922 18:32:46.138"/>
</iter>
<status status="PASS" starttime="20220922 18:32:46.096" endtime="20220922 18:32:46.139"/>
</for>
<kw name="Unselect Frame" library="SeleniumLibrary">
<doc>Sets the main frame as the current frame.</doc>
<status status="PASS" starttime="20220922 18:32:46.140" endtime="20220922 18:32:46.149"/>
</kw>
<status status="PASS" starttime="20220922 18:32:45.712" endtime="20220922 18:32:46.149"/>
</iter>
<iter>
<var name="${i}">12</var>
<kw name="Select Frame" library="SeleniumLibrary">
<arg>//iframe[@title="Highcharts example"]</arg>
<doc>Sets frame identified by ``locator`` as the current frame.</doc>
<msg timestamp="20220922 18:32:46.151" level="INFO">Selecting frame '//iframe[@title="Highcharts example"]'.</msg>
<status status="PASS" starttime="20220922 18:32:46.150" endtime="20220922 18:32:46.184"/>
</kw>
<kw name="Mouse Over" library="SeleniumLibrary">
<arg>${Locator} [${i}]</arg>
<doc>Simulates hovering the mouse over the element ``locator``.</doc>
<msg timestamp="20220922 18:32:46.188" level="INFO">Simulating Mouse Over on element '((//*[local-name()='svg']//*[local-name()='g' and @transform="translate(70,101) scale(1 1)"])//*[name()='path' and @class="highcharts-point highcharts-color-1"]) [12]'.</msg>
<status status="PASS" starttime="20220922 18:32:46.187" endtime="20220922 18:32:46.519"/>
</kw>
<kw name="Get Element Count" library="SeleniumLibrary">
<var>${count}</var>
<arg>${Locate}</arg>
<doc>Returns the number of elements matching ``locator``.</doc>
<msg timestamp="20220922 18:32:46.547" level="INFO">${count} = 1</msg>
<status status="PASS" starttime="20220922 18:32:46.521" endtime="20220922 18:32:46.547"/>
</kw>
<for flavor="IN RANGE">
<var>${j}</var>
<value>${count}</value>
<iter>
<var name="${j}">0</var>
<kw name="Get Text" library="SeleniumLibrary">
<var>${Text}</var>
<arg>${Locate}</arg>
<doc>Returns the text value of the element identified by ``locator``.</doc>
<msg timestamp="20220922 18:32:46.579" level="INFO">${Text} = ● Datax: 12y: 3</msg>
<status status="PASS" starttime="20220922 18:32:46.549" endtime="20220922 18:32:46.579"/>
</kw>
<kw name="Log To Console" library="BuiltIn">
<arg>${Text}</arg>
<doc>Logs the given message to the console.</doc>
<status status="PASS" starttime="20220922 18:32:46.581" endtime="20220922 18:32:46.582"/>
</kw>
<status status="PASS" starttime="20220922 18:32:46.549" endtime="20220922 18:32:46.582"/>
</iter>
<status status="PASS" starttime="20220922 18:32:46.548" endtime="20220922 18:32:46.582"/>
</for>
<kw name="Unselect Frame" library="SeleniumLibrary">
<doc>Sets the main frame as the current frame.</doc>
<status status="PASS" starttime="20220922 18:32:46.583" endtime="20220922 18:32:46.591"/>
</kw>
<status status="PASS" starttime="20220922 18:32:46.150" endtime="20220922 18:32:46.591"/>
</iter>
<iter>
<var name="${i}">13</var>
<kw name="Select Frame" library="SeleniumLibrary">
<arg>//iframe[@title="Highcharts example"]</arg>
<doc>Sets frame identified by ``locator`` as the current frame.</doc>
<msg timestamp="20220922 18:32:46.593" level="INFO">Selecting frame '//iframe[@title="Highcharts example"]'.</msg>
<status status="PASS" starttime="20220922 18:32:46.592" endtime="20220922 18:32:46.632"/>
</kw>
<kw name="Mouse Over" library="SeleniumLibrary">
<arg>${Locator} [${i}]</arg>
<doc>Simulates hovering the mouse over the element ``locator``.</doc>
<msg timestamp="20220922 18:32:46.635" level="INFO">Simulating Mouse Over on element '((//*[local-name()='svg']//*[local-name()='g' and @transform="translate(70,101) scale(1 1)"])//*[name()='path' and @class="highcharts-point highcharts-color-1"]) [13]'.</msg>
<status status="PASS" starttime="20220922 18:32:46.634" endtime="20220922 18:32:47.067"/>
</kw>
<kw name="Get Element Count" library="SeleniumLibrary">
<var>${count}</var>
<arg>${Locate}</arg>
<doc>Returns the number of elements matching ``locator``.</doc>
<msg timestamp="20220922 18:32:47.215" level="INFO">${count} = 1</msg>
<status status="PASS" starttime="20220922 18:32:47.070" endtime="20220922 18:32:47.215"/>
</kw>
<for flavor="IN RANGE">
<var>${j}</var>
<value>${count}</value>
<iter>
<var name="${j}">0</var>
<kw name="Get Text" library="SeleniumLibrary">
<var>${Text}</var>
<arg>${Locate}</arg>
<doc>Returns the text value of the element identified by ``locator``.</doc>
<msg timestamp="20220922 18:32:47.381" level="INFO">${Text} = ● Datax: 13y: 3</msg>
<status status="PASS" starttime="20220922 18:32:47.218" endtime="20220922 18:32:47.381"/>
</kw>
<kw name="Log To Console" library="BuiltIn">
<arg>${Text}</arg>
<doc>Logs the given message to the console.</doc>
<status status="PASS" starttime="20220922 18:32:47.383" endtime="20220922 18:32:47.383"/>
</kw>
<status status="PASS" starttime="20220922 18:32:47.217" endtime="20220922 18:32:47.384"/>
</iter>
<status status="PASS" starttime="20220922 18:32:47.217" endtime="20220922 18:32:47.384"/>
</for>
<kw name="Unselect Frame" library="SeleniumLibrary">
<doc>Sets the main frame as the current frame.</doc>
<status status="PASS" starttime="20220922 18:32:47.385" endtime="20220922 18:32:47.400"/>
</kw>
<status status="PASS" starttime="20220922 18:32:46.592" endtime="20220922 18:32:47.401"/>
</iter>
<iter>
<var name="${i}">14</var>
<kw name="Select Frame" library="SeleniumLibrary">
<arg>//iframe[@title="Highcharts example"]</arg>
<doc>Sets frame identified by ``locator`` as the current frame.</doc>
<msg timestamp="20220922 18:32:47.403" level="INFO">Selecting frame '//iframe[@title="Highcharts example"]'.</msg>
<status status="PASS" starttime="20220922 18:32:47.402" endtime="20220922 18:32:47.457"/>
</kw>
<kw name="Mouse Over" library="SeleniumLibrary">
<arg>${Locator} [${i}]</arg>
<doc>Simulates hovering the mouse over the element ``locator``.</doc>
<msg timestamp="20220922 18:32:47.459" level="INFO">Simulating Mouse Over on element '((//*[local-name()='svg']//*[local-name()='g' and @transform="translate(70,101) scale(1 1)"])//*[name()='path' and @class="highcharts-point highcharts-color-1"]) [14]'.</msg>
<status status="PASS" starttime="20220922 18:32:47.459" endtime="20220922 18:32:48.458"/>
</kw>
<kw name="Get Element Count" library="SeleniumLibrary">
<var>${count}</var>
<arg>${Locate}</arg>
<doc>Returns the number of elements matching ``locator``.</doc>
<msg timestamp="20220922 18:32:48.531" level="INFO">${count} = 1</msg>
<status status="PASS" starttime="20220922 18:32:48.460" endtime="20220922 18:32:48.532"/>
</kw>
<for flavor="IN RANGE">
<var>${j}</var>
<value>${count}</value>
<iter>
<var name="${j}">0</var>
<kw name="Get Text" library="SeleniumLibrary">
<var>${Text}</var>
<arg>${Locate}</arg>
<doc>Returns the text value of the element identified by ``locator``.</doc>
<msg timestamp="20220922 18:32:48.567" level="INFO">${Text} = ● Datax: 14y: 4</msg>
<status status="PASS" starttime="20220922 18:32:48.534" endtime="20220922 18:32:48.567"/>
</kw>
<kw name="Log To Console" library="BuiltIn">
<arg>${Text}</arg>
<doc>Logs the given message to the console.</doc>
<status status="PASS" starttime="20220922 18:32:48.569" endtime="20220922 18:32:48.570"/>
</kw>
<status status="PASS" starttime="20220922 18:32:48.533" endtime="20220922 18:32:48.571"/>
</iter>
<status status="PASS" starttime="20220922 18:32:48.533" endtime="20220922 18:32:48.571"/>
</for>
<kw name="Unselect Frame" library="SeleniumLibrary">
<doc>Sets the main frame as the current frame.</doc>
<status status="PASS" starttime="20220922 18:32:48.572" endtime="20220922 18:32:48.579"/>
</kw>
<status status="PASS" starttime="20220922 18:32:47.401" endtime="20220922 18:32:48.580"/>
</iter>
<iter>
<var name="${i}">15</var>
<kw name="Select Frame" library="SeleniumLibrary">
<arg>//iframe[@title="Highcharts example"]</arg>
<doc>Sets frame identified by ``locator`` as the current frame.</doc>
<msg timestamp="20220922 18:32:48.581" level="INFO">Selecting frame '//iframe[@title="Highcharts example"]'.</msg>
<status status="PASS" starttime="20220922 18:32:48.581" endtime="20220922 18:32:48.634"/>
</kw>
<kw name="Mouse Over" library="SeleniumLibrary">
<arg>${Locator} [${i}]</arg>
<doc>Simulates hovering the mouse over the element ``locator``.</doc>
<msg timestamp="20220922 18:32:48.637" level="INFO">Simulating Mouse Over on element '((//*[local-name()='svg']//*[local-name()='g' and @transform="translate(70,101) scale(1 1)"])//*[name()='path' and @class="highcharts-point highcharts-color-1"]) [15]'.</msg>
<status status="PASS" starttime="20220922 18:32:48.636" endtime="20220922 18:32:49.045"/>
</kw>
<kw name="Get Element Count" library="SeleniumLibrary">
<var>${count}</var>
<arg>${Locate}</arg>
<doc>Returns the number of elements matching ``locator``.</doc>
<msg timestamp="20220922 18:32:49.068" level="INFO">${count} = 1</msg>
<status status="PASS" starttime="20220922 18:32:49.047" endtime="20220922 18:32:49.069"/>
</kw>
<for flavor="IN RANGE">
<var>${j}</var>
<value>${count}</value>
<iter>
<var name="${j}">0</var>
<kw name="Get Text" library="SeleniumLibrary">
<var>${Text}</var>
<arg>${Locate}</arg>
<doc>Returns the text value of the element identified by ``locator``.</doc>
<msg timestamp="20220922 18:32:49.103" level="INFO">${Text} = ● Datax: 15y: 4.4</msg>
<status status="PASS" starttime="20220922 18:32:49.072" endtime="20220922 18:32:49.103"/>
</kw>
<kw name="Log To Console" library="BuiltIn">
<arg>${Text}</arg>
<doc>Logs the given message to the console.</doc>
<status status="PASS" starttime="20220922 18:32:49.105" endtime="20220922 18:32:49.106"/>
</kw>
<status status="PASS" starttime="20220922 18:32:49.072" endtime="20220922 18:32:49.107"/>
</iter>
<status status="PASS" starttime="20220922 18:32:49.071" endtime="20220922 18:32:49.107"/>
</for>
<kw name="Unselect Frame" library="SeleniumLibrary">
<doc>Sets the main frame as the current frame.</doc>
<status status="PASS" starttime="20220922 18:32:49.108" endtime="20220922 18:32:49.111"/>
</kw>
<status status="PASS" starttime="20220922 18:32:48.580" endtime="20220922 18:32:49.111"/>
</iter>
<iter>
<var name="${i}">16</var>
<kw name="Select Frame" library="SeleniumLibrary">
<arg>//iframe[@title="Highcharts example"]</arg>
<doc>Sets frame identified by ``locator`` as the current frame.</doc>
<msg timestamp="20220922 18:32:49.113" level="INFO">Selecting frame '//iframe[@title="Highcharts example"]'.</msg>
<status status="PASS" starttime="20220922 18:32:49.112" endtime="20220922 18:32:49.146"/>
</kw>
<kw name="Mouse Over" library="SeleniumLibrary">
<arg>${Locator} [${i}]</arg>
<doc>Simulates hovering the mouse over the element ``locator``.</doc>
<msg timestamp="20220922 18:32:49.148" level="INFO">Simulating Mouse Over on element '((//*[local-name()='svg']//*[local-name()='g' and @transform="translate(70,101) scale(1 1)"])//*[name()='path' and @class="highcharts-point highcharts-color-1"]) [16]'.</msg>
<status status="PASS" starttime="20220922 18:32:49.148" endtime="20220922 18:32:49.530"/>
</kw>
<kw name="Get Element Count" library="SeleniumLibrary">
<var>${count}</var>
<arg>${Locate}</arg>
<doc>Returns the number of elements matching ``locator``.</doc>
<msg timestamp="20220922 18:32:49.576" level="INFO">${count} = 1</msg>
<status status="PASS" starttime="20220922 18:32:49.532" endtime="20220922 18:32:49.576"/>
</kw>
<for flavor="IN RANGE">
<var>${j}</var>
<value>${count}</value>
<iter>
<var name="${j}">0</var>
<kw name="Get Text" library="SeleniumLibrary">
<var>${Text}</var>
<arg>${Locate}</arg>
<doc>Returns the text value of the element identified by ``locator``.</doc>
<msg timestamp="20220922 18:32:49.646" level="INFO">${Text} = ● Datax: 16y: 3.9</msg>
<status status="PASS" starttime="20220922 18:32:49.579" endtime="20220922 18:32:49.646"/>
</kw>
<kw name="Log To Console" library="BuiltIn">
<arg>${Text}</arg>
<doc>Logs the given message to the console.</doc>
<status status="PASS" starttime="20220922 18:32:49.648" endtime="20220922 18:32:49.649"/>
</kw>
<status status="PASS" starttime="20220922 18:32:49.578" endtime="20220922 18:32:49.649"/>
</iter>
<status status="PASS" starttime="20220922 18:32:49.578" endtime="20220922 18:32:49.650"/>
</for>
<kw name="Unselect Frame" library="SeleniumLibrary">
<doc>Sets the main frame as the current frame.</doc>
<status status="PASS" starttime="20220922 18:32:49.650" endtime="20220922 18:32:49.659"/>
</kw>
<status status="PASS" starttime="20220922 18:32:49.112" endtime="20220922 18:32:49.660"/>
</iter>
<iter>
<var name="${i}">17</var>
<kw name="Select Frame" library="SeleniumLibrary">
<arg>//iframe[@title="Highcharts example"]</arg>
<doc>Sets frame identified by ``locator`` as the current frame.</doc>
<msg timestamp="20220922 18:32:49.661" level="INFO">Selecting frame '//iframe[@title="Highcharts example"]'.</msg>
<status status="PASS" starttime="20220922 18:32:49.661" endtime="20220922 18:32:49.702"/>
</kw>
<kw name="Mouse Over" library="SeleniumLibrary">
<arg>${Locator} [${i}]</arg>
<doc>Simulates hovering the mouse over the element ``locator``.</doc>
<msg timestamp="20220922 18:32:49.705" level="INFO">Simulating Mouse Over on element '((//*[local-name()='svg']//*[local-name()='g' and @transform="translate(70,101) scale(1 1)"])//*[name()='path' and @class="highcharts-point highcharts-color-1"]) [17]'.</msg>
<status status="PASS" starttime="20220922 18:32:49.704" endtime="20220922 18:32:50.033"/>
</kw>
<kw name="Get Element Count" library="SeleniumLibrary">
<var>${count}</var>
<arg>${Locate}</arg>
<doc>Returns the number of elements matching ``locator``.</doc>
<msg timestamp="20220922 18:32:50.049" level="INFO">${count} = 1</msg>
<status status="PASS" starttime="20220922 18:32:50.034" endtime="20220922 18:32:50.049"/>
</kw>
<for flavor="IN RANGE">
<var>${j}</var>
<value>${count}</value>
<iter>
<var name="${j}">0</var>
<kw name="Get Text" library="SeleniumLibrary">
<var>${Text}</var>
<arg>${Locate}</arg>
<doc>Returns the text value of the element identified by ``locator``.</doc>
<msg timestamp="20220922 18:32:50.080" level="INFO">${Text} = ● Datax: 17y: 3.5</msg>
<status status="PASS" starttime="20220922 18:32:50.051" endtime="20220922 18:32:50.080"/>
</kw>
<kw name="Log To Console" library="BuiltIn">
<arg>${Text}</arg>
<doc>Logs the given message to the console.</doc>
<status status="PASS" starttime="20220922 18:32:50.082" endtime="20220922 18:32:50.082"/>
</kw>
<status status="PASS" starttime="20220922 18:32:50.051" endtime="20220922 18:32:50.083"/>
</iter>
<status status="PASS" starttime="20220922 18:32:50.050" endtime="20220922 18:32:50.083"/>
</for>
<kw name="Unselect Frame" library="SeleniumLibrary">
<doc>Sets the main frame as the current frame.</doc>
<status status="PASS" starttime="20220922 18:32:50.084" endtime="20220922 18:32:50.093"/>
</kw>
<status status="PASS" starttime="20220922 18:32:49.660" endtime="20220922 18:32:50.093"/>
</iter>
<iter>
<var name="${i}">18</var>
<kw name="Select Frame" library="SeleniumLibrary">
<arg>//iframe[@title="Highcharts example"]</arg>
<doc>Sets frame identified by ``locator`` as the current frame.</doc>
<msg timestamp="20220922 18:32:50.095" level="INFO">Selecting frame '//iframe[@title="Highcharts example"]'.</msg>
<status status="PASS" starttime="20220922 18:32:50.094" endtime="20220922 18:32:50.136"/>
</kw>
<kw name="Mouse Over" library="SeleniumLibrary">
<arg>${Locator} [${i}]</arg>
<doc>Simulates hovering the mouse over the element ``locator``.</doc>
<msg timestamp="20220922 18:32:50.140" level="INFO">Simulating Mouse Over on element '((//*[local-name()='svg']//*[local-name()='g' and @transform="translate(70,101) scale(1 1)"])//*[name()='path' and @class="highcharts-point highcharts-color-1"]) [18]'.</msg>
<status status="PASS" starttime="20220922 18:32:50.138" endtime="20220922 18:32:50.499"/>
</kw>
<kw name="Get Element Count" library="SeleniumLibrary">
<var>${count}</var>
<arg>${Locate}</arg>
<doc>Returns the number of elements matching ``locator``.</doc>
<msg timestamp="20220922 18:32:50.516" level="INFO">${count} = 1</msg>
<status status="PASS" starttime="20220922 18:32:50.501" endtime="20220922 18:32:50.516"/>
</kw>
<for flavor="IN RANGE">
<var>${j}</var>
<value>${count}</value>
<iter>
<var name="${j}">0</var>
<kw name="Get Text" library="SeleniumLibrary">
<var>${Text}</var>
<arg>${Locate}</arg>
<doc>Returns the text value of the element identified by ``locator``.</doc>
<msg timestamp="20220922 18:32:50.549" level="INFO">${Text} = ● Datax: 18y: 3.8</msg>
<status status="PASS" starttime="20220922 18:32:50.518" endtime="20220922 18:32:50.549"/>
</kw>
<kw name="Log To Console" library="BuiltIn">
<arg>${Text}</arg>
<doc>Logs the given message to the console.</doc>
<status status="PASS" starttime="20220922 18:32:50.551" endtime="20220922 18:32:50.551"/>
</kw>
<status status="PASS" starttime="20220922 18:32:50.518" endtime="20220922 18:32:50.552"/>
</iter>
<status status="PASS" starttime="20220922 18:32:50.517" endtime="20220922 18:32:50.553"/>
</for>
<kw name="Unselect Frame" library="SeleniumLibrary">
<doc>Sets the main frame as the current frame.</doc>
<status status="PASS" starttime="20220922 18:32:50.553" endtime="20220922 18:32:50.563"/>
</kw>
<status status="PASS" starttime="20220922 18:32:50.094" endtime="20220922 18:32:50.564"/>
</iter>
<iter>
<var name="${i}">19</var>
<kw name="Select Frame" library="SeleniumLibrary">
<arg>//iframe[@title="Highcharts example"]</arg>
<doc>Sets frame identified by ``locator`` as the current frame.</doc>
<msg timestamp="20220922 18:32:50.565" level="INFO">Selecting frame '//iframe[@title="Highcharts example"]'.</msg>
<status status="PASS" starttime="20220922 18:32:50.565" endtime="20220922 18:32:50.611"/>
</kw>
<kw name="Mouse Over" library="SeleniumLibrary">
<arg>${Locator} [${i}]</arg>
<doc>Simulates hovering the mouse over the element ``locator``.</doc>
<msg timestamp="20220922 18:32:50.613" level="INFO">Simulating Mouse Over on element '((//*[local-name()='svg']//*[local-name()='g' and @transform="translate(70,101) scale(1 1)"])//*[name()='path' and @class="highcharts-point highcharts-color-1"]) [19]'.</msg>
<status status="PASS" starttime="20220922 18:32:50.612" endtime="20220922 18:32:50.935"/>
</kw>
<kw name="Get Element Count" library="SeleniumLibrary">
<var>${count}</var>
<arg>${Locate}</arg>
<doc>Returns the number of elements matching ``locator``.</doc>
<msg timestamp="20220922 18:32:50.952" level="INFO">${count} = 1</msg>
<status status="PASS" starttime="20220922 18:32:50.938" endtime="20220922 18:32:50.952"/>
</kw>
<for flavor="IN RANGE">
<var>${j}</var>
<value>${count}</value>
<iter>
<var name="${j}">0</var>
<kw name="Get Text" library="SeleniumLibrary">
<var>${Text}</var>
<arg>${Locate}</arg>
<doc>Returns the text value of the element identified by ``locator``.</doc>
<msg timestamp="20220922 18:32:50.981" level="INFO">${Text} = ● Datax: 19y: 3.8</msg>
<status status="PASS" starttime="20220922 18:32:50.955" endtime="20220922 18:32:50.982"/>
</kw>
<kw name="Log To Console" library="BuiltIn">
<arg>${Text}</arg>
<doc>Logs the given message to the console.</doc>
<status status="PASS" starttime="20220922 18:32:50.983" endtime="20220922 18:32:50.984"/>
</kw>
<status status="PASS" starttime="20220922 18:32:50.954" endtime="20220922 18:32:50.984"/>
</iter>
<status status="PASS" starttime="20220922 18:32:50.954" endtime="20220922 18:32:50.985"/>
</for>
<kw name="Unselect Frame" library="SeleniumLibrary">
<doc>Sets the main frame as the current frame.</doc>
<status status="PASS" starttime="20220922 18:32:50.985" endtime="20220922 18:32:50.994"/>
</kw>
<status status="PASS" starttime="20220922 18:32:50.564" endtime="20220922 18:32:50.995"/>
</iter>
<iter>
<var name="${i}">20</var>
<kw name="Select Frame" library="SeleniumLibrary">
<arg>//iframe[@title="Highcharts example"]</arg>
<doc>Sets frame identified by ``locator`` as the current frame.</doc>
<msg timestamp="20220922 18:32:50.996" level="INFO">Selecting frame '//iframe[@title="Highcharts example"]'.</msg>
<status status="PASS" starttime="20220922 18:32:50.996" endtime="20220922 18:32:51.031"/>
</kw>
<kw name="Mouse Over" library="SeleniumLibrary">
<arg>${Locator} [${i}]</arg>
<doc>Simulates hovering the mouse over the element ``locator``.</doc>
<msg timestamp="20220922 18:32:51.034" level="INFO">Simulating Mouse Over on element '((//*[local-name()='svg']//*[local-name()='g' and @transform="translate(70,101) scale(1 1)"])//*[name()='path' and @class="highcharts-point highcharts-color-1"]) [20]'.</msg>
<status status="PASS" starttime="20220922 18:32:51.033" endtime="20220922 18:32:51.430"/>
</kw>
<kw name="Get Element Count" library="SeleniumLibrary">
<var>${count}</var>
<arg>${Locate}</arg>
<doc>Returns the number of elements matching ``locator``.</doc>
<msg timestamp="20220922 18:32:51.709" level="INFO">${count} = 1</msg>
<status status="PASS" starttime="20220922 18:32:51.432" endtime="20220922 18:32:51.709"/>
</kw>
<for flavor="IN RANGE">
<var>${j}</var>
<value>${count}</value>
<iter>
<var name="${j}">0</var>
<kw name="Get Text" library="SeleniumLibrary">
<var>${Text}</var>
<arg>${Locate}</arg>
<doc>Returns the text value of the element identified by ``locator``.</doc>
<msg timestamp="20220922 18:32:51.940" level="INFO">${Text} = ● Datax: 20y: 3.4</msg>
<status status="PASS" starttime="20220922 18:32:51.712" endtime="20220922 18:32:51.940"/>
</kw>
<kw name="Log To Console" library="BuiltIn">
<arg>${Text}</arg>
<doc>Logs the given message to the console.</doc>
<status status="PASS" starttime="20220922 18:32:51.942" endtime="20220922 18:32:51.943"/>
</kw>
<status status="PASS" starttime="20220922 18:32:51.712" endtime="20220922 18:32:51.943"/>
</iter>
<status status="PASS" starttime="20220922 18:32:51.711" endtime="20220922 18:32:51.944"/>
</for>
<kw name="Unselect Frame" library="SeleniumLibrary">
<doc>Sets the main frame as the current frame.</doc>
<status status="PASS" starttime="20220922 18:32:51.944" endtime="20220922 18:32:51.982"/>
</kw>
<status status="PASS" starttime="20220922 18:32:50.995" endtime="20220922 18:32:51.983"/>
</iter>
<iter>
<var name="${i}">21</var>
<kw name="Select Frame" library="SeleniumLibrary">
<arg>//iframe[@title="Highcharts example"]</arg>
<doc>Sets frame identified by ``locator`` as the current frame.</doc>
<msg timestamp="20220922 18:32:51.984" level="INFO">Selecting frame '//iframe[@title="Highcharts example"]'.</msg>
<status status="PASS" starttime="20220922 18:32:51.984" endtime="20220922 18:32:52.025"/>
</kw>
<kw name="Mouse Over" library="SeleniumLibrary">
<arg>${Locator} [${i}]</arg>
<doc>Simulates hovering the mouse over the element ``locator``.</doc>
<msg timestamp="20220922 18:32:52.027" level="INFO">Simulating Mouse Over on element '((//*[local-name()='svg']//*[local-name()='g' and @transform="translate(70,101) scale(1 1)"])//*[name()='path' and @class="highcharts-point highcharts-color-1"]) [21]'.</msg>
<status status="PASS" starttime="20220922 18:32:52.026" endtime="20220922 18:32:52.390"/>
</kw>
<kw name="Get Element Count" library="SeleniumLibrary">
<var>${count}</var>
<arg>${Locate}</arg>
<doc>Returns the number of elements matching ``locator``.</doc>
<msg timestamp="20220922 18:32:52.453" level="INFO">${count} = 1</msg>
<status status="PASS" starttime="20220922 18:32:52.392" endtime="20220922 18:32:52.453"/>
</kw>
<for flavor="IN RANGE">
<var>${j}</var>
<value>${count}</value>
<iter>
<var name="${j}">0</var>
<kw name="Get Text" library="SeleniumLibrary">
<var>${Text}</var>
<arg>${Locate}</arg>
<doc>Returns the text value of the element identified by ``locator``.</doc>
<msg timestamp="20220922 18:32:52.569" level="INFO">${Text} = ● Datax: 21y: 3.7</msg>
<status status="PASS" starttime="20220922 18:32:52.457" endtime="20220922 18:32:52.569"/>
</kw>
<kw name="Log To Console" library="BuiltIn">
<arg>${Text}</arg>
<doc>Logs the given message to the console.</doc>
<status status="PASS" starttime="20220922 18:32:52.573" endtime="20220922 18:32:52.574"/>
</kw>
<status status="PASS" starttime="20220922 18:32:52.456" endtime="20220922 18:32:52.574"/>
</iter>
<status status="PASS" starttime="20220922 18:32:52.455" endtime="20220922 18:32:52.575"/>
</for>
<kw name="Unselect Frame" library="SeleniumLibrary">
<doc>Sets the main frame as the current frame.</doc>
<status status="PASS" starttime="20220922 18:32:52.575" endtime="20220922 18:32:52.588"/>
</kw>
<status status="PASS" starttime="20220922 18:32:51.983" endtime="20220922 18:32:52.589"/>
</iter>
<iter>
<var name="${i}">22</var>
<kw name="Select Frame" library="SeleniumLibrary">
<arg>//iframe[@title="Highcharts example"]</arg>
<doc>Sets frame identified by ``locator`` as the current frame.</doc>
<msg timestamp="20220922 18:32:52.591" level="INFO">Selecting frame '//iframe[@title="Highcharts example"]'.</msg>
<status status="PASS" starttime="20220922 18:32:52.591" endtime="20220922 18:32:52.626"/>
</kw>
<kw name="Mouse Over" library="SeleniumLibrary">
<arg>${Locator} [${i}]</arg>
<doc>Simulates hovering the mouse over the element ``locator``.</doc>
<msg timestamp="20220922 18:32:52.628" level="INFO">Simulating Mouse Over on element '((//*[local-name()='svg']//*[local-name()='g' and @transform="translate(70,101) scale(1 1)"])//*[name()='path' and @class="highcharts-point highcharts-color-1"]) [22]'.</msg>
<status status="PASS" starttime="20220922 18:32:52.628" endtime="20220922 18:32:52.977"/>
</kw>
<kw name="Get Element Count" library="SeleniumLibrary">
<var>${count}</var>
<arg>${Locate}</arg>
<doc>Returns the number of elements matching ``locator``.</doc>
<msg timestamp="20220922 18:32:53.027" level="INFO">${count} = 1</msg>
<status status="PASS" starttime="20220922 18:32:52.979" endtime="20220922 18:32:53.027"/>
</kw>
<for flavor="IN RANGE">
<var>${j}</var>
<value>${count}</value>
<iter>
<var name="${j}">0</var>
<kw name="Get Text" library="SeleniumLibrary">
<var>${Text}</var>
<arg>${Locate}</arg>
<doc>Returns the text value of the element identified by ``locator``.</doc>
<msg timestamp="20220922 18:32:53.067" level="INFO">${Text} = ● Datax: 22y: 3.6</msg>
<status status="PASS" starttime="20220922 18:32:53.030" endtime="20220922 18:32:53.067"/>
</kw>
<kw name="Log To Console" library="BuiltIn">
<arg>${Text}</arg>
<doc>Logs the given message to the console.</doc>
<status status="PASS" starttime="20220922 18:32:53.069" endtime="20220922 18:32:53.069"/>
</kw>
<status status="PASS" starttime="20220922 18:32:53.029" endtime="20220922 18:32:53.070"/>
</iter>
<status status="PASS" starttime="20220922 18:32:53.029" endtime="20220922 18:32:53.070"/>
</for>
<kw name="Unselect Frame" library="SeleniumLibrary">
<doc>Sets the main frame as the current frame.</doc>
<status status="PASS" starttime="20220922 18:32:53.071" endtime="20220922 18:32:53.081"/>
</kw>
<status status="PASS" starttime="20220922 18:32:52.590" endtime="20220922 18:32:53.082"/>
</iter>
<iter>
<var name="${i}">23</var>
<kw name="Select Frame" library="SeleniumLibrary">
<arg>//iframe[@title="Highcharts example"]</arg>
<doc>Sets frame identified by ``locator`` as the current frame.</doc>
<msg timestamp="20220922 18:32:53.084" level="INFO">Selecting frame '//iframe[@title="Highcharts example"]'.</msg>
<status status="PASS" starttime="20220922 18:32:53.083" endtime="20220922 18:32:53.127"/>
</kw>
<kw name="Mouse Over" library="SeleniumLibrary">
<arg>${Locator} [${i}]</arg>
<doc>Simulates hovering the mouse over the element ``locator``.</doc>
<msg timestamp="20220922 18:32:53.130" level="INFO">Simulating Mouse Over on element '((//*[local-name()='svg']//*[local-name()='g' and @transform="translate(70,101) scale(1 1)"])//*[name()='path' and @class="highcharts-point highcharts-color-1"]) [23]'.</msg>
<status status="PASS" starttime="20220922 18:32:53.129" endtime="20220922 18:32:53.962"/>
</kw>
<kw name="Get Element Count" library="SeleniumLibrary">
<var>${count}</var>
<arg>${Locate}</arg>
<doc>Returns the number of elements matching ``locator``.</doc>
<msg timestamp="20220922 18:32:54.094" level="INFO">${count} = 1</msg>
<status status="PASS" starttime="20220922 18:32:53.963" endtime="20220922 18:32:54.094"/>
</kw>
<for flavor="IN RANGE">
<var>${j}</var>
<value>${count}</value>
<iter>
<var name="${j}">0</var>
<kw name="Get Text" library="SeleniumLibrary">
<var>${Text}</var>
<arg>${Locate}</arg>
<doc>Returns the text value of the element identified by ``locator``.</doc>
<msg timestamp="20220922 18:32:54.327" level="INFO">${Text} = ● Datax: 23y: 3.3</msg>
<status status="PASS" starttime="20220922 18:32:54.096" endtime="20220922 18:32:54.327"/>
</kw>
<kw name="Log To Console" library="BuiltIn">
<arg>${Text}</arg>
<doc>Logs the given message to the console.</doc>
<status status="PASS" starttime="20220922 18:32:54.329" endtime="20220922 18:32:54.330"/>
</kw>
<status status="PASS" starttime="20220922 18:32:54.096" endtime="20220922 18:32:54.330"/>
</iter>
<status status="PASS" starttime="20220922 18:32:54.095" endtime="20220922 18:32:54.331"/>
</for>
<kw name="Unselect Frame" library="SeleniumLibrary">
<doc>Sets the main frame as the current frame.</doc>
<status status="PASS" starttime="20220922 18:32:54.331" endtime="20220922 18:32:54.367"/>
</kw>
<status status="PASS" starttime="20220922 18:32:53.083" endtime="20220922 18:32:54.368"/>
</iter>
<iter>
<var name="${i}">24</var>
<kw name="Select Frame" library="SeleniumLibrary">
<arg>//iframe[@title="Highcharts example"]</arg>
<doc>Sets frame identified by ``locator`` as the current frame.</doc>
<msg timestamp="20220922 18:32:54.369" level="INFO">Selecting frame '//iframe[@title="Highcharts example"]'.</msg>
<status status="PASS" starttime="20220922 18:32:54.369" endtime="20220922 18:32:54.464"/>
</kw>
<kw name="Mouse Over" library="SeleniumLibrary">
<arg>${Locator} [${i}]</arg>
<doc>Simulates hovering the mouse over the element ``locator``.</doc>
<msg timestamp="20220922 18:32:54.466" level="INFO">Simulating Mouse Over on element '((//*[local-name()='svg']//*[local-name()='g' and @transform="translate(70,101) scale(1 1)"])//*[name()='path' and @class="highcharts-point highcharts-color-1"]) [24]'.</msg>
<status status="PASS" starttime="20220922 18:32:54.466" endtime="20220922 18:32:55.049"/>
</kw>
<kw name="Get Element Count" library="SeleniumLibrary">
<var>${count}</var>
<arg>${Locate}</arg>
<doc>Returns the number of elements matching ``locator``.</doc>
<msg timestamp="20220922 18:32:55.069" level="INFO">${count} = 1</msg>
<status status="PASS" starttime="20220922 18:32:55.051" endtime="20220922 18:32:55.069"/>
</kw>
<for flavor="IN RANGE">
<var>${j}</var>
<value>${count}</value>
<iter>
<var name="${j}">0</var>
<kw name="Get Text" library="SeleniumLibrary">
<var>${Text}</var>
<arg>${Locate}</arg>
<doc>Returns the text value of the element identified by ``locator``.</doc>
<msg timestamp="20220922 18:32:55.100" level="INFO">${Text} = ● Datax: 24y: 3.4</msg>
<status status="PASS" starttime="20220922 18:32:55.072" endtime="20220922 18:32:55.100"/>
</kw>
<kw name="Log To Console" library="BuiltIn">
<arg>${Text}</arg>
<doc>Logs the given message to the console.</doc>
<status status="PASS" starttime="20220922 18:32:55.101" endtime="20220922 18:32:55.102"/>
</kw>
<status status="PASS" starttime="20220922 18:32:55.071" endtime="20220922 18:32:55.103"/>
</iter>
<status status="PASS" starttime="20220922 18:32:55.070" endtime="20220922 18:32:55.103"/>
</for>
<kw name="Unselect Frame" library="SeleniumLibrary">
<doc>Sets the main frame as the current frame.</doc>
<status status="PASS" starttime="20220922 18:32:55.104" endtime="20220922 18:32:55.116"/>
</kw>
<status status="PASS" starttime="20220922 18:32:54.368" endtime="20220922 18:32:55.116"/>
</iter>
<iter>
<var name="${i}">25</var>
<kw name="Select Frame" library="SeleniumLibrary">
<arg>//iframe[@title="Highcharts example"]</arg>
<doc>Sets frame identified by ``locator`` as the current frame.</doc>
<msg timestamp="20220922 18:32:55.117" level="INFO">Selecting frame '//iframe[@title="Highcharts example"]'.</msg>
<status status="PASS" starttime="20220922 18:32:55.117" endtime="20220922 18:32:55.153"/>
</kw>
<kw name="Mouse Over" library="SeleniumLibrary">
<arg>${Locator} [${i}]</arg>
<doc>Simulates hovering the mouse over the element ``locator``.</doc>
<msg timestamp="20220922 18:32:55.157" level="INFO">Simulating Mouse Over on element '((//*[local-name()='svg']//*[local-name()='g' and @transform="translate(70,101) scale(1 1)"])//*[name()='path' and @class="highcharts-point highcharts-color-1"]) [25]'.</msg>
<status status="PASS" starttime="20220922 18:32:55.155" endtime="20220922 18:32:55.514"/>
</kw>
<kw name="Get Element Count" library="SeleniumLibrary">
<var>${count}</var>
<arg>${Locate}</arg>
<doc>Returns the number of elements matching ``locator``.</doc>
<msg timestamp="20220922 18:32:55.528" level="INFO">${count} = 1</msg>
<status status="PASS" starttime="20220922 18:32:55.515" endtime="20220922 18:32:55.528"/>
</kw>
<for flavor="IN RANGE">
<var>${j}</var>
<value>${count}</value>
<iter>
<var name="${j}">0</var>
<kw name="Get Text" library="SeleniumLibrary">
<var>${Text}</var>
<arg>${Locate}</arg>
<doc>Returns the text value of the element identified by ``locator``.</doc>
<msg timestamp="20220922 18:32:55.564" level="INFO">${Text} = ● Datax: 25y: 3</msg>
<status status="PASS" starttime="20220922 18:32:55.531" endtime="20220922 18:32:55.564"/>
</kw>
<kw name="Log To Console" library="BuiltIn">
<arg>${Text}</arg>
<doc>Logs the given message to the console.</doc>
<status status="PASS" starttime="20220922 18:32:55.566" endtime="20220922 18:32:55.566"/>
</kw>
<status status="PASS" starttime="20220922 18:32:55.531" endtime="20220922 18:32:55.567"/>
</iter>
<status status="PASS" starttime="20220922 18:32:55.530" endtime="20220922 18:32:55.568"/>
</for>
<kw name="Unselect Frame" library="SeleniumLibrary">
<doc>Sets the main frame as the current frame.</doc>
<status status="PASS" starttime="20220922 18:32:55.568" endtime="20220922 18:32:55.571"/>
</kw>
<status status="PASS" starttime="20220922 18:32:55.117" endtime="20220922 18:32:55.572"/>
</iter>
<iter>
<var name="${i}">26</var>
<kw name="Select Frame" library="SeleniumLibrary">
<arg>//iframe[@title="Highcharts example"]</arg>
<doc>Sets frame identified by ``locator`` as the current frame.</doc>
<msg timestamp="20220922 18:32:55.574" level="INFO">Selecting frame '//iframe[@title="Highcharts example"]'.</msg>
<status status="PASS" starttime="20220922 18:32:55.573" endtime="20220922 18:32:55.645"/>
</kw>
<kw name="Mouse Over" library="SeleniumLibrary">
<arg>${Locator} [${i}]</arg>
<doc>Simulates hovering the mouse over the element ``locator``.</doc>
<msg timestamp="20220922 18:32:55.648" level="INFO">Simulating Mouse Over on element '((//*[local-name()='svg']//*[local-name()='g' and @transform="translate(70,101) scale(1 1)"])//*[name()='path' and @class="highcharts-point highcharts-color-1"]) [26]'.</msg>
<status status="PASS" starttime="20220922 18:32:55.647" endtime="20220922 18:32:56.003"/>
</kw>
<kw name="Get Element Count" library="SeleniumLibrary">
<var>${count}</var>
<arg>${Locate}</arg>
<doc>Returns the number of elements matching ``locator``.</doc>
<msg timestamp="20220922 18:32:56.022" level="INFO">${count} = 1</msg>
<status status="PASS" starttime="20220922 18:32:56.005" endtime="20220922 18:32:56.022"/>
</kw>
<for flavor="IN RANGE">
<var>${j}</var>
<value>${count}</value>
<iter>
<var name="${j}">0</var>
<kw name="Get Text" library="SeleniumLibrary">
<var>${Text}</var>
<arg>${Locate}</arg>
<doc>Returns the text value of the element identified by ``locator``.</doc>
<msg timestamp="20220922 18:32:56.054" level="INFO">${Text} = ● Datax: 26y: 3.4</msg>
<status status="PASS" starttime="20220922 18:32:56.025" endtime="20220922 18:32:56.054"/>
</kw>
<kw name="Log To Console" library="BuiltIn">
<arg>${Text}</arg>
<doc>Logs the given message to the console.</doc>
<status status="PASS" starttime="20220922 18:32:56.056" endtime="20220922 18:32:56.057"/>
</kw>
<status status="PASS" starttime="20220922 18:32:56.025" endtime="20220922 18:32:56.058"/>
</iter>
<status status="PASS" starttime="20220922 18:32:56.024" endtime="20220922 18:32:56.058"/>
</for>
<kw name="Unselect Frame" library="SeleniumLibrary">
<doc>Sets the main frame as the current frame.</doc>
<status status="PASS" starttime="20220922 18:32:56.059" endtime="20220922 18:32:56.063"/>
</kw>
<status status="PASS" starttime="20220922 18:32:55.573" endtime="20220922 18:32:56.063"/>
</iter>
<iter>
<var name="${i}">27</var>
<kw name="Select Frame" library="SeleniumLibrary">
<arg>//iframe[@title="Highcharts example"]</arg>
<doc>Sets frame identified by ``locator`` as the current frame.</doc>
<msg timestamp="20220922 18:32:56.065" level="INFO">Selecting frame '//iframe[@title="Highcharts example"]'.</msg>
<status status="PASS" starttime="20220922 18:32:56.064" endtime="20220922 18:32:56.151"/>
</kw>
<kw name="Mouse Over" library="SeleniumLibrary">
<arg>${Locator} [${i}]</arg>
<doc>Simulates hovering the mouse over the element ``locator``.</doc>
<msg timestamp="20220922 18:32:56.153" level="INFO">Simulating Mouse Over on element '((//*[local-name()='svg']//*[local-name()='g' and @transform="translate(70,101) scale(1 1)"])//*[name()='path' and @class="highcharts-point highcharts-color-1"]) [27]'.</msg>
<status status="PASS" starttime="20220922 18:32:56.152" endtime="20220922 18:32:56.584"/>
</kw>
<kw name="Get Element Count" library="SeleniumLibrary">
<var>${count}</var>
<arg>${Locate}</arg>
<doc>Returns the number of elements matching ``locator``.</doc>
<msg timestamp="20220922 18:32:56.602" level="INFO">${count} = 1</msg>
<status status="PASS" starttime="20220922 18:32:56.585" endtime="20220922 18:32:56.602"/>
</kw>
<for flavor="IN RANGE">
<var>${j}</var>
<value>${count}</value>
<iter>
<var name="${j}">0</var>
<kw name="Get Text" library="SeleniumLibrary">
<var>${Text}</var>
<arg>${Locate}</arg>
<doc>Returns the text value of the element identified by ``locator``.</doc>
<msg timestamp="20220922 18:32:56.636" level="INFO">${Text} = ● Datax: 27y: 3.5</msg>
<status status="PASS" starttime="20220922 18:32:56.605" endtime="20220922 18:32:56.636"/>
</kw>
<kw name="Log To Console" library="BuiltIn">
<arg>${Text}</arg>
<doc>Logs the given message to the console.</doc>
<status status="PASS" starttime="20220922 18:32:56.638" endtime="20220922 18:32:56.639"/>
</kw>
<status status="PASS" starttime="20220922 18:32:56.605" endtime="20220922 18:32:56.640"/>
</iter>
<status status="PASS" starttime="20220922 18:32:56.604" endtime="20220922 18:32:56.640"/>
</for>
<kw name="Unselect Frame" library="SeleniumLibrary">
<doc>Sets the main frame as the current frame.</doc>
<status status="PASS" starttime="20220922 18:32:56.641" endtime="20220922 18:32:56.651"/>
</kw>
<status status="PASS" starttime="20220922 18:32:56.064" endtime="20220922 18:32:56.651"/>
</iter>
<iter>
<var name="${i}">28</var>
<kw name="Select Frame" library="SeleniumLibrary">
<arg>//iframe[@title="Highcharts example"]</arg>
<doc>Sets frame identified by ``locator`` as the current frame.</doc>
<msg timestamp="20220922 18:32:56.653" level="INFO">Selecting frame '//iframe[@title="Highcharts example"]'.</msg>
<status status="PASS" starttime="20220922 18:32:56.652" endtime="20220922 18:32:56.722"/>
</kw>
<kw name="Mouse Over" library="SeleniumLibrary">
<arg>${Locator} [${i}]</arg>
<doc>Simulates hovering the mouse over the element ``locator``.</doc>
<msg timestamp="20220922 18:32:56.725" level="INFO">Simulating Mouse Over on element '((//*[local-name()='svg']//*[local-name()='g' and @transform="translate(70,101) scale(1 1)"])//*[name()='path' and @class="highcharts-point highcharts-color-1"]) [28]'.</msg>
<status status="PASS" starttime="20220922 18:32:56.724" endtime="20220922 18:32:57.120"/>
</kw>
<kw name="Get Element Count" library="SeleniumLibrary">
<var>${count}</var>
<arg>${Locate}</arg>
<doc>Returns the number of elements matching ``locator``.</doc>
<msg timestamp="20220922 18:32:57.152" level="INFO">${count} = 1</msg>
<status status="PASS" starttime="20220922 18:32:57.122" endtime="20220922 18:32:57.152"/>
</kw>
<for flavor="IN RANGE">
<var>${j}</var>
<value>${count}</value>
<iter>
<var name="${j}">0</var>
<kw name="Get Text" library="SeleniumLibrary">
<var>${Text}</var>
<arg>${Locate}</arg>
<doc>Returns the text value of the element identified by ``locator``.</doc>
<msg timestamp="20220922 18:32:57.207" level="INFO">${Text} = ● Datax: 28y: 3.4</msg>
<status status="PASS" starttime="20220922 18:32:57.155" endtime="20220922 18:32:57.207"/>
</kw>
<kw name="Log To Console" library="BuiltIn">
<arg>${Text}</arg>
<doc>Logs the given message to the console.</doc>
<status status="PASS" starttime="20220922 18:32:57.209" endtime="20220922 18:32:57.210"/>
</kw>
<status status="PASS" starttime="20220922 18:32:57.154" endtime="20220922 18:32:57.211"/>
</iter>
<status status="PASS" starttime="20220922 18:32:57.154" endtime="20220922 18:32:57.211"/>
</for>
<kw name="Unselect Frame" library="SeleniumLibrary">
<doc>Sets the main frame as the current frame.</doc>
<status status="PASS" starttime="20220922 18:32:57.212" endtime="20220922 18:32:57.265"/>
</kw>
<status status="PASS" starttime="20220922 18:32:56.652" endtime="20220922 18:32:57.266"/>
</iter>
<iter>
<var name="${i}">29</var>
<kw name="Select Frame" library="SeleniumLibrary">
<arg>//iframe[@title="Highcharts example"]</arg>
<doc>Sets frame identified by ``locator`` as the current frame.</doc>
<msg timestamp="20220922 18:32:57.268" level="INFO">Selecting frame '//iframe[@title="Highcharts example"]'.</msg>
<status status="PASS" starttime="20220922 18:32:57.267" endtime="20220922 18:32:57.362"/>
</kw>
<kw name="Mouse Over" library="SeleniumLibrary">
<arg>${Locator} [${i}]</arg>
<doc>Simulates hovering the mouse over the element ``locator``.</doc>
<msg timestamp="20220922 18:32:57.364" level="INFO">Simulating Mouse Over on element '((//*[local-name()='svg']//*[local-name()='g' and @transform="translate(70,101) scale(1 1)"])//*[name()='path' and @class="highcharts-point highcharts-color-1"]) [29]'.</msg>
<status status="PASS" starttime="20220922 18:32:57.364" endtime="20220922 18:32:57.754"/>
</kw>
<kw name="Get Element Count" library="SeleniumLibrary">
<var>${count}</var>
<arg>${Locate}</arg>
<doc>Returns the number of elements matching ``locator``.</doc>
<msg timestamp="20220922 18:32:57.789" level="INFO">${count} = 1</msg>
<status status="PASS" starttime="20220922 18:32:57.755" endtime="20220922 18:32:57.789"/>
</kw>
<for flavor="IN RANGE">
<var>${j}</var>
<value>${count}</value>
<iter>
<var name="${j}">0</var>
<kw name="Get Text" library="SeleniumLibrary">
<var>${Text}</var>
<arg>${Locate}</arg>
<doc>Returns the text value of the element identified by ``locator``.</doc>
<msg timestamp="20220922 18:32:57.835" level="INFO">${Text} = ● Datax: 29y: 3.2</msg>
<status status="PASS" starttime="20220922 18:32:57.792" endtime="20220922 18:32:57.835"/>
</kw>
<kw name="Log To Console" library="BuiltIn">
<arg>${Text}</arg>
<doc>Logs the given message to the console.</doc>
<status status="PASS" starttime="20220922 18:32:57.837" endtime="20220922 18:32:57.838"/>
</kw>
<status status="PASS" starttime="20220922 18:32:57.792" endtime="20220922 18:32:57.838"/>
</iter>
<status status="PASS" starttime="20220922 18:32:57.791" endtime="20220922 18:32:57.838"/>
</for>
<kw name="Unselect Frame" library="SeleniumLibrary">
<doc>Sets the main frame as the current frame.</doc>
<status status="PASS" starttime="20220922 18:32:57.839" endtime="20220922 18:32:57.846"/>
</kw>
<status status="PASS" starttime="20220922 18:32:57.267" endtime="20220922 18:32:57.846"/>
</iter>
<iter>
<var name="${i}">30</var>
<kw name="Select Frame" library="SeleniumLibrary">
<arg>//iframe[@title="Highcharts example"]</arg>
<doc>Sets frame identified by ``locator`` as the current frame.</doc>
<msg timestamp="20220922 18:32:57.847" level="INFO">Selecting frame '//iframe[@title="Highcharts example"]'.</msg>
<status status="PASS" starttime="20220922 18:32:57.847" endtime="20220922 18:32:57.901"/>
</kw>
<kw name="Mouse Over" library="SeleniumLibrary">
<arg>${Locator} [${i}]</arg>
<doc>Simulates hovering the mouse over the element ``locator``.</doc>
<msg timestamp="20220922 18:32:57.903" level="INFO">Simulating Mouse Over on element '((//*[local-name()='svg']//*[local-name()='g' and @transform="translate(70,101) scale(1 1)"])//*[name()='path' and @class="highcharts-point highcharts-color-1"]) [30]'.</msg>
<status status="PASS" starttime="20220922 18:32:57.903" endtime="20220922 18:32:58.265"/>
</kw>
<kw name="Get Element Count" library="SeleniumLibrary">
<var>${count}</var>
<arg>${Locate}</arg>
<doc>Returns the number of elements matching ``locator``.</doc>
<msg timestamp="20220922 18:32:58.285" level="INFO">${count} = 1</msg>
<status status="PASS" starttime="20220922 18:32:58.267" endtime="20220922 18:32:58.285"/>
</kw>
<for flavor="IN RANGE">
<var>${j}</var>
<value>${count}</value>
<iter>
<var name="${j}">0</var>
<kw name="Get Text" library="SeleniumLibrary">
<var>${Text}</var>
<arg>${Locate}</arg>
<doc>Returns the text value of the element identified by ``locator``.</doc>
<msg timestamp="20220922 18:32:58.339" level="INFO">${Text} = ● Datax: 30y: 3.1</msg>
<status status="PASS" starttime="20220922 18:32:58.287" endtime="20220922 18:32:58.339"/>
</kw>
<kw name="Log To Console" library="BuiltIn">
<arg>${Text}</arg>
<doc>Logs the given message to the console.</doc>
<status status="PASS" starttime="20220922 18:32:58.341" endtime="20220922 18:32:58.341"/>
</kw>
<status status="PASS" starttime="20220922 18:32:58.287" endtime="20220922 18:32:58.342"/>
</iter>
<status status="PASS" starttime="20220922 18:32:58.286" endtime="20220922 18:32:58.342"/>
</for>
<kw name="Unselect Frame" library="SeleniumLibrary">
<doc>Sets the main frame as the current frame.</doc>
<status status="PASS" starttime="20220922 18:32:58.343" endtime="20220922 18:32:58.347"/>
</kw>
<status status="PASS" starttime="20220922 18:32:57.846" endtime="20220922 18:32:58.347"/>
</iter>
<iter>
<var name="${i}">31</var>
<kw name="Select Frame" library="SeleniumLibrary">
<arg>//iframe[@title="Highcharts example"]</arg>
<doc>Sets frame identified by ``locator`` as the current frame.</doc>
<msg timestamp="20220922 18:32:58.349" level="INFO">Selecting frame '//iframe[@title="Highcharts example"]'.</msg>
<status status="PASS" starttime="20220922 18:32:58.348" endtime="20220922 18:32:58.384"/>
</kw>
<kw name="Mouse Over" library="SeleniumLibrary">
<arg>${Locator} [${i}]</arg>
<doc>Simulates hovering the mouse over the element ``locator``.</doc>
<msg timestamp="20220922 18:32:58.386" level="INFO">Simulating Mouse Over on element '((//*[local-name()='svg']//*[local-name()='g' and @transform="translate(70,101) scale(1 1)"])//*[name()='path' and @class="highcharts-point highcharts-color-1"]) [31]'.</msg>
<status status="PASS" starttime="20220922 18:32:58.385" endtime="20220922 18:32:58.789"/>
</kw>
<kw name="Get Element Count" library="SeleniumLibrary">
<var>${count}</var>
<arg>${Locate}</arg>
<doc>Returns the number of elements matching ``locator``.</doc>
<msg timestamp="20220922 18:32:58.803" level="INFO">${count} = 1</msg>
<status status="PASS" starttime="20220922 18:32:58.791" endtime="20220922 18:32:58.804"/>
</kw>
<for flavor="IN RANGE">
<var>${j}</var>
<value>${count}</value>
<iter>
<var name="${j}">0</var>
<kw name="Get Text" library="SeleniumLibrary">
<var>${Text}</var>
<arg>${Locate}</arg>
<doc>Returns the text value of the element identified by ``locator``.</doc>
<msg timestamp="20220922 18:32:58.835" level="INFO">${Text} = ● Datax: 31y: 3.4</msg>
<status status="PASS" starttime="20220922 18:32:58.806" endtime="20220922 18:32:58.835"/>
</kw>
<kw name="Log To Console" library="BuiltIn">
<arg>${Text}</arg>
<doc>Logs the given message to the console.</doc>
<status status="PASS" starttime="20220922 18:32:58.837" endtime="20220922 18:32:58.837"/>
</kw>
<status status="PASS" starttime="20220922 18:32:58.806" endtime="20220922 18:32:58.838"/>
</iter>
<status status="PASS" starttime="20220922 18:32:58.805" endtime="20220922 18:32:58.838"/>
</for>
<kw name="Unselect Frame" library="SeleniumLibrary">
<doc>Sets the main frame as the current frame.</doc>
<status status="PASS" starttime="20220922 18:32:58.839" endtime="20220922 18:32:58.853"/>
</kw>
<status status="PASS" starttime="20220922 18:32:58.348" endtime="20220922 18:32:58.854"/>
</iter>
<iter>
<var name="${i}">32</var>
<kw name="Select Frame" library="SeleniumLibrary">
<arg>//iframe[@title="Highcharts example"]</arg>
<doc>Sets frame identified by ``locator`` as the current frame.</doc>
<msg timestamp="20220922 18:32:58.855" level="INFO">Selecting frame '//iframe[@title="Highcharts example"]'.</msg>
<status status="PASS" starttime="20220922 18:32:58.854" endtime="20220922 18:32:59.021"/>
</kw>
<kw name="Mouse Over" library="SeleniumLibrary">
<arg>${Locator} [${i}]</arg>
<doc>Simulates hovering the mouse over the element ``locator``.</doc>
<msg timestamp="20220922 18:32:59.024" level="INFO">Simulating Mouse Over on element '((//*[local-name()='svg']//*[local-name()='g' and @transform="translate(70,101) scale(1 1)"])//*[name()='path' and @class="highcharts-point highcharts-color-1"]) [32]'.</msg>
<status status="PASS" starttime="20220922 18:32:59.023" endtime="20220922 18:32:59.457"/>
</kw>
<kw name="Get Element Count" library="SeleniumLibrary">
<var>${count}</var>
<arg>${Locate}</arg>
<doc>Returns the number of elements matching ``locator``.</doc>
<msg timestamp="20220922 18:32:59.496" level="INFO">${count} = 1</msg>
<status status="PASS" starttime="20220922 18:32:59.458" endtime="20220922 18:32:59.496"/>
</kw>
<for flavor="IN RANGE">
<var>${j}</var>
<value>${count}</value>
<iter>
<var name="${j}">0</var>
<kw name="Get Text" library="SeleniumLibrary">
<var>${Text}</var>
<arg>${Locate}</arg>
<doc>Returns the text value of the element identified by ``locator``.</doc>
<msg timestamp="20220922 18:32:59.535" level="INFO">${Text} = ● Datax: 32y: 4.1</msg>
<status status="PASS" starttime="20220922 18:32:59.498" endtime="20220922 18:32:59.535"/>
</kw>
<kw name="Log To Console" library="BuiltIn">
<arg>${Text}</arg>
<doc>Logs the given message to the console.</doc>
<status status="PASS" starttime="20220922 18:32:59.536" endtime="20220922 18:32:59.537"/>
</kw>
<status status="PASS" starttime="20220922 18:32:59.498" endtime="20220922 18:32:59.537"/>
</iter>
<status status="PASS" starttime="20220922 18:32:59.497" endtime="20220922 18:32:59.538"/>
</for>
<kw name="Unselect Frame" library="SeleniumLibrary">
<doc>Sets the main frame as the current frame.</doc>
<status status="PASS" starttime="20220922 18:32:59.538" endtime="20220922 18:32:59.545"/>
</kw>
<status status="PASS" starttime="20220922 18:32:58.854" endtime="20220922 18:32:59.546"/>
</iter>
<iter>
<var name="${i}">33</var>
[...]
<status status="PASS" starttime="20220922 18:34:00.574" endtime="20220922 18:34:00.580"/>
</kw>
<status status="PASS" starttime="20220922 18:34:00.034" endtime="20220922 18:34:00.580"/>
</iter>
<iter>
<var name="${i}">138</var>
<kw name="Select Frame" library="SeleniumLibrary">
<arg>//iframe[@title="Highcharts example"]</arg>
<doc>Sets frame identified by ``locator`` as the current frame.</doc>
<msg timestamp="20220922 18:34:00.582" level="INFO">Selecting frame '//iframe[@title="Highcharts example"]'.</msg>
<status status="PASS" starttime="20220922 18:34:00.581" endtime="20220922 18:34:00.604"/>
</kw>
<kw name="Mouse Over" library="SeleniumLibrary">
<arg>${Locator} [${i}]</arg>
<doc>Simulates hovering the mouse over the element ``locator``.</doc>
<msg timestamp="20220922 18:34:00.607" level="INFO">Simulating Mouse Over on element '((//*[local-name()='svg']//*[local-name()='g' and @transform="translate(70,101) scale(1 1)"])//*[name()='path' and @class="highcharts-point highcharts-color-1"]) [138]'.</msg>
<status status="PASS" starttime="20220922 18:34:00.606" endtime="20220922 18:34:00.925"/>
</kw>
<kw name="Get Element Count" library="SeleniumLibrary">
<var>${count}</var>
<arg>${Locate}</arg>
<doc>Returns the number of elements matching ``locator``.</doc>
<msg timestamp="20220922 18:34:00.937" level="INFO">${count} = 1</msg>
<status status="PASS" starttime="20220922 18:34:00.927" endtime="20220922 18:34:00.937"/>
</kw>
<for flavor="IN RANGE">
<var>${j}</var>
<value>${count}</value>
<iter>
<var name="${j}">0</var>
<kw name="Get Text" library="SeleniumLibrary">
<var>${Text}</var>
<arg>${Locate}</arg>
<doc>Returns the text value of the element identified by ``locator``.</doc>
<msg timestamp="20220922 18:34:00.960" level="INFO">${Text} = ● Datax: 138y: 3</msg>
<status status="PASS" starttime="20220922 18:34:00.939" endtime="20220922 18:34:00.960"/>
</kw>
<kw name="Log To Console" library="BuiltIn">
<arg>${Text}</arg>
<doc>Logs the given message to the console.</doc>
<status status="PASS" starttime="20220922 18:34:00.962" endtime="20220922 18:34:00.963"/>
</kw>
<status status="PASS" starttime="20220922 18:34:00.939" endtime="20220922 18:34:00.963"/>
</iter>
<status status="PASS" starttime="20220922 18:34:00.938" endtime="20220922 18:34:00.964"/>
</for>
<kw name="Unselect Frame" library="SeleniumLibrary">
<doc>Sets the main frame as the current frame.</doc>
<status status="PASS" starttime="20220922 18:34:00.965" endtime="20220922 18:34:00.968"/>
</kw>
<status status="PASS" starttime="20220922 18:34:00.581" endtime="20220922 18:34:00.968"/>
</iter>
<iter>
<var name="${i}">139</var>
<kw name="Select Frame" library="SeleniumLibrary">
<arg>//iframe[@title="Highcharts example"]</arg>
<doc>Sets frame identified by ``locator`` as the current frame.</doc>
<msg timestamp="20220922 18:34:00.969" level="INFO">Selecting frame '//iframe[@title="Highcharts example"]'.</msg>
<status status="PASS" starttime="20220922 18:34:00.969" endtime="20220922 18:34:00.989"/>
</kw>
<kw name="Mouse Over" library="SeleniumLibrary">
<arg>${Locator} [${i}]</arg>
<doc>Simulates hovering the mouse over the element ``locator``.</doc>
<msg timestamp="20220922 18:34:00.991" level="INFO">Simulating Mouse Over on element '((//*[local-name()='svg']//*[local-name()='g' and @transform="translate(70,101) scale(1 1)"])//*[name()='path' and @class="highcharts-point highcharts-color-1"]) [139]'.</msg>
<status status="PASS" starttime="20220922 18:34:00.991" endtime="20220922 18:34:01.304"/>
</kw>
<kw name="Get Element Count" library="SeleniumLibrary">
<var>${count}</var>
<arg>${Locate}</arg>
<doc>Returns the number of elements matching ``locator``.</doc>
<msg timestamp="20220922 18:34:01.322" level="INFO">${count} = 1</msg>
<status status="PASS" starttime="20220922 18:34:01.306" endtime="20220922 18:34:01.322"/>
</kw>
<for flavor="IN RANGE">
<var>${j}</var>
<value>${count}</value>
<iter>
<var name="${j}">0</var>
<kw name="Get Text" library="SeleniumLibrary">
<var>${Text}</var>
<arg>${Locate}</arg>
<doc>Returns the text value of the element identified by ``locator``.</doc>
<msg timestamp="20220922 18:34:01.383" level="INFO">${Text} = ● Datax: 139y: 3.1</msg>
<status status="PASS" starttime="20220922 18:34:01.324" endtime="20220922 18:34:01.383"/>
</kw>
<kw name="Log To Console" library="BuiltIn">
<arg>${Text}</arg>
<doc>Logs the given message to the console.</doc>
<status status="PASS" starttime="20220922 18:34:01.384" endtime="20220922 18:34:01.385"/>
</kw>
<status status="PASS" starttime="20220922 18:34:01.324" endtime="20220922 18:34:01.386"/>
</iter>
<status status="PASS" starttime="20220922 18:34:01.324" endtime="20220922 18:34:01.386"/>
</for>
<kw name="Unselect Frame" library="SeleniumLibrary">
<doc>Sets the main frame as the current frame.</doc>
<status status="PASS" starttime="20220922 18:34:01.387" endtime="20220922 18:34:01.399"/>
</kw>
<status status="PASS" starttime="20220922 18:34:00.969" endtime="20220922 18:34:01.399"/>
</iter>
<iter>
<var name="${i}">140</var>
<kw name="Select Frame" library="SeleniumLibrary">
<arg>//iframe[@title="Highcharts example"]</arg>
<doc>Sets frame identified by ``locator`` as the current frame.</doc>
<msg timestamp="20220922 18:34:01.401" level="INFO">Selecting frame '//iframe[@title="Highcharts example"]'.</msg>
<status status="PASS" starttime="20220922 18:34:01.400" endtime="20220922 18:34:01.439"/>
</kw>
<kw name="Mouse Over" library="SeleniumLibrary">
<arg>${Locator} [${i}]</arg>
<doc>Simulates hovering the mouse over the element ``locator``.</doc>
<msg timestamp="20220922 18:34:01.442" level="INFO">Simulating Mouse Over on element '((//*[local-name()='svg']//*[local-name()='g' and @transform="translate(70,101) scale(1 1)"])//*[name()='path' and @class="highcharts-point highcharts-color-1"]) [140]'.</msg>
<status status="PASS" starttime="20220922 18:34:01.441" endtime="20220922 18:34:01.756"/>
</kw>
<kw name="Get Element Count" library="SeleniumLibrary">
<var>${count}</var>
<arg>${Locate}</arg>
<doc>Returns the number of elements matching ``locator``.</doc>
<msg timestamp="20220922 18:34:01.767" level="INFO">${count} = 1</msg>
<status status="PASS" starttime="20220922 18:34:01.757" endtime="20220922 18:34:01.767"/>
</kw>
<for flavor="IN RANGE">
<var>${j}</var>
<value>${count}</value>
<iter>
<var name="${j}">0</var>
<kw name="Get Text" library="SeleniumLibrary">
<var>${Text}</var>
<arg>${Locate}</arg>
<doc>Returns the text value of the element identified by ``locator``.</doc>
<msg timestamp="20220922 18:34:01.786" level="INFO">${Text} = ● Datax: 140y: 3.1</msg>
<status status="PASS" starttime="20220922 18:34:01.769" endtime="20220922 18:34:01.786"/>
</kw>
<kw name="Log To Console" library="BuiltIn">
<arg>${Text}</arg>
<doc>Logs the given message to the console.</doc>
<status status="PASS" starttime="20220922 18:34:01.787" endtime="20220922 18:34:01.788"/>
</kw>
<status status="PASS" starttime="20220922 18:34:01.769" endtime="20220922 18:34:01.788"/>
</iter>
<status status="PASS" starttime="20220922 18:34:01.768" endtime="20220922 18:34:01.788"/>
</for>
<kw name="Unselect Frame" library="SeleniumLibrary">
<doc>Sets the main frame as the current frame.</doc>
<status status="PASS" starttime="20220922 18:34:01.789" endtime="20220922 18:34:01.791"/>
</kw>
<status status="PASS" starttime="20220922 18:34:01.400" endtime="20220922 18:34:01.792"/>
</iter>
<iter>
<var name="${i}">141</var>
<kw name="Select Frame" library="SeleniumLibrary">
<arg>//iframe[@title="Highcharts example"]</arg>
<doc>Sets frame identified by ``locator`` as the current frame.</doc>
<msg timestamp="20220922 18:34:01.793" level="INFO">Selecting frame '//iframe[@title="Highcharts example"]'.</msg>
<status status="PASS" starttime="20220922 18:34:01.793" endtime="20220922 18:34:01.818"/>
</kw>
<kw name="Mouse Over" library="SeleniumLibrary">
<arg>${Locator} [${i}]</arg>
<doc>Simulates hovering the mouse over the element ``locator``.</doc>
<msg timestamp="20220922 18:34:01.821" level="INFO">Simulating Mouse Over on element '((//*[local-name()='svg']//*[local-name()='g' and @transform="translate(70,101) scale(1 1)"])//*[name()='path' and @class="highcharts-point highcharts-color-1"]) [141]'.</msg>
<status status="PASS" starttime="20220922 18:34:01.820" endtime="20220922 18:34:02.140"/>
</kw>
<kw name="Get Element Count" library="SeleniumLibrary">
<var>${count}</var>
<arg>${Locate}</arg>
<doc>Returns the number of elements matching ``locator``.</doc>
<msg timestamp="20220922 18:34:02.157" level="INFO">${count} = 1</msg>
<status status="PASS" starttime="20220922 18:34:02.142" endtime="20220922 18:34:02.157"/>
</kw>
<for flavor="IN RANGE">
<var>${j}</var>
<value>${count}</value>
<iter>
<var name="${j}">0</var>
<kw name="Get Text" library="SeleniumLibrary">
<var>${Text}</var>
<arg>${Locate}</arg>
<doc>Returns the text value of the element identified by ``locator``.</doc>
<msg timestamp="20220922 18:34:02.191" level="INFO">${Text} = ● Datax: 141y: 3.1</msg>
<status status="PASS" starttime="20220922 18:34:02.160" endtime="20220922 18:34:02.192"/>
</kw>
<kw name="Log To Console" library="BuiltIn">
<arg>${Text}</arg>
<doc>Logs the given message to the console.</doc>
<status status="PASS" starttime="20220922 18:34:02.195" endtime="20220922 18:34:02.195"/>
</kw>
<status status="PASS" starttime="20220922 18:34:02.159" endtime="20220922 18:34:02.196"/>
</iter>
<status status="PASS" starttime="20220922 18:34:02.159" endtime="20220922 18:34:02.196"/>
</for>
<kw name="Unselect Frame" library="SeleniumLibrary">
<doc>Sets the main frame as the current frame.</doc>
<status status="PASS" starttime="20220922 18:34:02.197" endtime="20220922 18:34:02.207"/>
</kw>
<status status="PASS" starttime="20220922 18:34:01.792" endtime="20220922 18:34:02.207"/>
</iter>
<iter>
<var name="${i}">142</var>
<kw name="Select Frame" library="SeleniumLibrary">
<arg>//iframe[@title="Highcharts example"]</arg>
<doc>Sets frame identified by ``locator`` as the current frame.</doc>
<msg timestamp="20220922 18:34:02.210" level="INFO">Selecting frame '//iframe[@title="Highcharts example"]'.</msg>
<status status="PASS" starttime="20220922 18:34:02.208" endtime="20220922 18:34:02.352"/>
</kw>
<kw name="Mouse Over" library="SeleniumLibrary">
<arg>${Locator} [${i}]</arg>
<doc>Simulates hovering the mouse over the element ``locator``.</doc>
<msg timestamp="20220922 18:34:02.355" level="INFO">Simulating Mouse Over on element '((//*[local-name()='svg']//*[local-name()='g' and @transform="translate(70,101) scale(1 1)"])//*[name()='path' and @class="highcharts-point highcharts-color-1"]) [142]'.</msg>
<status status="PASS" starttime="20220922 18:34:02.354" endtime="20220922 18:34:02.703"/>
</kw>
<kw name="Get Element Count" library="SeleniumLibrary">
<var>${count}</var>
<arg>${Locate}</arg>
<doc>Returns the number of elements matching ``locator``.</doc>
<msg timestamp="20220922 18:34:02.720" level="INFO">${count} = 1</msg>
<status status="PASS" starttime="20220922 18:34:02.705" endtime="20220922 18:34:02.720"/>
</kw>
<for flavor="IN RANGE">
<var>${j}</var>
<value>${count}</value>
<iter>
<var name="${j}">0</var>
<kw name="Get Text" library="SeleniumLibrary">
<var>${Text}</var>
<arg>${Locate}</arg>
<doc>Returns the text value of the element identified by ``locator``.</doc>
<msg timestamp="20220922 18:34:02.754" level="INFO">${Text} = ● Datax: 142y: 2.7</msg>
<status status="PASS" starttime="20220922 18:34:02.722" endtime="20220922 18:34:02.754"/>
</kw>
<kw name="Log To Console" library="BuiltIn">
<arg>${Text}</arg>
<doc>Logs the given message to the console.</doc>
<status status="PASS" starttime="20220922 18:34:02.756" endtime="20220922 18:34:02.756"/>
</kw>
<status status="PASS" starttime="20220922 18:34:02.722" endtime="20220922 18:34:02.757"/>
</iter>
<status status="PASS" starttime="20220922 18:34:02.722" endtime="20220922 18:34:02.757"/>
</for>
<kw name="Unselect Frame" library="SeleniumLibrary">
<doc>Sets the main frame as the current frame.</doc>
<status status="PASS" starttime="20220922 18:34:02.758" endtime="20220922 18:34:02.765"/>
</kw>
<status status="PASS" starttime="20220922 18:34:02.208" endtime="20220922 18:34:02.766"/>
</iter>
<iter>
<var name="${i}">143</var>
<kw name="Select Frame" library="SeleniumLibrary">
<arg>//iframe[@title="Highcharts example"]</arg>
<doc>Sets frame identified by ``locator`` as the current frame.</doc>
<msg timestamp="20220922 18:34:02.767" level="INFO">Selecting frame '//iframe[@title="Highcharts example"]'.</msg>
<status status="PASS" starttime="20220922 18:34:02.766" endtime="20220922 18:34:02.794"/>
</kw>
<kw name="Mouse Over" library="SeleniumLibrary">
<arg>${Locator} [${i}]</arg>
<doc>Simulates hovering the mouse over the element ``locator``.</doc>
<msg timestamp="20220922 18:34:02.796" level="INFO">Simulating Mouse Over on element '((//*[local-name()='svg']//*[local-name()='g' and @transform="translate(70,101) scale(1 1)"])//*[name()='path' and @class="highcharts-point highcharts-color-1"]) [143]'.</msg>
<status status="PASS" starttime="20220922 18:34:02.796" endtime="20220922 18:34:03.165"/>
</kw>
<kw name="Get Element Count" library="SeleniumLibrary">
<var>${count}</var>
<arg>${Locate}</arg>
<doc>Returns the number of elements matching ``locator``.</doc>
<msg timestamp="20220922 18:34:03.175" level="INFO">${count} = 1</msg>
<status status="PASS" starttime="20220922 18:34:03.167" endtime="20220922 18:34:03.175"/>
</kw>
<for flavor="IN RANGE">
<var>${j}</var>
<value>${count}</value>
<iter>
<var name="${j}">0</var>
<kw name="Get Text" library="SeleniumLibrary">
<var>${Text}</var>
<arg>${Locate}</arg>
<doc>Returns the text value of the element identified by ``locator``.</doc>
<msg timestamp="20220922 18:34:03.202" level="INFO">${Text} = ● Datax: 143y: 3.2</msg>
<status status="PASS" starttime="20220922 18:34:03.178" endtime="20220922 18:34:03.202"/>
</kw>
<kw name="Log To Console" library="BuiltIn">
<arg>${Text}</arg>
<doc>Logs the given message to the console.</doc>
<status status="PASS" starttime="20220922 18:34:03.203" endtime="20220922 18:34:03.204"/>
</kw>
<status status="PASS" starttime="20220922 18:34:03.178" endtime="20220922 18:34:03.204"/>
</iter>
<status status="PASS" starttime="20220922 18:34:03.177" endtime="20220922 18:34:03.205"/>
</for>
<kw name="Unselect Frame" library="SeleniumLibrary">
<doc>Sets the main frame as the current frame.</doc>
<status status="PASS" starttime="20220922 18:34:03.205" endtime="20220922 18:34:03.207"/>
</kw>
<status status="PASS" starttime="20220922 18:34:02.766" endtime="20220922 18:34:03.208"/>
</iter>
<iter>
<var name="${i}">144</var>
<kw name="Select Frame" library="SeleniumLibrary">
<arg>//iframe[@title="Highcharts example"]</arg>
<doc>Sets frame identified by ``locator`` as the current frame.</doc>
<msg timestamp="20220922 18:34:03.209" level="INFO">Selecting frame '//iframe[@title="Highcharts example"]'.</msg>
<status status="PASS" starttime="20220922 18:34:03.208" endtime="20220922 18:34:03.237"/>
</kw>
<kw name="Mouse Over" library="SeleniumLibrary">
<arg>${Locator} [${i}]</arg>
<doc>Simulates hovering the mouse over the element ``locator``.</doc>
<msg timestamp="20220922 18:34:03.239" level="INFO">Simulating Mouse Over on element '((//*[local-name()='svg']//*[local-name()='g' and @transform="translate(70,101) scale(1 1)"])//*[name()='path' and @class="highcharts-point highcharts-color-1"]) [144]'.</msg>
<status status="PASS" starttime="20220922 18:34:03.238" endtime="20220922 18:34:03.566"/>
</kw>
<kw name="Get Element Count" library="SeleniumLibrary">
<var>${count}</var>
<arg>${Locate}</arg>
<doc>Returns the number of elements matching ``locator``.</doc>
<msg timestamp="20220922 18:34:03.580" level="INFO">${count} = 1</msg>
<status status="PASS" starttime="20220922 18:34:03.568" endtime="20220922 18:34:03.580"/>
</kw>
<for flavor="IN RANGE">
<var>${j}</var>
<value>${count}</value>
<iter>
<var name="${j}">0</var>
<kw name="Get Text" library="SeleniumLibrary">
<var>${Text}</var>
<arg>${Locate}</arg>
<doc>Returns the text value of the element identified by ``locator``.</doc>
<msg timestamp="20220922 18:34:03.604" level="INFO">${Text} = ● Datax: 144y: 3.3</msg>
<status status="PASS" starttime="20220922 18:34:03.583" endtime="20220922 18:34:03.604"/>
</kw>
<kw name="Log To Console" library="BuiltIn">
<arg>${Text}</arg>
<doc>Logs the given message to the console.</doc>
<status status="PASS" starttime="20220922 18:34:03.605" endtime="20220922 18:34:03.606"/>
</kw>
<status status="PASS" starttime="20220922 18:34:03.583" endtime="20220922 18:34:03.606"/>
</iter>
<status status="PASS" starttime="20220922 18:34:03.582" endtime="20220922 18:34:03.607"/>
</for>
<kw name="Unselect Frame" library="SeleniumLibrary">
<doc>Sets the main frame as the current frame.</doc>
<status status="PASS" starttime="20220922 18:34:03.607" endtime="20220922 18:34:03.613"/>
</kw>
<status status="PASS" starttime="20220922 18:34:03.208" endtime="20220922 18:34:03.613"/>
</iter>
<iter>
<var name="${i}">145</var>
<kw name="Select Frame" library="SeleniumLibrary">
<arg>//iframe[@title="Highcharts example"]</arg>
<doc>Sets frame identified by ``locator`` as the current frame.</doc>
<msg timestamp="20220922 18:34:03.614" level="INFO">Selecting frame '//iframe[@title="Highcharts example"]'.</msg>
<status status="PASS" starttime="20220922 18:34:03.614" endtime="20220922 18:34:03.648"/>
</kw>
<kw name="Mouse Over" library="SeleniumLibrary">
<arg>${Locator} [${i}]</arg>
<doc>Simulates hovering the mouse over the element ``locator``.</doc>
<msg timestamp="20220922 18:34:03.651" level="INFO">Simulating Mouse Over on element '((//*[local-name()='svg']//*[local-name()='g' and @transform="translate(70,101) scale(1 1)"])//*[name()='path' and @class="highcharts-point highcharts-color-1"]) [145]'.</msg>
<status status="PASS" starttime="20220922 18:34:03.650" endtime="20220922 18:34:03.968"/>
</kw>
<kw name="Get Element Count" library="SeleniumLibrary">
<var>${count}</var>
<arg>${Locate}</arg>
<doc>Returns the number of elements matching ``locator``.</doc>
<msg timestamp="20220922 18:34:03.985" level="INFO">${count} = 1</msg>
<status status="PASS" starttime="20220922 18:34:03.970" endtime="20220922 18:34:03.985"/>
</kw>
<for flavor="IN RANGE">
<var>${j}</var>
<value>${count}</value>
<iter>
<var name="${j}">0</var>
<kw name="Get Text" library="SeleniumLibrary">
<var>${Text}</var>
<arg>${Locate}</arg>
<doc>Returns the text value of the element identified by ``locator``.</doc>
<msg timestamp="20220922 18:34:04.021" level="INFO">${Text} = ● Datax: 145y: 3</msg>
<status status="PASS" starttime="20220922 18:34:03.989" endtime="20220922 18:34:04.022"/>
</kw>
<kw name="Log To Console" library="BuiltIn">
<arg>${Text}</arg>
<doc>Logs the given message to the console.</doc>
<status status="PASS" starttime="20220922 18:34:04.023" endtime="20220922 18:34:04.023"/>
</kw>
<status status="PASS" starttime="20220922 18:34:03.988" endtime="20220922 18:34:04.024"/>
</iter>
<status status="PASS" starttime="20220922 18:34:03.988" endtime="20220922 18:34:04.024"/>
</for>
<kw name="Unselect Frame" library="SeleniumLibrary">
<doc>Sets the main frame as the current frame.</doc>
<status status="PASS" starttime="20220922 18:34:04.024" endtime="20220922 18:34:04.032"/>
</kw>
<status status="PASS" starttime="20220922 18:34:03.613" endtime="20220922 18:34:04.032"/>
</iter>
<iter>
<var name="${i}">146</var>
<kw name="Select Frame" library="SeleniumLibrary">
<arg>//iframe[@title="Highcharts example"]</arg>
<doc>Sets frame identified by ``locator`` as the current frame.</doc>
<msg timestamp="20220922 18:34:04.033" level="INFO">Selecting frame '//iframe[@title="Highcharts example"]'.</msg>
<status status="PASS" starttime="20220922 18:34:04.033" endtime="20220922 18:34:04.058"/>
</kw>
<kw name="Mouse Over" library="SeleniumLibrary">
<arg>${Locator} [${i}]</arg>
<doc>Simulates hovering the mouse over the element ``locator``.</doc>
<msg timestamp="20220922 18:34:04.061" level="INFO">