<?xml version="1.0" encoding="UTF-8"?>
<robot generator="Robot 5.0.1 (Python 3.10.5 on win32)" generated="20221012 15:23:48.258" rpa="false" schemaversion="3">
<suite id="s1" name="Suites">
<suite id="s1-s1" name="TestCase" source="C:\Users\AnkitKumar\PycharmProjects\ProjectDemo\TestCases\TestCase.robot">
<test id="s1-s1-t1" name="Login In the Website" line="13">
<kw name="Open my Browser" library="Common" type="SETUP">
<kw name="Open Browser" library="SeleniumLibrary">
<arg>${site}</arg>
<arg>${browser}</arg>
<arg>Headless Chrome</arg>
<doc>Opens a new browser instance to the optional ``url``.</doc>
<msg timestamp="20221012 15:23:48.685" level="INFO">Opening browser 'Chrome' to base url 'https://admin-demo.nopcommerce.com'.</msg>
<status status="PASS" starttime="20221012 15:23:48.684" endtime="20221012 15:23:54.924"/>
</kw>
<kw name="Maximize Browser Window" library="SeleniumLibrary">
<doc>Maximizes current browser window.</doc>
<status status="PASS" starttime="20221012 15:23:54.924" endtime="20221012 15:23:55.050"/>
</kw>
<status status="PASS" starttime="20221012 15:23:48.683" endtime="20221012 15:23:55.051"/>
</kw>
<kw name="Enter Login Credentials and verfiy the page" library="LoginPage">
<kw name="Input Text" library="SeleniumLibrary">
<arg>${txt_userName}</arg>
<arg>${username}</arg>
<doc>Types the given ``text`` into the text field identified by ``locator``.</doc>
<msg timestamp="20221012 15:23:55.053" level="INFO">Typing text 'admin@yourstore.com' into text field '//input[@name='Email']'.</msg>
<status status="PASS" starttime="20221012 15:23:55.052" endtime="20221012 15:23:55.206"/>
</kw>
<kw name="Input Password" library="SeleniumLibrary">
<arg>${txt_password}</arg>
<arg>${password}</arg>
<doc>Types the given password into the text field identified by ``locator``.</doc>
<msg timestamp="20221012 15:23:55.207" level="INFO">Typing password into text field '//input[@type='password']'.</msg>
<msg timestamp="20221012 15:23:55.261" level="INFO">Temporally setting log level to: NONE</msg>
<msg timestamp="20221012 15:23:55.309" level="INFO">Log level changed from NONE to INFO.</msg>
<status status="PASS" starttime="20221012 15:23:55.207" endtime="20221012 15:23:55.309"/>
</kw>
<kw name="Click Button" library="SeleniumLibrary">
<arg>${btn_signIn}</arg>
<doc>Clicks the button identified by ``locator``.</doc>
<msg timestamp="20221012 15:23:55.310" level="INFO">Clicking button '//button[@type='submit']'.</msg>
<status status="PASS" starttime="20221012 15:23:55.310" endtime="20221012 15:24:09.934"/>
</kw>
<kw name="Page Should Contain" library="SeleniumLibrary">
<arg>Dashboard</arg>
<doc>Verifies that current page contains ``text``.</doc>
<msg timestamp="20221012 15:24:09.959" level="INFO">Current page contains text 'Dashboard'.</msg>
<status status="PASS" starttime="20221012 15:24:09.934" endtime="20221012 15:24:09.959"/>
</kw>
<kw name="Capture Page Screenshot" library="SeleniumLibrary">
<doc>Takes a screenshot of the current page and embeds it into a log file.</doc>
<msg timestamp="20221012 15:24:10.174" level="INFO" html="true">&lt;/td&gt;&lt;/tr&gt;&lt;tr&gt;&lt;td colspan="3"&gt;&lt;a href="selenium-screenshot-1.png"&gt;&lt;img src="selenium-screenshot-1.png" width="800px"&gt;&lt;/a&gt;</msg>
<status status="PASS" starttime="20221012 15:24:09.960" endtime="20221012 15:24:10.174"/>
</kw>
<status status="PASS" starttime="20221012 15:23:55.051" endtime="20221012 15:24:10.175"/>
</kw>
<kw name="Capture Page Screenshot" library="SeleniumLibrary">
<doc>Takes a screenshot of the current page and embeds it into a log file.</doc>
<msg timestamp="20221012 15:24:10.374" level="INFO" html="true">&lt;/td&gt;&lt;/tr&gt;&lt;tr&gt;&lt;td colspan="3"&gt;&lt;a href="selenium-screenshot-2.png"&gt;&lt;img src="selenium-screenshot-2.png" width="800px"&gt;&lt;/a&gt;</msg>
<status status="PASS" starttime="20221012 15:24:10.175" endtime="20221012 15:24:10.375"/>
</kw>
<kw name="Logout From the website" library="LoginPage">
<kw name="Click Link" library="SeleniumLibrary">
<arg>Logout</arg>
<doc>Clicks a link identified by ``locator``.</doc>
<msg timestamp="20221012 15:24:10.376" level="INFO">Clicking link 'Logout'.</msg>
<status status="PASS" starttime="20221012 15:24:10.375" endtime="20221012 15:24:11.923"/>
</kw>
<kw name="Page Should Contain" library="SeleniumLibrary">
<arg>Welcome, please sign in!</arg>
<doc>Verifies that current page contains ``text``.</doc>
<msg timestamp="20221012 15:24:11.939" level="INFO">Current page contains text 'Welcome, please sign in!'.</msg>
<status status="PASS" starttime="20221012 15:24:11.923" endtime="20221012 15:24:11.939"/>
</kw>
<status status="PASS" starttime="20221012 15:24:10.375" endtime="20221012 15:24:11.939"/>
</kw>
<kw name="Close My Browser" library="Common" type="TEARDOWN">
<kw name="Close All Browsers" library="SeleniumLibrary">
<doc>Closes all open browsers and resets the browser cache.</doc>
<status status="PASS" starttime="20221012 15:24:11.940" endtime="20221012 15:24:14.095"/>
</kw>
<status status="PASS" starttime="20221012 15:24:11.940" endtime="20221012 15:24:14.096"/>
</kw>
<doc>This Test case do the login into the website.</doc>
<tag>Login</tag>
<status status="PASS" starttime="20221012 15:23:48.681" endtime="20221012 15:24:14.096"/>
</test>
<test id="s1-s1-t2" name="Adding Customer in the Website" line="21">
<kw name="Open my Browser" library="Common" type="SETUP">
<kw name="Open Browser" library="SeleniumLibrary">
<arg>${site}</arg>
<arg>${browser}</arg>
<arg>Headless Chrome</arg>
<doc>Opens a new browser instance to the optional ``url``.</doc>
<msg timestamp="20221012 15:24:14.099" level="INFO">Opening browser 'Chrome' to base url 'https://admin-demo.nopcommerce.com'.</msg>
<status status="PASS" starttime="20221012 15:24:14.098" endtime="20221012 15:24:18.547"/>
</kw>
<kw name="Maximize Browser Window" library="SeleniumLibrary">
<doc>Maximizes current browser window.</doc>
<status status="PASS" starttime="20221012 15:24:18.548" endtime="20221012 15:24:18.675"/>
</kw>
<status status="PASS" starttime="20221012 15:24:14.098" endtime="20221012 15:24:18.675"/>
</kw>
<kw name="Enter Login Credentials and verfiy the page" library="LoginPage">
<kw name="Input Text" library="SeleniumLibrary">
<arg>${txt_userName}</arg>
<arg>${username}</arg>
<doc>Types the given ``text`` into the text field identified by ``locator``.</doc>
<msg timestamp="20221012 15:24:18.677" level="INFO">Typing text 'admin@yourstore.com' into text field '//input[@name='Email']'.</msg>
<status status="PASS" starttime="20221012 15:24:18.676" endtime="20221012 15:24:18.791"/>
</kw>
<kw name="Input Password" library="SeleniumLibrary">
<arg>${txt_password}</arg>
<arg>${password}</arg>
<doc>Types the given password into the text field identified by ``locator``.</doc>
<msg timestamp="20221012 15:24:18.792" level="INFO">Typing password into text field '//input[@type='password']'.</msg>
<msg timestamp="20221012 15:24:18.840" level="INFO">Temporally setting log level to: NONE</msg>
<msg timestamp="20221012 15:24:18.882" level="INFO">Log level changed from NONE to INFO.</msg>
<status status="PASS" starttime="20221012 15:24:18.792" endtime="20221012 15:24:18.882"/>
</kw>
<kw name="Click Button" library="SeleniumLibrary">
<arg>${btn_signIn}</arg>
<doc>Clicks the button identified by ``locator``.</doc>
<msg timestamp="20221012 15:24:18.883" level="INFO">Clicking button '//button[@type='submit']'.</msg>
<status status="PASS" starttime="20221012 15:24:18.882" endtime="20221012 15:24:22.452"/>
</kw>
<kw name="Page Should Contain" library="SeleniumLibrary">
<arg>Dashboard</arg>
<doc>Verifies that current page contains ``text``.</doc>
<msg timestamp="20221012 15:24:22.468" level="INFO">Current page contains text 'Dashboard'.</msg>
<status status="PASS" starttime="20221012 15:24:22.453" endtime="20221012 15:24:22.468"/>
</kw>
<kw name="Capture Page Screenshot" library="SeleniumLibrary">
<doc>Takes a screenshot of the current page and embeds it into a log file.</doc>
<msg timestamp="20221012 15:24:22.677" level="INFO" html="true">&lt;/td&gt;&lt;/tr&gt;&lt;tr&gt;&lt;td colspan="3"&gt;&lt;a href="selenium-screenshot-3.png"&gt;&lt;img src="selenium-screenshot-3.png" width="800px"&gt;&lt;/a&gt;</msg>
<status status="PASS" starttime="20221012 15:24:22.468" endtime="20221012 15:24:22.678"/>
</kw>
<status status="PASS" starttime="20221012 15:24:18.675" endtime="20221012 15:24:22.678"/>
</kw>
<kw name="Landing on Add Customer Page" library="AddUser">
<kw name="Click Element" library="SeleniumLibrary">
<arg>${btn_customers}</arg>
<doc>Click the element identified by ``locator``.</doc>
<msg timestamp="20221012 15:24:22.680" level="INFO">Clicking element '//a[@href='#']//p[contains(text(),'Customers')]'.</msg>
<status status="PASS" starttime="20221012 15:24:22.679" endtime="20221012 15:24:22.771"/>
</kw>
<kw name="Sleep" library="BuiltIn">
<arg>5 seconds</arg>
<doc>Pauses the test executed for the given time.</doc>
<msg timestamp="20221012 15:24:27.781" level="INFO">Slept 5 seconds</msg>
<status status="PASS" starttime="20221012 15:24:22.771" endtime="20221012 15:24:27.781"/>
</kw>
<kw name="Click Element" library="SeleniumLibrary">
<arg>${btn_customers1}</arg>
<doc>Click the element identified by ``locator``.</doc>
<msg timestamp="20221012 15:24:27.782" level="INFO">Clicking element '//a[@href='/Admin/Customer/List']//p[contains(text(),'Customers')]'.</msg>
<status status="PASS" starttime="20221012 15:24:27.781" endtime="20221012 15:24:32.902"/>
</kw>
<status status="PASS" starttime="20221012 15:24:22.678" endtime="20221012 15:24:32.902"/>
</kw>
<kw name="Verifying that customers is deleted or not" library="AddUser">
<kw name="Set Selenium Speed" library="SeleniumLibrary">
<arg>1</arg>
<doc>Sets the delay that is waited after each Selenium command.</doc>
<status status="PASS" starttime="20221012 15:24:32.903" endtime="20221012 15:24:32.904"/>
</kw>
<kw name="Select From List By Value" library="SeleniumLibrary">
<arg>${select_dropdown}</arg>
<arg>100</arg>
<doc>Selects options from selection list ``locator`` by ``values``.</doc>
<msg timestamp="20221012 15:24:32.905" level="INFO">Selecting options from selection list '//select[@name='customers-grid_length']' by value 100.</msg>
<status status="PASS" starttime="20221012 15:24:32.904" endtime="20221012 15:24:40.108"/>
</kw>
<kw name="Input Text" library="SeleniumLibrary">
<var>${contains}</var>
<arg>${txt_searchmail}</arg>
<arg>${mail}</arg>
<doc>Types the given ``text`` into the text field identified by ``locator``.</doc>
<msg timestamp="20221012 15:24:40.111" level="INFO">Typing text 'hVOWr@gmail.com' into text field '//input[@name='SearchEmail']'.</msg>
<msg timestamp="20221012 15:24:43.251" level="INFO">${contains} = None</msg>
<status status="PASS" starttime="20221012 15:24:40.109" endtime="20221012 15:24:43.251"/>
</kw>
<kw name="Click Element" library="SeleniumLibrary">
<arg>${btn_search}</arg>
<doc>Click the element identified by ``locator``.</doc>
<msg timestamp="20221012 15:24:43.252" level="INFO">Clicking element '//button[@id='search-customers']'.</msg>
<status status="PASS" starttime="20221012 15:24:43.251" endtime="20221012 15:24:45.382"/>
</kw>
<kw name="Get Element Count" library="SeleniumLibrary">
<var>${usersCount}</var>
<arg>//td[normalize-space()='Edit']</arg>
<doc>Returns the number of elements matching ``locator``.</doc>
<msg timestamp="20221012 15:24:46.433" level="INFO">${usersCount} = 0</msg>
<status status="PASS" starttime="20221012 15:24:45.384" endtime="20221012 15:24:46.433"/>
</kw>
<kw name="Run Keyword If" library="BuiltIn">
<arg>${usersCount} == 0</arg>
<arg>No data Found in Table</arg>
<arg>ELSE IF</arg>
<arg>${usersCount} &gt;= 1</arg>
<arg>If user exist then delete it</arg>
<doc>Runs the given keyword with the given arguments, if ``condition`` is true.</doc>
<kw name="No data Found in Table" library="AddUser">
<kw name="Page Should Contain" library="SeleniumLibrary">
<arg>No data available in table</arg>
<doc>Verifies that current page contains ``text``.</doc>
<msg timestamp="20221012 15:24:48.473" level="INFO">Current page contains text 'No data available in table'.</msg>
<status status="PASS" starttime="20221012 15:24:46.435" endtime="20221012 15:24:48.474"/>
</kw>
<status status="PASS" starttime="20221012 15:24:46.434" endtime="20221012 15:24:48.476"/>
</kw>
<status status="PASS" starttime="20221012 15:24:46.433" endtime="20221012 15:24:48.477"/>
</kw>
<status status="PASS" starttime="20221012 15:24:32.903" endtime="20221012 15:24:48.478"/>
</kw>
<kw name="Adding New Customer Details" library="AddUser">
<kw name="Click Element" library="SeleniumLibrary">
<arg>${btn_addNew}</arg>
<doc>Click the element identified by ``locator``.</doc>
<msg timestamp="20221012 15:24:48.486" level="INFO">Clicking element '//a[@class='btn btn-primary']'.</msg>
<status status="PASS" starttime="20221012 15:24:48.484" endtime="20221012 15:25:02.825"/>
</kw>
<kw name="Input Text" library="SeleniumLibrary">
<arg>${txt_mail}</arg>
<arg>${mail}</arg>
<doc>Types the given ``text`` into the text field identified by ``locator``.</doc>
<msg timestamp="20221012 15:25:02.828" level="INFO">Typing text 'hVOWr@gmail.com' into text field 'id:Email'.</msg>
<status status="PASS" starttime="20221012 15:25:02.826" endtime="20221012 15:25:06.108"/>
</kw>
<kw name="Input Text" library="SeleniumLibrary">
<arg>${txt_pwd}</arg>
<arg>${pwd}</arg>
<doc>Types the given ``text`` into the text field identified by ``locator``.</doc>
<msg timestamp="20221012 15:25:06.111" level="INFO">Typing text '12345' into text field 'name:Password'.</msg>
<status status="PASS" starttime="20221012 15:25:06.109" endtime="20221012 15:25:09.370"/>
</kw>
<status status="PASS" starttime="20221012 15:24:48.479" endtime="20221012 15:25:09.372"/>
</kw>
<kw name="Saving the customer" library="AddUser">
<kw name="Set Selenium Speed" library="SeleniumLibrary">
<arg>1</arg>
<doc>Sets the delay that is waited after each Selenium command.</doc>
<status status="PASS" starttime="20221012 15:25:09.375" endtime="20221012 15:25:09.376"/>
</kw>
<kw name="Input Text" library="SeleniumLibrary">
<arg>${txt_fistname}</arg>
<arg>${firstname}</arg>
<doc>Types the given ``text`` into the text field identified by ``locator``.</doc>
<msg timestamp="20221012 15:25:09.379" level="INFO">Typing text 'aniket' into text field 'name:FirstName'.</msg>
<status status="PASS" starttime="20221012 15:25:09.377" endtime="20221012 15:25:12.583"/>
</kw>
<kw name="Input Text" library="SeleniumLibrary">
<arg>${txt_lastname}</arg>
<arg>${lastname}</arg>
<doc>Types the given ``text`` into the text field identified by ``locator``.</doc>
<msg timestamp="20221012 15:25:12.584" level="INFO">Typing text 'kumar' into text field 'name:LastName'.</msg>
<status status="PASS" starttime="20221012 15:25:12.583" endtime="20221012 15:25:15.799"/>
</kw>
<kw name="Select Radio Button" library="SeleniumLibrary">
<arg>Gender</arg>
<arg>M</arg>
<doc>Sets the radio button group ``group_name`` to ``value``.</doc>
<msg timestamp="20221012 15:25:15.802" level="INFO">Selecting 'M' from radio button 'Gender'.</msg>
<status status="PASS" starttime="20221012 15:25:15.801" endtime="20221012 15:25:18.991"/>
</kw>
<kw name="Input Text" library="SeleniumLibrary">
<arg>${txt_dob}</arg>
<arg>${dob}</arg>
<doc>Types the given ``text`` into the text field identified by ``locator``.</doc>
<msg timestamp="20221012 15:25:18.995" level="INFO">Typing text '10/6/2000' into text field 'id:DateOfBirth'.</msg>
<status status="PASS" starttime="20221012 15:25:18.993" endtime="20221012 15:25:22.199"/>
</kw>
<kw name="Click Button" library="SeleniumLibrary">
<arg>${btn_save}</arg>
<doc>Clicks the button identified by ``locator``.</doc>
<msg timestamp="20221012 15:25:22.200" level="INFO">Clicking button '//button[@name='save']'.</msg>
<status status="PASS" starttime="20221012 15:25:22.199" endtime="20221012 15:25:29.069"/>
</kw>
<kw name="Page Should Contain" library="SeleniumLibrary">
<arg>The new customer has been added successfully.</arg>
<doc>Verifies that current page contains ``text``.</doc>
<msg timestamp="20221012 15:25:31.131" level="INFO">Current page contains text 'The new customer has been added successfully.'.</msg>
<status status="PASS" starttime="20221012 15:25:29.070" endtime="20221012 15:25:31.132"/>
</kw>
<kw name="Reload Page" library="SeleniumLibrary">
<doc>Simulates user reloading page.</doc>
<status status="PASS" starttime="20221012 15:25:31.133" endtime="20221012 15:25:33.221"/>
</kw>
<kw name="Select From List By Value" library="SeleniumLibrary">
<arg>${select_dropdown}</arg>
<arg>100</arg>
<doc>Selects options from selection list ``locator`` by ``values``.</doc>
<msg timestamp="20221012 15:25:33.222" level="INFO">Selecting options from selection list '//select[@name='customers-grid_length']' by value 100.</msg>
<status status="PASS" starttime="20221012 15:25:33.221" endtime="20221012 15:25:40.440"/>
</kw>
<kw name="Page Should Contain" library="SeleniumLibrary">
<arg>${mail}</arg>
<doc>Verifies that current page contains ``text``.</doc>
<msg timestamp="20221012 15:25:42.531" level="INFO">Current page contains text 'hVOWr@gmail.com'.</msg>
<status status="PASS" starttime="20221012 15:25:40.441" endtime="20221012 15:25:42.532"/>
</kw>
<status status="PASS" starttime="20221012 15:25:09.373" endtime="20221012 15:25:42.533"/>
</kw>
<kw name="Logout From the website" library="LoginPage">
<kw name="Click Link" library="SeleniumLibrary">
<arg>Logout</arg>
<doc>Clicks a link identified by ``locator``.</doc>
<msg timestamp="20221012 15:25:42.537" level="INFO">Clicking link 'Logout'.</msg>
<status status="PASS" starttime="20221012 15:25:42.536" endtime="20221012 15:25:47.180"/>
</kw>
<kw name="Page Should Contain" library="SeleniumLibrary">
<arg>Welcome, please sign in!</arg>
<doc>Verifies that current page contains ``text``.</doc>
<msg timestamp="20221012 15:25:49.231" level="INFO">Current page contains text 'Welcome, please sign in!'.</msg>
<status status="PASS" starttime="20221012 15:25:47.181" endtime="20221012 15:25:49.231"/>
</kw>
<status status="PASS" starttime="20221012 15:25:42.534" endtime="20221012 15:25:49.232"/>
</kw>
<kw name="Close My Browser" library="Common" type="TEARDOWN">
<kw name="Close All Browsers" library="SeleniumLibrary">
<doc>Closes all open browsers and resets the browser cache.</doc>
<status status="PASS" starttime="20221012 15:25:49.236" endtime="20221012 15:25:52.370"/>
</kw>
<status status="PASS" starttime="20221012 15:25:49.234" endtime="20221012 15:25:52.371"/>
</kw>
<doc>This Test case add the new customer and verify that added or not.</doc>
<tag>Adding Customer</tag>
<status status="PASS" starttime="20221012 15:24:14.097" endtime="20221012 15:25:52.372"/>
</test>
<test id="s1-s1-t3" name="Deleting Customer from the website" line="32">
<kw name="Open my Browser" library="Common" type="SETUP">
<kw name="Open Browser" library="SeleniumLibrary">
<arg>${site}</arg>
<arg>${browser}</arg>
<arg>Headless Chrome</arg>
<doc>Opens a new browser instance to the optional ``url``.</doc>
<msg timestamp="20221012 15:25:52.380" level="INFO">Opening browser 'Chrome' to base url 'https://admin-demo.nopcommerce.com'.</msg>
<status status="PASS" starttime="20221012 15:25:52.378" endtime="20221012 15:25:57.920"/>
</kw>
<kw name="Maximize Browser Window" library="SeleniumLibrary">
<doc>Maximizes current browser window.</doc>
<status status="PASS" starttime="20221012 15:25:57.921" endtime="20221012 15:25:59.086"/>
</kw>
<status status="PASS" starttime="20221012 15:25:52.376" endtime="20221012 15:25:59.087"/>
</kw>
<kw name="Enter Login Credentials and verfiy the page" library="LoginPage">
<kw name="Input Text" library="SeleniumLibrary">
<arg>${txt_userName}</arg>
<arg>${username}</arg>
<doc>Types the given ``text`` into the text field identified by ``locator``.</doc>
<msg timestamp="20221012 15:25:59.091" level="INFO">Typing text 'admin@yourstore.com' into text field '//input[@name='Email']'.</msg>
<status status="PASS" starttime="20221012 15:25:59.089" endtime="20221012 15:26:02.237"/>
</kw>
<kw name="Input Password" library="SeleniumLibrary">
<arg>${txt_password}</arg>
<arg>${password}</arg>
<doc>Types the given password into the text field identified by ``locator``.</doc>
<msg timestamp="20221012 15:26:02.238" level="INFO">Typing password into text field '//input[@type='password']'.</msg>
<msg timestamp="20221012 15:26:04.300" level="INFO">Temporally setting log level to: NONE</msg>
<msg timestamp="20221012 15:26:05.440" level="INFO">Log level changed from NONE to INFO.</msg>
<status status="PASS" starttime="20221012 15:26:02.238" endtime="20221012 15:26:05.440"/>
</kw>
<kw name="Click Button" library="SeleniumLibrary">
<arg>${btn_signIn}</arg>
<doc>Clicks the button identified by ``locator``.</doc>
<msg timestamp="20221012 15:26:05.443" level="INFO">Clicking button '//button[@type='submit']'.</msg>
<status status="PASS" starttime="20221012 15:26:05.441" endtime="20221012 15:26:26.144"/>
</kw>
<kw name="Page Should Contain" library="SeleniumLibrary">
<arg>Dashboard</arg>
<doc>Verifies that current page contains ``text``.</doc>
<msg timestamp="20221012 15:26:28.217" level="INFO">Current page contains text 'Dashboard'.</msg>
<status status="PASS" starttime="20221012 15:26:26.144" endtime="20221012 15:26:28.217"/>
</kw>
<kw name="Capture Page Screenshot" library="SeleniumLibrary">
<doc>Takes a screenshot of the current page and embeds it into a log file.</doc>
<msg timestamp="20221012 15:26:29.471" level="INFO" html="true">&lt;/td&gt;&lt;/tr&gt;&lt;tr&gt;&lt;td colspan="3"&gt;&lt;a href="selenium-screenshot-4.png"&gt;&lt;img src="selenium-screenshot-4.png" width="800px"&gt;&lt;/a&gt;</msg>
<status status="PASS" starttime="20221012 15:26:28.218" endtime="20221012 15:26:29.472"/>
</kw>
<status status="PASS" starttime="20221012 15:25:59.088" endtime="20221012 15:26:29.473"/>
</kw>
<kw name="Landing on Add Customer Page" library="AddUser">
<kw name="Click Element" library="SeleniumLibrary">
<arg>${btn_customers}</arg>
<doc>Click the element identified by ``locator``.</doc>
<msg timestamp="20221012 15:26:29.477" level="INFO">Clicking element '//a[@href='#']//p[contains(text(),'Customers')]'.</msg>
<status status="PASS" starttime="20221012 15:26:29.475" endtime="20221012 15:26:31.642"/>
</kw>
<kw name="Sleep" library="BuiltIn">
<arg>5 seconds</arg>
<doc>Pauses the test executed for the given time.</doc>
<msg timestamp="20221012 15:26:36.652" level="INFO">Slept 5 seconds</msg>
<status status="PASS" starttime="20221012 15:26:31.643" endtime="20221012 15:26:36.652"/>
</kw>
<kw name="Click Element" library="SeleniumLibrary">
<arg>${btn_customers1}</arg>
<doc>Click the element identified by ``locator``.</doc>
<msg timestamp="20221012 15:26:36.655" level="INFO">Clicking element '//a[@href='/Admin/Customer/List']//p[contains(text(),'Customers')]'.</msg>
<status status="PASS" starttime="20221012 15:26:36.653" endtime="20221012 15:26:40.918"/>
</kw>
<status status="PASS" starttime="20221012 15:26:29.473" endtime="20221012 15:26:40.920"/>
</kw>
<kw name="Deleting the Saved Customer" library="DeleteUser">
<kw name="Reload Page" library="SeleniumLibrary">
<doc>Simulates user reloading page.</doc>
<status status="PASS" starttime="20221012 15:26:40.923" endtime="20221012 15:26:43.002"/>
</kw>
<kw name="Set Selenium Speed" library="SeleniumLibrary">
<arg>1</arg>
<doc>Sets the delay that is waited after each Selenium command.</doc>
<status status="PASS" starttime="20221012 15:26:43.004" endtime="20221012 15:26:43.005"/>
</kw>
<kw name="Select From List By Value" library="SeleniumLibrary">
<arg>${select_dropdown}</arg>
<arg>100</arg>
<doc>Selects options from selection list ``locator`` by ``values``.</doc>
<msg timestamp="20221012 15:26:43.008" level="INFO">Selecting options from selection list '//select[@name='customers-grid_length']' by value 100.</msg>
<status status="PASS" starttime="20221012 15:26:43.006" endtime="20221012 15:26:50.304"/>
</kw>
<kw name="Input Text" library="SeleniumLibrary">
<arg>${txt_searchmail}</arg>
<arg>${mail}</arg>
<doc>Types the given ``text`` into the text field identified by ``locator``.</doc>
<msg timestamp="20221012 15:26:50.305" level="INFO">Typing text 'hVOWr@gmail.com' into text field '//input[@name='SearchEmail']'.</msg>
<status status="PASS" starttime="20221012 15:26:50.304" endtime="20221012 15:26:53.540"/>
</kw>
<kw name="Click Element" library="SeleniumLibrary">
<arg>${btn_search}</arg>
<doc>Click the element identified by ``locator``.</doc>
<msg timestamp="20221012 15:26:53.544" level="INFO">Clicking element '//button[@id='search-customers']'.</msg>
<status status="PASS" starttime="20221012 15:26:53.541" endtime="20221012 15:26:55.691"/>
</kw>
<kw name="Click Link" library="SeleniumLibrary">
<arg>Edit</arg>
<doc>Clicks a link identified by ``locator``.</doc>
<msg timestamp="20221012 15:26:55.693" level="INFO">Clicking link 'Edit'.</msg>
<status status="PASS" starttime="20221012 15:26:55.692" endtime="20221012 15:27:05.411"/>
</kw>
<kw name="Click Element" library="SeleniumLibrary">
<arg>${btn_delete}</arg>
<doc>Click the element identified by ``locator``.</doc>
<msg timestamp="20221012 15:27:05.414" level="INFO">Clicking element '//span[@id='customer-delete']'.</msg>
<status status="PASS" starttime="20221012 15:27:05.412" endtime="20221012 15:27:07.496"/>
</kw>
<kw name="Set Selenium Implicit Wait" library="SeleniumLibrary">
<arg>10 seconds</arg>
<doc>Sets the implicit wait value used by Selenium.</doc>
<status status="PASS" starttime="20221012 15:27:07.497" endtime="20221012 15:27:08.504"/>
</kw>
<kw name="Click Element" library="SeleniumLibrary">
<arg>${btn_float_delete}</arg>
<doc>Click the element identified by ``locator``.</doc>
<msg timestamp="20221012 15:27:08.507" level="INFO">Clicking element '//button[@class='btn btn-danger float-right']'.</msg>
<status status="PASS" starttime="20221012 15:27:08.505" endtime="20221012 15:27:12.347"/>
</kw>
<kw name="Page Should Contain" library="SeleniumLibrary">
<arg>The customer has been deleted successfully.</arg>
<doc>Verifies that current page contains ``text``.</doc>
<msg timestamp="20221012 15:27:14.410" level="INFO">Current page contains text 'The customer has been deleted successfully.'.</msg>
<status status="PASS" starttime="20221012 15:27:12.348" endtime="20221012 15:27:14.411"/>
</kw>
<status status="PASS" starttime="20221012 15:26:40.921" endtime="20221012 15:27:14.412"/>
</kw>
<kw name="Logout From the website" library="LoginPage">
<kw name="Click Link" library="SeleniumLibrary">
<arg>Logout</arg>
<doc>Clicks a link identified by ``locator``.</doc>
<msg timestamp="20221012 15:27:14.417" level="INFO">Clicking link 'Logout'.</msg>
<status status="PASS" starttime="20221012 15:27:14.415" endtime="20221012 15:27:19.060"/>
</kw>
<kw name="Page Should Contain" library="SeleniumLibrary">
<arg>Welcome, please sign in!</arg>
<doc>Verifies that current page contains ``text``.</doc>
<msg timestamp="20221012 15:27:21.110" level="INFO">Current page contains text 'Welcome, please sign in!'.</msg>
<status status="PASS" starttime="20221012 15:27:19.062" endtime="20221012 15:27:21.110"/>
</kw>
<status status="PASS" starttime="20221012 15:27:14.413" endtime="20221012 15:27:21.112"/>
</kw>
<kw name="Close My Browser" library="Common" type="TEARDOWN">
<kw name="Close All Browsers" library="SeleniumLibrary">
<doc>Closes all open browsers and resets the browser cache.</doc>
<status status="PASS" starttime="20221012 15:27:21.115" endtime="20221012 15:27:24.259"/>
</kw>
<status status="PASS" starttime="20221012 15:27:21.113" endtime="20221012 15:27:24.260"/>
</kw>
<doc>This Test case delete the new customer and verify that deleted or not.</doc>
<tag>Deleting Customer</tag>
<status status="PASS" starttime="20221012 15:25:52.374" endtime="20221012 15:27:24.260"/>
</test>
<test id="s1-s1-t4" name="Adding Customers roles" line="41">
<kw name="Open my Browser" library="Common" type="SETUP">
<kw name="Open Browser" library="SeleniumLibrary">
<arg>${site}</arg>
<arg>${browser}</arg>
<arg>Headless Chrome</arg>
<doc>Opens a new browser instance to the optional ``url``.</doc>
<msg timestamp="20221012 15:27:24.269" level="INFO">Opening browser 'Chrome' to base url 'https://admin-demo.nopcommerce.com'.</msg>
<status status="PASS" starttime="20221012 15:27:24.267" endtime="20221012 15:27:29.045"/>
</kw>
<kw name="Maximize Browser Window" library="SeleniumLibrary">
<doc>Maximizes current browser window.</doc>
<status status="PASS" starttime="20221012 15:27:29.046" endtime="20221012 15:27:30.213"/>
</kw>
<status status="PASS" starttime="20221012 15:27:24.265" endtime="20221012 15:27:30.213"/>
</kw>
<kw name="Enter Login Credentials and verfiy the page" library="LoginPage">
<kw name="Input Text" library="SeleniumLibrary">
<arg>${txt_userName}</arg>
<arg>${username}</arg>
<doc>Types the given ``text`` into the text field identified by ``locator``.</doc>
<msg timestamp="20221012 15:27:30.215" level="INFO">Typing text 'admin@yourstore.com' into text field '//input[@name='Email']'.</msg>
<status status="PASS" starttime="20221012 15:27:30.214" endtime="20221012 15:27:33.345"/>
</kw>
<kw name="Input Password" library="SeleniumLibrary">
<arg>${txt_password}</arg>
<arg>${password}</arg>
<doc>Types the given password into the text field identified by ``locator``.</doc>
<msg timestamp="20221012 15:27:33.346" level="INFO">Typing password into text field '//input[@type='password']'.</msg>
<msg timestamp="20221012 15:27:35.400" level="INFO">Temporally setting log level to: NONE</msg>
<msg timestamp="20221012 15:27:36.498" level="INFO">Log level changed from NONE to INFO.</msg>
<status status="PASS" starttime="20221012 15:27:33.345" endtime="20221012 15:27:36.499"/>
</kw>
<kw name="Click Button" library="SeleniumLibrary">
<arg>${btn_signIn}</arg>
<doc>Clicks the button identified by ``locator``.</doc>
<msg timestamp="20221012 15:27:36.503" level="INFO">Clicking button '//button[@type='submit']'.</msg>
<status status="PASS" starttime="20221012 15:27:36.501" endtime="20221012 15:27:58.624"/>
</kw>
<kw name="Page Should Contain" library="SeleniumLibrary">
<arg>Dashboard</arg>
<doc>Verifies that current page contains ``text``.</doc>
<msg timestamp="20221012 15:28:00.707" level="INFO">Current page contains text 'Dashboard'.</msg>
<status status="PASS" starttime="20221012 15:27:58.625" endtime="20221012 15:28:00.707"/>
</kw>
<kw name="Capture Page Screenshot" library="SeleniumLibrary">
<doc>Takes a screenshot of the current page and embeds it into a log file.</doc>
<msg timestamp="20221012 15:28:01.925" level="INFO" html="true">&lt;/td&gt;&lt;/tr&gt;&lt;tr&gt;&lt;td colspan="3"&gt;&lt;a href="selenium-screenshot-5.png"&gt;&lt;img src="selenium-screenshot-5.png" width="800px"&gt;&lt;/a&gt;</msg>
<status status="PASS" starttime="20221012 15:28:00.709" endtime="20221012 15:28:01.926"/>
</kw>
<status status="PASS" starttime="20221012 15:27:30.214" endtime="20221012 15:28:01.928"/>
</kw>
<kw name="Add Customer Role" library="CustomerRole">
<kw name="Set Selenium Implicit Wait" library="SeleniumLibrary">
<arg>10 seconds</arg>
<doc>Sets the implicit wait value used by Selenium.</doc>
<status status="PASS" starttime="20221012 15:28:01.930" endtime="20221012 15:28:02.948"/>
</kw>
<kw name="Click Element" library="SeleniumLibrary">
<arg>${btn_customers}</arg>
<doc>Click the element identified by ``locator``.</doc>
<msg timestamp="20221012 15:28:02.951" level="INFO">Clicking element '//a[@href='#']//p[contains(text(),'Customers')]'.</msg>
<status status="PASS" starttime="20221012 15:28:02.949" endtime="20221012 15:28:05.138"/>
</kw>
<kw name="Click Element" library="SeleniumLibrary">
<arg>${btn_customerrole}</arg>
<doc>Click the element identified by ``locator``.</doc>
<msg timestamp="20221012 15:28:05.141" level="INFO">Clicking element '//p[normalize-space()='Customer roles']'.</msg>
<status status="PASS" starttime="20221012 15:28:05.139" endtime="20221012 15:28:11.585"/>
</kw>
<kw name="Click Element" library="SeleniumLibrary">
<arg>${btn_addNew}</arg>
<doc>Click the element identified by ``locator``.</doc>
<msg timestamp="20221012 15:28:11.590" level="INFO">Clicking element '//a[@class='btn btn-primary']'.</msg>
<status status="PASS" starttime="20221012 15:28:11.587" endtime="20221012 15:28:18.135"/>
</kw>
<kw name="Input Text" library="SeleniumLibrary">
<arg>${txt_name}</arg>
<arg>${name}</arg>
<doc>Types the given ``text`` into the text field identified by ``locator``.</doc>
<msg timestamp="20221012 15:28:18.138" level="INFO">Typing text 'Robot' into text field '//input[@name='Name']'.</msg>
<status status="PASS" starttime="20221012 15:28:18.136" endtime="20221012 15:28:21.376"/>
</kw>
<kw name="Select Checkbox" library="SeleniumLibrary">
<arg>${checkbox_active}</arg>
<doc>Selects the checkbox identified by ``locator``.</doc>
<msg timestamp="20221012 15:28:21.380" level="INFO">Selecting checkbox '//input[@id='FreeShipping']'.</msg>
<status status="PASS" starttime="20221012 15:28:21.378" endtime="20221012 15:28:26.630"/>
</kw>
<kw name="Select Checkbox" library="SeleniumLibrary">
<arg>${checkbox_Tax}</arg>
<doc>Selects the checkbox identified by ``locator``.</doc>
<msg timestamp="20221012 15:28:26.634" level="INFO">Selecting checkbox '//input[@id='TaxExempt']'.</msg>
<status status="PASS" starttime="20221012 15:28:26.631" endtime="20221012 15:28:31.874"/>
</kw>
<kw name="Input Text" library="SeleniumLibrary">
<arg>${txt_systemname}</arg>
<arg>${systemName}</arg>
<doc>Types the given ``text`` into the text field identified by ``locator``.</doc>
<msg timestamp="20221012 15:28:31.877" level="INFO">Typing text 'for testing purpose only' into text field '//input[@id='SystemName']'.</msg>
<status status="PASS" starttime="20221012 15:28:31.875" endtime="20221012 15:28:35.109"/>
</kw>
<status status="PASS" starttime="20221012 15:28:01.928" endtime="20221012 15:28:35.111"/>
</kw>
<kw name="Saving and verifying Customer role added or note" library="CustomerRole">
<kw name="Click Element" library="SeleniumLibrary">
<arg>${btn_save}</arg>
<doc>Click the element identified by ``locator``.</doc>
<msg timestamp="20221012 15:28:35.115" level="INFO">Clicking element '//button[@name='save']'.</msg>
<status status="PASS" starttime="20221012 15:28:35.113" endtime="20221012 15:28:38.940"/>
</kw>
<kw name="Page Should Contain" library="SeleniumLibrary">
<arg>The new customer role has been added successfully.</arg>
<doc>Verifies that current page contains ``text``.</doc>
<msg timestamp="20221012 15:28:41.005" level="INFO">Current page contains text 'The new customer role has been added successfully.'.</msg>
<status status="PASS" starttime="20221012 15:28:38.941" endtime="20221012 15:28:41.006"/>
</kw>
<status status="PASS" starttime="20221012 15:28:35.111" endtime="20221012 15:28:41.007"/>
</kw>
<kw name="Logout From the website" library="LoginPage">
<kw name="Click Link" library="SeleniumLibrary">
<arg>Logout</arg>
<doc>Clicks a link identified by ``locator``.</doc>
<msg timestamp="20221012 15:28:41.010" level="INFO">Clicking link 'Logout'.</msg>
<status status="PASS" starttime="20221012 15:28:41.009" endtime="20221012 15:28:45.841"/>
</kw>
<kw name="Page Should Contain" library="SeleniumLibrary">
<arg>Welcome, please sign in!</arg>
<doc>Verifies that current page contains ``text``.</doc>
<msg timestamp="20221012 15:28:47.905" level="INFO">Current page contains text 'Welcome, please sign in!'.</msg>
<status status="PASS" starttime="20221012 15:28:45.843" endtime="20221012 15:28:47.905"/>
</kw>
<status status="PASS" starttime="20221012 15:28:41.007" endtime="20221012 15:28:47.907"/>
</kw>
<kw name="Close My Browser" library="Common" type="TEARDOWN">
<kw name="Close All Browsers" library="SeleniumLibrary">
<doc>Closes all open browsers and resets the browser cache.</doc>
<status status="PASS" starttime="20221012 15:28:47.910" endtime="20221012 15:28:51.062"/>
</kw>
<status status="PASS" starttime="20221012 15:28:47.908" endtime="20221012 15:28:51.063"/>
</kw>
<doc>This Test will add customers role and verify that added or not.</doc>
<tag>Adding Customer Role</tag>
<status status="PASS" starttime="20221012 15:27:24.262" endtime="20221012 15:28:51.064"/>
</test>
<status status="PASS" starttime="20221012 15:23:48.307" endtime="20221012 15:28:51.067"/>
</suite>
<status status="PASS" starttime="20221012 15:23:48.277" endtime="20221012 15:28:51.072"/>
</suite>
<statistics>
<total>
<stat pass="4" fail="0" skip="0">All Tests</stat>
</total>
<tag>
<stat pass="1" fail="0" skip="0">Adding Customer</stat>
<stat pass="1" fail="0" skip="0">Adding Customer Role</stat>
<stat pass="1" fail="0" skip="0">Deleting Customer</stat>
<stat pass="1" fail="0" skip="0">Login</stat>
</tag>
<suite>
<stat pass="4" fail="0" skip="0" id="s1" name="Suites">Suites</stat>
<stat pass="4" fail="0" skip="0" id="s1-s1" name="TestCase">Suites.TestCase</stat>
</suite>
</statistics>
<errors>
</errors>
</robot>
