<?xml version="1.0" encoding="UTF-8"?>
<robot generator="Robot 5.0.1 (Python 3.10.5 on win32)" generated="20220922 18:32:19.690" rpa="false" schemaversion="3">
<suite id="s1" name="TestCases" source="C:\Users\AnkitKumar\PycharmProjects\ProjectDemo\TestCases">
<suite id="s1-s1" name="Graphs" source="C:\Users\AnkitKumar\PycharmProjects\ProjectDemo\TestCases\Graphs">
<suite id="s1-s1-s1" name="LineChart" source="C:\Users\AnkitKumar\PycharmProjects\ProjectDemo\TestCases\Graphs\LineChart.robot">
<test id="s1-s1-s1-t1" name="Line Chart with Hover effect" line="17">
<kw name="Open Browser" library="SeleniumLibrary">
<arg>https://www.highcharts.com/docs/chart-and-series-types/line-chart</arg>
<arg>chrome</arg>
<doc>Opens a new browser instance to the optional ``url``.</doc>
<msg timestamp="20220922 18:32:20.292" level="INFO">Opening browser 'chrome' to base url 'https://www.highcharts.com/docs/chart-and-series-types/line-chart'.</msg>
<status status="PASS" starttime="20220922 18:32:20.290" endtime="20220922 18:32:32.856"/>
</kw>
<kw name="Maximize Browser Window" library="SeleniumLibrary">
<doc>Maximizes current browser window.</doc>
<status status="PASS" starttime="20220922 18:32:32.858" endtime="20220922 18:32:33.193"/>
</kw>
<kw name="Set Selenium Implicit Wait" library="SeleniumLibrary">
<arg>10</arg>
<doc>Sets the implicit wait value used by Selenium.</doc>
<status status="PASS" starttime="20220922 18:32:33.195" endtime="20220922 18:32:33.257"/>
</kw>
<kw name="Click Link" library="SeleniumLibrary">
<arg>Allow all cookies</arg>
<doc>Clicks a link identified by ``locator``.</doc>
<msg timestamp="20220922 18:32:33.259" level="INFO">Clicking link 'Allow all cookies'.</msg>
<status status="PASS" starttime="20220922 18:32:33.258" endtime="20220922 18:32:34.620"/>
</kw>
<kw name="Select Frame" library="SeleniumLibrary">
<arg>//iframe[@title="Highcharts example"]</arg>
<doc>Sets frame identified by ``locator`` as the current frame.</doc>
<msg timestamp="20220922 18:32:34.622" level="INFO">Selecting frame '//iframe[@title="Highcharts example"]'.</msg>
<status status="PASS" starttime="20220922 18:32:34.621" endtime="20220922 18:32:35.514"/>
</kw>
<kw name="Get Element Count" library="SeleniumLibrary">
<var>${count}</var>
<arg>${Locator}</arg>
<doc>Returns the number of elements matching ``locator``.</doc>
<msg timestamp="20220922 18:32:35.576" level="INFO">${count} = 11</msg>
<status status="PASS" starttime="20220922 18:32:35.517" endtime="20220922 18:32:35.576"/>
</kw>
<kw name="Log To Console" library="BuiltIn">
<arg>${count}</arg>
<doc>Logs the given message to the console.</doc>
<status status="PASS" starttime="20220922 18:32:35.578" endtime="20220922 18:32:35.579"/>
</kw>
<kw name="Unselect Frame" library="SeleniumLibrary">
<doc>Sets the main frame as the current frame.</doc>
<status status="PASS" starttime="20220922 18:32:35.580" endtime="20220922 18:32:35.595"/>
</kw>
<kw name="Reload Page" library="SeleniumLibrary">
<doc>Simulates user reloading page.</doc>
<status status="PASS" starttime="20220922 18:32:35.596" endtime="20220922 18:32:37.722"/>
</kw>
<for flavor="IN RANGE">
<var>${i}</var>
<value>1</value>
<value>${count}</value>
<iter>
<var name="${i}">1</var>
<kw name="Select Frame" library="SeleniumLibrary">
<arg>//iframe[@title="Highcharts example"]</arg>
<doc>Sets frame identified by ``locator`` as the current frame.</doc>
<msg timestamp="20220922 18:32:37.726" level="INFO">Selecting frame '//iframe[@title="Highcharts example"]'.</msg>
<status status="PASS" starttime="20220922 18:32:37.725" endtime="20220922 18:32:38.331"/>
</kw>
<kw name="Set Selenium Speed" library="SeleniumLibrary">
<arg>1</arg>
<doc>Sets the delay that is waited after each Selenium command.</doc>
<status status="PASS" starttime="20220922 18:32:38.334" endtime="20220922 18:32:38.335"/>
</kw>
<kw name="Mouse Over" library="SeleniumLibrary">
<arg>${Locator} [${i}]</arg>
<doc>Simulates hovering the mouse over the element ``locator``.</doc>
<msg timestamp="20220922 18:32:38.338" level="INFO">Simulating Mouse Over on element '((//*[local-name()='svg']//*[local-name()='g' and @transform="translate(81,71) scale(1 1)"])//*[name()='path' and @class="highcharts-point highcharts-color-0"]) [1]'.</msg>
<status status="PASS" starttime="20220922 18:32:38.337" endtime="20220922 18:32:41.358"/>
</kw>
<kw name="Set Selenium Implicit Wait" library="SeleniumLibrary">
<arg>10</arg>
<doc>Sets the implicit wait value used by Selenium.</doc>
<status status="PASS" starttime="20220922 18:32:41.383" endtime="20220922 18:32:42.420"/>
</kw>
<kw name="Unselect Frame" library="SeleniumLibrary">
<doc>Sets the main frame as the current frame.</doc>
<status status="PASS" starttime="20220922 18:32:42.420" endtime="20220922 18:32:43.519"/>
</kw>
<status status="PASS" starttime="20220922 18:32:37.724" endtime="20220922 18:32:43.520"/>
</iter>
<iter>
<var name="${i}">2</var>
<kw name="Select Frame" library="SeleniumLibrary">
<arg>//iframe[@title="Highcharts example"]</arg>
<doc>Sets frame identified by ``locator`` as the current frame.</doc>
<msg timestamp="20220922 18:32:43.521" level="INFO">Selecting frame '//iframe[@title="Highcharts example"]'.</msg>
<status status="PASS" starttime="20220922 18:32:43.521" endtime="20220922 18:32:45.609"/>
</kw>
<kw name="Set Selenium Speed" library="SeleniumLibrary">
<arg>1</arg>
<doc>Sets the delay that is waited after each Selenium command.</doc>
<status status="PASS" starttime="20220922 18:32:45.611" endtime="20220922 18:32:45.612"/>
</kw>
<kw name="Mouse Over" library="SeleniumLibrary">
<arg>${Locator} [${i}]</arg>
<doc>Simulates hovering the mouse over the element ``locator``.</doc>
<msg timestamp="20220922 18:32:45.614" level="INFO">Simulating Mouse Over on element '((//*[local-name()='svg']//*[local-name()='g' and @transform="translate(81,71) scale(1 1)"])//*[name()='path' and @class="highcharts-point highcharts-color-0"]) [2]'.</msg>
<status status="PASS" starttime="20220922 18:32:45.613" endtime="20220922 18:32:48.231"/>
</kw>
<kw name="Set Selenium Implicit Wait" library="SeleniumLibrary">
<arg>10</arg>
<doc>Sets the implicit wait value used by Selenium.</doc>
<status status="PASS" starttime="20220922 18:32:48.292" endtime="20220922 18:32:49.301"/>
</kw>
<kw name="Unselect Frame" library="SeleniumLibrary">
<doc>Sets the main frame as the current frame.</doc>
<status status="PASS" starttime="20220922 18:32:49.301" endtime="20220922 18:32:50.323"/>
</kw>
<status status="PASS" starttime="20220922 18:32:43.520" endtime="20220922 18:32:50.324"/>
</iter>
<iter>
<var name="${i}">3</var>
<kw name="Select Frame" library="SeleniumLibrary">
<arg>//iframe[@title="Highcharts example"]</arg>
<doc>Sets frame identified by ``locator`` as the current frame.</doc>
<msg timestamp="20220922 18:32:50.326" level="INFO">Selecting frame '//iframe[@title="Highcharts example"]'.</msg>
<status status="PASS" starttime="20220922 18:32:50.325" endtime="20220922 18:32:52.891"/>
</kw>
<kw name="Set Selenium Speed" library="SeleniumLibrary">
<arg>1</arg>
<doc>Sets the delay that is waited after each Selenium command.</doc>
<status status="PASS" starttime="20220922 18:32:52.893" endtime="20220922 18:32:52.893"/>
</kw>
<kw name="Mouse Over" library="SeleniumLibrary">
<arg>${Locator} [${i}]</arg>
<doc>Simulates hovering the mouse over the element ``locator``.</doc>
<msg timestamp="20220922 18:32:52.895" level="INFO">Simulating Mouse Over on element '((//*[local-name()='svg']//*[local-name()='g' and @transform="translate(81,71) scale(1 1)"])//*[name()='path' and @class="highcharts-point highcharts-color-0"]) [3]'.</msg>
<status status="PASS" starttime="20220922 18:32:52.894" endtime="20220922 18:32:55.664"/>
</kw>
<kw name="Set Selenium Implicit Wait" library="SeleniumLibrary">
<arg>10</arg>
<doc>Sets the implicit wait value used by Selenium.</doc>
<status status="PASS" starttime="20220922 18:32:55.666" endtime="20220922 18:32:56.675"/>
</kw>
<kw name="Unselect Frame" library="SeleniumLibrary">
<doc>Sets the main frame as the current frame.</doc>
<status status="PASS" starttime="20220922 18:32:56.675" endtime="20220922 18:32:57.716"/>
</kw>
<status status="PASS" starttime="20220922 18:32:50.325" endtime="20220922 18:32:57.716"/>
</iter>
<iter>
<var name="${i}">4</var>
<kw name="Select Frame" library="SeleniumLibrary">
<arg>//iframe[@title="Highcharts example"]</arg>
<doc>Sets frame identified by ``locator`` as the current frame.</doc>
<msg timestamp="20220922 18:32:57.718" level="INFO">Selecting frame '//iframe[@title="Highcharts example"]'.</msg>
<status status="PASS" starttime="20220922 18:32:57.717" endtime="20220922 18:32:59.814"/>
</kw>
<kw name="Set Selenium Speed" library="SeleniumLibrary">
<arg>1</arg>
<doc>Sets the delay that is waited after each Selenium command.</doc>
<status status="PASS" starttime="20220922 18:32:59.816" endtime="20220922 18:32:59.817"/>
</kw>
<kw name="Mouse Over" library="SeleniumLibrary">
<arg>${Locator} [${i}]</arg>
<doc>Simulates hovering the mouse over the element ``locator``.</doc>
<msg timestamp="20220922 18:32:59.819" level="INFO">Simulating Mouse Over on element '((//*[local-name()='svg']//*[local-name()='g' and @transform="translate(81,71) scale(1 1)"])//*[name()='path' and @class="highcharts-point highcharts-color-0"]) [4]'.</msg>
<status status="PASS" starttime="20220922 18:32:59.818" endtime="20220922 18:33:02.300"/>
</kw>
<kw name="Set Selenium Implicit Wait" library="SeleniumLibrary">
<arg>10</arg>
<doc>Sets the implicit wait value used by Selenium.</doc>
<status status="PASS" starttime="20220922 18:33:02.301" endtime="20220922 18:33:03.309"/>
</kw>
<kw name="Unselect Frame" library="SeleniumLibrary">
<doc>Sets the main frame as the current frame.</doc>
<status status="PASS" starttime="20220922 18:33:03.310" endtime="20220922 18:33:04.318"/>
</kw>
<status status="PASS" starttime="20220922 18:32:57.717" endtime="20220922 18:33:04.318"/>
</iter>
<iter>
<var name="${i}">5</var>
<kw name="Select Frame" library="SeleniumLibrary">
<arg>//iframe[@title="Highcharts example"]</arg>
<doc>Sets frame identified by ``locator`` as the current frame.</doc>
<msg timestamp="20220922 18:33:04.320" level="INFO">Selecting frame '//iframe[@title="Highcharts example"]'.</msg>
<status status="PASS" starttime="20220922 18:33:04.319" endtime="20220922 18:33:06.398"/>
</kw>
<kw name="Set Selenium Speed" library="SeleniumLibrary">
<arg>1</arg>
<doc>Sets the delay that is waited after each Selenium command.</doc>
<status status="PASS" starttime="20220922 18:33:06.400" endtime="20220922 18:33:06.401"/>
</kw>
<kw name="Mouse Over" library="SeleniumLibrary">
<arg>${Locator} [${i}]</arg>
<doc>Simulates hovering the mouse over the element ``locator``.</doc>
<msg timestamp="20220922 18:33:06.402" level="INFO">Simulating Mouse Over on element '((//*[local-name()='svg']//*[local-name()='g' and @transform="translate(81,71) scale(1 1)"])//*[name()='path' and @class="highcharts-point highcharts-color-0"]) [5]'.</msg>
<status status="PASS" starttime="20220922 18:33:06.401" endtime="20220922 18:33:08.851"/>
</kw>
<kw name="Set Selenium Implicit Wait" library="SeleniumLibrary">
<arg>10</arg>
<doc>Sets the implicit wait value used by Selenium.</doc>
<status status="PASS" starttime="20220922 18:33:08.853" endtime="20220922 18:33:09.865"/>
</kw>
<kw name="Unselect Frame" library="SeleniumLibrary">
<doc>Sets the main frame as the current frame.</doc>
<status status="PASS" starttime="20220922 18:33:09.866" endtime="20220922 18:33:10.869"/>
</kw>
<status status="PASS" starttime="20220922 18:33:04.319" endtime="20220922 18:33:10.870"/>
</iter>
<iter>
<var name="${i}">6</var>
<kw name="Select Frame" library="SeleniumLibrary">
<arg>//iframe[@title="Highcharts example"]</arg>
<doc>Sets frame identified by ``locator`` as the current frame.</doc>
<msg timestamp="20220922 18:33:10.871" level="INFO">Selecting frame '//iframe[@title="Highcharts example"]'.</msg>
<status status="PASS" starttime="20220922 18:33:10.871" endtime="20220922 18:33:12.931"/>
</kw>
<kw name="Set Selenium Speed" library="SeleniumLibrary">
<arg>1</arg>
<doc>Sets the delay that is waited after each Selenium command.</doc>
<status status="PASS" starttime="20220922 18:33:12.934" endtime="20220922 18:33:12.935"/>
</kw>
<kw name="Mouse Over" library="SeleniumLibrary">
<arg>${Locator} [${i}]</arg>
<doc>Simulates hovering the mouse over the element ``locator``.</doc>
<msg timestamp="20220922 18:33:12.936" level="INFO">Simulating Mouse Over on element '((//*[local-name()='svg']//*[local-name()='g' and @transform="translate(81,71) scale(1 1)"])//*[name()='path' and @class="highcharts-point highcharts-color-0"]) [6]'.</msg>
<status status="PASS" starttime="20220922 18:33:12.936" endtime="20220922 18:33:15.319"/>
</kw>
<kw name="Set Selenium Implicit Wait" library="SeleniumLibrary">
<arg>10</arg>
<doc>Sets the implicit wait value used by Selenium.</doc>
<status status="PASS" starttime="20220922 18:33:15.320" endtime="20220922 18:33:16.347"/>
</kw>
<kw name="Unselect Frame" library="SeleniumLibrary">
<doc>Sets the main frame as the current frame.</doc>
<status status="PASS" starttime="20220922 18:33:16.348" endtime="20220922 18:33:17.375"/>
</kw>
<status status="PASS" starttime="20220922 18:33:10.870" endtime="20220922 18:33:17.376"/>
</iter>
<iter>
<var name="${i}">7</var>
<kw name="Select Frame" library="SeleniumLibrary">
<arg>//iframe[@title="Highcharts example"]</arg>
<doc>Sets frame identified by ``locator`` as the current frame.</doc>
<msg timestamp="20220922 18:33:17.377" level="INFO">Selecting frame '//iframe[@title="Highcharts example"]'.</msg>
<status status="PASS" starttime="20220922 18:33:17.377" endtime="20220922 18:33:19.539"/>
</kw>
<kw name="Set Selenium Speed" library="SeleniumLibrary">
<arg>1</arg>
<doc>Sets the delay that is waited after each Selenium command.</doc>
<status status="PASS" starttime="20220922 18:33:19.541" endtime="20220922 18:33:19.541"/>
</kw>
<kw name="Mouse Over" library="SeleniumLibrary">
<arg>${Locator} [${i}]</arg>
<doc>Simulates hovering the mouse over the element ``locator``.</doc>
<msg timestamp="20220922 18:33:19.543" level="INFO">Simulating Mouse Over on element '((//*[local-name()='svg']//*[local-name()='g' and @transform="translate(81,71) scale(1 1)"])//*[name()='path' and @class="highcharts-point highcharts-color-0"]) [7]'.</msg>
<status status="PASS" starttime="20220922 18:33:19.542" endtime="20220922 18:33:21.886"/>
</kw>
<kw name="Set Selenium Implicit Wait" library="SeleniumLibrary">
<arg>10</arg>
<doc>Sets the implicit wait value used by Selenium.</doc>
<status status="PASS" starttime="20220922 18:33:21.889" endtime="20220922 18:33:22.903"/>
</kw>
<kw name="Unselect Frame" library="SeleniumLibrary">
<doc>Sets the main frame as the current frame.</doc>
<status status="PASS" starttime="20220922 18:33:22.904" endtime="20220922 18:33:23.919"/>
</kw>
<status status="PASS" starttime="20220922 18:33:17.376" endtime="20220922 18:33:23.920"/>
</iter>
<iter>
<var name="${i}">8</var>
<kw name="Select Frame" library="SeleniumLibrary">
<arg>//iframe[@title="Highcharts example"]</arg>
<doc>Sets frame identified by ``locator`` as the current frame.</doc>
<msg timestamp="20220922 18:33:23.922" level="INFO">Selecting frame '//iframe[@title="Highcharts example"]'.</msg>
<status status="PASS" starttime="20220922 18:33:23.921" endtime="20220922 18:33:25.979"/>
</kw>
<kw name="Set Selenium Speed" library="SeleniumLibrary">
<arg>1</arg>
<doc>Sets the delay that is waited after each Selenium command.</doc>
<status status="PASS" starttime="20220922 18:33:25.981" endtime="20220922 18:33:25.982"/>
</kw>
<kw name="Mouse Over" library="SeleniumLibrary">
<arg>${Locator} [${i}]</arg>
<doc>Simulates hovering the mouse over the element ``locator``.</doc>
<msg timestamp="20220922 18:33:25.984" level="INFO">Simulating Mouse Over on element '((//*[local-name()='svg']//*[local-name()='g' and @transform="translate(81,71) scale(1 1)"])//*[name()='path' and @class="highcharts-point highcharts-color-0"]) [8]'.</msg>
