<?xml version="1.0" encoding="UTF-8"?>
<robot generator="Robot 5.0.1 (Python 3.10.5 on win32)" generated="20220922 18:28:10.083" rpa="false" schemaversion="3">
<suite id="s1" name="TestCases" source="C:\Users\AnkitKumar\PycharmProjects\ProjectDemo\TestCases">
<suite id="s1-s1" name="Graphs" source="C:\Users\AnkitKumar\PycharmProjects\ProjectDemo\TestCases\Graphs">
<suite id="s1-s1-s1" name="AreaChart" source="C:\Users\AnkitKumar\PycharmProjects\ProjectDemo\TestCases\Graphs\AreaChart.robot">
<test id="s1-s1-s1-t1" name="Area chart with hover effect" line="14">
<kw name="Open Browser" library="SeleniumLibrary">
<arg>https://www.highcharts.com/docs/chart-and-series-types/area-chart</arg>
<arg>chrome</arg>
<doc>Opens a new browser instance to the optional ``url``.</doc>
<msg timestamp="20220922 18:28:10.361" level="INFO">Opening browser 'chrome' to base url 'https://www.highcharts.com/docs/chart-and-series-types/area-chart'.</msg>
<status status="PASS" starttime="20220922 18:28:10.361" endtime="20220922 18:28:14.945"/>
</kw>
<kw name="Maximize Browser Window" library="SeleniumLibrary">
<doc>Maximizes current browser window.</doc>
<status status="PASS" starttime="20220922 18:28:14.945" endtime="20220922 18:28:15.108"/>
</kw>
<kw name="Set Selenium Implicit Wait" library="SeleniumLibrary">
<arg>10</arg>
<doc>Sets the implicit wait value used by Selenium.</doc>
<status status="PASS" starttime="20220922 18:28:15.108" endtime="20220922 18:28:15.111"/>
</kw>
<kw name="Click Link" library="SeleniumLibrary">
<arg>Allow all cookies</arg>
<doc>Clicks a link identified by ``locator``.</doc>
<msg timestamp="20220922 18:28:15.114" level="INFO">Clicking link 'Allow all cookies'.</msg>
<status status="PASS" starttime="20220922 18:28:15.112" endtime="20220922 18:28:15.631"/>
</kw>
<kw name="Reload Page" library="SeleniumLibrary">
<doc>Simulates user reloading page.</doc>
<status status="PASS" starttime="20220922 18:28:15.631" endtime="20220922 18:28:17.505"/>
</kw>
<kw name="Select Frame" library="SeleniumLibrary">
<arg>//iframe[@title="Highcharts example"]</arg>
<doc>Sets frame identified by ``locator`` as the current frame.</doc>
<msg timestamp="20220922 18:28:17.507" level="INFO">Selecting frame '//iframe[@title="Highcharts example"]'.</msg>
<status status="PASS" starttime="20220922 18:28:17.506" endtime="20220922 18:28:17.558"/>
</kw>
<kw name="Get Element Count" library="SeleniumLibrary">
<var>${count}</var>
<arg>${Locator}</arg>
<doc>Returns the number of elements matching ``locator``.</doc>
<msg timestamp="20220922 18:28:17.577" level="INFO">${count} = 74</msg>
<status status="PASS" starttime="20220922 18:28:17.558" endtime="20220922 18:28:17.577"/>
</kw>
<kw name="Log To Console" library="BuiltIn">
<arg>${count}</arg>
<doc>Logs the given message to the console.</doc>
<status status="PASS" starttime="20220922 18:28:17.577" endtime="20220922 18:28:17.578"/>
</kw>
<kw name="Unselect Frame" library="SeleniumLibrary">
<doc>Sets the main frame as the current frame.</doc>
<status status="PASS" starttime="20220922 18:28:17.579" endtime="20220922 18:28:17.583"/>
</kw>
<kw name="Reload Page" library="SeleniumLibrary">
<doc>Simulates user reloading page.</doc>
<status status="PASS" starttime="20220922 18:28:17.583" endtime="20220922 18:28:19.294"/>
</kw>
<for flavor="IN RANGE">
<var>${i}</var>
<value>1</value>
<value>${count}</value>
<iter>
<var name="${i}">1</var>
<kw name="Select Frame" library="SeleniumLibrary">
<arg>//iframe[@title="Highcharts example"]</arg>
<doc>Sets frame identified by ``locator`` as the current frame.</doc>
<msg timestamp="20220922 18:28:19.299" level="INFO">Selecting frame '//iframe[@title="Highcharts example"]'.</msg>
<status status="PASS" starttime="20220922 18:28:19.298" endtime="20220922 18:28:19.863"/>
</kw>
<kw name="Mouse Over" library="SeleniumLibrary">
<arg>${Locator} [${i}]</arg>
<doc>Simulates hovering the mouse over the element ``locator``.</doc>
<msg timestamp="20220922 18:28:19.865" level="INFO">Simulating Mouse Over on element '((//*[local-name()='svg']//*[local-name()='g' and @transform="translate(74,71) scale(1 1)"])//*[name()='path' and @class="highcharts-point highcharts-color-1"]) [1]'.</msg>
<status status="PASS" starttime="20220922 18:28:19.864" endtime="20220922 18:28:20.285"/>
</kw>
<kw name="Get Element Count" library="SeleniumLibrary">
<var>${count}</var>
<arg>${Locate}</arg>
<doc>Returns the number of elements matching ``locator``.</doc>
<msg timestamp="20220922 18:28:30.295" level="INFO">${count} = 0</msg>
<status status="PASS" starttime="20220922 18:28:20.285" endtime="20220922 18:28:30.296"/>
</kw>
<for flavor="IN RANGE">
<var>${j}</var>
<value>${count}</value>
<iter>
<var name="${j}"/>
<kw name="Get Text" library="SeleniumLibrary">
<var>${Text}</var>
<arg>${Locate}</arg>
<doc>Returns the text value of the element identified by ``locator``.</doc>
<status status="NOT RUN" starttime="20220922 18:28:30.296" endtime="20220922 18:28:30.296"/>
</kw>
<kw name="Log To Console" library="BuiltIn">
<arg>${Text}</arg>
<doc>Logs the given message to the console.</doc>
<status status="NOT RUN" starttime="20220922 18:28:30.297" endtime="20220922 18:28:30.297"/>
</kw>
<status status="NOT RUN" starttime="20220922 18:28:30.296" endtime="20220922 18:28:30.297"/>
</iter>
<status status="NOT RUN" starttime="20220922 18:28:30.296" endtime="20220922 18:28:30.297"/>
</for>
<kw name="Unselect Frame" library="SeleniumLibrary">
<doc>Sets the main frame as the current frame.</doc>
<status status="PASS" starttime="20220922 18:28:30.297" endtime="20220922 18:28:30.319"/>
</kw>
<status status="PASS" starttime="20220922 18:28:19.296" endtime="20220922 18:28:30.319"/>
</iter>
<iter>
<var name="${i}">2</var>
<kw name="Select Frame" library="SeleniumLibrary">
<arg>//iframe[@title="Highcharts example"]</arg>
<doc>Sets frame identified by ``locator`` as the current frame.</doc>
<msg timestamp="20220922 18:28:30.320" level="INFO">Selecting frame '//iframe[@title="Highcharts example"]'.</msg>
<status status="PASS" starttime="20220922 18:28:30.319" endtime="20220922 18:28:30.419"/>
</kw>
<kw name="Mouse Over" library="SeleniumLibrary">
<arg>${Locator} [${i}]</arg>
<doc>Simulates hovering the mouse over the element ``locator``.</doc>
<msg timestamp="20220922 18:28:30.420" level="INFO">Simulating Mouse Over on element '((//*[local-name()='svg']//*[local-name()='g' and @transform="translate(74,71) scale(1 1)"])//*[name()='path' and @class="highcharts-point highcharts-color-1"]) [2]'.</msg>
<status status="PASS" starttime="20220922 18:28:30.419" endtime="20220922 18:28:30.761"/>
</kw>
<kw name="Get Element Count" library="SeleniumLibrary">
<var>${count}</var>
<arg>${Locate}</arg>
<doc>Returns the number of elements matching ``locator``.</doc>
<msg timestamp="20220922 18:28:30.810" level="INFO">${count} = 1</msg>
<status status="PASS" starttime="20220922 18:28:30.761" endtime="20220922 18:28:30.810"/>
</kw>
<for flavor="IN RANGE">
<var>${j}</var>
<value>${count}</value>
<iter>
<var name="${j}">0</var>
<kw name="Get Text" library="SeleniumLibrary">
<var>${Text}</var>
<arg>${Locate}</arg>
<doc>Returns the text value of the element identified by ``locator``.</doc>
<msg timestamp="20220922 18:28:30.924" level="INFO">${Text} = 1950USA had stockpiled 299warheads in 1950</msg>
<status status="PASS" starttime="20220922 18:28:30.812" endtime="20220922 18:28:30.924"/>
</kw>
<kw name="Log To Console" library="BuiltIn">
<arg>${Text}</arg>
<doc>Logs the given message to the console.</doc>
<status status="PASS" starttime="20220922 18:28:30.924" endtime="20220922 18:28:30.925"/>
</kw>
<status status="PASS" starttime="20220922 18:28:30.811" endtime="20220922 18:28:30.925"/>
</iter>
<status status="PASS" starttime="20220922 18:28:30.811" endtime="20220922 18:28:30.925"/>
</for>
<kw name="Unselect Frame" library="SeleniumLibrary">
<doc>Sets the main frame as the current frame.</doc>
<status status="PASS" starttime="20220922 18:28:30.926" endtime="20220922 18:28:30.929"/>
</kw>
<status status="PASS" starttime="20220922 18:28:30.319" endtime="20220922 18:28:30.929"/>
</iter>
<iter>
<var name="${i}">3</var>
<kw name="Select Frame" library="SeleniumLibrary">
<arg>//iframe[@title="Highcharts example"]</arg>
<doc>Sets frame identified by ``locator`` as the current frame.</doc>
<msg timestamp="20220922 18:28:30.930" level="INFO">Selecting frame '//iframe[@title="Highcharts example"]'.</msg>
<status status="PASS" starttime="20220922 18:28:30.930" endtime="20220922 18:28:30.971"/>
</kw>
<kw name="Mouse Over" library="SeleniumLibrary">
<arg>${Locator} [${i}]</arg>
<doc>Simulates hovering the mouse over the element ``locator``.</doc>
<msg timestamp="20220922 18:28:30.972" level="INFO">Simulating Mouse Over on element '((//*[local-name()='svg']//*[local-name()='g' and @transform="translate(74,71) scale(1 1)"])//*[name()='path' and @class="highcharts-point highcharts-color-1"]) [3]'.</msg>
<status status="PASS" starttime="20220922 18:28:30.971" endtime="20220922 18:28:31.335"/>
</kw>
<kw name="Get Element Count" library="SeleniumLibrary">
<var>${count}</var>
<arg>${Locate}</arg>
<doc>Returns the number of elements matching ``locator``.</doc>
<msg timestamp="20220922 18:28:31.348" level="INFO">${count} = 1</msg>
<status status="PASS" starttime="20220922 18:28:31.335" endtime="20220922 18:28:31.348"/>
</kw>
<for flavor="IN RANGE">
<var>${j}</var>
<value>${count}</value>
<iter>
<var name="${j}">0</var>
<kw name="Get Text" library="SeleniumLibrary">
<var>${Text}</var>
<arg>${Locate}</arg>
<doc>Returns the text value of the element identified by ``locator``.</doc>
<msg timestamp="20220922 18:28:31.387" level="INFO">${Text} = 1951USSR/Russia had stockpiled 25warheads in 1951</msg>
<status status="PASS" starttime="20220922 18:28:31.349" endtime="20220922 18:28:31.388"/>
</kw>
<kw name="Log To Console" library="BuiltIn">
<arg>${Text}</arg>
<doc>Logs the given message to the console.</doc>
<status status="PASS" starttime="20220922 18:28:31.388" endtime="20220922 18:28:31.391"/>
</kw>
<status status="PASS" starttime="20220922 18:28:31.349" endtime="20220922 18:28:31.391"/>
</iter>
<status status="PASS" starttime="20220922 18:28:31.348" endtime="20220922 18:28:31.391"/>
</for>
<kw name="Unselect Frame" library="SeleniumLibrary">
<doc>Sets the main frame as the current frame.</doc>
<status status="PASS" starttime="20220922 18:28:31.392" endtime="20220922 18:28:31.400"/>
</kw>
<status status="PASS" starttime="20220922 18:28:30.929" endtime="20220922 18:28:31.400"/>
</iter>
<iter>
<var name="${i}">4</var>
<kw name="Select Frame" library="SeleniumLibrary">
<arg>//iframe[@title="Highcharts example"]</arg>
<doc>Sets frame identified by ``locator`` as the current frame.</doc>
<msg timestamp="20220922 18:28:31.402" level="INFO">Selecting frame '//iframe[@title="Highcharts example"]'.</msg>
<status status="PASS" starttime="20220922 18:28:31.401" endtime="20220922 18:28:31.523"/>
</kw>
<kw name="Mouse Over" library="SeleniumLibrary">
<arg>${Locator} [${i}]</arg>
<doc>Simulates hovering the mouse over the element ``locator``.</doc>
<msg timestamp="20220922 18:28:31.524" level="INFO">Simulating Mouse Over on element '((//*[local-name()='svg']//*[local-name()='g' and @transform="translate(74,71) scale(1 1)"])//*[name()='path' and @class="highcharts-point highcharts-color-1"]) [4]'.</msg>
<status status="PASS" starttime="20220922 18:28:31.523" endtime="20220922 18:28:31.868"/>
</kw>
<kw name="Get Element Count" library="SeleniumLibrary">
<var>${count}</var>
<arg>${Locate}</arg>
<doc>Returns the number of elements matching ``locator``.</doc>
<msg timestamp="20220922 18:28:31.884" level="INFO">${count} = 1</msg>
<status status="PASS" starttime="20220922 18:28:31.869" endtime="20220922 18:28:31.884"/>
</kw>
<for flavor="IN RANGE">
<var>${j}</var>
<value>${count}</value>
<iter>
<var name="${j}">0</var>
<kw name="Get Text" library="SeleniumLibrary">
<var>${Text}</var>
<arg>${Locate}</arg>
<doc>Returns the text value of the element identified by ``locator``.</doc>
<msg timestamp="20220922 18:28:31.918" level="INFO">${Text} = 1953USSR/Russia had stockpiled 120warheads in 1953</msg>
<status status="PASS" starttime="20220922 18:28:31.885" endtime="20220922 18:28:31.918"/>
</kw>
<kw name="Log To Console" library="BuiltIn">
<arg>${Text}</arg>
<doc>Logs the given message to the console.</doc>
<status status="PASS" starttime="20220922 18:28:31.918" endtime="20220922 18:28:31.919"/>
</kw>
<status status="PASS" starttime="20220922 18:28:31.885" endtime="20220922 18:28:31.919"/>
</iter>
<status status="PASS" starttime="20220922 18:28:31.884" endtime="20220922 18:28:31.919"/>
</for>
<kw name="Unselect Frame" library="SeleniumLibrary">
<doc>Sets the main frame as the current frame.</doc>
<status status="PASS" starttime="20220922 18:28:31.920" endtime="20220922 18:28:31.932"/>
</kw>
<status status="PASS" starttime="20220922 18:28:31.400" endtime="20220922 18:28:31.932"/>
</iter>
<iter>
<var name="${i}">5</var>
<kw name="Select Frame" library="SeleniumLibrary">
<arg>//iframe[@title="Highcharts example"]</arg>
<doc>Sets frame identified by ``locator`` as the current frame.</doc>
<msg timestamp="20220922 18:28:31.934" level="INFO">Selecting frame '//iframe[@title="Highcharts example"]'.</msg>
<status status="PASS" starttime="20220922 18:28:31.933" endtime="20220922 18:28:31.969"/>
</kw>
<kw name="Mouse Over" library="SeleniumLibrary">
<arg>${Locator} [${i}]</arg>
<doc>Simulates hovering the mouse over the element ``locator``.</doc>
<msg timestamp="20220922 18:28:31.971" level="INFO">Simulating Mouse Over on element '((//*[local-name()='svg']//*[local-name()='g' and @transform="translate(74,71) scale(1 1)"])//*[name()='path' and @class="highcharts-point highcharts-color-1"]) [5]'.</msg>
<status status="PASS" starttime="20220922 18:28:31.970" endtime="20220922 18:28:32.371"/>
</kw>
<kw name="Get Element Count" library="SeleniumLibrary">
<var>${count}</var>
<arg>${Locate}</arg>
<doc>Returns the number of elements matching ``locator``.</doc>
<msg timestamp="20220922 18:28:32.395" level="INFO">${count} = 1</msg>
<status status="PASS" starttime="20220922 18:28:32.371" endtime="20220922 18:28:32.395"/>
</kw>
<for flavor="IN RANGE">
<var>${j}</var>
<value>${count}</value>
<iter>
<var name="${j}">0</var>
<kw name="Get Text" library="SeleniumLibrary">
<var>${Text}</var>
<arg>${Locate}</arg>
<doc>Returns the text value of the element identified by ``locator``.</doc>
<msg timestamp="20220922 18:28:32.422" level="INFO">${Text} = 1954USSR/Russia had stockpiled 150warheads in 1954</msg>
<status status="PASS" starttime="20220922 18:28:32.396" endtime="20220922 18:28:32.423"/>
</kw>
<kw name="Log To Console" library="BuiltIn">
<arg>${Text}</arg>
<doc>Logs the given message to the console.</doc>
<status status="PASS" starttime="20220922 18:28:32.423" endtime="20220922 18:28:32.424"/>
</kw>
<status status="PASS" starttime="20220922 18:28:32.395" endtime="20220922 18:28:32.424"/>
</iter>
<status status="PASS" starttime="20220922 18:28:32.395" endtime="20220922 18:28:32.424"/>
</for>
<kw name="Unselect Frame" library="SeleniumLibrary">
<doc>Sets the main frame as the current frame.</doc>
<status status="PASS" starttime="20220922 18:28:32.425" endtime="20220922 18:28:32.429"/>
</kw>
<status status="PASS" starttime="20220922 18:28:31.933" endtime="20220922 18:28:32.429"/>
</iter>
<iter>
<var name="${i}">6</var>
<kw name="Select Frame" library="SeleniumLibrary">
<arg>//iframe[@title="Highcharts example"]</arg>
<doc>Sets frame identified by ``locator`` as the current frame.</doc>
<msg timestamp="20220922 18:28:32.431" level="INFO">Selecting frame '//iframe[@title="Highcharts example"]'.</msg>
<status status="PASS" starttime="20220922 18:28:32.430" endtime="20220922 18:28:32.489"/>
</kw>
<kw name="Mouse Over" library="SeleniumLibrary">
<arg>${Locator} [${i}]</arg>
<doc>Simulates hovering the mouse over the element ``locator``.</doc>
<msg timestamp="20220922 18:28:32.492" level="INFO">Simulating Mouse Over on element '((//*[local-name()='svg']//*[local-name()='g' and @transform="translate(74,71) scale(1 1)"])//*[name()='path' and @class="highcharts-point highcharts-color-1"]) [6]'.</msg>
<status status="PASS" starttime="20220922 18:28:32.491" endtime="20220922 18:28:32.880"/>
</kw>
<kw name="Get Element Count" library="SeleniumLibrary">
<var>${count}</var>
<arg>${Locate}</arg>
<doc>Returns the number of elements matching ``locator``.</doc>
<msg timestamp="20220922 18:28:32.889" level="INFO">${count} = 1</msg>
<status status="PASS" starttime="20220922 18:28:32.880" endtime="20220922 18:28:32.889"/>
</kw>
<for flavor="IN RANGE">
<var>${j}</var>
<value>${count}</value>
<iter>
<var name="${j}">0</var>
<kw name="Get Text" library="SeleniumLibrary">
<var>${Text}</var>
<arg>${Locate}</arg>
<doc>Returns the text value of the element identified by ``locator``.</doc>
<msg timestamp="20220922 18:28:32.916" level="INFO">${Text} = 1955USSR/Russia had stockpiled 200warheads in 1955</msg>
<status status="PASS" starttime="20220922 18:28:32.891" endtime="20220922 18:28:32.916"/>
</kw>
<kw name="Log To Console" library="BuiltIn">
<arg>${Text}</arg>
<doc>Logs the given message to the console.</doc>
<status status="PASS" starttime="20220922 18:28:32.916" endtime="20220922 18:28:32.917"/>
</kw>
<status status="PASS" starttime="20220922 18:28:32.890" endtime="20220922 18:28:32.917"/>
</iter>
<status status="PASS" starttime="20220922 18:28:32.889" endtime="20220922 18:28:32.917"/>
</for>
<kw name="Unselect Frame" library="SeleniumLibrary">
<doc>Sets the main frame as the current frame.</doc>
<status status="PASS" starttime="20220922 18:28:32.917" endtime="20220922 18:28:32.921"/>
</kw>
<status status="PASS" starttime="20220922 18:28:32.430" endtime="20220922 18:28:32.921"/>
</iter>
<iter>
<var name="${i}">7</var>
<kw name="Select Frame" library="SeleniumLibrary">
<arg>//iframe[@title="Highcharts example"]</arg>
<doc>Sets frame identified by ``locator`` as the current frame.</doc>
<msg timestamp="20220922 18:28:32.922" level="INFO">Selecting frame '//iframe[@title="Highcharts example"]'.</msg>
<status status="PASS" starttime="20220922 18:28:32.921" endtime="20220922 18:28:32.950"/>
</kw>
<kw name="Mouse Over" library="SeleniumLibrary">
<arg>${Locator} [${i}]</arg>
<doc>Simulates hovering the mouse over the element ``locator``.</doc>
<msg timestamp="20220922 18:28:32.950" level="INFO">Simulating Mouse Over on element '((//*[local-name()='svg']//*[local-name()='g' and @transform="translate(74,71) scale(1 1)"])//*[name()='path' and @class="highcharts-point highcharts-color-1"]) [7]'.</msg>
<status status="PASS" starttime="20220922 18:28:32.950" endtime="20220922 18:28:33.318"/>
</kw>
<kw name="Get Element Count" library="SeleniumLibrary">
<var>${count}</var>
<arg>${Locate}</arg>
<doc>Returns the number of elements matching ``locator``.</doc>
<msg timestamp="20220922 18:28:33.329" level="INFO">${count} = 1</msg>
<status status="PASS" starttime="20220922 18:28:33.318" endtime="20220922 18:28:33.329"/>
</kw>
<for flavor="IN RANGE">
<var>${j}</var>
<value>${count}</value>
<iter>
<var name="${j}">0</var>
<kw name="Get Text" library="SeleniumLibrary">
<var>${Text}</var>
<arg>${Locate}</arg>
<doc>Returns the text value of the element identified by ``locator``.</doc>
<msg timestamp="20220922 18:28:33.349" level="INFO">${Text} = 1956USSR/Russia had stockpiled 426warheads in 1956</msg>
<status status="PASS" starttime="20220922 18:28:33.330" endtime="20220922 18:28:33.349"/>
</kw>
<kw name="Log To Console" library="BuiltIn">
<arg>${Text}</arg>
<doc>Logs the given message to the console.</doc>
<status status="PASS" starttime="20220922 18:28:33.349" endtime="20220922 18:28:33.349"/>
</kw>
<status status="PASS" starttime="20220922 18:28:33.330" endtime="20220922 18:28:33.350"/>
</iter>
<status status="PASS" starttime="20220922 18:28:33.329" endtime="20220922 18:28:33.350"/>
</for>
<kw name="Unselect Frame" library="SeleniumLibrary">
<doc>Sets the main frame as the current frame.</doc>
<status status="PASS" starttime="20220922 18:28:33.350" endtime="20220922 18:28:33.352"/>
</kw>
<status status="PASS" starttime="20220922 18:28:32.921" endtime="20220922 18:28:33.352"/>
</iter>
<iter>
<var name="${i}">8</var>
<kw name="Select Frame" library="SeleniumLibrary">
<arg>//iframe[@title="Highcharts example"]</arg>
<doc>Sets frame identified by ``locator`` as the current frame.</doc>
<msg timestamp="20220922 18:28:33.353" level="INFO">Selecting frame '//iframe[@title="Highcharts example"]'.</msg>
<status status="PASS" starttime="20220922 18:28:33.352" endtime="20220922 18:28:33.372"/>
</kw>
<kw name="Mouse Over" library="SeleniumLibrary">
<arg>${Locator} [${i}]</arg>
<doc>Simulates hovering the mouse over the element ``locator``.</doc>
<msg timestamp="20220922 18:28:33.374" level="INFO">Simulating Mouse Over on element '((//*[local-name()='svg']//*[local-name()='g' and @transform="translate(74,71) scale(1 1)"])//*[name()='path' and @class="highcharts-point highcharts-color-1"]) [8]'.</msg>
<status status="PASS" starttime="20220922 18:28:33.372" endtime="20220922 18:28:33.689"/>
</kw>
<kw name="Get Element Count" library="SeleniumLibrary">
<var>${count}</var>
<arg>${Locate}</arg>
<doc>Returns the number of elements matching ``locator``.</doc>
<msg timestamp="20220922 18:28:33.699" level="INFO">${count} = 1</msg>
<status status="PASS" starttime="20220922 18:28:33.690" endtime="20220922 18:28:33.700"/>
</kw>
<for flavor="IN RANGE">
<var>${j}</var>
<value>${count}</value>
<iter>
<var name="${j}">0</var>
<kw name="Get Text" library="SeleniumLibrary">
<var>${Text}</var>
<arg>${Locate}</arg>
<doc>Returns the text value of the element identified by ``locator``.</doc>
<msg timestamp="20220922 18:28:33.717" level="INFO">${Text} = 1957USSR/Russia had stockpiled 660warheads in 1957</msg>
<status status="PASS" starttime="20220922 18:28:33.700" endtime="20220922 18:28:33.717"/>
</kw>
<kw name="Log To Console" library="BuiltIn">
<arg>${Text}</arg>
<doc>Logs the given message to the console.</doc>
<status status="PASS" starttime="20220922 18:28:33.718" endtime="20220922 18:28:33.718"/>
</kw>
<status status="PASS" starttime="20220922 18:28:33.700" endtime="20220922 18:28:33.718"/>
</iter>
<status status="PASS" starttime="20220922 18:28:33.700" endtime="20220922 18:28:33.718"/>
</for>
<kw name="Unselect Frame" library="SeleniumLibrary">
<doc>Sets the main frame as the current frame.</doc>
<status status="PASS" starttime="20220922 18:28:33.718" endtime="20220922 18:28:33.721"/>
</kw>
<status status="PASS" starttime="20220922 18:28:33.352" endtime="20220922 18:28:33.721"/>
</iter>
<iter>
<var name="${i}">9</var>
<kw name="Select Frame" library="SeleniumLibrary">
<arg>//iframe[@title="Highcharts example"]</arg>
<doc>Sets frame identified by ``locator`` as the current frame.</doc>
<msg timestamp="20220922 18:28:33.721" level="INFO">Selecting frame '//iframe[@title="Highcharts example"]'.</msg>
<status status="PASS" starttime="20220922 18:28:33.721" endtime="20220922 18:28:33.738"/>
</kw>
<kw name="Mouse Over" library="SeleniumLibrary">
<arg>${Locator} [${i}]</arg>
<doc>Simulates hovering the mouse over the element ``locator``.</doc>
<msg timestamp="20220922 18:28:33.740" level="INFO">Simulating Mouse Over on element '((//*[local-name()='svg']//*[local-name()='g' and @transform="translate(74,71) scale(1 1)"])//*[name()='path' and @class="highcharts-point highcharts-color-1"]) [9]'.</msg>
<status status="PASS" starttime="20220922 18:28:33.739" endtime="20220922 18:28:34.050"/>
</kw>
<kw name="Get Element Count" library="SeleniumLibrary">
<var>${count}</var>
<arg>${Locate}</arg>
<doc>Returns the number of elements matching ``locator``.</doc>
<msg timestamp="20220922 18:28:34.059" level="INFO">${count} = 1</msg>
<status status="PASS" starttime="20220922 18:28:34.050" endtime="20220922 18:28:34.059"/>
</kw>
<for flavor="IN RANGE">
<var>${j}</var>
<value>${count}</value>
<iter>
<var name="${j}">0</var>
<kw name="Get Text" library="SeleniumLibrary">
<var>${Text}</var>
<arg>${Locate}</arg>
<doc>Returns the text value of the element identified by ``locator``.</doc>
<msg timestamp="20220922 18:28:34.079" level="INFO">${Text} = 1958USSR/Russia had stockpiled 863warheads in 1958</msg>
<status status="PASS" starttime="20220922 18:28:34.061" endtime="20220922 18:28:34.079"/>
</kw>
<kw name="Log To Console" library="BuiltIn">
<arg>${Text}</arg>
<doc>Logs the given message to the console.</doc>
<status status="PASS" starttime="20220922 18:28:34.079" endtime="20220922 18:28:34.080"/>
</kw>
<status status="PASS" starttime="20220922 18:28:34.060" endtime="20220922 18:28:34.080"/>
</iter>
<status status="PASS" starttime="20220922 18:28:34.059" endtime="20220922 18:28:34.080"/>
</for>
<kw name="Unselect Frame" library="SeleniumLibrary">
<doc>Sets the main frame as the current frame.</doc>
<status status="PASS" starttime="20220922 18:28:34.081" endtime="20220922 18:28:34.083"/>
</kw>
<status status="PASS" starttime="20220922 18:28:33.721" endtime="20220922 18:28:34.083"/>
</iter>
<iter>
<var name="${i}">10</var>
<kw name="Select Frame" library="SeleniumLibrary">
<arg>//iframe[@title="Highcharts example"]</arg>
<doc>Sets frame identified by ``locator`` as the current frame.</doc>
<msg timestamp="20220922 18:28:34.084" level="INFO">Selecting frame '//iframe[@title="Highcharts example"]'.</msg>
<status status="PASS" starttime="20220922 18:28:34.084" endtime="20220922 18:28:34.106"/>
</kw>
<kw name="Mouse Over" library="SeleniumLibrary">
<arg>${Locator} [${i}]</arg>
<doc>Simulates hovering the mouse over the element ``locator``.</doc>
<msg timestamp="20220922 18:28:34.108" level="INFO">Simulating Mouse Over on element '((//*[local-name()='svg']//*[local-name()='g' and @transform="translate(74,71) scale(1 1)"])//*[name()='path' and @class="highcharts-point highcharts-color-1"]) [10]'.</msg>
<status status="PASS" starttime="20220922 18:28:34.107" endtime="20220922 18:28:34.441"/>
</kw>
<kw name="Get Element Count" library="SeleniumLibrary">
<var>${count}</var>
<arg>${Locate}</arg>
<doc>Returns the number of elements matching ``locator``.</doc>
<msg timestamp="20220922 18:28:34.450" level="INFO">${count} = 1</msg>
<status status="PASS" starttime="20220922 18:28:34.442" endtime="20220922 18:28:34.450"/>
</kw>
<for flavor="IN RANGE">
<var>${j}</var>
<value>${count}</value>
<iter>
<var name="${j}">0</var>
<kw name="Get Text" library="SeleniumLibrary">
<var>${Text}</var>
<arg>${Locate}</arg>
<doc>Returns the text value of the element identified by ``locator``.</doc>
<msg timestamp="20220922 18:28:34.468" level="INFO">${Text} = 1959USSR/Russia had stockpiled 1 048warheads in 1959</msg>
<status status="PASS" starttime="20220922 18:28:34.450" endtime="20220922 18:28:34.468"/>
</kw>
<kw name="Log To Console" library="BuiltIn">
<arg>${Text}</arg>
<doc>Logs the given message to the console.</doc>
<status status="PASS" starttime="20220922 18:28:34.468" endtime="20220922 18:28:34.469"/>
</kw>
<status status="PASS" starttime="20220922 18:28:34.450" endtime="20220922 18:28:34.469"/>
</iter>
<status status="PASS" starttime="20220922 18:28:34.450" endtime="20220922 18:28:34.469"/>
</for>
<kw name="Unselect Frame" library="SeleniumLibrary">
<doc>Sets the main frame as the current frame.</doc>
<status status="PASS" starttime="20220922 18:28:34.469" endtime="20220922 18:28:34.471"/>
</kw>
<status status="PASS" starttime="20220922 18:28:34.083" endtime="20220922 18:28:34.472"/>
</iter>
<iter>
<var name="${i}">11</var>
<kw name="Select Frame" library="SeleniumLibrary">
<arg>//iframe[@title="Highcharts example"]</arg>
<doc>Sets frame identified by ``locator`` as the current frame.</doc>
<msg timestamp="20220922 18:28:34.472" level="INFO">Selecting frame '//iframe[@title="Highcharts example"]'.</msg>
<status status="PASS" starttime="20220922 18:28:34.472" endtime="20220922 18:28:34.498"/>
</kw>
<kw name="Mouse Over" library="SeleniumLibrary">
<arg>${Locator} [${i}]</arg>
<doc>Simulates hovering the mouse over the element ``locator``.</doc>
<msg timestamp="20220922 18:28:34.499" level="INFO">Simulating Mouse Over on element '((//*[local-name()='svg']//*[local-name()='g' and @transform="translate(74,71) scale(1 1)"])//*[name()='path' and @class="highcharts-point highcharts-color-1"]) [11]'.</msg>
<status status="PASS" starttime="20220922 18:28:34.498" endtime="20220922 18:28:34.821"/>
</kw>
<kw name="Get Element Count" library="SeleniumLibrary">
<var>${count}</var>
<arg>${Locate}</arg>
<doc>Returns the number of elements matching ``locator``.</doc>
<msg timestamp="20220922 18:28:34.856" level="INFO">${count} = 1</msg>
<status status="PASS" starttime="20220922 18:28:34.821" endtime="20220922 18:28:34.856"/>
</kw>
<for flavor="IN RANGE">
<var>${j}</var>
<value>${count}</value>
<iter>
<var name="${j}">0</var>
<kw name="Get Text" library="SeleniumLibrary">
<var>${Text}</var>
<arg>${Locate}</arg>
<doc>Returns the text value of the element identified by ``locator``.</doc>
<msg timestamp="20220922 18:28:34.937" level="INFO">${Text} = 1960USSR/Russia had stockpiled 1 627warheads in 1960</msg>
<status status="PASS" starttime="20220922 18:28:34.858" endtime="20220922 18:28:34.937"/>
</kw>
<kw name="Log To Console" library="BuiltIn">
<arg>${Text}</arg>
<doc>Logs the given message to the console.</doc>
<status status="PASS" starttime="20220922 18:28:34.937" endtime="20220922 18:28:34.938"/>
</kw>
<status status="PASS" starttime="20220922 18:28:34.857" endtime="20220922 18:28:34.938"/>
</iter>
<status status="PASS" starttime="20220922 18:28:34.856" endtime="20220922 18:28:34.938"/>
</for>
<kw name="Unselect Frame" library="SeleniumLibrary">
<doc>Sets the main frame as the current frame.</doc>
<status status="PASS" starttime="20220922 18:28:34.938" endtime="20220922 18:28:34.946"/>
</kw>
<status status="PASS" starttime="20220922 18:28:34.472" endtime="20220922 18:28:34.947"/>
</iter>
<iter>
<var name="${i}">12</var>
<kw name="Select Frame" library="SeleniumLibrary">
<arg>//iframe[@title="Highcharts example"]</arg>
<doc>Sets frame identified by ``locator`` as the current frame.</doc>
<msg timestamp="20220922 18:28:34.948" level="INFO">Selecting frame '//iframe[@title="Highcharts example"]'.</msg>
<status status="PASS" starttime="20220922 18:28:34.947" endtime="20220922 18:28:34.981"/>
</kw>
<kw name="Mouse Over" library="SeleniumLibrary">
<arg>${Locator} [${i}]</arg>
<doc>Simulates hovering the mouse over the element ``locator``.</doc>
<msg timestamp="20220922 18:28:34.982" level="INFO">Simulating Mouse Over on element '((//*[local-name()='svg']//*[local-name()='g' and @transform="translate(74,71) scale(1 1)"])//*[name()='path' and @class="highcharts-point highcharts-color-1"]) [12]'.</msg>
<status status="PASS" starttime="20220922 18:28:34.981" endtime="20220922 18:28:35.351"/>
</kw>
<kw name="Get Element Count" library="SeleniumLibrary">
<var>${count}</var>
<arg>${Locate}</arg>
<doc>Returns the number of elements matching ``locator``.</doc>
<msg timestamp="20220922 18:28:35.368" level="INFO">${count} = 1</msg>
<status status="PASS" starttime="20220922 18:28:35.351" endtime="20220922 18:28:35.368"/>
</kw>
<for flavor="IN RANGE">
<var>${j}</var>
<value>${count}</value>
<iter>
<var name="${j}">0</var>
<kw name="Get Text" library="SeleniumLibrary">
<var>${Text}</var>
<arg>${Locate}</arg>
<doc>Returns the text value of the element identified by ``locator``.</doc>
<msg timestamp="20220922 18:28:35.388" level="INFO">${Text} = 1961USSR/Russia had stockpiled 2 492warheads in 1961</msg>
<status status="PASS" starttime="20220922 18:28:35.369" endtime="20220922 18:28:35.388"/>
</kw>
<kw name="Log To Console" library="BuiltIn">
<arg>${Text}</arg>
<doc>Logs the given message to the console.</doc>
<status status="PASS" starttime="20220922 18:28:35.388" endtime="20220922 18:28:35.389"/>
</kw>
<status status="PASS" starttime="20220922 18:28:35.368" endtime="20220922 18:28:35.389"/>
</iter>
<status status="PASS" starttime="20220922 18:28:35.368" endtime="20220922 18:28:35.389"/>
</for>
<kw name="Unselect Frame" library="SeleniumLibrary">
<doc>Sets the main frame as the current frame.</doc>
<status status="PASS" starttime="20220922 18:28:35.389" endtime="20220922 18:28:35.397"/>
</kw>
<status status="PASS" starttime="20220922 18:28:34.947" endtime="20220922 18:28:35.397"/>
</iter>
<iter>
<var name="${i}">13</var>
<kw name="Select Frame" library="SeleniumLibrary">
<arg>//iframe[@title="Highcharts example"]</arg>
<doc>Sets frame identified by ``locator`` as the current frame.</doc>
<msg timestamp="20220922 18:28:35.399" level="INFO">Selecting frame '//iframe[@title="Highcharts example"]'.</msg>
<status status="PASS" starttime="20220922 18:28:35.398" endtime="20220922 18:28:35.432"/>
</kw>
<kw name="Mouse Over" library="SeleniumLibrary">
<arg>${Locator} [${i}]</arg>
<doc>Simulates hovering the mouse over the element ``locator``.</doc>
<msg timestamp="20220922 18:28:35.433" level="INFO">Simulating Mouse Over on element '((//*[local-name()='svg']//*[local-name()='g' and @transform="translate(74,71) scale(1 1)"])//*[name()='path' and @class="highcharts-point highcharts-color-1"]) [13]'.</msg>
<status status="PASS" starttime="20220922 18:28:35.432" endtime="20220922 18:28:35.802"/>
</kw>
<kw name="Get Element Count" library="SeleniumLibrary">
<var>${count}</var>
<arg>${Locate}</arg>
<doc>Returns the number of elements matching ``locator``.</doc>
<msg timestamp="20220922 18:28:35.852" level="INFO">${count} = 1</msg>
<status status="PASS" starttime="20220922 18:28:35.803" endtime="20220922 18:28:35.852"/>
</kw>
<for flavor="IN RANGE">
<var>${j}</var>
<value>${count}</value>
<iter>
<var name="${j}">0</var>
<kw name="Get Text" library="SeleniumLibrary">
<var>${Text}</var>
<arg>${Locate}</arg>
<doc>Returns the text value of the element identified by ``locator``.</doc>
<msg timestamp="20220922 18:28:36.004" level="INFO">${Text} = 1962USSR/Russia had stockpiled 3 346warheads in 1962</msg>
<status status="PASS" starttime="20220922 18:28:35.854" endtime="20220922 18:28:36.004"/>
</kw>
<kw name="Log To Console" library="BuiltIn">
<arg>${Text}</arg>
<doc>Logs the given message to the console.</doc>
<status status="PASS" starttime="20220922 18:28:36.005" endtime="20220922 18:28:36.005"/>
</kw>
<status status="PASS" starttime="20220922 18:28:35.853" endtime="20220922 18:28:36.006"/>
</iter>
<status status="PASS" starttime="20220922 18:28:35.852" endtime="20220922 18:28:36.006"/>
</for>
<kw name="Unselect Frame" library="SeleniumLibrary">
<doc>Sets the main frame as the current frame.</doc>
<status status="PASS" starttime="20220922 18:28:36.006" endtime="20220922 18:28:36.050"/>
</kw>
<status status="PASS" starttime="20220922 18:28:35.398" endtime="20220922 18:28:36.050"/>
</iter>
<iter>
<var name="${i}">14</var>
<kw name="Select Frame" library="SeleniumLibrary">
<arg>//iframe[@title="Highcharts example"]</arg>
<doc>Sets frame identified by ``locator`` as the current frame.</doc>
<msg timestamp="20220922 18:28:36.051" level="INFO">Selecting frame '//iframe[@title="Highcharts example"]'.</msg>
<status status="PASS" starttime="20220922 18:28:36.051" endtime="20220922 18:28:36.156"/>
</kw>
<kw name="Mouse Over" library="SeleniumLibrary">
<arg>${Locator} [${i}]</arg>
<doc>Simulates hovering the mouse over the element ``locator``.</doc>
<msg timestamp="20220922 18:28:36.157" level="INFO">Simulating Mouse Over on element '((//*[local-name()='svg']//*[local-name()='g' and @transform="translate(74,71) scale(1 1)"])//*[name()='path' and @class="highcharts-point highcharts-color-1"]) [14]'.</msg>
<status status="PASS" starttime="20220922 18:28:36.156" endtime="20220922 18:28:36.600"/>
</kw>
<kw name="Get Element Count" library="SeleniumLibrary">
<var>${count}</var>
<arg>${Locate}</arg>
<doc>Returns the number of elements matching ``locator``.</doc>
<msg timestamp="20220922 18:28:36.636" level="INFO">${count} = 1</msg>
<status status="PASS" starttime="20220922 18:28:36.600" endtime="20220922 18:28:36.636"/>
</kw>
<for flavor="IN RANGE">
<var>${j}</var>
<value>${count}</value>
<iter>
<var name="${j}">0</var>
<kw name="Get Text" library="SeleniumLibrary">
<var>${Text}</var>
<arg>${Locate}</arg>
<doc>Returns the text value of the element identified by ``locator``.</doc>
<msg timestamp="20220922 18:28:36.699" level="INFO">${Text} = 1963USSR/Russia had stockpiled 4 259warheads in 1963</msg>
<status status="PASS" starttime="20220922 18:28:36.638" endtime="20220922 18:28:36.699"/>
</kw>
<kw name="Log To Console" library="BuiltIn">
<arg>${Text}</arg>
<doc>Logs the given message to the console.</doc>
<status status="PASS" starttime="20220922 18:28:36.700" endtime="20220922 18:28:36.700"/>
</kw>
<status status="PASS" starttime="20220922 18:28:36.637" endtime="20220922 18:28:36.701"/>
</iter>
<status status="PASS" starttime="20220922 18:28:36.636" endtime="20220922 18:28:36.701"/>
</for>
<kw name="Unselect Frame" library="SeleniumLibrary">
<doc>Sets the main frame as the current frame.</doc>
<status status="PASS" starttime="20220922 18:28:36.701" endtime="20220922 18:28:36.713"/>
</kw>
<status status="PASS" starttime="20220922 18:28:36.050" endtime="20220922 18:28:36.713"/>
</iter>
<iter>
<var name="${i}">15</var>
<kw name="Select Frame" library="SeleniumLibrary">
<arg>//iframe[@title="Highcharts example"]</arg>
<doc>Sets frame identified by ``locator`` as the current frame.</doc>
<msg timestamp="20220922 18:28:36.715" level="INFO">Selecting frame '//iframe[@title="Highcharts example"]'.</msg>
<status status="PASS" starttime="20220922 18:28:36.714" endtime="20220922 18:28:36.813"/>
</kw>
<kw name="Mouse Over" library="SeleniumLibrary">
<arg>${Locator} [${i}]</arg>
<doc>Simulates hovering the mouse over the element ``locator``.</doc>
<msg timestamp="20220922 18:28:36.814" level="INFO">Simulating Mouse Over on element '((//*[local-name()='svg']//*[local-name()='g' and @transform="translate(74,71) scale(1 1)"])//*[name()='path' and @class="highcharts-point highcharts-color-1"]) [15]'.</msg>
<status status="PASS" starttime="20220922 18:28:36.813" endtime="20220922 18:28:37.134"/>
</kw>
<kw name="Get Element Count" library="SeleniumLibrary">
<var>${count}</var>
<arg>${Locate}</arg>
<doc>Returns the number of elements matching ``locator``.</doc>
<msg timestamp="20220922 18:28:37.145" level="INFO">${count} = 1</msg>
<status status="PASS" starttime="20220922 18:28:37.135" endtime="20220922 18:28:37.145"/>
</kw>
<for flavor="IN RANGE">
<var>${j}</var>
<value>${count}</value>
<iter>
<var name="${j}">0</var>
<kw name="Get Text" library="SeleniumLibrary">
<var>${Text}</var>
<arg>${Locate}</arg>
<doc>Returns the text value of the element identified by ``locator``.</doc>
<msg timestamp="20220922 18:28:37.162" level="INFO">${Text} = 1964USSR/Russia had stockpiled 5 242warheads in 1964</msg>
<status status="PASS" starttime="20220922 18:28:37.146" endtime="20220922 18:28:37.162"/>
</kw>
<kw name="Log To Console" library="BuiltIn">
<arg>${Text}</arg>
<doc>Logs the given message to the console.</doc>
<status status="PASS" starttime="20220922 18:28:37.163" endtime="20220922 18:28:37.163"/>
</kw>
<status status="PASS" starttime="20220922 18:28:37.146" endtime="20220922 18:28:37.163"/>
</iter>
<status status="PASS" starttime="20220922 18:28:37.145" endtime="20220922 18:28:37.164"/>
</for>
<kw name="Unselect Frame" library="SeleniumLibrary">
<doc>Sets the main frame as the current frame.</doc>
<status status="PASS" starttime="20220922 18:28:37.164" endtime="20220922 18:28:37.166"/>
</kw>
<status status="PASS" starttime="20220922 18:28:36.713" endtime="20220922 18:28:37.167"/>
</iter>
<iter>
<var name="${i}">16</var>
<kw name="Select Frame" library="SeleniumLibrary">
<arg>//iframe[@title="Highcharts example"]</arg>
<doc>Sets frame identified by ``locator`` as the current frame.</doc>
<msg timestamp="20220922 18:28:37.167" level="INFO">Selecting frame '//iframe[@title="Highcharts example"]'.</msg>
<status status="PASS" starttime="20220922 18:28:37.167" endtime="20220922 18:28:37.188"/>
</kw>
<kw name="Mouse Over" library="SeleniumLibrary">
<arg>${Locator} [${i}]</arg>
<doc>Simulates hovering the mouse over the element ``locator``.</doc>
<msg timestamp="20220922 18:28:37.189" level="INFO">Simulating Mouse Over on element '((//*[local-name()='svg']//*[local-name()='g' and @transform="translate(74,71) scale(1 1)"])//*[name()='path' and @class="highcharts-point highcharts-color-1"]) [16]'.</msg>
<status status="PASS" starttime="20220922 18:28:37.188" endtime="20220922 18:28:37.523"/>
</kw>
<kw name="Get Element Count" library="SeleniumLibrary">
<var>${count}</var>
<arg>${Locate}</arg>
<doc>Returns the number of elements matching ``locator``.</doc>
<msg timestamp="20220922 18:28:37.534" level="INFO">${count} = 1</msg>
<status status="PASS" starttime="20220922 18:28:37.523" endtime="20220922 18:28:37.534"/>
</kw>
<for flavor="IN RANGE">
<var>${j}</var>
<value>${count}</value>
<iter>
<var name="${j}">0</var>
<kw name="Get Text" library="SeleniumLibrary">
<var>${Text}</var>
<arg>${Locate}</arg>
<doc>Returns the text value of the element identified by ``locator``.</doc>
<msg timestamp="20220922 18:28:37.556" level="INFO">${Text} = 1965USSR/Russia had stockpiled 6 144warheads in 1965</msg>
<status status="PASS" starttime="20220922 18:28:37.535" endtime="20220922 18:28:37.556"/>
</kw>
<kw name="Log To Console" library="BuiltIn">
<arg>${Text}</arg>
<doc>Logs the given message to the console.</doc>
<status status="PASS" starttime="20220922 18:28:37.556" endtime="20220922 18:28:37.557"/>
</kw>
<status status="PASS" starttime="20220922 18:28:37.535" endtime="20220922 18:28:37.557"/>
</iter>
<status status="PASS" starttime="20220922 18:28:37.534" endtime="20220922 18:28:37.557"/>
</for>
<kw name="Unselect Frame" library="SeleniumLibrary">
<doc>Sets the main frame as the current frame.</doc>
<status status="PASS" starttime="20220922 18:28:37.557" endtime="20220922 18:28:37.563"/>
</kw>
<status status="PASS" starttime="20220922 18:28:37.167" endtime="20220922 18:28:37.563"/>
</iter>
<iter>
<var name="${i}">17</var>
<kw name="Select Frame" library="SeleniumLibrary">
<arg>//iframe[@title="Highcharts example"]</arg>
<doc>Sets frame identified by ``locator`` as the current frame.</doc>
<msg timestamp="20220922 18:28:37.564" level="INFO">Selecting frame '//iframe[@title="Highcharts example"]'.</msg>
<status status="PASS" starttime="20220922 18:28:37.563" endtime="20220922 18:28:37.585"/>
</kw>
<kw name="Mouse Over" library="SeleniumLibrary">
<arg>${Locator} [${i}]</arg>
<doc>Simulates hovering the mouse over the element ``locator``.</doc>
<msg timestamp="20220922 18:28:37.585" level="INFO">Simulating Mouse Over on element '((//*[local-name()='svg']//*[local-name()='g' and @transform="translate(74,71) scale(1 1)"])//*[name()='path' and @class="highcharts-point highcharts-color-1"]) [17]'.</msg>
<status status="PASS" starttime="20220922 18:28:37.585" endtime="20220922 18:28:37.923"/>
</kw>
<kw name="Get Element Count" library="SeleniumLibrary">
<var>${count}</var>
<arg>${Locate}</arg>
<doc>Returns the number of elements matching ``locator``.</doc>
<msg timestamp="20220922 18:28:37.935" level="INFO">${count} = 1</msg>
<status status="PASS" starttime="20220922 18:28:37.923" endtime="20220922 18:28:37.935"/>
</kw>
<for flavor="IN RANGE">
<var>${j}</var>
<value>${count}</value>
<iter>
<var name="${j}">0</var>
<kw name="Get Text" library="SeleniumLibrary">
<var>${Text}</var>
<arg>${Locate}</arg>
<doc>Returns the text value of the element identified by ``locator``.</doc>
<msg timestamp="20220922 18:28:37.952" level="INFO">${Text} = 1966USSR/Russia had stockpiled 7 091warheads in 1966</msg>
<status status="PASS" starttime="20220922 18:28:37.936" endtime="20220922 18:28:37.952"/>
</kw>
<kw name="Log To Console" library="BuiltIn">
<arg>${Text}</arg>
<doc>Logs the given message to the console.</doc>
<status status="PASS" starttime="20220922 18:28:37.953" endtime="20220922 18:28:37.953"/>
</kw>
<status status="PASS" starttime="20220922 18:28:37.936" endtime="20220922 18:28:37.954"/>
</iter>
<status status="PASS" starttime="20220922 18:28:37.935" endtime="20220922 18:28:37.954"/>
</for>
<kw name="Unselect Frame" library="SeleniumLibrary">
<doc>Sets the main frame as the current frame.</doc>
<status status="PASS" starttime="20220922 18:28:37.954" endtime="20220922 18:28:37.956"/>
</kw>
<status status="PASS" starttime="20220922 18:28:37.563" endtime="20220922 18:28:37.957"/>
</iter>
<iter>
<var name="${i}">18</var>
<kw name="Select Frame" library="SeleniumLibrary">
<arg>//iframe[@title="Highcharts example"]</arg>
<doc>Sets frame identified by ``locator`` as the current frame.</doc>
<msg timestamp="20220922 18:28:37.958" level="INFO">Selecting frame '//iframe[@title="Highcharts example"]'.</msg>
<status status="PASS" starttime="20220922 18:28:37.957" endtime="20220922 18:28:37.986"/>
</kw>
<kw name="Mouse Over" library="SeleniumLibrary">
<arg>${Locator} [${i}]</arg>
<doc>Simulates hovering the mouse over the element ``locator``.</doc>
<msg timestamp="20220922 18:28:37.987" level="INFO">Simulating Mouse Over on element '((//*[local-name()='svg']//*[local-name()='g' and @transform="translate(74,71) scale(1 1)"])//*[name()='path' and @class="highcharts-point highcharts-color-1"]) [18]'.</msg>
<status status="PASS" starttime="20220922 18:28:37.986" endtime="20220922 18:28:38.313"/>
</kw>
<kw name="Get Element Count" library="SeleniumLibrary">
<var>${count}</var>
<arg>${Locate}</arg>
<doc>Returns the number of elements matching ``locator``.</doc>
<msg timestamp="20220922 18:28:38.320" level="INFO">${count} = 1</msg>
<status status="PASS" starttime="20220922 18:28:38.313" endtime="20220922 18:28:38.320"/>
</kw>
<for flavor="IN RANGE">
<var>${j}</var>
<value>${count}</value>
<iter>
<var name="${j}">0</var>
<kw name="Get Text" library="SeleniumLibrary">
<var>${Text}</var>
<arg>${Locate}</arg>
<doc>Returns the text value of the element identified by ``locator``.</doc>
<msg timestamp="20220922 18:28:38.338" level="INFO">${Text} = 1967USSR/Russia had stockpiled 8 400warheads in 1967</msg>
<status status="PASS" starttime="20220922 18:28:38.321" endtime="20220922 18:28:38.338"/>
</kw>
<kw name="Log To Console" library="BuiltIn">
<arg>${Text}</arg>
<doc>Logs the given message to the console.</doc>
<status status="PASS" starttime="20220922 18:28:38.338" endtime="20220922 18:28:38.339"/>
</kw>
<status status="PASS" starttime="20220922 18:28:38.320" endtime="20220922 18:28:38.339"/>
</iter>
<status status="PASS" starttime="20220922 18:28:38.320" endtime="20220922 18:28:38.339"/>
</for>
<kw name="Unselect Frame" library="SeleniumLibrary">
<doc>Sets the main frame as the current frame.</doc>
<status status="PASS" starttime="20220922 18:28:38.339" endtime="20220922 18:28:38.345"/>
</kw>
<status status="PASS" starttime="20220922 18:28:37.957" endtime="20220922 18:28:38.346"/>
</iter>
<iter>
<var name="${i}">19</var>
<kw name="Select Frame" library="SeleniumLibrary">
<arg>//iframe[@title="Highcharts example"]</arg>
<doc>Sets frame identified by ``locator`` as the current frame.</doc>
<msg timestamp="20220922 18:28:38.346" level="INFO">Selecting frame '//iframe[@title="Highcharts example"]'.</msg>
<status status="PASS" starttime="20220922 18:28:38.346" endtime="20220922 18:28:38.367"/>
</kw>
<kw name="Mouse Over" library="SeleniumLibrary">
<arg>${Locator} [${i}]</arg>
<doc>Simulates hovering the mouse over the element ``locator``.</doc>
<msg timestamp="20220922 18:28:38.367" level="INFO">Simulating Mouse Over on element '((//*[local-name()='svg']//*[local-name()='g' and @transform="translate(74,71) scale(1 1)"])//*[name()='path' and @class="highcharts-point highcharts-color-1"]) [19]'.</msg>
<status status="PASS" starttime="20220922 18:28:38.367" endtime="20220922 18:28:38.689"/>
</kw>
<kw name="Get Element Count" library="SeleniumLibrary">
<var>${count}</var>
<arg>${Locate}</arg>
<doc>Returns the number of elements matching ``locator``.</doc>
<msg timestamp="20220922 18:28:38.701" level="INFO">${count} = 1</msg>
<status status="PASS" starttime="20220922 18:28:38.689" endtime="20220922 18:28:38.701"/>
</kw>
<for flavor="IN RANGE">
<var>${j}</var>
<value>${count}</value>
<iter>
<var name="${j}">0</var>
<kw name="Get Text" library="SeleniumLibrary">
<var>${Text}</var>
<arg>${Locate}</arg>
<doc>Returns the text value of the element identified by ``locator``.</doc>
<msg timestamp="20220922 18:28:38.720" level="INFO">${Text} = 1968USSR/Russia had stockpiled 9 490warheads in 1968</msg>
<status status="PASS" starttime="20220922 18:28:38.702" endtime="20220922 18:28:38.720"/>
</kw>
<kw name="Log To Console" library="BuiltIn">
<arg>${Text}</arg>
<doc>Logs the given message to the console.</doc>
<status status="PASS" starttime="20220922 18:28:38.720" endtime="20220922 18:28:38.721"/>
</kw>
<status status="PASS" starttime="20220922 18:28:38.702" endtime="20220922 18:28:38.721"/>
</iter>
<status status="PASS" starttime="20220922 18:28:38.701" endtime="20220922 18:28:38.721"/>
</for>
<kw name="Unselect Frame" library="SeleniumLibrary">
<doc>Sets the main frame as the current frame.</doc>
<status status="PASS" starttime="20220922 18:28:38.722" endtime="20220922 18:28:38.732"/>
</kw>
<status status="PASS" starttime="20220922 18:28:38.346" endtime="20220922 18:28:38.733"/>
</iter>
<iter>
<var name="${i}">20</var>
<kw name="Select Frame" library="SeleniumLibrary">
<arg>//iframe[@title="Highcharts example"]</arg>
<doc>Sets frame identified by ``locator`` as the current frame.</doc>
<msg timestamp="20220922 18:28:38.735" level="INFO">Selecting frame '//iframe[@title="Highcharts example"]'.</msg>
<status status="PASS" starttime="20220922 18:28:38.735" endtime="20220922 18:28:38.762"/>
</kw>
<kw name="Mouse Over" library="SeleniumLibrary">
<arg>${Locator} [${i}]</arg>
<doc>Simulates hovering the mouse over the element ``locator``.</doc>
<msg timestamp="20220922 18:28:38.764" level="INFO">Simulating Mouse Over on element '((//*[local-name()='svg']//*[local-name()='g' and @transform="translate(74,71) scale(1 1)"])//*[name()='path' and @class="highcharts-point highcharts-color-1"]) [20]'.</msg>
<status status="PASS" starttime="20220922 18:28:38.763" endtime="20220922 18:28:39.107"/>
</kw>
<kw name="Get Element Count" library="SeleniumLibrary">
<var>${count}</var>
<arg>${Locate}</arg>
<doc>Returns the number of elements matching ``locator``.</doc>
<msg timestamp="20220922 18:28:39.117" level="INFO">${count} = 1</msg>
<status status="PASS" starttime="20220922 18:28:39.107" endtime="20220922 18:28:39.117"/>
</kw>
<for flavor="IN RANGE">
<var>${j}</var>
<value>${count}</value>
<iter>
<var name="${j}">0</var>
<kw name="Get Text" library="SeleniumLibrary">
<var>${Text}</var>
<arg>${Locate}</arg>
<doc>Returns the text value of the element identified by ``locator``.</doc>
<msg timestamp="20220922 18:28:39.135" level="INFO">${Text} = 1969USSR/Russia had stockpiled 10 671warheads in 1969</msg>
<status status="PASS" starttime="20220922 18:28:39.118" endtime="20220922 18:28:39.135"/>
</kw>
<kw name="Log To Console" library="BuiltIn">
<arg>${Text}</arg>
<doc>Logs the given message to the console.</doc>
<status status="PASS" starttime="20220922 18:28:39.135" endtime="20220922 18:28:39.135"/>
</kw>
<status status="PASS" starttime="20220922 18:28:39.118" endtime="20220922 18:28:39.136"/>
</iter>
<status status="PASS" starttime="20220922 18:28:39.117" endtime="20220922 18:28:39.136"/>
</for>
<kw name="Unselect Frame" library="SeleniumLibrary">
<doc>Sets the main frame as the current frame.</doc>
<status status="PASS" starttime="20220922 18:28:39.136" endtime="20220922 18:28:39.138"/>
</kw>
<status status="PASS" starttime="20220922 18:28:38.734" endtime="20220922 18:28:39.138"/>
</iter>
<iter>
<var name="${i}">21</var>
<kw name="Select Frame" library="SeleniumLibrary">
<arg>//iframe[@title="Highcharts example"]</arg>
<doc>Sets frame identified by ``locator`` as the current frame.</doc>
<msg timestamp="20220922 18:28:39.139" level="INFO">Selecting frame '//iframe[@title="Highcharts example"]'.</msg>
<status status="PASS" starttime="20220922 18:28:39.139" endtime="20220922 18:28:39.157"/>
</kw>
<kw name="Mouse Over" library="SeleniumLibrary">
<arg>${Locator} [${i}]</arg>
<doc>Simulates hovering the mouse over the element ``locator``.</doc>
<msg timestamp="20220922 18:28:39.159" level="INFO">Simulating Mouse Over on element '((//*[local-name()='svg']//*[local-name()='g' and @transform="translate(74,71) scale(1 1)"])//*[name()='path' and @class="highcharts-point highcharts-color-1"]) [21]'.</msg>
<status status="PASS" starttime="20220922 18:28:39.158" endtime="20220922 18:28:39.467"/>
</kw>
<kw name="Get Element Count" library="SeleniumLibrary">
<var>${count}</var>
<arg>${Locate}</arg>
<doc>Returns the number of elements matching ``locator``.</doc>
<msg timestamp="20220922 18:28:39.474" level="INFO">${count} = 1</msg>
<status status="PASS" starttime="20220922 18:28:39.467" endtime="20220922 18:28:39.474"/>
</kw>
<for flavor="IN RANGE">
<var>${j}</var>
<value>${count}</value>
<iter>
<var name="${j}">0</var>
<kw name="Get Text" library="SeleniumLibrary">
<var>${Text}</var>
<arg>${Locate}</arg>
<doc>Returns the text value of the element identified by ``locator``.</doc>
<msg timestamp="20220922 18:28:39.490" level="INFO">${Text} = 1970USSR/Russia had stockpiled 11 736warheads in 1970</msg>
<status status="PASS" starttime="20220922 18:28:39.476" endtime="20220922 18:28:39.490"/>
</kw>
<kw name="Log To Console" library="BuiltIn">
<arg>${Text}</arg>
<doc>Logs the given message to the console.</doc>
<status status="PASS" starttime="20220922 18:28:39.491" endtime="20220922 18:28:39.492"/>
</kw>
<status status="PASS" starttime="20220922 18:28:39.475" endtime="20220922 18:28:39.492"/>
</iter>
<status status="PASS" starttime="20220922 18:28:39.474" endtime="20220922 18:28:39.492"/>
</for>
<kw name="Unselect Frame" library="SeleniumLibrary">
<doc>Sets the main frame as the current frame.</doc>
<status status="PASS" starttime="20220922 18:28:39.493" endtime="20220922 18:28:39.496"/>
</kw>
<status status="PASS" starttime="20220922 18:28:39.138" endtime="20220922 18:28:39.496"/>
</iter>
<iter>
<var name="${i}">22</var>
<kw name="Select Frame" library="SeleniumLibrary">
<arg>//iframe[@title="Highcharts example"]</arg>
<doc>Sets frame identified by ``locator`` as the current frame.</doc>
<msg timestamp="20220922 18:28:39.498" level="INFO">Selecting frame '//iframe[@title="Highcharts example"]'.</msg>
<status status="PASS" starttime="20220922 18:28:39.497" endtime="20220922 18:28:39.517"/>
</kw>
<kw name="Mouse Over" library="SeleniumLibrary">
<arg>${Locator} [${i}]</arg>
<doc>Simulates hovering the mouse over the element ``locator``.</doc>
<msg timestamp="20220922 18:28:39.518" level="INFO">Simulating Mouse Over on element '((//*[local-name()='svg']//*[local-name()='g' and @transform="translate(74,71) scale(1 1)"])//*[name()='path' and @class="highcharts-point highcharts-color-1"]) [22]'.</msg>
<status status="PASS" starttime="20220922 18:28:39.517" endtime="20220922 18:28:39.854"/>
</kw>
<kw name="Get Element Count" library="SeleniumLibrary">
<var>${count}</var>
<arg>${Locate}</arg>
<doc>Returns the number of elements matching ``locator``.</doc>
<msg timestamp="20220922 18:28:39.865" level="INFO">${count} = 1</msg>
<status status="PASS" starttime="20220922 18:28:39.854" endtime="20220922 18:28:39.865"/>
</kw>
<for flavor="IN RANGE">
<var>${j}</var>
<value>${count}</value>
<iter>
<var name="${j}">0</var>
<kw name="Get Text" library="SeleniumLibrary">
<var>${Text}</var>
<arg>${Locate}</arg>
<doc>Returns the text value of the element identified by ``locator``.</doc>
<msg timestamp="20220922 18:28:39.884" level="INFO">${Text} = 1971USSR/Russia had stockpiled 13 279warheads in 1971</msg>
<status status="PASS" starttime="20220922 18:28:39.867" endtime="20220922 18:28:39.884"/>
</kw>
<kw name="Log To Console" library="BuiltIn">
<arg>${Text}</arg>
<doc>Logs the given message to the console.</doc>
<status status="PASS" starttime="20220922 18:28:39.884" endtime="20220922 18:28:39.885"/>
</kw>
<status status="PASS" starttime="20220922 18:28:39.866" endtime="20220922 18:28:39.885"/>
</iter>
<status status="PASS" starttime="20220922 18:28:39.866" endtime="20220922 18:28:39.885"/>
</for>
<kw name="Unselect Frame" library="SeleniumLibrary">
<doc>Sets the main frame as the current frame.</doc>
<status status="PASS" starttime="20220922 18:28:39.885" endtime="20220922 18:28:39.887"/>
</kw>
<status status="PASS" starttime="20220922 18:28:39.497" endtime="20220922 18:28:39.887"/>
</iter>
<iter>
<var name="${i}">23</var>
<kw name="Select Frame" library="SeleniumLibrary">
<arg>//iframe[@title="Highcharts example"]</arg>
<doc>Sets frame identified by ``locator`` as the current frame.</doc>
<msg timestamp="20220922 18:28:39.888" level="INFO">Selecting frame '//iframe[@title="Highcharts example"]'.</msg>
<status status="PASS" starttime="20220922 18:28:39.888" endtime="20220922 18:28:39.915"/>
</kw>
<kw name="Mouse Over" library="SeleniumLibrary">
<arg>${Locator} [${i}]</arg>
<doc>Simulates hovering the mouse over the element ``locator``.</doc>
<msg timestamp="20220922 18:28:39.916" level="INFO">Simulating Mouse Over on element '((//*[local-name()='svg']//*[local-name()='g' and @transform="translate(74,71) scale(1 1)"])//*[name()='path' and @class="highcharts-point highcharts-color-1"]) [23]'.</msg>
<status status="PASS" starttime="20220922 18:28:39.915" endtime="20220922 18:28:40.251"/>
</kw>
<kw name="Get Element Count" library="SeleniumLibrary">
<var>${count}</var>
<arg>${Locate}</arg>
<doc>Returns the number of elements matching ``locator``.</doc>
<msg timestamp="20220922 18:28:40.271" level="INFO">${count} = 1</msg>
<status status="PASS" starttime="20220922 18:28:40.251" endtime="20220922 18:28:40.272"/>
</kw>
<for flavor="IN RANGE">
<var>${j}</var>
<value>${count}</value>
<iter>
<var name="${j}">0</var>
<kw name="Get Text" library="SeleniumLibrary">
<var>${Text}</var>
<arg>${Locate}</arg>
<doc>Returns the text value of the element identified by ``locator``.</doc>
<msg timestamp="20220922 18:28:40.315" level="INFO">${Text} = 1972USSR/Russia had stockpiled 14 600warheads in 1972</msg>
<status status="PASS" starttime="20220922 18:28:40.273" endtime="20220922 18:28:40.315"/>
</kw>
<kw name="Log To Console" library="BuiltIn">
<arg>${Text}</arg>
<doc>Logs the given message to the console.</doc>
<status status="PASS" starttime="20220922 18:28:40.316" endtime="20220922 18:28:40.316"/>
</kw>
<status status="PASS" starttime="20220922 18:28:40.273" endtime="20220922 18:28:40.317"/>
</iter>
<status status="PASS" starttime="20220922 18:28:40.272" endtime="20220922 18:28:40.317"/>
</for>
<kw name="Unselect Frame" library="SeleniumLibrary">
<doc>Sets the main frame as the current frame.</doc>
<status status="PASS" starttime="20220922 18:28:40.317" endtime="20220922 18:28:40.319"/>
</kw>
<status status="PASS" starttime="20220922 18:28:39.888" endtime="20220922 18:28:40.320"/>
</iter>
<iter>
<var name="${i}">24</var>
<kw name="Select Frame" library="SeleniumLibrary">
<arg>//iframe[@title="Highcharts example"]</arg>
<doc>Sets frame identified by ``locator`` as the current frame.</doc>
<msg timestamp="20220922 18:28:40.320" level="INFO">Selecting frame '//iframe[@title="Highcharts example"]'.</msg>
<status status="PASS" starttime="20220922 18:28:40.320" endtime="20220922 18:28:40.351"/>
</kw>
<kw name="Mouse Over" library="SeleniumLibrary">
<arg>${Locator} [${i}]</arg>
<doc>Simulates hovering the mouse over the element ``locator``.</doc>
<msg timestamp="20220922 18:28:40.352" level="INFO">Simulating Mouse Over on element '((//*[local-name()='svg']//*[local-name()='g' and @transform="translate(74,71) scale(1 1)"])//*[name()='path' and @class="highcharts-point highcharts-color-1"]) [24]'.</msg>
<status status="PASS" starttime="20220922 18:28:40.351" endtime="20220922 18:28:40.679"/>
</kw>
<kw name="Get Element Count" library="SeleniumLibrary">
<var>${count}</var>
<arg>${Locate}</arg>
<doc>Returns the number of elements matching ``locator``.</doc>
<msg timestamp="20220922 18:28:40.687" level="INFO">${count} = 1</msg>
<status status="PASS" starttime="20220922 18:28:40.680" endtime="20220922 18:28:40.687"/>
</kw>
<for flavor="IN RANGE">
<var>${j}</var>
<value>${count}</value>
<iter>
<var name="${j}">0</var>
<kw name="Get Text" library="SeleniumLibrary">
<var>${Text}</var>
<arg>${Locate}</arg>
<doc>Returns the text value of the element identified by ``locator``.</doc>
<msg timestamp="20220922 18:28:40.706" level="INFO">${Text} = 1973USSR/Russia had stockpiled 15 878warheads in 1973</msg>
<status status="PASS" starttime="20220922 18:28:40.688" endtime="20220922 18:28:40.706"/>
</kw>
<kw name="Log To Console" library="BuiltIn">
<arg>${Text}</arg>
<doc>Logs the given message to the console.</doc>
<status status="PASS" starttime="20220922 18:28:40.706" endtime="20220922 18:28:40.707"/>
</kw>
<status status="PASS" starttime="20220922 18:28:40.688" endtime="20220922 18:28:40.707"/>
</iter>
<status status="PASS" starttime="20220922 18:28:40.687" endtime="20220922 18:28:40.707"/>
</for>
<kw name="Unselect Frame" library="SeleniumLibrary">
<doc>Sets the main frame as the current frame.</doc>
<status status="PASS" starttime="20220922 18:28:40.707" endtime="20220922 18:28:40.715"/>
</kw>
<status status="PASS" starttime="20220922 18:28:40.320" endtime="20220922 18:28:40.715"/>
</iter>
<iter>
<var name="${i}">25</var>
<kw name="Select Frame" library="SeleniumLibrary">
<arg>//iframe[@title="Highcharts example"]</arg>
<doc>Sets frame identified by ``locator`` as the current frame.</doc>
<msg timestamp="20220922 18:28:40.717" level="INFO">Selecting frame '//iframe[@title="Highcharts example"]'.</msg>
<status status="PASS" starttime="20220922 18:28:40.716" endtime="20220922 18:28:40.766"/>
</kw>
<kw name="Mouse Over" library="SeleniumLibrary">
<arg>${Locator} [${i}]</arg>
<doc>Simulates hovering the mouse over the element ``locator``.</doc>
<msg timestamp="20220922 18:28:40.767" level="INFO">Simulating Mouse Over on element '((//*[local-name()='svg']//*[local-name()='g' and @transform="translate(74,71) scale(1 1)"])//*[name()='path' and @class="highcharts-point highcharts-color-1"]) [25]'.</msg>
<status status="PASS" starttime="20220922 18:28:40.766" endtime="20220922 18:28:41.115"/>
</kw>
<kw name="Get Element Count" library="SeleniumLibrary">
<var>${count}</var>
<arg>${Locate}</arg>
<doc>Returns the number of elements matching ``locator``.</doc>
<msg timestamp="20220922 18:28:41.125" level="INFO">${count} = 1</msg>
<status status="PASS" starttime="20220922 18:28:41.115" endtime="20220922 18:28:41.125"/>
</kw>
<for flavor="IN RANGE">
<var>${j}</var>
<value>${count}</value>
<iter>
<var name="${j}">0</var>
<kw name="Get Text" library="SeleniumLibrary">
<var>${Text}</var>
<arg>${Locate}</arg>
<doc>Returns the text value of the element identified by ``locator``.</doc>
<msg timestamp="20220922 18:28:41.152" level="INFO">${Text} = 1974USSR/Russia had stockpiled 17 286warheads in 1974</msg>
<status status="PASS" starttime="20220922 18:28:41.126" endtime="20220922 18:28:41.152"/>
</kw>
<kw name="Log To Console" library="BuiltIn">
<arg>${Text}</arg>
<doc>Logs the given message to the console.</doc>
<status status="PASS" starttime="20220922 18:28:41.152" endtime="20220922 18:28:41.153"/>
</kw>
<status status="PASS" starttime="20220922 18:28:41.126" endtime="20220922 18:28:41.153"/>
</iter>
<status status="PASS" starttime="20220922 18:28:41.125" endtime="20220922 18:28:41.153"/>
</for>
<kw name="Unselect Frame" library="SeleniumLibrary">
<doc>Sets the main frame as the current frame.</doc>
<status status="PASS" starttime="20220922 18:28:41.153" endtime="20220922 18:28:41.158"/>
</kw>
<status status="PASS" starttime="20220922 18:28:40.716" endtime="20220922 18:28:41.158"/>
</iter>
<iter>
<var name="${i}">26</var>
<kw name="Select Frame" library="SeleniumLibrary">
<arg>//iframe[@title="Highcharts example"]</arg>
<doc>Sets frame identified by ``locator`` as the current frame.</doc>
<msg timestamp="20220922 18:28:41.160" level="INFO">Selecting frame '//iframe[@title="Highcharts example"]'.</msg>
<status status="PASS" starttime="20220922 18:28:41.159" endtime="20220922 18:28:41.205"/>
</kw>
<kw name="Mouse Over" library="SeleniumLibrary">
<arg>${Locator} [${i}]</arg>
<doc>Simulates hovering the mouse over the element ``locator``.</doc>
<msg timestamp="20220922 18:28:41.207" level="INFO">Simulating Mouse Over on element '((//*[local-name()='svg']//*[local-name()='g' and @transform="translate(74,71) scale(1 1)"])//*[name()='path' and @class="highcharts-point highcharts-color-1"]) [26]'.</msg>
<status status="PASS" starttime="20220922 18:28:41.206" endtime="20220922 18:28:41.565"/>
</kw>
<kw name="Get Element Count" library="SeleniumLibrary">
<var>${count}</var>
<arg>${Locate}</arg>
<doc>Returns the number of elements matching ``locator``.</doc>
<msg timestamp="20220922 18:28:41.575" level="INFO">${count} = 1</msg>
<status status="PASS" starttime="20220922 18:28:41.565" endtime="20220922 18:28:41.575"/>
</kw>
<for flavor="IN RANGE">
<var>${j}</var>
<value>${count}</value>
<iter>
<var name="${j}">0</var>
<kw name="Get Text" library="SeleniumLibrary">
<var>${Text}</var>
<arg>${Locate}</arg>
<doc>Returns the text value of the element identified by ``locator``.</doc>
<msg timestamp="20220922 18:28:41.599" level="INFO">${Text} = 1975USSR/Russia had stockpiled 19 235warheads in 1975</msg>
<status status="PASS" starttime="20220922 18:28:41.577" endtime="20220922 18:28:41.599"/>
</kw>
<kw name="Log To Console" library="BuiltIn">
<arg>${Text}</arg>
<doc>Logs the given message to the console.</doc>
<status status="PASS" starttime="20220922 18:28:41.599" endtime="20220922 18:28:41.600"/>
</kw>
<status status="PASS" starttime="20220922 18:28:41.576" endtime="20220922 18:28:41.601"/>
</iter>
<status status="PASS" starttime="20220922 18:28:41.576" endtime="20220922 18:28:41.601"/>
</for>
<kw name="Unselect Frame" library="SeleniumLibrary">
<doc>Sets the main frame as the current frame.</doc>
<status status="PASS" starttime="20220922 18:28:41.601" endtime="20220922 18:28:41.604"/>
</kw>
<status status="PASS" starttime="20220922 18:28:41.158" endtime="20220922 18:28:41.604"/>
</iter>
<iter>
<var name="${i}">27</var>
<kw name="Select Frame" library="SeleniumLibrary">
<arg>//iframe[@title="Highcharts example"]</arg>
<doc>Sets frame identified by ``locator`` as the current frame.</doc>
<msg timestamp="20220922 18:28:41.605" level="INFO">Selecting frame '//iframe[@title="Highcharts example"]'.</msg>
<status status="PASS" starttime="20220922 18:28:41.605" endtime="20220922 18:28:41.639"/>
</kw>
<kw name="Mouse Over" library="SeleniumLibrary">
<arg>${Locator} [${i}]</arg>
<doc>Simulates hovering the mouse over the element ``locator``.</doc>
<msg timestamp="20220922 18:28:41.640" level="INFO">Simulating Mouse Over on element '((//*[local-name()='svg']//*[local-name()='g' and @transform="translate(74,71) scale(1 1)"])//*[name()='path' and @class="highcharts-point highcharts-color-1"]) [27]'.</msg>
<status status="PASS" starttime="20220922 18:28:41.639" endtime="20220922 18:28:42.000"/>
</kw>
<kw name="Get Element Count" library="SeleniumLibrary">
<var>${count}</var>
<arg>${Locate}</arg>
<doc>Returns the number of elements matching ``locator``.</doc>
<msg timestamp="20220922 18:28:42.007" level="INFO">${count} = 1</msg>
<status status="PASS" starttime="20220922 18:28:42.000" endtime="20220922 18:28:42.007"/>
</kw>
<for flavor="IN RANGE">
<var>${j}</var>
<value>${count}</value>
<iter>
<var name="${j}">0</var>
<kw name="Get Text" library="SeleniumLibrary">
<var>${Text}</var>
<arg>${Locate}</arg>
<doc>Returns the text value of the element identified by ``locator``.</doc>
<msg timestamp="20220922 18:28:42.031" level="INFO">${Text} = 1976USSR/Russia had stockpiled 22 165warheads in 1976</msg>
<status status="PASS" starttime="20220922 18:28:42.008" endtime="20220922 18:28:42.031"/>
</kw>
<kw name="Log To Console" library="BuiltIn">
<arg>${Text}</arg>
<doc>Logs the given message to the console.</doc>
<status status="PASS" starttime="20220922 18:28:42.032" endtime="20220922 18:28:42.033"/>
</kw>
<status status="PASS" starttime="20220922 18:28:42.008" endtime="20220922 18:28:42.033"/>
</iter>
<status status="PASS" starttime="20220922 18:28:42.007" endtime="20220922 18:28:42.033"/>
</for>
<kw name="Unselect Frame" library="SeleniumLibrary">
<doc>Sets the main frame as the current frame.</doc>
<status status="PASS" starttime="20220922 18:28:42.033" endtime="20220922 18:28:42.036"/>
</kw>
<status status="PASS" starttime="20220922 18:28:41.604" endtime="20220922 18:28:42.036"/>
</iter>
<iter>
<var name="${i}">28</var>
<kw name="Select Frame" library="SeleniumLibrary">
<arg>//iframe[@title="Highcharts example"]</arg>
<doc>Sets frame identified by ``locator`` as the current frame.</doc>
<msg timestamp="20220922 18:28:42.037" level="INFO">Selecting frame '//iframe[@title="Highcharts example"]'.</msg>
<status status="PASS" starttime="20220922 18:28:42.036" endtime="20220922 18:28:42.084"/>
</kw>
<kw name="Mouse Over" library="SeleniumLibrary">
<arg>${Locator} [${i}]</arg>
<doc>Simulates hovering the mouse over the element ``locator``.</doc>
<msg timestamp="20220922 18:28:42.086" level="INFO">Simulating Mouse Over on element '((//*[local-name()='svg']//*[local-name()='g' and @transform="translate(74,71) scale(1 1)"])//*[name()='path' and @class="highcharts-point highcharts-color-1"]) [28]'.</msg>
<status status="PASS" starttime="20220922 18:28:42.085" endtime="20220922 18:28:42.423"/>
</kw>
<kw name="Get Element Count" library="SeleniumLibrary">
<var>${count}</var>
<arg>${Locate}</arg>
<doc>Returns the number of elements matching ``locator``.</doc>
<msg timestamp="20220922 18:28:42.489" level="INFO">${count} = 1</msg>
<status status="PASS" starttime="20220922 18:28:42.423" endtime="20220922 18:28:42.489"/>
</kw>
<for flavor="IN RANGE">
<var>${j}</var>
<value>${count}</value>
<iter>
<var name="${j}">0</var>
<kw name="Get Text" library="SeleniumLibrary">
<var>${Text}</var>
<arg>${Locate}</arg>
<doc>Returns the text value of the element identified by ``locator``.</doc>
<msg timestamp="20220922 18:28:42.658" level="INFO">${Text} = 1977USSR/Russia had stockpiled 24 281warheads in 1977</msg>
<status status="PASS" starttime="20220922 18:28:42.490" endtime="20220922 18:28:42.658"/>
</kw>
<kw name="Log To Console" library="BuiltIn">
<arg>${Text}</arg>
<doc>Logs the given message to the console.</doc>
<status status="PASS" starttime="20220922 18:28:42.658" endtime="20220922 18:28:42.659"/>
</kw>
<status status="PASS" starttime="20220922 18:28:42.490" endtime="20220922 18:28:42.660"/>
</iter>
<status status="PASS" starttime="20220922 18:28:42.489" endtime="20220922 18:28:42.660"/>
</for>
<kw name="Unselect Frame" library="SeleniumLibrary">
<doc>Sets the main frame as the current frame.</doc>
<status status="PASS" starttime="20220922 18:28:42.661" endtime="20220922 18:28:42.675"/>
</kw>
<status status="PASS" starttime="20220922 18:28:42.036" endtime="20220922 18:28:42.675"/>
</iter>
<iter>
<var name="${i}">29</var>
<kw name="Select Frame" library="SeleniumLibrary">
<arg>//iframe[@title="Highcharts example"]</arg>
<doc>Sets frame identified by ``locator`` as the current frame.</doc>
<msg timestamp="20220922 18:28:42.677" level="INFO">Selecting frame '//iframe[@title="Highcharts example"]'.</msg>
<status status="PASS" starttime="20220922 18:28:42.676" endtime="20220922 18:28:42.704"/>
</kw>
<kw name="Mouse Over" library="SeleniumLibrary">
<arg>${Locator} [${i}]</arg>
<doc>Simulates hovering the mouse over the element ``locator``.</doc>
<msg timestamp="20220922 18:28:42.706" level="INFO">Simulating Mouse Over on element '((//*[local-name()='svg']//*[local-name()='g' and @transform="translate(74,71) scale(1 1)"])//*[name()='path' and @class="highcharts-point highcharts-color-1"]) [29]'.</msg>
<status status="PASS" starttime="20220922 18:28:42.705" endtime="20220922 18:28:43.024"/>
</kw>
<kw name="Get Element Count" library="SeleniumLibrary">
<var>${count}</var>
<arg>${Locate}</arg>
<doc>Returns the number of elements matching ``locator``.</doc>
<msg timestamp="20220922 18:28:43.037" level="INFO">${count} = 1</msg>
<status status="PASS" starttime="20220922 18:28:43.025" endtime="20220922 18:28:43.037"/>
</kw>
<for flavor="IN RANGE">
<var>${j}</var>
<value>${count}</value>
<iter>
<var name="${j}">0</var>
<kw name="Get Text" library="SeleniumLibrary">
<var>${Text}</var>
<arg>${Locate}</arg>
<doc>Returns the text value of the element identified by ``locator``.</doc>
<msg timestamp="20220922 18:28:43.057" level="INFO">${Text} = 1978USSR/Russia had stockpiled 26 169warheads in 1978</msg>
<status status="PASS" starttime="20220922 18:28:43.039" endtime="20220922 18:28:43.057"/>
</kw>
<kw name="Log To Console" library="BuiltIn">
<arg>${Text}</arg>
<doc>Logs the given message to the console.</doc>
<status status="PASS" starttime="20220922 18:28:43.058" endtime="20220922 18:28:43.059"/>
</kw>
<status status="PASS" starttime="20220922 18:28:43.038" endtime="20220922 18:28:43.059"/>
</iter>
<status status="PASS" starttime="20220922 18:28:43.038" endtime="20220922 18:28:43.059"/>
</for>
<kw name="Unselect Frame" library="SeleniumLibrary">
<doc>Sets the main frame as the current frame.</doc>
<status status="PASS" starttime="20220922 18:28:43.059" endtime="20220922 18:28:43.065"/>
</kw>
<status status="PASS" starttime="20220922 18:28:42.675" endtime="20220922 18:28:43.065"/>
</iter>
<iter>
<var name="${i}">30</var>
<kw name="Select Frame" library="SeleniumLibrary">
<arg>//iframe[@title="Highcharts example"]</arg>
<doc>Sets frame identified by ``locator`` as the current frame.</doc>
<msg timestamp="20220922 18:28:43.066" level="INFO">Selecting frame '//iframe[@title="Highcharts example"]'.</msg>
<status status="PASS" starttime="20220922 18:28:43.065" endtime="20220922 18:28:43.089"/>
</kw>
<kw name="Mouse Over" library="SeleniumLibrary">
<arg>${Locator} [${i}]</arg>
<doc>Simulates hovering the mouse over the element ``locator``.</doc>
<msg timestamp="20220922 18:28:43.090" level="INFO">Simulating Mouse Over on element '((//*[local-name()='svg']//*[local-name()='g' and @transform="translate(74,71) scale(1 1)"])//*[name()='path' and @class="highcharts-point highcharts-color-1"]) [30]'.</msg>
<status status="PASS" starttime="20220922 18:28:43.090" endtime="20220922 18:28:43.432"/>
</kw>
<kw name="Get Element Count" library="SeleniumLibrary">
<var>${count}</var>
<arg>${Locate}</arg>
<doc>Returns the number of elements matching ``locator``.</doc>
<msg timestamp="20220922 18:28:43.440" level="INFO">${count} = 1</msg>
<status status="PASS" starttime="20220922 18:28:43.432" endtime="20220922 18:28:43.440"/>
</kw>
<for flavor="IN RANGE">
<var>${j}</var>
<value>${count}</value>
<iter>
<var name="${j}">0</var>
<kw name="Get Text" library="SeleniumLibrary">
<var>${Text}</var>
<arg>${Locate}</arg>
<doc>Returns the text value of the element identified by ``locator``.</doc>
<msg timestamp="20220922 18:28:43.466" level="INFO">${Text} = 1979USSR/Russia had stockpiled 28 258warheads in 1979</msg>
<status status="PASS" starttime="20220922 18:28:43.441" endtime="20220922 18:28:43.466"/>
</kw>
<kw name="Log To Console" library="BuiltIn">
<arg>${Text}</arg>
<doc>Logs the given message to the console.</doc>
<status status="PASS" starttime="20220922 18:28:43.466" endtime="20220922 18:28:43.467"/>
</kw>
<status status="PASS" starttime="20220922 18:28:43.441" endtime="20220922 18:28:43.467"/>
</iter>
<status status="PASS" starttime="20220922 18:28:43.441" endtime="20220922 18:28:43.467"/>
</for>
<kw name="Unselect Frame" library="SeleniumLibrary">
<doc>Sets the main frame as the current frame.</doc>
<status status="PASS" starttime="20220922 18:28:43.467" endtime="20220922 18:28:43.470"/>
</kw>
<status status="PASS" starttime="20220922 18:28:43.065" endtime="20220922 18:28:43.470"/>
</iter>
<iter>
<var name="${i}">31</var>
<kw name="Select Frame" library="SeleniumLibrary">
<arg>//iframe[@title="Highcharts example"]</arg>
<doc>Sets frame identified by ``locator`` as the current frame.</doc>
<msg timestamp="20220922 18:28:43.471" level="INFO">Selecting frame '//iframe[@title="Highcharts example"]'.</msg>
<status status="PASS" starttime="20220922 18:28:43.471" endtime="20220922 18:28:43.498"/>
</kw>
<kw name="Mouse Over" library="SeleniumLibrary">
<arg>${Locator} [${i}]</arg>
<doc>Simulates hovering the mouse over the element ``locator``.</doc>
<msg timestamp="20220922 18:28:43.499" level="INFO">Simulating Mouse Over on element '((//*[local-name()='svg']//*[local-name()='g' and @transform="translate(74,71) scale(1 1)"])//*[name()='path' and @class="highcharts-point highcharts-color-1"]) [31]'.</msg>
<status status="PASS" starttime="20220922 18:28:43.499" endtime="20220922 18:28:43.821"/>
</kw>
<kw name="Get Element Count" library="SeleniumLibrary">
<var>${count}</var>
<arg>${Locate}</arg>
<doc>Returns the number of elements matching ``locator``.</doc>
<msg timestamp="20220922 18:28:43.833" level="INFO">${count} = 1</msg>
<status status="PASS" starttime="20220922 18:28:43.821" endtime="20220922 18:28:43.833"/>
</kw>
<for flavor="IN RANGE">
<var>${j}</var>
<value>${count}</value>
<iter>
<var name="${j}">0</var>
<kw name="Get Text" library="SeleniumLibrary">
<var>${Text}</var>
<arg>${Locate}</arg>
<doc>Returns the text value of the element identified by ``locator``.</doc>
<msg timestamp="20220922 18:28:43.854" level="INFO">${Text} = 1980USSR/Russia had stockpiled 30 665warheads in 1980</msg>
<status status="PASS" starttime="20220922 18:28:43.834" endtime="20220922 18:28:43.854"/>
</kw>
<kw name="Log To Console" library="BuiltIn">
<arg>${Text}</arg>
<doc>Logs the given message to the console.</doc>
<status status="PASS" starttime="20220922 18:28:43.854" endtime="20220922 18:28:43.855"/>
</kw>
<status status="PASS" starttime="20220922 18:28:43.834" endtime="20220922 18:28:43.855"/>
</iter>
<status status="PASS" starttime="20220922 18:28:43.833" endtime="20220922 18:28:43.855"/>
</for>
<kw name="Unselect Frame" library="SeleniumLibrary">
<doc>Sets the main frame as the current frame.</doc>
<status status="PASS" starttime="20220922 18:28:43.855" endtime="20220922 18:28:43.858"/>
</kw>
<status status="PASS" starttime="20220922 18:28:43.470" endtime="20220922 18:28:43.858"/>
</iter>
<iter>
<var name="${i}">32</var>
<kw name="Select Frame" library="SeleniumLibrary">
<arg>//iframe[@title="Highcharts example"]</arg>
<doc>Sets frame identified by ``locator`` as the current frame.</doc>
<msg timestamp="20220922 18:28:43.859" level="INFO">Selecting frame '//iframe[@title="Highcharts example"]'.</msg>
<status status="PASS" starttime="20220922 18:28:43.858" endtime="20220922 18:28:43.885"/>
</kw>
<kw name="Mouse Over" library="SeleniumLibrary">
<arg>${Locator} [${i}]</arg>
<doc>Simulates hovering the mouse over the element ``locator``.</doc>
<msg timestamp="20220922 18:28:43.886" level="INFO">Simulating Mouse Over on element '((//*[local-name()='svg']//*[local-name()='g' and @transform="translate(74,71) scale(1 1)"])//*[name()='path' and @class="highcharts-point highcharts-color-1"]) [32]'.</msg>
<status status="PASS" starttime="20220922 18:28:43.886" endtime="20220922 18:28:44.197"/>
</kw>
<kw name="Get Element Count" library="SeleniumLibrary">
<var>${count}</var>
<arg>${Locate}</arg>
<doc>Returns the number of elements matching ``locator``.</doc>
<msg timestamp="20220922 18:28:44.205" level="INFO">${count} = 1</msg>
<status status="PASS" starttime="20220922 18:28:44.198" endtime="20220922 18:28:44.205"/>
</kw>
<for flavor="IN RANGE">
<var>${j}</var>
<value>${count}</value>
<iter>
<var name="${j}">0</var>
<kw name="Get Text" library="SeleniumLibrary">
<var>${Text}</var>
<arg>${Locate}</arg>
<doc>Returns the text value of the element identified by ``locator``.</doc>
[...]
</kw>
<kw name="Log To Console" library="BuiltIn">
<arg>${Text}</arg>
<doc>Logs the given message to the console.</doc>
<status status="PASS" starttime="20220922 18:28:55.555" endtime="20220922 18:28:55.555"/>
</kw>
<status status="PASS" starttime="20220922 18:28:55.538" endtime="20220922 18:28:55.555"/>
</iter>
<status status="PASS" starttime="20220922 18:28:55.538" endtime="20220922 18:28:55.555"/>
</for>
<kw name="Unselect Frame" library="SeleniumLibrary">
<doc>Sets the main frame as the current frame.</doc>
<status status="PASS" starttime="20220922 18:28:55.555" endtime="20220922 18:28:55.558"/>
</kw>
<status status="PASS" starttime="20220922 18:28:55.186" endtime="20220922 18:28:55.558"/>
</iter>
<iter>
<var name="${i}">61</var>
<kw name="Select Frame" library="SeleniumLibrary">
<arg>//iframe[@title="Highcharts example"]</arg>
<doc>Sets frame identified by ``locator`` as the current frame.</doc>
<msg timestamp="20220922 18:28:55.559" level="INFO">Selecting frame '//iframe[@title="Highcharts example"]'.</msg>
<status status="PASS" starttime="20220922 18:28:55.559" endtime="20220922 18:28:55.589"/>
</kw>
<kw name="Mouse Over" library="SeleniumLibrary">
<arg>${Locator} [${i}]</arg>
<doc>Simulates hovering the mouse over the element ``locator``.</doc>
<msg timestamp="20220922 18:28:55.590" level="INFO">Simulating Mouse Over on element '((//*[local-name()='svg']//*[local-name()='g' and @transform="translate(74,71) scale(1 1)"])//*[name()='path' and @class="highcharts-point highcharts-color-1"]) [61]'.</msg>
<status status="PASS" starttime="20220922 18:28:55.589" endtime="20220922 18:28:55.974"/>
</kw>
<kw name="Get Element Count" library="SeleniumLibrary">
<var>${count}</var>
<arg>${Locate}</arg>
<doc>Returns the number of elements matching ``locator``.</doc>
<msg timestamp="20220922 18:28:55.990" level="INFO">${count} = 1</msg>
<status status="PASS" starttime="20220922 18:28:55.974" endtime="20220922 18:28:55.990"/>
</kw>
<for flavor="IN RANGE">
<var>${j}</var>
<value>${count}</value>
<iter>
<var name="${j}">0</var>
<kw name="Get Text" library="SeleniumLibrary">
<var>${Text}</var>
<arg>${Locate}</arg>
<doc>Returns the text value of the element identified by ``locator``.</doc>
<msg timestamp="20220922 18:28:56.012" level="INFO">${Text} = 2010USSR/Russia had stockpiled 5 215warheads in 2010</msg>
<status status="PASS" starttime="20220922 18:28:55.991" endtime="20220922 18:28:56.012"/>
</kw>
<kw name="Log To Console" library="BuiltIn">
<arg>${Text}</arg>
<doc>Logs the given message to the console.</doc>
<status status="PASS" starttime="20220922 18:28:56.012" endtime="20220922 18:28:56.013"/>
</kw>
<status status="PASS" starttime="20220922 18:28:55.991" endtime="20220922 18:28:56.013"/>
</iter>
<status status="PASS" starttime="20220922 18:28:55.990" endtime="20220922 18:28:56.014"/>
</for>
<kw name="Unselect Frame" library="SeleniumLibrary">
<doc>Sets the main frame as the current frame.</doc>
<status status="PASS" starttime="20220922 18:28:56.014" endtime="20220922 18:28:56.022"/>
</kw>
<status status="PASS" starttime="20220922 18:28:55.558" endtime="20220922 18:28:56.022"/>
</iter>
<iter>
<var name="${i}">62</var>
<kw name="Select Frame" library="SeleniumLibrary">
<arg>//iframe[@title="Highcharts example"]</arg>
<doc>Sets frame identified by ``locator`` as the current frame.</doc>
<msg timestamp="20220922 18:28:56.023" level="INFO">Selecting frame '//iframe[@title="Highcharts example"]'.</msg>
<status status="PASS" starttime="20220922 18:28:56.023" endtime="20220922 18:28:56.058"/>
</kw>
<kw name="Mouse Over" library="SeleniumLibrary">
<arg>${Locator} [${i}]</arg>
<doc>Simulates hovering the mouse over the element ``locator``.</doc>
<msg timestamp="20220922 18:28:56.060" level="INFO">Simulating Mouse Over on element '((//*[local-name()='svg']//*[local-name()='g' and @transform="translate(74,71) scale(1 1)"])//*[name()='path' and @class="highcharts-point highcharts-color-1"]) [62]'.</msg>
<status status="PASS" starttime="20220922 18:28:56.059" endtime="20220922 18:28:56.640"/>
</kw>
<kw name="Get Element Count" library="SeleniumLibrary">
<var>${count}</var>
<arg>${Locate}</arg>
<doc>Returns the number of elements matching ``locator``.</doc>
<msg timestamp="20220922 18:28:56.854" level="INFO">${count} = 1</msg>
<status status="PASS" starttime="20220922 18:28:56.640" endtime="20220922 18:28:56.854"/>
</kw>
<for flavor="IN RANGE">
<var>${j}</var>
<value>${count}</value>
<iter>
<var name="${j}">0</var>
<kw name="Get Text" library="SeleniumLibrary">
<var>${Text}</var>
<arg>${Locate}</arg>
<doc>Returns the text value of the element identified by ``locator``.</doc>
<msg timestamp="20220922 18:28:57.005" level="INFO">${Text} = 2011USA had stockpiled 4 897warheads in 2011</msg>
<status status="PASS" starttime="20220922 18:28:56.856" endtime="20220922 18:28:57.005"/>
</kw>
<kw name="Log To Console" library="BuiltIn">
<arg>${Text}</arg>
<doc>Logs the given message to the console.</doc>
<status status="PASS" starttime="20220922 18:28:57.005" endtime="20220922 18:28:57.006"/>
</kw>
<status status="PASS" starttime="20220922 18:28:56.855" endtime="20220922 18:28:57.006"/>
</iter>
<status status="PASS" starttime="20220922 18:28:56.855" endtime="20220922 18:28:57.006"/>
</for>
<kw name="Unselect Frame" library="SeleniumLibrary">
<doc>Sets the main frame as the current frame.</doc>
<status status="PASS" starttime="20220922 18:28:57.006" endtime="20220922 18:28:57.029"/>
</kw>
<status status="PASS" starttime="20220922 18:28:56.022" endtime="20220922 18:28:57.030"/>
</iter>
<iter>
<var name="${i}">63</var>
<kw name="Select Frame" library="SeleniumLibrary">
<arg>//iframe[@title="Highcharts example"]</arg>
<doc>Sets frame identified by ``locator`` as the current frame.</doc>
<msg timestamp="20220922 18:28:57.032" level="INFO">Selecting frame '//iframe[@title="Highcharts example"]'.</msg>
<status status="PASS" starttime="20220922 18:28:57.031" endtime="20220922 18:28:57.215"/>
</kw>
<kw name="Mouse Over" library="SeleniumLibrary">
<arg>${Locator} [${i}]</arg>
<doc>Simulates hovering the mouse over the element ``locator``.</doc>
<msg timestamp="20220922 18:28:57.217" level="INFO">Simulating Mouse Over on element '((//*[local-name()='svg']//*[local-name()='g' and @transform="translate(74,71) scale(1 1)"])//*[name()='path' and @class="highcharts-point highcharts-color-1"]) [63]'.</msg>
<status status="PASS" starttime="20220922 18:28:57.216" endtime="20220922 18:28:57.540"/>
</kw>
<kw name="Get Element Count" library="SeleniumLibrary">
<var>${count}</var>
<arg>${Locate}</arg>
<doc>Returns the number of elements matching ``locator``.</doc>
<msg timestamp="20220922 18:28:57.552" level="INFO">${count} = 1</msg>
<status status="PASS" starttime="20220922 18:28:57.540" endtime="20220922 18:28:57.552"/>
</kw>
<for flavor="IN RANGE">
<var>${j}</var>
<value>${count}</value>
<iter>
<var name="${j}">0</var>
<kw name="Get Text" library="SeleniumLibrary">
<var>${Text}</var>
<arg>${Locate}</arg>
<doc>Returns the text value of the element identified by ``locator``.</doc>
<msg timestamp="20220922 18:28:57.575" level="INFO">${Text} = 2011USA had stockpiled 4 897warheads in 2011</msg>
<status status="PASS" starttime="20220922 18:28:57.554" endtime="20220922 18:28:57.575"/>
</kw>
<kw name="Log To Console" library="BuiltIn">
<arg>${Text}</arg>
<doc>Logs the given message to the console.</doc>
<status status="PASS" starttime="20220922 18:28:57.576" endtime="20220922 18:28:57.576"/>
</kw>
<status status="PASS" starttime="20220922 18:28:57.553" endtime="20220922 18:28:57.577"/>
</iter>
<status status="PASS" starttime="20220922 18:28:57.553" endtime="20220922 18:28:57.577"/>
</for>
<kw name="Unselect Frame" library="SeleniumLibrary">
<doc>Sets the main frame as the current frame.</doc>
<status status="PASS" starttime="20220922 18:28:57.577" endtime="20220922 18:28:57.581"/>
</kw>
<status status="PASS" starttime="20220922 18:28:57.030" endtime="20220922 18:28:57.581"/>
</iter>
<iter>
<var name="${i}">64</var>
<kw name="Select Frame" library="SeleniumLibrary">
<arg>//iframe[@title="Highcharts example"]</arg>
<doc>Sets frame identified by ``locator`` as the current frame.</doc>
<msg timestamp="20220922 18:28:57.583" level="INFO">Selecting frame '//iframe[@title="Highcharts example"]'.</msg>
<status status="PASS" starttime="20220922 18:28:57.582" endtime="20220922 18:28:57.610"/>
</kw>
<kw name="Mouse Over" library="SeleniumLibrary">
<arg>${Locator} [${i}]</arg>
<doc>Simulates hovering the mouse over the element ``locator``.</doc>
<msg timestamp="20220922 18:28:57.611" level="INFO">Simulating Mouse Over on element '((//*[local-name()='svg']//*[local-name()='g' and @transform="translate(74,71) scale(1 1)"])//*[name()='path' and @class="highcharts-point highcharts-color-1"]) [64]'.</msg>
<status status="PASS" starttime="20220922 18:28:57.610" endtime="20220922 18:28:57.924"/>
</kw>
<kw name="Get Element Count" library="SeleniumLibrary">
<var>${count}</var>
<arg>${Locate}</arg>
<doc>Returns the number of elements matching ``locator``.</doc>
<msg timestamp="20220922 18:28:57.939" level="INFO">${count} = 1</msg>
<status status="PASS" starttime="20220922 18:28:57.924" endtime="20220922 18:28:57.940"/>
</kw>
<for flavor="IN RANGE">
<var>${j}</var>
<value>${count}</value>
<iter>
<var name="${j}">0</var>
<kw name="Get Text" library="SeleniumLibrary">
<var>${Text}</var>
<arg>${Locate}</arg>
<doc>Returns the text value of the element identified by ``locator``.</doc>
<msg timestamp="20220922 18:28:57.972" level="INFO">${Text} = 2012USA had stockpiled 4 881warheads in 2012</msg>
<status status="PASS" starttime="20220922 18:28:57.941" endtime="20220922 18:28:57.972"/>
</kw>
<kw name="Log To Console" library="BuiltIn">
<arg>${Text}</arg>
<doc>Logs the given message to the console.</doc>
<status status="PASS" starttime="20220922 18:28:57.973" endtime="20220922 18:28:57.973"/>
</kw>
<status status="PASS" starttime="20220922 18:28:57.940" endtime="20220922 18:28:57.973"/>
</iter>
<status status="PASS" starttime="20220922 18:28:57.940" endtime="20220922 18:28:57.974"/>
</for>
<kw name="Unselect Frame" library="SeleniumLibrary">
<doc>Sets the main frame as the current frame.</doc>
<status status="PASS" starttime="20220922 18:28:57.974" endtime="20220922 18:28:57.980"/>
</kw>
<status status="PASS" starttime="20220922 18:28:57.581" endtime="20220922 18:28:57.980"/>
</iter>
<iter>
<var name="${i}">65</var>
<kw name="Select Frame" library="SeleniumLibrary">
<arg>//iframe[@title="Highcharts example"]</arg>
<doc>Sets frame identified by ``locator`` as the current frame.</doc>
<msg timestamp="20220922 18:28:57.984" level="INFO">Selecting frame '//iframe[@title="Highcharts example"]'.</msg>
<status status="PASS" starttime="20220922 18:28:57.983" endtime="20220922 18:28:58.021"/>
</kw>
<kw name="Mouse Over" library="SeleniumLibrary">
<arg>${Locator} [${i}]</arg>
<doc>Simulates hovering the mouse over the element ``locator``.</doc>
<msg timestamp="20220922 18:28:58.022" level="INFO">Simulating Mouse Over on element '((//*[local-name()='svg']//*[local-name()='g' and @transform="translate(74,71) scale(1 1)"])//*[name()='path' and @class="highcharts-point highcharts-color-1"]) [65]'.</msg>
<status status="PASS" starttime="20220922 18:28:58.021" endtime="20220922 18:28:58.371"/>
</kw>
<kw name="Get Element Count" library="SeleniumLibrary">
<var>${count}</var>
<arg>${Locate}</arg>
<doc>Returns the number of elements matching ``locator``.</doc>
<msg timestamp="20220922 18:28:58.389" level="INFO">${count} = 1</msg>
<status status="PASS" starttime="20220922 18:28:58.371" endtime="20220922 18:28:58.389"/>
</kw>
<for flavor="IN RANGE">
<var>${j}</var>
<value>${count}</value>
<iter>
<var name="${j}">0</var>
<kw name="Get Text" library="SeleniumLibrary">
<var>${Text}</var>
<arg>${Locate}</arg>
<doc>Returns the text value of the element identified by ``locator``.</doc>
<msg timestamp="20220922 18:28:58.429" level="INFO">${Text} = 2013USA had stockpiled 4 804warheads in 2013</msg>
<status status="PASS" starttime="20220922 18:28:58.390" endtime="20220922 18:28:58.429"/>
</kw>
<kw name="Log To Console" library="BuiltIn">
<arg>${Text}</arg>
<doc>Logs the given message to the console.</doc>
<status status="PASS" starttime="20220922 18:28:58.429" endtime="20220922 18:28:58.431"/>
</kw>
<status status="PASS" starttime="20220922 18:28:58.390" endtime="20220922 18:28:58.431"/>
</iter>
<status status="PASS" starttime="20220922 18:28:58.390" endtime="20220922 18:28:58.432"/>
</for>
<kw name="Unselect Frame" library="SeleniumLibrary">
<doc>Sets the main frame as the current frame.</doc>
<status status="PASS" starttime="20220922 18:28:58.432" endtime="20220922 18:28:58.444"/>
</kw>
<status status="PASS" starttime="20220922 18:28:57.981" endtime="20220922 18:28:58.444"/>
</iter>
<iter>
<var name="${i}">66</var>
<kw name="Select Frame" library="SeleniumLibrary">
<arg>//iframe[@title="Highcharts example"]</arg>
<doc>Sets frame identified by ``locator`` as the current frame.</doc>
<msg timestamp="20220922 18:28:58.445" level="INFO">Selecting frame '//iframe[@title="Highcharts example"]'.</msg>
<status status="PASS" starttime="20220922 18:28:58.444" endtime="20220922 18:28:58.481"/>
</kw>
<kw name="Mouse Over" library="SeleniumLibrary">
<arg>${Locator} [${i}]</arg>
<doc>Simulates hovering the mouse over the element ``locator``.</doc>
<msg timestamp="20220922 18:28:58.484" level="INFO">Simulating Mouse Over on element '((//*[local-name()='svg']//*[local-name()='g' and @transform="translate(74,71) scale(1 1)"])//*[name()='path' and @class="highcharts-point highcharts-color-1"]) [66]'.</msg>
<status status="PASS" starttime="20220922 18:28:58.481" endtime="20220922 18:28:58.838"/>
</kw>
<kw name="Get Element Count" library="SeleniumLibrary">
<var>${count}</var>
<arg>${Locate}</arg>
<doc>Returns the number of elements matching ``locator``.</doc>
<msg timestamp="20220922 18:28:58.845" level="INFO">${count} = 1</msg>
<status status="PASS" starttime="20220922 18:28:58.838" endtime="20220922 18:28:58.845"/>
</kw>
<for flavor="IN RANGE">
<var>${j}</var>
<value>${count}</value>
<iter>
<var name="${j}">0</var>
<kw name="Get Text" library="SeleniumLibrary">
<var>${Text}</var>
<arg>${Locate}</arg>
<doc>Returns the text value of the element identified by ``locator``.</doc>
<msg timestamp="20220922 18:28:58.871" level="INFO">${Text} = 2014USA had stockpiled 4 717warheads in 2014</msg>
<status status="PASS" starttime="20220922 18:28:58.845" endtime="20220922 18:28:58.871"/>
</kw>
<kw name="Log To Console" library="BuiltIn">
<arg>${Text}</arg>
<doc>Logs the given message to the console.</doc>
<status status="PASS" starttime="20220922 18:28:58.871" endtime="20220922 18:28:58.872"/>
</kw>
<status status="PASS" starttime="20220922 18:28:58.845" endtime="20220922 18:28:58.872"/>
</iter>
<status status="PASS" starttime="20220922 18:28:58.845" endtime="20220922 18:28:58.873"/>
</for>
<kw name="Unselect Frame" library="SeleniumLibrary">
<doc>Sets the main frame as the current frame.</doc>
<status status="PASS" starttime="20220922 18:28:58.873" endtime="20220922 18:28:58.875"/>
</kw>
<status status="PASS" starttime="20220922 18:28:58.444" endtime="20220922 18:28:58.875"/>
</iter>
<iter>
<var name="${i}">67</var>
<kw name="Select Frame" library="SeleniumLibrary">
<arg>//iframe[@title="Highcharts example"]</arg>
<doc>Sets frame identified by ``locator`` as the current frame.</doc>
<msg timestamp="20220922 18:28:58.877" level="INFO">Selecting frame '//iframe[@title="Highcharts example"]'.</msg>
<status status="PASS" starttime="20220922 18:28:58.876" endtime="20220922 18:28:58.909"/>
</kw>
<kw name="Mouse Over" library="SeleniumLibrary">
<arg>${Locator} [${i}]</arg>
<doc>Simulates hovering the mouse over the element ``locator``.</doc>
<msg timestamp="20220922 18:28:58.910" level="INFO">Simulating Mouse Over on element '((//*[local-name()='svg']//*[local-name()='g' and @transform="translate(74,71) scale(1 1)"])//*[name()='path' and @class="highcharts-point highcharts-color-1"]) [67]'.</msg>
<status status="PASS" starttime="20220922 18:28:58.909" endtime="20220922 18:28:59.242"/>
</kw>
<kw name="Get Element Count" library="SeleniumLibrary">
<var>${count}</var>
<arg>${Locate}</arg>
<doc>Returns the number of elements matching ``locator``.</doc>
<msg timestamp="20220922 18:28:59.265" level="INFO">${count} = 1</msg>
<status status="PASS" starttime="20220922 18:28:59.243" endtime="20220922 18:28:59.265"/>
</kw>
<for flavor="IN RANGE">
<var>${j}</var>
<value>${count}</value>
<iter>
<var name="${j}">0</var>
<kw name="Get Text" library="SeleniumLibrary">
<var>${Text}</var>
<arg>${Locate}</arg>
<doc>Returns the text value of the element identified by ``locator``.</doc>
<msg timestamp="20220922 18:28:59.310" level="INFO">${Text} = 2015USA had stockpiled 4 571warheads in 2015</msg>
<status status="PASS" starttime="20220922 18:28:59.267" endtime="20220922 18:28:59.310"/>
</kw>
<kw name="Log To Console" library="BuiltIn">
<arg>${Text}</arg>
<doc>Logs the given message to the console.</doc>
<status status="PASS" starttime="20220922 18:28:59.311" endtime="20220922 18:28:59.312"/>
</kw>
<status status="PASS" starttime="20220922 18:28:59.266" endtime="20220922 18:28:59.312"/>
</iter>
<status status="PASS" starttime="20220922 18:28:59.266" endtime="20220922 18:28:59.312"/>
</for>
<kw name="Unselect Frame" library="SeleniumLibrary">
<doc>Sets the main frame as the current frame.</doc>
<status status="PASS" starttime="20220922 18:28:59.312" endtime="20220922 18:28:59.325"/>
</kw>
<status status="PASS" starttime="20220922 18:28:58.876" endtime="20220922 18:28:59.325"/>
</iter>
<iter>
<var name="${i}">68</var>
<kw name="Select Frame" library="SeleniumLibrary">
<arg>//iframe[@title="Highcharts example"]</arg>
<doc>Sets frame identified by ``locator`` as the current frame.</doc>
<msg timestamp="20220922 18:28:59.326" level="INFO">Selecting frame '//iframe[@title="Highcharts example"]'.</msg>
<status status="PASS" starttime="20220922 18:28:59.326" endtime="20220922 18:28:59.364"/>
</kw>
<kw name="Mouse Over" library="SeleniumLibrary">
<arg>${Locator} [${i}]</arg>
<doc>Simulates hovering the mouse over the element ``locator``.</doc>
<msg timestamp="20220922 18:28:59.366" level="INFO">Simulating Mouse Over on element '((//*[local-name()='svg']//*[local-name()='g' and @transform="translate(74,71) scale(1 1)"])//*[name()='path' and @class="highcharts-point highcharts-color-1"]) [68]'.</msg>
<status status="PASS" starttime="20220922 18:28:59.365" endtime="20220922 18:28:59.762"/>
</kw>
<kw name="Get Element Count" library="SeleniumLibrary">
<var>${count}</var>
<arg>${Locate}</arg>
<doc>Returns the number of elements matching ``locator``.</doc>
<msg timestamp="20220922 18:28:59.781" level="INFO">${count} = 1</msg>
<status status="PASS" starttime="20220922 18:28:59.762" endtime="20220922 18:28:59.782"/>
</kw>
<for flavor="IN RANGE">
<var>${j}</var>
<value>${count}</value>
<iter>
<var name="${j}">0</var>
<kw name="Get Text" library="SeleniumLibrary">
<var>${Text}</var>
<arg>${Locate}</arg>
<doc>Returns the text value of the element identified by ``locator``.</doc>
<msg timestamp="20220922 18:28:59.809" level="INFO">${Text} = 2016USSR/Russia had stockpiled 4 490warheads in 2016</msg>
<status status="PASS" starttime="20220922 18:28:59.784" endtime="20220922 18:28:59.809"/>
</kw>
<kw name="Log To Console" library="BuiltIn">
<arg>${Text}</arg>
<doc>Logs the given message to the console.</doc>
<status status="PASS" starttime="20220922 18:28:59.809" endtime="20220922 18:28:59.810"/>
</kw>
<status status="PASS" starttime="20220922 18:28:59.783" endtime="20220922 18:28:59.810"/>
</iter>
<status status="PASS" starttime="20220922 18:28:59.782" endtime="20220922 18:28:59.811"/>
</for>
<kw name="Unselect Frame" library="SeleniumLibrary">
<doc>Sets the main frame as the current frame.</doc>
<status status="PASS" starttime="20220922 18:28:59.811" endtime="20220922 18:28:59.814"/>
</kw>
